2025-07-02T18:23:54.542747Z [warning  ] A catalog file was found, but it will be ignored as the extractor does not advertise the `catalog` or `properties` capability
2025-07-02T18:23:55.019447Z [info     ] tap-oracle-wms v0.1.0, Meltano SDK v0.47.4 cmd_type=elb consumer=False job_name=dev:tap-oracle-wms-to-target-oracle name=tap-oracle-wms producer=True run_id=51ac3e3f-2f1e-4544-b2db-4ea3c0bb4098 stdio=stderr string_id=tap-oracle-wms
2025-07-02T18:23:55.020176Z [info     ] /home/marlonsc/flext/.venv/lib/python3.13/site-packages/singer_sdk/plugin_base.py:715: SingerSDKDeprecationWarning: Passing a list of config file paths is deprecated. Please pass the config as a dictionary instead. cmd_type=elb consumer=False job_name=dev:tap-oracle-wms-to-target-oracle name=tap-oracle-wms producer=True run_id=51ac3e3f-2f1e-4544-b2db-4ea3c0bb4098 stdio=stderr string_id=tap-oracle-wms
2025-07-02T18:23:55.020377Z [info     ]   super().__init__(            cmd_type=elb consumer=False job_name=dev:tap-oracle-wms-to-target-oracle name=tap-oracle-wms producer=True run_id=51ac3e3f-2f1e-4544-b2db-4ea3c0bb4098 stdio=stderr string_id=tap-oracle-wms
2025-07-02T18:23:55.020490Z [info     ]                                cmd_type=elb consumer=False job_name=dev:tap-oracle-wms-to-target-oracle name=tap-oracle-wms producer=True run_id=51ac3e3f-2f1e-4544-b2db-4ea3c0bb4098 stdio=stderr string_id=tap-oracle-wms
2025-07-02T18:23:55.020676Z [info     ] Skipping parse of env var settings... cmd_type=elb consumer=False job_name=dev:tap-oracle-wms-to-target-oracle name=tap-oracle-wms producer=True run_id=51ac3e3f-2f1e-4544-b2db-4ea3c0bb4098 stdio=stderr string_id=tap-oracle-wms
2025-07-02T18:23:55.021378Z [info     ] Configured stream: allocation  cmd_type=elb consumer=False job_name=dev:tap-oracle-wms-to-target-oracle name=tap-oracle-wms producer=True run_id=51ac3e3f-2f1e-4544-b2db-4ea3c0bb4098 stdio=stderr string_id=tap-oracle-wms
2025-07-02T18:23:55.070430Z [info     ] Beginning full_table sync of 'allocation' cmd_type=elb consumer=False job_name=dev:tap-oracle-wms-to-target-oracle name=tap-oracle-wms producer=True run_id=51ac3e3f-2f1e-4544-b2db-4ea3c0bb4098 stdio=stderr string_id=tap-oracle-wms
2025-07-02T18:23:55.070685Z [info     ] Starting incremental sync with bookmark value: None cmd_type=elb consumer=False job_name=dev:tap-oracle-wms-to-target-oracle name=tap-oracle-wms producer=True run_id=51ac3e3f-2f1e-4544-b2db-4ea3c0bb4098 stdio=stderr string_id=tap-oracle-wms
2025-07-02T18:23:55.070791Z [info     ] WMS GET_RECORDS START - Entity: allocation cmd_type=elb consumer=False job_name=dev:tap-oracle-wms-to-target-oracle name=tap-oracle-wms producer=True run_id=51ac3e3f-2f1e-4544-b2db-4ea3c0bb4098 stdio=stderr string_id=tap-oracle-wms
2025-07-02T18:23:55.070868Z [info     ] WMS REQUEST PARAMS - Entity: allocation cmd_type=elb consumer=False job_name=dev:tap-oracle-wms-to-target-oracle name=tap-oracle-wms producer=True run_id=51ac3e3f-2f1e-4544-b2db-4ea3c0bb4098 stdio=stderr string_id=tap-oracle-wms
2025-07-02T18:23:55.070934Z [info     ] WMS FINAL PARAMS - Entity: allocation - URL: https://a29.wms.ocs.oraclecloud.com/raizen/wms/lgfapi/v10/entity/allocation - PARAMS: {'page_size': 1000, 'page_mode': 'sequenced', 'ordering': '-id'} cmd_type=elb consumer=False job_name=dev:tap-oracle-wms-to-target-oracle name=tap-oracle-wms producer=True run_id=51ac3e3f-2f1e-4544-b2db-4ea3c0bb4098 stdio=stderr string_id=tap-oracle-wms
2025-07-02T18:23:55.071254Z [info     ] WMS HTTP REQUEST #1 - Entity: allocation cmd_type=elb consumer=False job_name=dev:tap-oracle-wms-to-target-oracle name=tap-oracle-wms producer=True run_id=51ac3e3f-2f1e-4544-b2db-4ea3c0bb4098 stdio=stderr string_id=tap-oracle-wms
2025-07-02T18:23:55.071429Z [info     ] WMS REQUEST PARAMS - Entity: allocation cmd_type=elb consumer=False job_name=dev:tap-oracle-wms-to-target-oracle name=tap-oracle-wms producer=True run_id=51ac3e3f-2f1e-4544-b2db-4ea3c0bb4098 stdio=stderr string_id=tap-oracle-wms
2025-07-02T18:23:55.071518Z [info     ] WMS FINAL PARAMS - Entity: allocation - URL: https://a29.wms.ocs.oraclecloud.com/raizen/wms/lgfapi/v10/entity/allocation - PARAMS: {'page_size': 1000, 'page_mode': 'sequenced', 'ordering': '-id'} cmd_type=elb consumer=False job_name=dev:tap-oracle-wms-to-target-oracle name=tap-oracle-wms producer=True run_id=51ac3e3f-2f1e-4544-b2db-4ea3c0bb4098 stdio=stderr string_id=tap-oracle-wms
2025-07-02T18:23:55.071944Z [info     ] WMS INDIVIDUAL HTTP CALL - Entity: allocation - URL: https://a29.wms.ocs.oraclecloud.com/raizen/wms/lgfapi/v10/entity/allocation?page_size=1000&page_mode=sequenced&ordering=-id - HEADERS: 8 cmd_type=elb consumer=False job_name=dev:tap-oracle-wms-to-target-oracle name=tap-oracle-wms producer=True run_id=51ac3e3f-2f1e-4544-b2db-4ea3c0bb4098 stdio=stderr string_id=tap-oracle-wms
2025-07-02T18:23:55.134300Z [info     ] flext-target-oracle v1.0.0, Meltano SDK v0.47.4 cmd_type=elb consumer=True job_name=dev:tap-oracle-wms-to-target-oracle name=target-oracle producer=False run_id=51ac3e3f-2f1e-4544-b2db-4ea3c0bb4098 stdio=stderr string_id=target-oracle
2025-07-02T18:23:55.134545Z [info     ] /home/marlonsc/flext/.venv/lib/python3.13/site-packages/singer_sdk/plugin_base.py:715: SingerSDKDeprecationWarning: Passing a list of config file paths is deprecated. Please pass the config as a dictionary instead. cmd_type=elb consumer=True job_name=dev:tap-oracle-wms-to-target-oracle name=target-oracle producer=False run_id=51ac3e3f-2f1e-4544-b2db-4ea3c0bb4098 stdio=stderr string_id=target-oracle
2025-07-02T18:23:55.134644Z [info     ]   super().__init__(            cmd_type=elb consumer=True job_name=dev:tap-oracle-wms-to-target-oracle name=target-oracle producer=False run_id=51ac3e3f-2f1e-4544-b2db-4ea3c0bb4098 stdio=stderr string_id=target-oracle
2025-07-02T18:23:55.134729Z [info     ]                                cmd_type=elb consumer=True job_name=dev:tap-oracle-wms-to-target-oracle name=target-oracle producer=False run_id=51ac3e3f-2f1e-4544-b2db-4ea3c0bb4098 stdio=stderr string_id=target-oracle
2025-07-02T18:23:55.134802Z [info     ] Skipping parse of env var settings... cmd_type=elb consumer=True job_name=dev:tap-oracle-wms-to-target-oracle name=target-oracle producer=False run_id=51ac3e3f-2f1e-4544-b2db-4ea3c0bb4098 stdio=stderr string_id=target-oracle
2025-07-02T18:23:55.155487Z [info     ] Using systemdb state backend
2025-07-02T18:23:55.172301Z [info     ] Incremental state has been updated at 2025-07-02 18:23:55.172259+00:00.
2025-07-02T18:23:55.172635Z [info     ] Oracle Target initialized      cmd_type=elb consumer=True job_name=dev:tap-oracle-wms-to-target-oracle name=target-oracle producer=False run_id=51ac3e3f-2f1e-4544-b2db-4ea3c0bb4098 stdio=stderr string_id=target-oracle
2025-07-02T18:23:55.205114Z [info     ] Incremental state has been updated at 2025-07-02 18:23:55.205079+00:00.
2025-07-02T18:23:55.205484Z [info     ] Initializing Oracle Target monitoring cmd_type=elb consumer=True job_name=dev:tap-oracle-wms-to-target-oracle name=target-oracle producer=False run_id=51ac3e3f-2f1e-4544-b2db-4ea3c0bb4098 stdio=stderr string_id=target-oracle
2025-07-02T18:23:55.205654Z [info     ] Operation started              cmd_type=elb consumer=True job_name=dev:tap-oracle-wms-to-target-oracle name=target-oracle producer=False run_id=51ac3e3f-2f1e-4544-b2db-4ea3c0bb4098 stdio=stderr string_id=target-oracle
2025-07-02T18:23:55.205751Z [info     ] Creating sink for stream       cmd_type=elb consumer=True job_name=dev:tap-oracle-wms-to-target-oracle name=target-oracle producer=False run_id=51ac3e3f-2f1e-4544-b2db-4ea3c0bb4098 stdio=stderr string_id=target-oracle
2025-07-02T18:23:55.233749Z [info     ] Incremental state has been updated at 2025-07-02 18:23:55.233724+00:00.
2025-07-02T18:23:55.261565Z [info     ] Incremental state has been updated at 2025-07-02 18:23:55.261530+00:00.
2025-07-02T18:24:16.465349Z [info     ] METRIC: {"type": "timer", "metric": "http_request_duration", "value": 19.733856, "tags": {"stream": "allocation", "endpoint": "/wms/lgfapi/v10/entity/allocation", "http_status_code": 200, "status": "succeeded"}} cmd_type=elb consumer=False job_name=dev:tap-oracle-wms-to-target-oracle name=tap-oracle-wms producer=True run_id=51ac3e3f-2f1e-4544-b2db-4ea3c0bb4098 stdio=stderr string_id=tap-oracle-wms
2025-07-02T18:24:16.465569Z [info     ] WMS HTTP RESPONSE - Entity: allocation cmd_type=elb consumer=False job_name=dev:tap-oracle-wms-to-target-oracle name=tap-oracle-wms producer=True run_id=51ac3e3f-2f1e-4544-b2db-4ea3c0bb4098 stdio=stderr string_id=tap-oracle-wms
2025-07-02T18:24:16.471598Z [info     ] WMS RESPONSE STRUCTURE - Entity: allocation cmd_type=elb consumer=False job_name=dev:tap-oracle-wms-to-target-oracle name=tap-oracle-wms producer=True run_id=51ac3e3f-2f1e-4544-b2db-4ea3c0bb4098 stdio=stderr string_id=tap-oracle-wms
2025-07-02T18:24:16.471805Z [info     ] WMS YIELDING RECORDS - Entity: allocation - Count: 1000 cmd_type=elb consumer=False job_name=dev:tap-oracle-wms-to-target-oracle name=tap-oracle-wms producer=True run_id=51ac3e3f-2f1e-4544-b2db-4ea3c0bb4098 stdio=stderr string_id=tap-oracle-wms
2025-07-02T18:24:16.471933Z [info     ] METRIC: {"type": "counter", "metric": "http_request_count", "value": 1, "tags": {"stream": "allocation", "endpoint": "/wms/lgfapi/v10/entity/allocation", "pid": 2356340}} cmd_type=elb consumer=False job_name=dev:tap-oracle-wms-to-target-oracle name=tap-oracle-wms producer=True run_id=51ac3e3f-2f1e-4544-b2db-4ea3c0bb4098 stdio=stderr string_id=tap-oracle-wms
2025-07-02T18:24:16.472529Z [info     ] WMS GET_RECORDS END - Entity: allocation cmd_type=elb consumer=False job_name=dev:tap-oracle-wms-to-target-oracle name=tap-oracle-wms producer=True run_id=51ac3e3f-2f1e-4544-b2db-4ea3c0bb4098 stdio=stderr string_id=tap-oracle-wms
2025-07-02T18:24:16.472612Z [info     ] METRIC: {"type": "timer", "metric": "sync_duration", "value": 21.402109384536743, "tags": {"stream": "allocation", "pid": 2356340, "context": {}, "status": "failed"}} cmd_type=elb consumer=False job_name=dev:tap-oracle-wms-to-target-oracle name=tap-oracle-wms producer=True run_id=51ac3e3f-2f1e-4544-b2db-4ea3c0bb4098 stdio=stderr string_id=tap-oracle-wms
2025-07-02T18:24:16.472704Z [info     ] METRIC: {"type": "counter", "metric": "record_count", "value": 0, "tags": {"stream": "allocation", "pid": 2356340, "context": {}}} cmd_type=elb consumer=False job_name=dev:tap-oracle-wms-to-target-oracle name=tap-oracle-wms producer=True run_id=51ac3e3f-2f1e-4544-b2db-4ea3c0bb4098 stdio=stderr string_id=tap-oracle-wms
2025-07-02T18:24:16.474178Z [info     ] An unhandled error occurred while syncing 'allocation' cmd_type=elb consumer=False job_name=dev:tap-oracle-wms-to-target-oracle name=tap-oracle-wms producer=True run_id=51ac3e3f-2f1e-4544-b2db-4ea3c0bb4098 stdio=stderr string_id=tap-oracle-wms
2025-07-02T18:24:16.474266Z [info     ] Traceback (most recent call last): cmd_type=elb consumer=False job_name=dev:tap-oracle-wms-to-target-oracle name=tap-oracle-wms producer=True run_id=51ac3e3f-2f1e-4544-b2db-4ea3c0bb4098 stdio=stderr string_id=tap-oracle-wms
2025-07-02T18:24:16.474339Z [info     ]   File "/home/marlonsc/flext/.venv/lib/python3.13/site-packages/singer_sdk/mapper.py", line 366, in _eval cmd_type=elb consumer=False job_name=dev:tap-oracle-wms-to-target-oracle name=tap-oracle-wms producer=True run_id=51ac3e3f-2f1e-4544-b2db-4ea3c0bb4098 stdio=stderr string_id=tap-oracle-wms
2025-07-02T18:24:16.474406Z [info     ]     result: str | int | float = self.expr_evaluator.eval( cmd_type=elb consumer=False job_name=dev:tap-oracle-wms-to-target-oracle name=tap-oracle-wms producer=True run_id=51ac3e3f-2f1e-4544-b2db-4ea3c0bb4098 stdio=stderr string_id=tap-oracle-wms
2025-07-02T18:24:16.474470Z [info     ]                                 ~~~~~~~~~~~~~~~~~~~~~~~~^ cmd_type=elb consumer=False job_name=dev:tap-oracle-wms-to-target-oracle name=tap-oracle-wms producer=True run_id=51ac3e3f-2f1e-4544-b2db-4ea3c0bb4098 stdio=stderr string_id=tap-oracle-wms
2025-07-02T18:24:16.474534Z [info     ]         expr,                  cmd_type=elb consumer=False job_name=dev:tap-oracle-wms-to-target-oracle name=tap-oracle-wms producer=True run_id=51ac3e3f-2f1e-4544-b2db-4ea3c0bb4098 stdio=stderr string_id=tap-oracle-wms
2025-07-02T18:24:16.474601Z [info     ]         ^^^^^                  cmd_type=elb consumer=False job_name=dev:tap-oracle-wms-to-target-oracle name=tap-oracle-wms producer=True run_id=51ac3e3f-2f1e-4544-b2db-4ea3c0bb4098 stdio=stderr string_id=tap-oracle-wms
2025-07-02T18:24:16.474669Z [info     ]         previously_parsed=expr_parsed, cmd_type=elb consumer=False job_name=dev:tap-oracle-wms-to-target-oracle name=tap-oracle-wms producer=True run_id=51ac3e3f-2f1e-4544-b2db-4ea3c0bb4098 stdio=stderr string_id=tap-oracle-wms
2025-07-02T18:24:16.474734Z [info     ]         ^^^^^^^^^^^^^^^^^^^^^^^^^^^^^^ cmd_type=elb consumer=False job_name=dev:tap-oracle-wms-to-target-oracle name=tap-oracle-wms producer=True run_id=51ac3e3f-2f1e-4544-b2db-4ea3c0bb4098 stdio=stderr string_id=tap-oracle-wms
2025-07-02T18:24:16.474798Z [info     ]     )                          cmd_type=elb consumer=False job_name=dev:tap-oracle-wms-to-target-oracle name=tap-oracle-wms producer=True run_id=51ac3e3f-2f1e-4544-b2db-4ea3c0bb4098 stdio=stderr string_id=tap-oracle-wms
2025-07-02T18:24:16.474865Z [info     ]     ^                          cmd_type=elb consumer=False job_name=dev:tap-oracle-wms-to-target-oracle name=tap-oracle-wms producer=True run_id=51ac3e3f-2f1e-4544-b2db-4ea3c0bb4098 stdio=stderr string_id=tap-oracle-wms
2025-07-02T18:24:16.474927Z [info     ]   File "/home/marlonsc/flext/.venv/lib/python3.13/site-packages/simpleeval.py", line 678, in eval cmd_type=elb consumer=False job_name=dev:tap-oracle-wms-to-target-oracle name=tap-oracle-wms producer=True run_id=51ac3e3f-2f1e-4544-b2db-4ea3c0bb4098 stdio=stderr string_id=tap-oracle-wms
2025-07-02T18:24:16.474989Z [info     ]     return super(EvalWithCompoundTypes, self).eval(expr, previously_parsed) cmd_type=elb consumer=False job_name=dev:tap-oracle-wms-to-target-oracle name=tap-oracle-wms producer=True run_id=51ac3e3f-2f1e-4544-b2db-4ea3c0bb4098 stdio=stderr string_id=tap-oracle-wms
2025-07-02T18:24:16.475087Z [info     ]            ~~~~~~~~~~~~~~~~~~~~~~~~~~~~~~~~~~~~~~~^^^^^^^^^^^^^^^^^^^^^^^^^ cmd_type=elb consumer=False job_name=dev:tap-oracle-wms-to-target-oracle name=tap-oracle-wms producer=True run_id=51ac3e3f-2f1e-4544-b2db-4ea3c0bb4098 stdio=stderr string_id=tap-oracle-wms
2025-07-02T18:24:16.475176Z [info     ]   File "/home/marlonsc/flext/.venv/lib/python3.13/site-packages/simpleeval.py", line 433, in eval cmd_type=elb consumer=False job_name=dev:tap-oracle-wms-to-target-oracle name=tap-oracle-wms producer=True run_id=51ac3e3f-2f1e-4544-b2db-4ea3c0bb4098 stdio=stderr string_id=tap-oracle-wms
2025-07-02T18:24:16.475273Z [info     ]     return self._eval(previously_parsed or self.parse(expr)) cmd_type=elb consumer=False job_name=dev:tap-oracle-wms-to-target-oracle name=tap-oracle-wms producer=True run_id=51ac3e3f-2f1e-4544-b2db-4ea3c0bb4098 stdio=stderr string_id=tap-oracle-wms
2025-07-02T18:24:16.475358Z [info     ]            ~~~~~~~~~~^^^^^^^^^^^^^^^^^^^^^^^^^^^^^^^^^^^^^^^ cmd_type=elb consumer=False job_name=dev:tap-oracle-wms-to-target-oracle name=tap-oracle-wms producer=True run_id=51ac3e3f-2f1e-4544-b2db-4ea3c0bb4098 stdio=stderr string_id=tap-oracle-wms
2025-07-02T18:24:16.475425Z [info     ]   File "/home/marlonsc/flext/.venv/lib/python3.13/site-packages/simpleeval.py", line 445, in _eval cmd_type=elb consumer=False job_name=dev:tap-oracle-wms-to-target-oracle name=tap-oracle-wms producer=True run_id=51ac3e3f-2f1e-4544-b2db-4ea3c0bb4098 stdio=stderr string_id=tap-oracle-wms
2025-07-02T18:24:16.475493Z [info     ]     return handler(node)       cmd_type=elb consumer=False job_name=dev:tap-oracle-wms-to-target-oracle name=tap-oracle-wms producer=True run_id=51ac3e3f-2f1e-4544-b2db-4ea3c0bb4098 stdio=stderr string_id=tap-oracle-wms
2025-07-02T18:24:16.475562Z [info     ]   File "/home/marlonsc/flext/.venv/lib/python3.13/site-packages/simpleeval.py", line 448, in _eval_expr cmd_type=elb consumer=False job_name=dev:tap-oracle-wms-to-target-oracle name=tap-oracle-wms producer=True run_id=51ac3e3f-2f1e-4544-b2db-4ea3c0bb4098 stdio=stderr string_id=tap-oracle-wms
2025-07-02T18:24:16.475624Z [info     ]     return self._eval(node.value) cmd_type=elb consumer=False job_name=dev:tap-oracle-wms-to-target-oracle name=tap-oracle-wms producer=True run_id=51ac3e3f-2f1e-4544-b2db-4ea3c0bb4098 stdio=stderr string_id=tap-oracle-wms
2025-07-02T18:24:16.475694Z [info     ]            ~~~~~~~~~~^^^^^^^^^^^^ cmd_type=elb consumer=False job_name=dev:tap-oracle-wms-to-target-oracle name=tap-oracle-wms producer=True run_id=51ac3e3f-2f1e-4544-b2db-4ea3c0bb4098 stdio=stderr string_id=tap-oracle-wms
2025-07-02T18:24:16.475760Z [info     ]   File "/home/marlonsc/flext/.venv/lib/python3.13/site-packages/simpleeval.py", line 445, in _eval cmd_type=elb consumer=False job_name=dev:tap-oracle-wms-to-target-oracle name=tap-oracle-wms producer=True run_id=51ac3e3f-2f1e-4544-b2db-4ea3c0bb4098 stdio=stderr string_id=tap-oracle-wms
2025-07-02T18:24:16.475824Z [info     ]     return handler(node)       cmd_type=elb consumer=False job_name=dev:tap-oracle-wms-to-target-oracle name=tap-oracle-wms producer=True run_id=51ac3e3f-2f1e-4544-b2db-4ea3c0bb4098 stdio=stderr string_id=tap-oracle-wms
2025-07-02T18:24:16.475886Z [info     ]   File "/home/marlonsc/flext/.venv/lib/python3.13/site-packages/simpleeval.py", line 580, in _eval_name cmd_type=elb consumer=False job_name=dev:tap-oracle-wms-to-target-oracle name=tap-oracle-wms producer=True run_id=51ac3e3f-2f1e-4544-b2db-4ea3c0bb4098 stdio=stderr string_id=tap-oracle-wms
2025-07-02T18:24:16.475947Z [info     ]     raise NameNotDefined(node.id, self.expr) cmd_type=elb consumer=False job_name=dev:tap-oracle-wms-to-target-oracle name=tap-oracle-wms producer=True run_id=51ac3e3f-2f1e-4544-b2db-4ea3c0bb4098 stdio=stderr string_id=tap-oracle-wms
2025-07-02T18:24:16.476009Z [info     ] simpleeval.NameNotDefined: 'FULL_TABLE' is not defined for expression 'FULL_TABLE' cmd_type=elb consumer=False job_name=dev:tap-oracle-wms-to-target-oracle name=tap-oracle-wms producer=True run_id=51ac3e3f-2f1e-4544-b2db-4ea3c0bb4098 stdio=stderr string_id=tap-oracle-wms
2025-07-02T18:24:16.476074Z [info     ]                                cmd_type=elb consumer=False job_name=dev:tap-oracle-wms-to-target-oracle name=tap-oracle-wms producer=True run_id=51ac3e3f-2f1e-4544-b2db-4ea3c0bb4098 stdio=stderr string_id=tap-oracle-wms
2025-07-02T18:24:16.476139Z [info     ] The above exception was the direct cause of the following exception: cmd_type=elb consumer=False job_name=dev:tap-oracle-wms-to-target-oracle name=tap-oracle-wms producer=True run_id=51ac3e3f-2f1e-4544-b2db-4ea3c0bb4098 stdio=stderr string_id=tap-oracle-wms
2025-07-02T18:24:16.476201Z [info     ]                                cmd_type=elb consumer=False job_name=dev:tap-oracle-wms-to-target-oracle name=tap-oracle-wms producer=True run_id=51ac3e3f-2f1e-4544-b2db-4ea3c0bb4098 stdio=stderr string_id=tap-oracle-wms
2025-07-02T18:24:16.476267Z [info     ] Traceback (most recent call last): cmd_type=elb consumer=False job_name=dev:tap-oracle-wms-to-target-oracle name=tap-oracle-wms producer=True run_id=51ac3e3f-2f1e-4544-b2db-4ea3c0bb4098 stdio=stderr string_id=tap-oracle-wms
2025-07-02T18:24:16.476337Z [info     ]   File "/home/marlonsc/flext/.venv/lib/python3.13/site-packages/singer_sdk/streams/core.py", line 1329, in sync cmd_type=elb consumer=False job_name=dev:tap-oracle-wms-to-target-oracle name=tap-oracle-wms producer=True run_id=51ac3e3f-2f1e-4544-b2db-4ea3c0bb4098 stdio=stderr string_id=tap-oracle-wms
2025-07-02T18:24:16.476398Z [info     ]     for _ in self._sync_records(context=context): cmd_type=elb consumer=False job_name=dev:tap-oracle-wms-to-target-oracle name=tap-oracle-wms producer=True run_id=51ac3e3f-2f1e-4544-b2db-4ea3c0bb4098 stdio=stderr string_id=tap-oracle-wms
2025-07-02T18:24:16.476464Z [info     ]              ~~~~~~~~~~~~~~~~~~^^^^^^^^^^^^^^^^^ cmd_type=elb consumer=False job_name=dev:tap-oracle-wms-to-target-oracle name=tap-oracle-wms producer=True run_id=51ac3e3f-2f1e-4544-b2db-4ea3c0bb4098 stdio=stderr string_id=tap-oracle-wms
2025-07-02T18:24:16.476530Z [info     ]   File "/home/marlonsc/flext/.venv/lib/python3.13/site-packages/singer_sdk/streams/core.py", line 1245, in _sync_records cmd_type=elb consumer=False job_name=dev:tap-oracle-wms-to-target-oracle name=tap-oracle-wms producer=True run_id=51ac3e3f-2f1e-4544-b2db-4ea3c0bb4098 stdio=stderr string_id=tap-oracle-wms
2025-07-02T18:24:16.476596Z [info     ]     self._write_record_message(record) cmd_type=elb consumer=False job_name=dev:tap-oracle-wms-to-target-oracle name=tap-oracle-wms producer=True run_id=51ac3e3f-2f1e-4544-b2db-4ea3c0bb4098 stdio=stderr string_id=tap-oracle-wms
2025-07-02T18:24:16.476659Z [info     ]     ~~~~~~~~~~~~~~~~~~~~~~~~~~^^^^^^^^ cmd_type=elb consumer=False job_name=dev:tap-oracle-wms-to-target-oracle name=tap-oracle-wms producer=True run_id=51ac3e3f-2f1e-4544-b2db-4ea3c0bb4098 stdio=stderr string_id=tap-oracle-wms
2025-07-02T18:24:16.476720Z [info     ]   File "/home/marlonsc/flext/.venv/lib/python3.13/site-packages/singer_sdk/streams/core.py", line 981, in _write_record_message cmd_type=elb consumer=False job_name=dev:tap-oracle-wms-to-target-oracle name=tap-oracle-wms producer=True run_id=51ac3e3f-2f1e-4544-b2db-4ea3c0bb4098 stdio=stderr string_id=tap-oracle-wms
2025-07-02T18:24:16.476783Z [info     ]     for record_message in self._generate_record_messages(record): cmd_type=elb consumer=False job_name=dev:tap-oracle-wms-to-target-oracle name=tap-oracle-wms producer=True run_id=51ac3e3f-2f1e-4544-b2db-4ea3c0bb4098 stdio=stderr string_id=tap-oracle-wms
2025-07-02T18:24:16.476846Z [info     ]                           ~~~~~~~~~~~~~~~~~~~~~~~~~~~~~~^^^^^^^^ cmd_type=elb consumer=False job_name=dev:tap-oracle-wms-to-target-oracle name=tap-oracle-wms producer=True run_id=51ac3e3f-2f1e-4544-b2db-4ea3c0bb4098 stdio=stderr string_id=tap-oracle-wms
2025-07-02T18:24:16.476907Z [info     ]   File "/home/marlonsc/flext/.venv/lib/python3.13/site-packages/singer_sdk/streams/core.py", line 944, in _generate_record_messages cmd_type=elb consumer=False job_name=dev:tap-oracle-wms-to-target-oracle name=tap-oracle-wms producer=True run_id=51ac3e3f-2f1e-4544-b2db-4ea3c0bb4098 stdio=stderr string_id=tap-oracle-wms
2025-07-02T18:24:16.476970Z [info     ]     mapped_record = stream_map.transform(record) cmd_type=elb consumer=False job_name=dev:tap-oracle-wms-to-target-oracle name=tap-oracle-wms producer=True run_id=51ac3e3f-2f1e-4544-b2db-4ea3c0bb4098 stdio=stderr string_id=tap-oracle-wms
2025-07-02T18:24:16.477032Z [info     ]   File "/home/marlonsc/flext/.venv/lib/python3.13/site-packages/singer_sdk/mapper.py", line 299, in transform cmd_type=elb consumer=False job_name=dev:tap-oracle-wms-to-target-oracle name=tap-oracle-wms producer=True run_id=51ac3e3f-2f1e-4544-b2db-4ea3c0bb4098 stdio=stderr string_id=tap-oracle-wms
2025-07-02T18:24:16.477092Z [info     ]     transformed_record = self._transform_fn(record) cmd_type=elb consumer=False job_name=dev:tap-oracle-wms-to-target-oracle name=tap-oracle-wms producer=True run_id=51ac3e3f-2f1e-4544-b2db-4ea3c0bb4098 stdio=stderr string_id=tap-oracle-wms
2025-07-02T18:24:16.477156Z [info     ]   File "/home/marlonsc/flext/.venv/lib/python3.13/site-packages/singer_sdk/mapper.py", line 637, in transform_fn cmd_type=elb consumer=False job_name=dev:tap-oracle-wms-to-target-oracle name=tap-oracle-wms producer=True run_id=51ac3e3f-2f1e-4544-b2db-4ea3c0bb4098 stdio=stderr string_id=tap-oracle-wms
2025-07-02T18:24:16.477217Z [info     ]     result[prop_key] = self._eval( cmd_type=elb consumer=False job_name=dev:tap-oracle-wms-to-target-oracle name=tap-oracle-wms producer=True run_id=51ac3e3f-2f1e-4544-b2db-4ea3c0bb4098 stdio=stderr string_id=tap-oracle-wms
2025-07-02T18:24:16.477283Z [info     ]                        ~~~~~~~~~~^ cmd_type=elb consumer=False job_name=dev:tap-oracle-wms-to-target-oracle name=tap-oracle-wms producer=True run_id=51ac3e3f-2f1e-4544-b2db-4ea3c0bb4098 stdio=stderr string_id=tap-oracle-wms
2025-07-02T18:24:16.477344Z [info     ]         expr=prop_def,  # type: ignore[arg-type] cmd_type=elb consumer=False job_name=dev:tap-oracle-wms-to-target-oracle name=tap-oracle-wms producer=True run_id=51ac3e3f-2f1e-4544-b2db-4ea3c0bb4098 stdio=stderr string_id=tap-oracle-wms
2025-07-02T18:24:16.477408Z [info     ]         ^^^^^^^^^^^^^^^^^^^^^^^^^^^^^^^^^^^^^^^^ cmd_type=elb consumer=False job_name=dev:tap-oracle-wms-to-target-oracle name=tap-oracle-wms producer=True run_id=51ac3e3f-2f1e-4544-b2db-4ea3c0bb4098 stdio=stderr string_id=tap-oracle-wms
2025-07-02T18:24:16.477469Z [info     ]     ...<2 lines>...            cmd_type=elb consumer=False job_name=dev:tap-oracle-wms-to-target-oracle name=tap-oracle-wms producer=True run_id=51ac3e3f-2f1e-4544-b2db-4ea3c0bb4098 stdio=stderr string_id=tap-oracle-wms
2025-07-02T18:24:16.477538Z [info     ]         property_name=prop_key, cmd_type=elb consumer=False job_name=dev:tap-oracle-wms-to-target-oracle name=tap-oracle-wms producer=True run_id=51ac3e3f-2f1e-4544-b2db-4ea3c0bb4098 stdio=stderr string_id=tap-oracle-wms
2025-07-02T18:24:16.477599Z [info     ]         ^^^^^^^^^^^^^^^^^^^^^^^ cmd_type=elb consumer=False job_name=dev:tap-oracle-wms-to-target-oracle name=tap-oracle-wms producer=True run_id=51ac3e3f-2f1e-4544-b2db-4ea3c0bb4098 stdio=stderr string_id=tap-oracle-wms
2025-07-02T18:24:16.477661Z [info     ]     )                          cmd_type=elb consumer=False job_name=dev:tap-oracle-wms-to-target-oracle name=tap-oracle-wms producer=True run_id=51ac3e3f-2f1e-4544-b2db-4ea3c0bb4098 stdio=stderr string_id=tap-oracle-wms
2025-07-02T18:24:16.477725Z [info     ]     ^                          cmd_type=elb consumer=False job_name=dev:tap-oracle-wms-to-target-oracle name=tap-oracle-wms producer=True run_id=51ac3e3f-2f1e-4544-b2db-4ea3c0bb4098 stdio=stderr string_id=tap-oracle-wms
2025-07-02T18:24:16.477787Z [info     ]   File "/home/marlonsc/flext/.venv/lib/python3.13/site-packages/singer_sdk/mapper.py", line 372, in _eval cmd_type=elb consumer=False job_name=dev:tap-oracle-wms-to-target-oracle name=tap-oracle-wms producer=True run_id=51ac3e3f-2f1e-4544-b2db-4ea3c0bb4098 stdio=stderr string_id=tap-oracle-wms
2025-07-02T18:24:16.477848Z [info     ]     raise MapExpressionError(msg) from ex cmd_type=elb consumer=False job_name=dev:tap-oracle-wms-to-target-oracle name=tap-oracle-wms producer=True run_id=51ac3e3f-2f1e-4544-b2db-4ea3c0bb4098 stdio=stderr string_id=tap-oracle-wms
2025-07-02T18:24:16.477909Z [info     ] singer_sdk.exceptions.MapExpressionError: Failed to evaluate simpleeval expressions FULL_TABLE. cmd_type=elb consumer=False job_name=dev:tap-oracle-wms-to-target-oracle name=tap-oracle-wms producer=True run_id=51ac3e3f-2f1e-4544-b2db-4ea3c0bb4098 stdio=stderr string_id=tap-oracle-wms
2025-07-02T18:24:16.478009Z [info     ] Traceback (most recent call last): cmd_type=elb consumer=False job_name=dev:tap-oracle-wms-to-target-oracle name=tap-oracle-wms producer=True run_id=51ac3e3f-2f1e-4544-b2db-4ea3c0bb4098 stdio=stderr string_id=tap-oracle-wms
2025-07-02T18:24:16.478078Z [info     ]   File "/home/marlonsc/flext/.venv/lib/python3.13/site-packages/singer_sdk/mapper.py", line 366, in _eval cmd_type=elb consumer=False job_name=dev:tap-oracle-wms-to-target-oracle name=tap-oracle-wms producer=True run_id=51ac3e3f-2f1e-4544-b2db-4ea3c0bb4098 stdio=stderr string_id=tap-oracle-wms
2025-07-02T18:24:16.478142Z [info     ]     result: str | int | float = self.expr_evaluator.eval( cmd_type=elb consumer=False job_name=dev:tap-oracle-wms-to-target-oracle name=tap-oracle-wms producer=True run_id=51ac3e3f-2f1e-4544-b2db-4ea3c0bb4098 stdio=stderr string_id=tap-oracle-wms
2025-07-02T18:24:16.478203Z [info     ]                                 ~~~~~~~~~~~~~~~~~~~~~~~~^ cmd_type=elb consumer=False job_name=dev:tap-oracle-wms-to-target-oracle name=tap-oracle-wms producer=True run_id=51ac3e3f-2f1e-4544-b2db-4ea3c0bb4098 stdio=stderr string_id=tap-oracle-wms
2025-07-02T18:24:16.478266Z [info     ]         expr,                  cmd_type=elb consumer=False job_name=dev:tap-oracle-wms-to-target-oracle name=tap-oracle-wms producer=True run_id=51ac3e3f-2f1e-4544-b2db-4ea3c0bb4098 stdio=stderr string_id=tap-oracle-wms
2025-07-02T18:24:16.478335Z [info     ]         ^^^^^                  cmd_type=elb consumer=False job_name=dev:tap-oracle-wms-to-target-oracle name=tap-oracle-wms producer=True run_id=51ac3e3f-2f1e-4544-b2db-4ea3c0bb4098 stdio=stderr string_id=tap-oracle-wms
2025-07-02T18:24:16.478400Z [info     ]         previously_parsed=expr_parsed, cmd_type=elb consumer=False job_name=dev:tap-oracle-wms-to-target-oracle name=tap-oracle-wms producer=True run_id=51ac3e3f-2f1e-4544-b2db-4ea3c0bb4098 stdio=stderr string_id=tap-oracle-wms
2025-07-02T18:24:16.478463Z [info     ]         ^^^^^^^^^^^^^^^^^^^^^^^^^^^^^^ cmd_type=elb consumer=False job_name=dev:tap-oracle-wms-to-target-oracle name=tap-oracle-wms producer=True run_id=51ac3e3f-2f1e-4544-b2db-4ea3c0bb4098 stdio=stderr string_id=tap-oracle-wms
2025-07-02T18:24:16.478525Z [info     ]     )                          cmd_type=elb consumer=False job_name=dev:tap-oracle-wms-to-target-oracle name=tap-oracle-wms producer=True run_id=51ac3e3f-2f1e-4544-b2db-4ea3c0bb4098 stdio=stderr string_id=tap-oracle-wms
2025-07-02T18:24:16.478589Z [info     ]     ^                          cmd_type=elb consumer=False job_name=dev:tap-oracle-wms-to-target-oracle name=tap-oracle-wms producer=True run_id=51ac3e3f-2f1e-4544-b2db-4ea3c0bb4098 stdio=stderr string_id=tap-oracle-wms
2025-07-02T18:24:16.478654Z [info     ]   File "/home/marlonsc/flext/.venv/lib/python3.13/site-packages/simpleeval.py", line 678, in eval cmd_type=elb consumer=False job_name=dev:tap-oracle-wms-to-target-oracle name=tap-oracle-wms producer=True run_id=51ac3e3f-2f1e-4544-b2db-4ea3c0bb4098 stdio=stderr string_id=tap-oracle-wms
2025-07-02T18:24:16.478719Z [info     ]     return super(EvalWithCompoundTypes, self).eval(expr, previously_parsed) cmd_type=elb consumer=False job_name=dev:tap-oracle-wms-to-target-oracle name=tap-oracle-wms producer=True run_id=51ac3e3f-2f1e-4544-b2db-4ea3c0bb4098 stdio=stderr string_id=tap-oracle-wms
2025-07-02T18:24:16.478783Z [info     ]            ~~~~~~~~~~~~~~~~~~~~~~~~~~~~~~~~~~~~~~~^^^^^^^^^^^^^^^^^^^^^^^^^ cmd_type=elb consumer=False job_name=dev:tap-oracle-wms-to-target-oracle name=tap-oracle-wms producer=True run_id=51ac3e3f-2f1e-4544-b2db-4ea3c0bb4098 stdio=stderr string_id=tap-oracle-wms
2025-07-02T18:24:16.478845Z [info     ]   File "/home/marlonsc/flext/.venv/lib/python3.13/site-packages/simpleeval.py", line 433, in eval cmd_type=elb consumer=False job_name=dev:tap-oracle-wms-to-target-oracle name=tap-oracle-wms producer=True run_id=51ac3e3f-2f1e-4544-b2db-4ea3c0bb4098 stdio=stderr string_id=tap-oracle-wms
2025-07-02T18:24:16.478909Z [info     ]     return self._eval(previously_parsed or self.parse(expr)) cmd_type=elb consumer=False job_name=dev:tap-oracle-wms-to-target-oracle name=tap-oracle-wms producer=True run_id=51ac3e3f-2f1e-4544-b2db-4ea3c0bb4098 stdio=stderr string_id=tap-oracle-wms
2025-07-02T18:24:16.478972Z [info     ]            ~~~~~~~~~~^^^^^^^^^^^^^^^^^^^^^^^^^^^^^^^^^^^^^^^ cmd_type=elb consumer=False job_name=dev:tap-oracle-wms-to-target-oracle name=tap-oracle-wms producer=True run_id=51ac3e3f-2f1e-4544-b2db-4ea3c0bb4098 stdio=stderr string_id=tap-oracle-wms
2025-07-02T18:24:16.479032Z [info     ]   File "/home/marlonsc/flext/.venv/lib/python3.13/site-packages/simpleeval.py", line 445, in _eval cmd_type=elb consumer=False job_name=dev:tap-oracle-wms-to-target-oracle name=tap-oracle-wms producer=True run_id=51ac3e3f-2f1e-4544-b2db-4ea3c0bb4098 stdio=stderr string_id=tap-oracle-wms
2025-07-02T18:24:16.479094Z [info     ]     return handler(node)       cmd_type=elb consumer=False job_name=dev:tap-oracle-wms-to-target-oracle name=tap-oracle-wms producer=True run_id=51ac3e3f-2f1e-4544-b2db-4ea3c0bb4098 stdio=stderr string_id=tap-oracle-wms
2025-07-02T18:24:16.479155Z [info     ]   File "/home/marlonsc/flext/.venv/lib/python3.13/site-packages/simpleeval.py", line 448, in _eval_expr cmd_type=elb consumer=False job_name=dev:tap-oracle-wms-to-target-oracle name=tap-oracle-wms producer=True run_id=51ac3e3f-2f1e-4544-b2db-4ea3c0bb4098 stdio=stderr string_id=tap-oracle-wms
2025-07-02T18:24:16.479218Z [info     ]     return self._eval(node.value) cmd_type=elb consumer=False job_name=dev:tap-oracle-wms-to-target-oracle name=tap-oracle-wms producer=True run_id=51ac3e3f-2f1e-4544-b2db-4ea3c0bb4098 stdio=stderr string_id=tap-oracle-wms
2025-07-02T18:24:16.479284Z [info     ]            ~~~~~~~~~~^^^^^^^^^^^^ cmd_type=elb consumer=False job_name=dev:tap-oracle-wms-to-target-oracle name=tap-oracle-wms producer=True run_id=51ac3e3f-2f1e-4544-b2db-4ea3c0bb4098 stdio=stderr string_id=tap-oracle-wms
2025-07-02T18:24:16.479347Z [info     ]   File "/home/marlonsc/flext/.venv/lib/python3.13/site-packages/simpleeval.py", line 445, in _eval cmd_type=elb consumer=False job_name=dev:tap-oracle-wms-to-target-oracle name=tap-oracle-wms producer=True run_id=51ac3e3f-2f1e-4544-b2db-4ea3c0bb4098 stdio=stderr string_id=tap-oracle-wms
2025-07-02T18:24:16.479409Z [info     ]     return handler(node)       cmd_type=elb consumer=False job_name=dev:tap-oracle-wms-to-target-oracle name=tap-oracle-wms producer=True run_id=51ac3e3f-2f1e-4544-b2db-4ea3c0bb4098 stdio=stderr string_id=tap-oracle-wms
2025-07-02T18:24:16.479472Z [info     ]   File "/home/marlonsc/flext/.venv/lib/python3.13/site-packages/simpleeval.py", line 580, in _eval_name cmd_type=elb consumer=False job_name=dev:tap-oracle-wms-to-target-oracle name=tap-oracle-wms producer=True run_id=51ac3e3f-2f1e-4544-b2db-4ea3c0bb4098 stdio=stderr string_id=tap-oracle-wms
2025-07-02T18:24:16.479534Z [info     ]     raise NameNotDefined(node.id, self.expr) cmd_type=elb consumer=False job_name=dev:tap-oracle-wms-to-target-oracle name=tap-oracle-wms producer=True run_id=51ac3e3f-2f1e-4544-b2db-4ea3c0bb4098 stdio=stderr string_id=tap-oracle-wms
2025-07-02T18:24:16.479597Z [info     ] simpleeval.NameNotDefined: 'FULL_TABLE' is not defined for expression 'FULL_TABLE' cmd_type=elb consumer=False job_name=dev:tap-oracle-wms-to-target-oracle name=tap-oracle-wms producer=True run_id=51ac3e3f-2f1e-4544-b2db-4ea3c0bb4098 stdio=stderr string_id=tap-oracle-wms
2025-07-02T18:24:16.479660Z [info     ]                                cmd_type=elb consumer=False job_name=dev:tap-oracle-wms-to-target-oracle name=tap-oracle-wms producer=True run_id=51ac3e3f-2f1e-4544-b2db-4ea3c0bb4098 stdio=stderr string_id=tap-oracle-wms
2025-07-02T18:24:16.479725Z [info     ] The above exception was the direct cause of the following exception: cmd_type=elb consumer=False job_name=dev:tap-oracle-wms-to-target-oracle name=tap-oracle-wms producer=True run_id=51ac3e3f-2f1e-4544-b2db-4ea3c0bb4098 stdio=stderr string_id=tap-oracle-wms
2025-07-02T18:24:16.479789Z [info     ]                                cmd_type=elb consumer=False job_name=dev:tap-oracle-wms-to-target-oracle name=tap-oracle-wms producer=True run_id=51ac3e3f-2f1e-4544-b2db-4ea3c0bb4098 stdio=stderr string_id=tap-oracle-wms
2025-07-02T18:24:16.479857Z [info     ] Traceback (most recent call last): cmd_type=elb consumer=False job_name=dev:tap-oracle-wms-to-target-oracle name=tap-oracle-wms producer=True run_id=51ac3e3f-2f1e-4544-b2db-4ea3c0bb4098 stdio=stderr string_id=tap-oracle-wms
2025-07-02T18:24:16.479921Z [info     ]   File "/home/marlonsc/flext/.venv/bin/tap-oracle-wms", line 8, in <module> cmd_type=elb consumer=False job_name=dev:tap-oracle-wms-to-target-oracle name=tap-oracle-wms producer=True run_id=51ac3e3f-2f1e-4544-b2db-4ea3c0bb4098 stdio=stderr string_id=tap-oracle-wms
2025-07-02T18:24:16.479986Z [info     ]     sys.exit(main())           cmd_type=elb consumer=False job_name=dev:tap-oracle-wms-to-target-oracle name=tap-oracle-wms producer=True run_id=51ac3e3f-2f1e-4544-b2db-4ea3c0bb4098 stdio=stderr string_id=tap-oracle-wms
2025-07-02T18:24:16.480053Z [info     ]              ~~~~^^            cmd_type=elb consumer=False job_name=dev:tap-oracle-wms-to-target-oracle name=tap-oracle-wms producer=True run_id=51ac3e3f-2f1e-4544-b2db-4ea3c0bb4098 stdio=stderr string_id=tap-oracle-wms
2025-07-02T18:24:16.480122Z [info     ]   File "/home/marlonsc/flext/flext-tap-oracle-wms/src/tap_oracle_wms/cli.py", line 10, in main cmd_type=elb consumer=False job_name=dev:tap-oracle-wms-to-target-oracle name=tap-oracle-wms producer=True run_id=51ac3e3f-2f1e-4544-b2db-4ea3c0bb4098 stdio=stderr string_id=tap-oracle-wms
2025-07-02T18:24:16.480191Z [info     ]     TapOracleWMS.cli()         cmd_type=elb consumer=False job_name=dev:tap-oracle-wms-to-target-oracle name=tap-oracle-wms producer=True run_id=51ac3e3f-2f1e-4544-b2db-4ea3c0bb4098 stdio=stderr string_id=tap-oracle-wms
2025-07-02T18:24:16.480259Z [info     ]     ~~~~~~~~~~~~~~~~^^         cmd_type=elb consumer=False job_name=dev:tap-oracle-wms-to-target-oracle name=tap-oracle-wms producer=True run_id=51ac3e3f-2f1e-4544-b2db-4ea3c0bb4098 stdio=stderr string_id=tap-oracle-wms
2025-07-02T18:24:16.480329Z [info     ]   File "/home/marlonsc/flext/.venv/lib/python3.13/site-packages/click/core.py", line 1442, in __call__ cmd_type=elb consumer=False job_name=dev:tap-oracle-wms-to-target-oracle name=tap-oracle-wms producer=True run_id=51ac3e3f-2f1e-4544-b2db-4ea3c0bb4098 stdio=stderr string_id=tap-oracle-wms
2025-07-02T18:24:16.480395Z [info     ]     return self.main(*args, **kwargs) cmd_type=elb consumer=False job_name=dev:tap-oracle-wms-to-target-oracle name=tap-oracle-wms producer=True run_id=51ac3e3f-2f1e-4544-b2db-4ea3c0bb4098 stdio=stderr string_id=tap-oracle-wms
2025-07-02T18:24:16.480462Z [info     ]            ~~~~~~~~~^^^^^^^^^^^^^^^^^ cmd_type=elb consumer=False job_name=dev:tap-oracle-wms-to-target-oracle name=tap-oracle-wms producer=True run_id=51ac3e3f-2f1e-4544-b2db-4ea3c0bb4098 stdio=stderr string_id=tap-oracle-wms
2025-07-02T18:24:16.480529Z [info     ]   File "/home/marlonsc/flext/.venv/lib/python3.13/site-packages/click/core.py", line 1363, in main cmd_type=elb consumer=False job_name=dev:tap-oracle-wms-to-target-oracle name=tap-oracle-wms producer=True run_id=51ac3e3f-2f1e-4544-b2db-4ea3c0bb4098 stdio=stderr string_id=tap-oracle-wms
2025-07-02T18:24:16.480604Z [info     ]     rv = self.invoke(ctx)      cmd_type=elb consumer=False job_name=dev:tap-oracle-wms-to-target-oracle name=tap-oracle-wms producer=True run_id=51ac3e3f-2f1e-4544-b2db-4ea3c0bb4098 stdio=stderr string_id=tap-oracle-wms
2025-07-02T18:24:16.480671Z [info     ]   File "/home/marlonsc/flext/.venv/lib/python3.13/site-packages/singer_sdk/plugin_base.py", line 98, in invoke cmd_type=elb consumer=False job_name=dev:tap-oracle-wms-to-target-oracle name=tap-oracle-wms producer=True run_id=51ac3e3f-2f1e-4544-b2db-4ea3c0bb4098 stdio=stderr string_id=tap-oracle-wms
2025-07-02T18:24:16.480734Z [info     ]     return super().invoke(ctx) cmd_type=elb consumer=False job_name=dev:tap-oracle-wms-to-target-oracle name=tap-oracle-wms producer=True run_id=51ac3e3f-2f1e-4544-b2db-4ea3c0bb4098 stdio=stderr string_id=tap-oracle-wms
2025-07-02T18:24:16.480799Z [info     ]            ~~~~~~~~~~~~~~^^^^^ cmd_type=elb consumer=False job_name=dev:tap-oracle-wms-to-target-oracle name=tap-oracle-wms producer=True run_id=51ac3e3f-2f1e-4544-b2db-4ea3c0bb4098 stdio=stderr string_id=tap-oracle-wms
2025-07-02T18:24:16.480869Z [info     ]   File "/home/marlonsc/flext/.venv/lib/python3.13/site-packages/click/core.py", line 1226, in invoke cmd_type=elb consumer=False job_name=dev:tap-oracle-wms-to-target-oracle name=tap-oracle-wms producer=True run_id=51ac3e3f-2f1e-4544-b2db-4ea3c0bb4098 stdio=stderr string_id=tap-oracle-wms
2025-07-02T18:24:16.480934Z [info     ]     return ctx.invoke(self.callback, **ctx.params) cmd_type=elb consumer=False job_name=dev:tap-oracle-wms-to-target-oracle name=tap-oracle-wms producer=True run_id=51ac3e3f-2f1e-4544-b2db-4ea3c0bb4098 stdio=stderr string_id=tap-oracle-wms
2025-07-02T18:24:16.481003Z [info     ]            ~~~~~~~~~~^^^^^^^^^^^^^^^^^^^^^^^^^^^^^ cmd_type=elb consumer=False job_name=dev:tap-oracle-wms-to-target-oracle name=tap-oracle-wms producer=True run_id=51ac3e3f-2f1e-4544-b2db-4ea3c0bb4098 stdio=stderr string_id=tap-oracle-wms
2025-07-02T18:24:16.481070Z [info     ]   File "/home/marlonsc/flext/.venv/lib/python3.13/site-packages/click/core.py", line 794, in invoke cmd_type=elb consumer=False job_name=dev:tap-oracle-wms-to-target-oracle name=tap-oracle-wms producer=True run_id=51ac3e3f-2f1e-4544-b2db-4ea3c0bb4098 stdio=stderr string_id=tap-oracle-wms
2025-07-02T18:24:16.481140Z [info     ]     return callback(*args, **kwargs) cmd_type=elb consumer=False job_name=dev:tap-oracle-wms-to-target-oracle name=tap-oracle-wms producer=True run_id=51ac3e3f-2f1e-4544-b2db-4ea3c0bb4098 stdio=stderr string_id=tap-oracle-wms
2025-07-02T18:24:16.481214Z [info     ]   File "/home/marlonsc/flext/flext-tap-oracle-wms/src/tap_oracle_wms/tap.py", line 220, in invoke cmd_type=elb consumer=False job_name=dev:tap-oracle-wms-to-target-oracle name=tap-oracle-wms producer=True run_id=51ac3e3f-2f1e-4544-b2db-4ea3c0bb4098 stdio=stderr string_id=tap-oracle-wms
2025-07-02T18:24:16.481279Z [info     ]     return super().invoke(*args, **kwargs) cmd_type=elb consumer=False job_name=dev:tap-oracle-wms-to-target-oracle name=tap-oracle-wms producer=True run_id=51ac3e3f-2f1e-4544-b2db-4ea3c0bb4098 stdio=stderr string_id=tap-oracle-wms
2025-07-02T18:24:16.481348Z [info     ]            ~~~~~~~~~~~~~~^^^^^^^^^^^^^^^^^ cmd_type=elb consumer=False job_name=dev:tap-oracle-wms-to-target-oracle name=tap-oracle-wms producer=True run_id=51ac3e3f-2f1e-4544-b2db-4ea3c0bb4098 stdio=stderr string_id=tap-oracle-wms
2025-07-02T18:24:16.481409Z [info     ]   File "/home/marlonsc/flext/.venv/lib/python3.13/site-packages/singer_sdk/tap_base.py", line 553, in invoke cmd_type=elb consumer=False job_name=dev:tap-oracle-wms-to-target-oracle name=tap-oracle-wms producer=True run_id=51ac3e3f-2f1e-4544-b2db-4ea3c0bb4098 stdio=stderr string_id=tap-oracle-wms
2025-07-02T18:24:16.481475Z [info     ]     tap.sync_all()             cmd_type=elb consumer=False job_name=dev:tap-oracle-wms-to-target-oracle name=tap-oracle-wms producer=True run_id=51ac3e3f-2f1e-4544-b2db-4ea3c0bb4098 stdio=stderr string_id=tap-oracle-wms
2025-07-02T18:24:16.481540Z [info     ]     ~~~~~~~~~~~~^^             cmd_type=elb consumer=False job_name=dev:tap-oracle-wms-to-target-oracle name=tap-oracle-wms producer=True run_id=51ac3e3f-2f1e-4544-b2db-4ea3c0bb4098 stdio=stderr string_id=tap-oracle-wms
2025-07-02T18:24:16.481605Z [info     ]   File "/home/marlonsc/flext/.venv/lib/python3.13/site-packages/singer_sdk/tap_base.py", line 494, in sync_all cmd_type=elb consumer=False job_name=dev:tap-oracle-wms-to-target-oracle name=tap-oracle-wms producer=True run_id=51ac3e3f-2f1e-4544-b2db-4ea3c0bb4098 stdio=stderr string_id=tap-oracle-wms
2025-07-02T18:24:16.481667Z [info     ]     stream.sync()              cmd_type=elb consumer=False job_name=dev:tap-oracle-wms-to-target-oracle name=tap-oracle-wms producer=True run_id=51ac3e3f-2f1e-4544-b2db-4ea3c0bb4098 stdio=stderr string_id=tap-oracle-wms
2025-07-02T18:24:16.481736Z [info     ]     ~~~~~~~~~~~^^              cmd_type=elb consumer=False job_name=dev:tap-oracle-wms-to-target-oracle name=tap-oracle-wms producer=True run_id=51ac3e3f-2f1e-4544-b2db-4ea3c0bb4098 stdio=stderr string_id=tap-oracle-wms
2025-07-02T18:24:16.481801Z [info     ]   File "/home/marlonsc/flext/.venv/lib/python3.13/site-packages/singer_sdk/streams/core.py", line 1329, in sync cmd_type=elb consumer=False job_name=dev:tap-oracle-wms-to-target-oracle name=tap-oracle-wms producer=True run_id=51ac3e3f-2f1e-4544-b2db-4ea3c0bb4098 stdio=stderr string_id=tap-oracle-wms
2025-07-02T18:24:16.481868Z [info     ]     for _ in self._sync_records(context=context): cmd_type=elb consumer=False job_name=dev:tap-oracle-wms-to-target-oracle name=tap-oracle-wms producer=True run_id=51ac3e3f-2f1e-4544-b2db-4ea3c0bb4098 stdio=stderr string_id=tap-oracle-wms
2025-07-02T18:24:16.481935Z [info     ]              ~~~~~~~~~~~~~~~~~~^^^^^^^^^^^^^^^^^ cmd_type=elb consumer=False job_name=dev:tap-oracle-wms-to-target-oracle name=tap-oracle-wms producer=True run_id=51ac3e3f-2f1e-4544-b2db-4ea3c0bb4098 stdio=stderr string_id=tap-oracle-wms
2025-07-02T18:24:16.481999Z [info     ]   File "/home/marlonsc/flext/.venv/lib/python3.13/site-packages/singer_sdk/streams/core.py", line 1245, in _sync_records cmd_type=elb consumer=False job_name=dev:tap-oracle-wms-to-target-oracle name=tap-oracle-wms producer=True run_id=51ac3e3f-2f1e-4544-b2db-4ea3c0bb4098 stdio=stderr string_id=tap-oracle-wms
2025-07-02T18:24:16.482066Z [info     ]     self._write_record_message(record) cmd_type=elb consumer=False job_name=dev:tap-oracle-wms-to-target-oracle name=tap-oracle-wms producer=True run_id=51ac3e3f-2f1e-4544-b2db-4ea3c0bb4098 stdio=stderr string_id=tap-oracle-wms
2025-07-02T18:24:16.482138Z [info     ]     ~~~~~~~~~~~~~~~~~~~~~~~~~~^^^^^^^^ cmd_type=elb consumer=False job_name=dev:tap-oracle-wms-to-target-oracle name=tap-oracle-wms producer=True run_id=51ac3e3f-2f1e-4544-b2db-4ea3c0bb4098 stdio=stderr string_id=tap-oracle-wms
2025-07-02T18:24:16.482209Z [info     ]   File "/home/marlonsc/flext/.venv/lib/python3.13/site-packages/singer_sdk/streams/core.py", line 981, in _write_record_message cmd_type=elb consumer=False job_name=dev:tap-oracle-wms-to-target-oracle name=tap-oracle-wms producer=True run_id=51ac3e3f-2f1e-4544-b2db-4ea3c0bb4098 stdio=stderr string_id=tap-oracle-wms
2025-07-02T18:24:16.482275Z [info     ]     for record_message in self._generate_record_messages(record): cmd_type=elb consumer=False job_name=dev:tap-oracle-wms-to-target-oracle name=tap-oracle-wms producer=True run_id=51ac3e3f-2f1e-4544-b2db-4ea3c0bb4098 stdio=stderr string_id=tap-oracle-wms
2025-07-02T18:24:16.482344Z [info     ]                           ~~~~~~~~~~~~~~~~~~~~~~~~~~~~~~^^^^^^^^ cmd_type=elb consumer=False job_name=dev:tap-oracle-wms-to-target-oracle name=tap-oracle-wms producer=True run_id=51ac3e3f-2f1e-4544-b2db-4ea3c0bb4098 stdio=stderr string_id=tap-oracle-wms
2025-07-02T18:24:16.482412Z [info     ]   File "/home/marlonsc/flext/.venv/lib/python3.13/site-packages/singer_sdk/streams/core.py", line 944, in _generate_record_messages cmd_type=elb consumer=False job_name=dev:tap-oracle-wms-to-target-oracle name=tap-oracle-wms producer=True run_id=51ac3e3f-2f1e-4544-b2db-4ea3c0bb4098 stdio=stderr string_id=tap-oracle-wms
2025-07-02T18:24:16.482478Z [info     ]     mapped_record = stream_map.transform(record) cmd_type=elb consumer=False job_name=dev:tap-oracle-wms-to-target-oracle name=tap-oracle-wms producer=True run_id=51ac3e3f-2f1e-4544-b2db-4ea3c0bb4098 stdio=stderr string_id=tap-oracle-wms
2025-07-02T18:24:16.482543Z [info     ]   File "/home/marlonsc/flext/.venv/lib/python3.13/site-packages/singer_sdk/mapper.py", line 299, in transform cmd_type=elb consumer=False job_name=dev:tap-oracle-wms-to-target-oracle name=tap-oracle-wms producer=True run_id=51ac3e3f-2f1e-4544-b2db-4ea3c0bb4098 stdio=stderr string_id=tap-oracle-wms
2025-07-02T18:24:16.482615Z [info     ]     transformed_record = self._transform_fn(record) cmd_type=elb consumer=False job_name=dev:tap-oracle-wms-to-target-oracle name=tap-oracle-wms producer=True run_id=51ac3e3f-2f1e-4544-b2db-4ea3c0bb4098 stdio=stderr string_id=tap-oracle-wms
2025-07-02T18:24:16.482684Z [info     ]   File "/home/marlonsc/flext/.venv/lib/python3.13/site-packages/singer_sdk/mapper.py", line 637, in transform_fn cmd_type=elb consumer=False job_name=dev:tap-oracle-wms-to-target-oracle name=tap-oracle-wms producer=True run_id=51ac3e3f-2f1e-4544-b2db-4ea3c0bb4098 stdio=stderr string_id=tap-oracle-wms
2025-07-02T18:24:16.482750Z [info     ]     result[prop_key] = self._eval( cmd_type=elb consumer=False job_name=dev:tap-oracle-wms-to-target-oracle name=tap-oracle-wms producer=True run_id=51ac3e3f-2f1e-4544-b2db-4ea3c0bb4098 stdio=stderr string_id=tap-oracle-wms
2025-07-02T18:24:16.482814Z [info     ]                        ~~~~~~~~~~^ cmd_type=elb consumer=False job_name=dev:tap-oracle-wms-to-target-oracle name=tap-oracle-wms producer=True run_id=51ac3e3f-2f1e-4544-b2db-4ea3c0bb4098 stdio=stderr string_id=tap-oracle-wms
2025-07-02T18:24:16.482877Z [info     ]         expr=prop_def,  # type: ignore[arg-type] cmd_type=elb consumer=False job_name=dev:tap-oracle-wms-to-target-oracle name=tap-oracle-wms producer=True run_id=51ac3e3f-2f1e-4544-b2db-4ea3c0bb4098 stdio=stderr string_id=tap-oracle-wms
2025-07-02T18:24:16.482941Z [info     ]         ^^^^^^^^^^^^^^^^^^^^^^^^^^^^^^^^^^^^^^^^ cmd_type=elb consumer=False job_name=dev:tap-oracle-wms-to-target-oracle name=tap-oracle-wms producer=True run_id=51ac3e3f-2f1e-4544-b2db-4ea3c0bb4098 stdio=stderr string_id=tap-oracle-wms
2025-07-02T18:24:16.483008Z [info     ]     ...<2 lines>...            cmd_type=elb consumer=False job_name=dev:tap-oracle-wms-to-target-oracle name=tap-oracle-wms producer=True run_id=51ac3e3f-2f1e-4544-b2db-4ea3c0bb4098 stdio=stderr string_id=tap-oracle-wms
2025-07-02T18:24:16.483072Z [info     ]         property_name=prop_key, cmd_type=elb consumer=False job_name=dev:tap-oracle-wms-to-target-oracle name=tap-oracle-wms producer=True run_id=51ac3e3f-2f1e-4544-b2db-4ea3c0bb4098 stdio=stderr string_id=tap-oracle-wms
2025-07-02T18:24:16.483134Z [info     ]         ^^^^^^^^^^^^^^^^^^^^^^^ cmd_type=elb consumer=False job_name=dev:tap-oracle-wms-to-target-oracle name=tap-oracle-wms producer=True run_id=51ac3e3f-2f1e-4544-b2db-4ea3c0bb4098 stdio=stderr string_id=tap-oracle-wms
2025-07-02T18:24:16.483196Z [info     ]     )                          cmd_type=elb consumer=False job_name=dev:tap-oracle-wms-to-target-oracle name=tap-oracle-wms producer=True run_id=51ac3e3f-2f1e-4544-b2db-4ea3c0bb4098 stdio=stderr string_id=tap-oracle-wms
2025-07-02T18:24:16.483259Z [info     ]     ^                          cmd_type=elb consumer=False job_name=dev:tap-oracle-wms-to-target-oracle name=tap-oracle-wms producer=True run_id=51ac3e3f-2f1e-4544-b2db-4ea3c0bb4098 stdio=stderr string_id=tap-oracle-wms
2025-07-02T18:24:16.483324Z [info     ]   File "/home/marlonsc/flext/.venv/lib/python3.13/site-packages/singer_sdk/mapper.py", line 372, in _eval cmd_type=elb consumer=False job_name=dev:tap-oracle-wms-to-target-oracle name=tap-oracle-wms producer=True run_id=51ac3e3f-2f1e-4544-b2db-4ea3c0bb4098 stdio=stderr string_id=tap-oracle-wms
2025-07-02T18:24:16.483387Z [info     ]     raise MapExpressionError(msg) from ex cmd_type=elb consumer=False job_name=dev:tap-oracle-wms-to-target-oracle name=tap-oracle-wms producer=True run_id=51ac3e3f-2f1e-4544-b2db-4ea3c0bb4098 stdio=stderr string_id=tap-oracle-wms
2025-07-02T18:24:16.483448Z [info     ] singer_sdk.exceptions.MapExpressionError: Failed to evaluate simpleeval expressions FULL_TABLE. cmd_type=elb consumer=False job_name=dev:tap-oracle-wms-to-target-oracle name=tap-oracle-wms producer=True run_id=51ac3e3f-2f1e-4544-b2db-4ea3c0bb4098 stdio=stderr string_id=tap-oracle-wms
2025-07-02T18:24:16.665934Z [info     ] Incremental state has been updated at 2025-07-02 18:24:16.665901+00:00.
2025-07-02T18:24:16.666252Z [info     ] Performance statistics         cmd_type=elb consumer=True job_name=dev:tap-oracle-wms-to-target-oracle name=target-oracle producer=False run_id=51ac3e3f-2f1e-4544-b2db-4ea3c0bb4098 stdio=stderr string_id=target-oracle
2025-07-02T18:24:16.693481Z [info     ] Incremental state has been updated at 2025-07-02 18:24:16.693462+00:00.
2025-07-02T18:24:16.718513Z [info     ] Incremental state has been updated at 2025-07-02 18:24:16.718496+00:00.
2025-07-02T18:24:16.718695Z [info     ] Operation completed            cmd_type=elb consumer=True job_name=dev:tap-oracle-wms-to-target-oracle name=target-oracle producer=False run_id=51ac3e3f-2f1e-4544-b2db-4ea3c0bb4098 stdio=stderr string_id=target-oracle
2025-07-02T18:24:16.718799Z [info     ] Reader 'flext-target-oracle' completed processing 1 lines of input (1 schemas, 0 records, 0 batch manifests, 0 state messages, 0 activate version messages). cmd_type=elb consumer=True job_name=dev:tap-oracle-wms-to-target-oracle name=target-oracle producer=False run_id=51ac3e3f-2f1e-4544-b2db-4ea3c0bb4098 stdio=stderr string_id=target-oracle
2025-07-02T18:24:16.718876Z [info     ]  Starting cleanup for stream allocation cmd_type=elb consumer=True job_name=dev:tap-oracle-wms-to-target-oracle name=target-oracle producer=False run_id=51ac3e3f-2f1e-4544-b2db-4ea3c0bb4098 stdio=stderr string_id=target-oracle
2025-07-02T18:24:16.987547Z [info     ] Incremental state has been updated at 2025-07-02 18:24:16.987529+00:00.
2025-07-02T18:24:17.014599Z [info     ] Incremental state has been updated at 2025-07-02 18:24:17.014572+00:00.
2025-07-02T18:24:17.014812Z [info     ]  FINAL STATISTICS REPORT - STREAM: allocation cmd_type=elb consumer=True job_name=dev:tap-oracle-wms-to-target-oracle name=target-oracle producer=False run_id=51ac3e3f-2f1e-4544-b2db-4ea3c0bb4098 stdio=stderr string_id=target-oracle
2025-07-02T18:24:17.014922Z [info     ]  QUICK SUMMARY - allocation: 0 records  0 inserted, 0 updated, 0 failed | Final table count: 5 | Success rate: 0% | Avg speed: 0 rec/sec cmd_type=elb consumer=True job_name=dev:tap-oracle-wms-to-target-oracle name=target-oracle producer=False run_id=51ac3e3f-2f1e-4544-b2db-4ea3c0bb4098 stdio=stderr string_id=target-oracle
2025-07-02T18:24:17.043384Z [info     ] Incremental state has been updated at 2025-07-02 18:24:17.043346+00:00.
2025-07-02T18:24:17.074574Z [info     ] Incremental state has been updated at 2025-07-02 18:24:17.074537+00:00.
2025-07-02T18:24:17.074853Z [info     ] Oracle performance metrics     cmd_type=elb consumer=True job_name=dev:tap-oracle-wms-to-target-oracle name=target-oracle producer=False run_id=51ac3e3f-2f1e-4544-b2db-4ea3c0bb4098 stdio=stderr string_id=target-oracle
2025-07-02T18:24:17.075048Z [info     ] Cleanup completed for stream allocation cmd_type=elb consumer=True job_name=dev:tap-oracle-wms-to-target-oracle name=target-oracle producer=False run_id=51ac3e3f-2f1e-4544-b2db-4ea3c0bb4098 stdio=stderr string_id=target-oracle
2025-07-02T18:24:17.075219Z [info     ] METRIC: {"type": "counter", "metric": "record_count", "value": 0, "tags": {"stream": "allocation", "pid": 2356341}} cmd_type=elb consumer=True job_name=dev:tap-oracle-wms-to-target-oracle name=target-oracle producer=False run_id=51ac3e3f-2f1e-4544-b2db-4ea3c0bb4098 stdio=stderr string_id=target-oracle
2025-07-02T18:24:17.119305Z [error    ] Extractor failed
2025-07-02T18:24:17.119419Z [error    ] Block run completed.           block_type=ExtractLoadBlocks err=RunnerError('Extractor failed') exit_codes={<PluginType.EXTRACTORS: 'extractors'>: 1} set_number=0 success=False
