[2m2025-07-02T01:50:29.975855Z[0m [[32m[1minfo     [0m] [1mEnvironment 'dev' is active   [0m
[2m2025-07-02T01:50:30.150025Z[0m [[33m[1mwarning  [0m] [1mForce option is enabled, ignoring stale job check.[0m
[2m2025-07-02T01:50:30.314211Z[0m [[32m[1minfo     [0m] [1mUsing systemdb state backend  [0m
[2m2025-07-02T01:50:30.315905Z[0m [[33m[1mwarning  [0m] [1mNo state was found, complete import.[0m
[2m2025-07-02T01:50:33.743027Z[0m [[32m[1minfo     [0m] [1müéµ Starting Singer message processing[0m [36mcmd_type[0m=[35melb[0m [36mconsumer[0m=[35mTrue[0m [36mjob_name[0m=[35mdev:tap-oracle-wms-to-target-oracle[0m [36mname[0m=[35mtarget-oracle[0m [36mproducer[0m=[35mFalse[0m [36mrun_id[0m=[35m45c9847b-be8d-403a-bd15-c7e9887003ac[0m [36mstdio[0m=[35mstderr[0m [36mstring_id[0m=[35mtarget-oracle[0m
[2m2025-07-02T01:50:33.743497Z[0m [[32m[1minfo     [0m] [1müîå Connecting to Oracle: 10.93.10.114:1522/gbe8f3f2dbbc562_dwpdb_low.adb.oraclecloud.com[0m [36mcmd_type[0m=[35melb[0m [36mconsumer[0m=[35mTrue[0m [36mjob_name[0m=[35mdev:tap-oracle-wms-to-target-oracle[0m [36mname[0m=[35mtarget-oracle[0m [36mproducer[0m=[35mFalse[0m [36mrun_id[0m=[35m45c9847b-be8d-403a-bd15-c7e9887003ac[0m [36mstdio[0m=[35mstderr[0m [36mstring_id[0m=[35mtarget-oracle[0m
[2m2025-07-02T01:50:33.743768Z[0m [[32m[1minfo     [0m] [1müîê Protocol: tcps, User: oic   [0m [36mcmd_type[0m=[35melb[0m [36mconsumer[0m=[35mTrue[0m [36mjob_name[0m=[35mdev:tap-oracle-wms-to-target-oracle[0m [36mname[0m=[35mtarget-oracle[0m [36mproducer[0m=[35mFalse[0m [36mrun_id[0m=[35m45c9847b-be8d-403a-bd15-c7e9887003ac[0m [36mstdio[0m=[35mstderr[0m [36mstring_id[0m=[35mtarget-oracle[0m
[2m2025-07-02T01:50:33.832010Z[0m [[32m[1minfo     [0m] [1m‚ùå Oracle connection failed: DPY-6005: cannot connect to database (CONNECTION_ID=SlebvBFfy9yqj38iRKMgow==).[0m [36mcmd_type[0m=[35melb[0m [36mconsumer[0m=[35mTrue[0m [36mjob_name[0m=[35mdev:tap-oracle-wms-to-target-oracle[0m [36mname[0m=[35mtarget-oracle[0m [36mproducer[0m=[35mFalse[0m [36mrun_id[0m=[35m45c9847b-be8d-403a-bd15-c7e9887003ac[0m [36mstdio[0m=[35mstderr[0m [36mstring_id[0m=[35mtarget-oracle[0m
[2m2025-07-02T01:50:33.832238Z[0m [[32m[1minfo     [0m] [1mDPY-4011: the database or network closed the connection[0m [36mcmd_type[0m=[35melb[0m [36mconsumer[0m=[35mTrue[0m [36mjob_name[0m=[35mdev:tap-oracle-wms-to-target-oracle[0m [36mname[0m=[35mtarget-oracle[0m [36mproducer[0m=[35mFalse[0m [36mrun_id[0m=[35m45c9847b-be8d-403a-bd15-c7e9887003ac[0m [36mstdio[0m=[35mstderr[0m [36mstring_id[0m=[35mtarget-oracle[0m
[2m2025-07-02T01:50:33.832353Z[0m [[32m[1minfo     [0m] [1m[Errno 104] Connection reset by peer[0m [36mcmd_type[0m=[35melb[0m [36mconsumer[0m=[35mTrue[0m [36mjob_name[0m=[35mdev:tap-oracle-wms-to-target-oracle[0m [36mname[0m=[35mtarget-oracle[0m [36mproducer[0m=[35mFalse[0m [36mrun_id[0m=[35m45c9847b-be8d-403a-bd15-c7e9887003ac[0m [36mstdio[0m=[35mstderr[0m [36mstring_id[0m=[35mtarget-oracle[0m
[2m2025-07-02T01:50:33.832438Z[0m [[32m[1minfo     [0m] [1mHelp: https://python-oracledb.readthedocs.io/en/latest/user_guide/troubleshooting.html#dpy-4011[0m [36mcmd_type[0m=[35melb[0m [36mconsumer[0m=[35mTrue[0m [36mjob_name[0m=[35mdev:tap-oracle-wms-to-target-oracle[0m [36mname[0m=[35mtarget-oracle[0m [36mproducer[0m=[35mFalse[0m [36mrun_id[0m=[35m45c9847b-be8d-403a-bd15-c7e9887003ac[0m [36mstdio[0m=[35mstderr[0m [36mstring_id[0m=[35mtarget-oracle[0m
[2m2025-07-02T01:50:33.839568Z[0m [[32m[1minfo     [0m] [1mTraceback (most recent call last):[0m [36mcmd_type[0m=[35melb[0m [36mconsumer[0m=[35mTrue[0m [36mjob_name[0m=[35mdev:tap-oracle-wms-to-target-oracle[0m [36mname[0m=[35mtarget-oracle[0m [36mproducer[0m=[35mFalse[0m [36mrun_id[0m=[35m45c9847b-be8d-403a-bd15-c7e9887003ac[0m [36mstdio[0m=[35mstderr[0m [36mstring_id[0m=[35mtarget-oracle[0m
[2m2025-07-02T01:50:33.839813Z[0m [[32m[1minfo     [0m] [1m  File "src/oracledb/impl/thin/transport.pyx", line 328, in oracledb.thin_impl.Transport.read_packet[0m [36mcmd_type[0m=[35melb[0m [36mconsumer[0m=[35mTrue[0m [36mjob_name[0m=[35mdev:tap-oracle-wms-to-target-oracle[0m [36mname[0m=[35mtarget-oracle[0m [36mproducer[0m=[35mFalse[0m [36mrun_id[0m=[35m45c9847b-be8d-403a-bd15-c7e9887003ac[0m [36mstdio[0m=[35mstderr[0m [36mstring_id[0m=[35mtarget-oracle[0m
[2m2025-07-02T01:50:33.839920Z[0m [[32m[1minfo     [0m] [1mConnectionResetError: [Errno 104] Connection reset by peer[0m [36mcmd_type[0m=[35melb[0m [36mconsumer[0m=[35mTrue[0m [36mjob_name[0m=[35mdev:tap-oracle-wms-to-target-oracle[0m [36mname[0m=[35mtarget-oracle[0m [36mproducer[0m=[35mFalse[0m [36mrun_id[0m=[35m45c9847b-be8d-403a-bd15-c7e9887003ac[0m [36mstdio[0m=[35mstderr[0m [36mstring_id[0m=[35mtarget-oracle[0m
[2m2025-07-02T01:50:33.840007Z[0m [[32m[1minfo     [0m] [1m                              [0m [36mcmd_type[0m=[35melb[0m [36mconsumer[0m=[35mTrue[0m [36mjob_name[0m=[35mdev:tap-oracle-wms-to-target-oracle[0m [36mname[0m=[35mtarget-oracle[0m [36mproducer[0m=[35mFalse[0m [36mrun_id[0m=[35m45c9847b-be8d-403a-bd15-c7e9887003ac[0m [36mstdio[0m=[35mstderr[0m [36mstring_id[0m=[35mtarget-oracle[0m
[2m2025-07-02T01:50:33.840088Z[0m [[32m[1minfo     [0m] [1mThe above exception was the direct cause of the following exception:[0m [36mcmd_type[0m=[35melb[0m [36mconsumer[0m=[35mTrue[0m [36mjob_name[0m=[35mdev:tap-oracle-wms-to-target-oracle[0m [36mname[0m=[35mtarget-oracle[0m [36mproducer[0m=[35mFalse[0m [36mrun_id[0m=[35m45c9847b-be8d-403a-bd15-c7e9887003ac[0m [36mstdio[0m=[35mstderr[0m [36mstring_id[0m=[35mtarget-oracle[0m
[2m2025-07-02T01:50:33.840165Z[0m [[32m[1minfo     [0m] [1m                              [0m [36mcmd_type[0m=[35melb[0m [36mconsumer[0m=[35mTrue[0m [36mjob_name[0m=[35mdev:tap-oracle-wms-to-target-oracle[0m [36mname[0m=[35mtarget-oracle[0m [36mproducer[0m=[35mFalse[0m [36mrun_id[0m=[35m45c9847b-be8d-403a-bd15-c7e9887003ac[0m [36mstdio[0m=[35mstderr[0m [36mstring_id[0m=[35mtarget-oracle[0m
[2m2025-07-02T01:50:33.840239Z[0m [[32m[1minfo     [0m] [1mTraceback (most recent call last):[0m [36mcmd_type[0m=[35melb[0m [36mconsumer[0m=[35mTrue[0m [36mjob_name[0m=[35mdev:tap-oracle-wms-to-target-oracle[0m [36mname[0m=[35mtarget-oracle[0m [36mproducer[0m=[35mFalse[0m [36mrun_id[0m=[35m45c9847b-be8d-403a-bd15-c7e9887003ac[0m [36mstdio[0m=[35mstderr[0m [36mstring_id[0m=[35mtarget-oracle[0m
[2m2025-07-02T01:50:33.840376Z[0m [[32m[1minfo     [0m] [1m  File "src/oracledb/impl/thin/connection.pyx", line 332, in oracledb.thin_impl.ThinConnImpl._connect_with_address[0m [36mcmd_type[0m=[35melb[0m [36mconsumer[0m=[35mTrue[0m [36mjob_name[0m=[35mdev:tap-oracle-wms-to-target-oracle[0m [36mname[0m=[35mtarget-oracle[0m [36mproducer[0m=[35mFalse[0m [36mrun_id[0m=[35m45c9847b-be8d-403a-bd15-c7e9887003ac[0m [36mstdio[0m=[35mstderr[0m [36mstring_id[0m=[35mtarget-oracle[0m
[2m2025-07-02T01:50:33.840464Z[0m [[32m[1minfo     [0m] [1m  File "src/oracledb/impl/thin/protocol.pyx", line 245, in oracledb.thin_impl.Protocol._connect_phase_one[0m [36mcmd_type[0m=[35melb[0m [36mconsumer[0m=[35mTrue[0m [36mjob_name[0m=[35mdev:tap-oracle-wms-to-target-oracle[0m [36mname[0m=[35mtarget-oracle[0m [36mproducer[0m=[35mFalse[0m [36mrun_id[0m=[35m45c9847b-be8d-403a-bd15-c7e9887003ac[0m [36mstdio[0m=[35mstderr[0m [36mstring_id[0m=[35mtarget-oracle[0m
[2m2025-07-02T01:50:33.840545Z[0m [[32m[1minfo     [0m] [1m  File "src/oracledb/impl/thin/protocol.pyx", line 408, in oracledb.thin_impl.Protocol._process_message[0m [36mcmd_type[0m=[35melb[0m [36mconsumer[0m=[35mTrue[0m [36mjob_name[0m=[35mdev:tap-oracle-wms-to-target-oracle[0m [36mname[0m=[35mtarget-oracle[0m [36mproducer[0m=[35mFalse[0m [36mrun_id[0m=[35m45c9847b-be8d-403a-bd15-c7e9887003ac[0m [36mstdio[0m=[35mstderr[0m [36mstring_id[0m=[35mtarget-oracle[0m
[2m2025-07-02T01:50:33.840622Z[0m [[32m[1minfo     [0m] [1m  File "src/oracledb/impl/thin/protocol.pyx", line 386, in oracledb.thin_impl.Protocol._process_message[0m [36mcmd_type[0m=[35melb[0m [36mconsumer[0m=[35mTrue[0m [36mjob_name[0m=[35mdev:tap-oracle-wms-to-target-oracle[0m [36mname[0m=[35mtarget-oracle[0m [36mproducer[0m=[35mFalse[0m [36mrun_id[0m=[35m45c9847b-be8d-403a-bd15-c7e9887003ac[0m [36mstdio[0m=[35mstderr[0m [36mstring_id[0m=[35mtarget-oracle[0m
[2m2025-07-02T01:50:33.840695Z[0m [[32m[1minfo     [0m] [1m  File "src/oracledb/impl/thin/protocol.pyx", line 456, in oracledb.thin_impl.Protocol._receive_packet[0m [36mcmd_type[0m=[35melb[0m [36mconsumer[0m=[35mTrue[0m [36mjob_name[0m=[35mdev:tap-oracle-wms-to-target-oracle[0m [36mname[0m=[35mtarget-oracle[0m [36mproducer[0m=[35mFalse[0m [36mrun_id[0m=[35m45c9847b-be8d-403a-bd15-c7e9887003ac[0m [36mstdio[0m=[35mstderr[0m [36mstring_id[0m=[35mtarget-oracle[0m
[2m2025-07-02T01:50:33.840771Z[0m [[32m[1minfo     [0m] [1m  File "src/oracledb/impl/thin/packet.pyx", line 750, in oracledb.thin_impl.ReadBuffer.wait_for_packets_sync[0m [36mcmd_type[0m=[35melb[0m [36mconsumer[0m=[35mTrue[0m [36mjob_name[0m=[35mdev:tap-oracle-wms-to-target-oracle[0m [36mname[0m=[35mtarget-oracle[0m [36mproducer[0m=[35mFalse[0m [36mrun_id[0m=[35m45c9847b-be8d-403a-bd15-c7e9887003ac[0m [36mstdio[0m=[35mstderr[0m [36mstring_id[0m=[35mtarget-oracle[0m
[2m2025-07-02T01:50:33.840843Z[0m [[32m[1minfo     [0m] [1m  File "src/oracledb/impl/thin/transport.pyx", line 330, in oracledb.thin_impl.Transport.read_packet[0m [36mcmd_type[0m=[35melb[0m [36mconsumer[0m=[35mTrue[0m [36mjob_name[0m=[35mdev:tap-oracle-wms-to-target-oracle[0m [36mname[0m=[35mtarget-oracle[0m [36mproducer[0m=[35mFalse[0m [36mrun_id[0m=[35m45c9847b-be8d-403a-bd15-c7e9887003ac[0m [36mstdio[0m=[35mstderr[0m [36mstring_id[0m=[35mtarget-oracle[0m
[2m2025-07-02T01:50:33.840918Z[0m [[32m[1minfo     [0m] [1m  File "/home/marlonsc/flext/.venv/lib/python3.13/site-packages/oracledb/errors.py", line 195, in _raise_err[0m [36mcmd_type[0m=[35melb[0m [36mconsumer[0m=[35mTrue[0m [36mjob_name[0m=[35mdev:tap-oracle-wms-to-target-oracle[0m [36mname[0m=[35mtarget-oracle[0m [36mproducer[0m=[35mFalse[0m [36mrun_id[0m=[35m45c9847b-be8d-403a-bd15-c7e9887003ac[0m [36mstdio[0m=[35mstderr[0m [36mstring_id[0m=[35mtarget-oracle[0m
[2m2025-07-02T01:50:33.840992Z[0m [[32m[1minfo     [0m] [1m    raise error.exc_type(error) from cause[0m [36mcmd_type[0m=[35melb[0m [36mconsumer[0m=[35mTrue[0m [36mjob_name[0m=[35mdev:tap-oracle-wms-to-target-oracle[0m [36mname[0m=[35mtarget-oracle[0m [36mproducer[0m=[35mFalse[0m [36mrun_id[0m=[35m45c9847b-be8d-403a-bd15-c7e9887003ac[0m [36mstdio[0m=[35mstderr[0m [36mstring_id[0m=[35mtarget-oracle[0m
[2m2025-07-02T01:50:33.841068Z[0m [[32m[1minfo     [0m] [1moracledb.exceptions.DatabaseError: DPY-4011: the database or network closed the connection[0m [36mcmd_type[0m=[35melb[0m [36mconsumer[0m=[35mTrue[0m [36mjob_name[0m=[35mdev:tap-oracle-wms-to-target-oracle[0m [36mname[0m=[35mtarget-oracle[0m [36mproducer[0m=[35mFalse[0m [36mrun_id[0m=[35m45c9847b-be8d-403a-bd15-c7e9887003ac[0m [36mstdio[0m=[35mstderr[0m [36mstring_id[0m=[35mtarget-oracle[0m
[2m2025-07-02T01:50:33.841145Z[0m [[32m[1minfo     [0m] [1m[Errno 104] Connection reset by peer[0m [36mcmd_type[0m=[35melb[0m [36mconsumer[0m=[35mTrue[0m [36mjob_name[0m=[35mdev:tap-oracle-wms-to-target-oracle[0m [36mname[0m=[35mtarget-oracle[0m [36mproducer[0m=[35mFalse[0m [36mrun_id[0m=[35m45c9847b-be8d-403a-bd15-c7e9887003ac[0m [36mstdio[0m=[35mstderr[0m [36mstring_id[0m=[35mtarget-oracle[0m
[2m2025-07-02T01:50:33.841218Z[0m [[32m[1minfo     [0m] [1mHelp: https://python-oracledb.readthedocs.io/en/latest/user_guide/troubleshooting.html#dpy-4011[0m [36mcmd_type[0m=[35melb[0m [36mconsumer[0m=[35mTrue[0m [36mjob_name[0m=[35mdev:tap-oracle-wms-to-target-oracle[0m [36mname[0m=[35mtarget-oracle[0m [36mproducer[0m=[35mFalse[0m [36mrun_id[0m=[35m45c9847b-be8d-403a-bd15-c7e9887003ac[0m [36mstdio[0m=[35mstderr[0m [36mstring_id[0m=[35mtarget-oracle[0m
[2m2025-07-02T01:50:33.841303Z[0m [[32m[1minfo     [0m] [1m                              [0m [36mcmd_type[0m=[35melb[0m [36mconsumer[0m=[35mTrue[0m [36mjob_name[0m=[35mdev:tap-oracle-wms-to-target-oracle[0m [36mname[0m=[35mtarget-oracle[0m [36mproducer[0m=[35mFalse[0m [36mrun_id[0m=[35m45c9847b-be8d-403a-bd15-c7e9887003ac[0m [36mstdio[0m=[35mstderr[0m [36mstring_id[0m=[35mtarget-oracle[0m
[2m2025-07-02T01:50:33.841385Z[0m [[32m[1minfo     [0m] [1mThe above exception was the direct cause of the following exception:[0m [36mcmd_type[0m=[35melb[0m [36mconsumer[0m=[35mTrue[0m [36mjob_name[0m=[35mdev:tap-oracle-wms-to-target-oracle[0m [36mname[0m=[35mtarget-oracle[0m [36mproducer[0m=[35mFalse[0m [36mrun_id[0m=[35m45c9847b-be8d-403a-bd15-c7e9887003ac[0m [36mstdio[0m=[35mstderr[0m [36mstring_id[0m=[35mtarget-oracle[0m
[2m2025-07-02T01:50:33.841463Z[0m [[32m[1minfo     [0m] [1m                              [0m [36mcmd_type[0m=[35melb[0m [36mconsumer[0m=[35mTrue[0m [36mjob_name[0m=[35mdev:tap-oracle-wms-to-target-oracle[0m [36mname[0m=[35mtarget-oracle[0m [36mproducer[0m=[35mFalse[0m [36mrun_id[0m=[35m45c9847b-be8d-403a-bd15-c7e9887003ac[0m [36mstdio[0m=[35mstderr[0m [36mstring_id[0m=[35mtarget-oracle[0m
[2m2025-07-02T01:50:33.841543Z[0m [[32m[1minfo     [0m] [1mTraceback (most recent call last):[0m [36mcmd_type[0m=[35melb[0m [36mconsumer[0m=[35mTrue[0m [36mjob_name[0m=[35mdev:tap-oracle-wms-to-target-oracle[0m [36mname[0m=[35mtarget-oracle[0m [36mproducer[0m=[35mFalse[0m [36mrun_id[0m=[35m45c9847b-be8d-403a-bd15-c7e9887003ac[0m [36mstdio[0m=[35mstderr[0m [36mstring_id[0m=[35mtarget-oracle[0m
[2m2025-07-02T01:50:33.841643Z[0m [[32m[1minfo     [0m] [1m  File "/home/marlonsc/flext/gruponos-meltano-native/simple_target_oracle_fixed.py", line 44, in get_oracle_connection[0m [36mcmd_type[0m=[35melb[0m [36mconsumer[0m=[35mTrue[0m [36mjob_name[0m=[35mdev:tap-oracle-wms-to-target-oracle[0m [36mname[0m=[35mtarget-oracle[0m [36mproducer[0m=[35mFalse[0m [36mrun_id[0m=[35m45c9847b-be8d-403a-bd15-c7e9887003ac[0m [36mstdio[0m=[35mstderr[0m [36mstring_id[0m=[35mtarget-oracle[0m
[2m2025-07-02T01:50:33.841723Z[0m [[32m[1minfo     [0m] [1m    connection = oracledb.connect([0m [36mcmd_type[0m=[35melb[0m [36mconsumer[0m=[35mTrue[0m [36mjob_name[0m=[35mdev:tap-oracle-wms-to-target-oracle[0m [36mname[0m=[35mtarget-oracle[0m [36mproducer[0m=[35mFalse[0m [36mrun_id[0m=[35m45c9847b-be8d-403a-bd15-c7e9887003ac[0m [36mstdio[0m=[35mstderr[0m [36mstring_id[0m=[35mtarget-oracle[0m
[2m2025-07-02T01:50:33.841797Z[0m [[32m[1minfo     [0m] [1m        user=username,        [0m [36mcmd_type[0m=[35melb[0m [36mconsumer[0m=[35mTrue[0m [36mjob_name[0m=[35mdev:tap-oracle-wms-to-target-oracle[0m [36mname[0m=[35mtarget-oracle[0m [36mproducer[0m=[35mFalse[0m [36mrun_id[0m=[35m45c9847b-be8d-403a-bd15-c7e9887003ac[0m [36mstdio[0m=[35mstderr[0m [36mstring_id[0m=[35mtarget-oracle[0m
[2m2025-07-02T01:50:33.841873Z[0m [[32m[1minfo     [0m] [1m        password=password,    [0m [36mcmd_type[0m=[35melb[0m [36mconsumer[0m=[35mTrue[0m [36mjob_name[0m=[35mdev:tap-oracle-wms-to-target-oracle[0m [36mname[0m=[35mtarget-oracle[0m [36mproducer[0m=[35mFalse[0m [36mrun_id[0m=[35m45c9847b-be8d-403a-bd15-c7e9887003ac[0m [36mstdio[0m=[35mstderr[0m [36mstring_id[0m=[35mtarget-oracle[0m
[2m2025-07-02T01:50:33.841946Z[0m [[32m[1minfo     [0m] [1m        dsn=dsn               [0m [36mcmd_type[0m=[35melb[0m [36mconsumer[0m=[35mTrue[0m [36mjob_name[0m=[35mdev:tap-oracle-wms-to-target-oracle[0m [36mname[0m=[35mtarget-oracle[0m [36mproducer[0m=[35mFalse[0m [36mrun_id[0m=[35m45c9847b-be8d-403a-bd15-c7e9887003ac[0m [36mstdio[0m=[35mstderr[0m [36mstring_id[0m=[35mtarget-oracle[0m
[2m2025-07-02T01:50:33.842021Z[0m [[32m[1minfo     [0m] [1m    )                         [0m [36mcmd_type[0m=[35melb[0m [36mconsumer[0m=[35mTrue[0m [36mjob_name[0m=[35mdev:tap-oracle-wms-to-target-oracle[0m [36mname[0m=[35mtarget-oracle[0m [36mproducer[0m=[35mFalse[0m [36mrun_id[0m=[35m45c9847b-be8d-403a-bd15-c7e9887003ac[0m [36mstdio[0m=[35mstderr[0m [36mstring_id[0m=[35mtarget-oracle[0m
[2m2025-07-02T01:50:33.842096Z[0m [[32m[1minfo     [0m] [1m  File "/home/marlonsc/flext/.venv/lib/python3.13/site-packages/oracledb/connection.py", line 1194, in connect[0m [36mcmd_type[0m=[35melb[0m [36mconsumer[0m=[35mTrue[0m [36mjob_name[0m=[35mdev:tap-oracle-wms-to-target-oracle[0m [36mname[0m=[35mtarget-oracle[0m [36mproducer[0m=[35mFalse[0m [36mrun_id[0m=[35m45c9847b-be8d-403a-bd15-c7e9887003ac[0m [36mstdio[0m=[35mstderr[0m [36mstring_id[0m=[35mtarget-oracle[0m
[2m2025-07-02T01:50:33.842177Z[0m [[32m[1minfo     [0m] [1m    return conn_class(dsn=dsn, pool=pool, params=params, **kwargs)[0m [36mcmd_type[0m=[35melb[0m [36mconsumer[0m=[35mTrue[0m [36mjob_name[0m=[35mdev:tap-oracle-wms-to-target-oracle[0m [36mname[0m=[35mtarget-oracle[0m [36mproducer[0m=[35mFalse[0m [36mrun_id[0m=[35m45c9847b-be8d-403a-bd15-c7e9887003ac[0m [36mstdio[0m=[35mstderr[0m [36mstring_id[0m=[35mtarget-oracle[0m
[2m2025-07-02T01:50:33.842252Z[0m [[32m[1minfo     [0m] [1m  File "/home/marlonsc/flext/.venv/lib/python3.13/site-packages/oracledb/connection.py", line 576, in __init__[0m [36mcmd_type[0m=[35melb[0m [36mconsumer[0m=[35mTrue[0m [36mjob_name[0m=[35mdev:tap-oracle-wms-to-target-oracle[0m [36mname[0m=[35mtarget-oracle[0m [36mproducer[0m=[35mFalse[0m [36mrun_id[0m=[35m45c9847b-be8d-403a-bd15-c7e9887003ac[0m [36mstdio[0m=[35mstderr[0m [36mstring_id[0m=[35mtarget-oracle[0m
[2m2025-07-02T01:50:33.842335Z[0m [[32m[1minfo     [0m] [1m    impl.connect(params_impl) [0m [36mcmd_type[0m=[35melb[0m [36mconsumer[0m=[35mTrue[0m [36mjob_name[0m=[35mdev:tap-oracle-wms-to-target-oracle[0m [36mname[0m=[35mtarget-oracle[0m [36mproducer[0m=[35mFalse[0m [36mrun_id[0m=[35m45c9847b-be8d-403a-bd15-c7e9887003ac[0m [36mstdio[0m=[35mstderr[0m [36mstring_id[0m=[35mtarget-oracle[0m
[2m2025-07-02T01:50:33.842414Z[0m [[32m[1minfo     [0m] [1m    ~~~~~~~~~~~~^^^^^^^^^^^^^ [0m [36mcmd_type[0m=[35melb[0m [36mconsumer[0m=[35mTrue[0m [36mjob_name[0m=[35mdev:tap-oracle-wms-to-target-oracle[0m [36mname[0m=[35mtarget-oracle[0m [36mproducer[0m=[35mFalse[0m [36mrun_id[0m=[35m45c9847b-be8d-403a-bd15-c7e9887003ac[0m [36mstdio[0m=[35mstderr[0m [36mstring_id[0m=[35mtarget-oracle[0m
[2m2025-07-02T01:50:33.842485Z[0m [[32m[1minfo     [0m] [1m  File "src/oracledb/impl/thin/connection.pyx", line 433, in oracledb.thin_impl.ThinConnImpl.connect[0m [36mcmd_type[0m=[35melb[0m [36mconsumer[0m=[35mTrue[0m [36mjob_name[0m=[35mdev:tap-oracle-wms-to-target-oracle[0m [36mname[0m=[35mtarget-oracle[0m [36mproducer[0m=[35mFalse[0m [36mrun_id[0m=[35m45c9847b-be8d-403a-bd15-c7e9887003ac[0m [36mstdio[0m=[35mstderr[0m [36mstring_id[0m=[35mtarget-oracle[0m
[2m2025-07-02T01:50:33.842564Z[0m [[32m[1minfo     [0m] [1m  File "src/oracledb/impl/thin/connection.pyx", line 429, in oracledb.thin_impl.ThinConnImpl.connect[0m [36mcmd_type[0m=[35melb[0m [36mconsumer[0m=[35mTrue[0m [36mjob_name[0m=[35mdev:tap-oracle-wms-to-target-oracle[0m [36mname[0m=[35mtarget-oracle[0m [36mproducer[0m=[35mFalse[0m [36mrun_id[0m=[35m45c9847b-be8d-403a-bd15-c7e9887003ac[0m [36mstdio[0m=[35mstderr[0m [36mstring_id[0m=[35mtarget-oracle[0m
[2m2025-07-02T01:50:33.842642Z[0m [[32m[1minfo     [0m] [1m  File "src/oracledb/impl/thin/connection.pyx", line 389, in oracledb.thin_impl.ThinConnImpl._connect_with_params[0m [36mcmd_type[0m=[35melb[0m [36mconsumer[0m=[35mTrue[0m [36mjob_name[0m=[35mdev:tap-oracle-wms-to-target-oracle[0m [36mname[0m=[35mtarget-oracle[0m [36mproducer[0m=[35mFalse[0m [36mrun_id[0m=[35m45c9847b-be8d-403a-bd15-c7e9887003ac[0m [36mstdio[0m=[35mstderr[0m [36mstring_id[0m=[35mtarget-oracle[0m
[2m2025-07-02T01:50:33.842716Z[0m [[32m[1minfo     [0m] [1m  File "src/oracledb/impl/thin/connection.pyx", line 370, in oracledb.thin_impl.ThinConnImpl._connect_with_description[0m [36mcmd_type[0m=[35melb[0m [36mconsumer[0m=[35mTrue[0m [36mjob_name[0m=[35mdev:tap-oracle-wms-to-target-oracle[0m [36mname[0m=[35mtarget-oracle[0m [36mproducer[0m=[35mFalse[0m [36mrun_id[0m=[35m45c9847b-be8d-403a-bd15-c7e9887003ac[0m [36mstdio[0m=[35mstderr[0m [36mstring_id[0m=[35mtarget-oracle[0m
[2m2025-07-02T01:50:33.842792Z[0m [[32m[1minfo     [0m] [1m  File "src/oracledb/impl/thin/connection.pyx", line 336, in oracledb.thin_impl.ThinConnImpl._connect_with_address[0m [36mcmd_type[0m=[35melb[0m [36mconsumer[0m=[35mTrue[0m [36mjob_name[0m=[35mdev:tap-oracle-wms-to-target-oracle[0m [36mname[0m=[35mtarget-oracle[0m [36mproducer[0m=[35mFalse[0m [36mrun_id[0m=[35m45c9847b-be8d-403a-bd15-c7e9887003ac[0m [36mstdio[0m=[35mstderr[0m [36mstring_id[0m=[35mtarget-oracle[0m
[2m2025-07-02T01:50:33.842865Z[0m [[32m[1minfo     [0m] [1m  File "/home/marlonsc/flext/.venv/lib/python3.13/site-packages/oracledb/errors.py", line 195, in _raise_err[0m [36mcmd_type[0m=[35melb[0m [36mconsumer[0m=[35mTrue[0m [36mjob_name[0m=[35mdev:tap-oracle-wms-to-target-oracle[0m [36mname[0m=[35mtarget-oracle[0m [36mproducer[0m=[35mFalse[0m [36mrun_id[0m=[35m45c9847b-be8d-403a-bd15-c7e9887003ac[0m [36mstdio[0m=[35mstderr[0m [36mstring_id[0m=[35mtarget-oracle[0m
[2m2025-07-02T01:50:33.842944Z[0m [[32m[1minfo     [0m] [1m    raise error.exc_type(error) from cause[0m [36mcmd_type[0m=[35melb[0m [36mconsumer[0m=[35mTrue[0m [36mjob_name[0m=[35mdev:tap-oracle-wms-to-target-oracle[0m [36mname[0m=[35mtarget-oracle[0m [36mproducer[0m=[35mFalse[0m [36mrun_id[0m=[35m45c9847b-be8d-403a-bd15-c7e9887003ac[0m [36mstdio[0m=[35mstderr[0m [36mstring_id[0m=[35mtarget-oracle[0m
[2m2025-07-02T01:50:33.843018Z[0m [[32m[1minfo     [0m] [1moracledb.exceptions.OperationalError: DPY-6005: cannot connect to database (CONNECTION_ID=SlebvBFfy9yqj38iRKMgow==).[0m [36mcmd_type[0m=[35melb[0m [36mconsumer[0m=[35mTrue[0m [36mjob_name[0m=[35mdev:tap-oracle-wms-to-target-oracle[0m [36mname[0m=[35mtarget-oracle[0m [36mproducer[0m=[35mFalse[0m [36mrun_id[0m=[35m45c9847b-be8d-403a-bd15-c7e9887003ac[0m [36mstdio[0m=[35mstderr[0m [36mstring_id[0m=[35mtarget-oracle[0m
[2m2025-07-02T01:50:33.843093Z[0m [[32m[1minfo     [0m] [1mDPY-4011: the database or network closed the connection[0m [36mcmd_type[0m=[35melb[0m [36mconsumer[0m=[35mTrue[0m [36mjob_name[0m=[35mdev:tap-oracle-wms-to-target-oracle[0m [36mname[0m=[35mtarget-oracle[0m [36mproducer[0m=[35mFalse[0m [36mrun_id[0m=[35m45c9847b-be8d-403a-bd15-c7e9887003ac[0m [36mstdio[0m=[35mstderr[0m [36mstring_id[0m=[35mtarget-oracle[0m
[2m2025-07-02T01:50:33.843175Z[0m [[32m[1minfo     [0m] [1m[Errno 104] Connection reset by peer[0m [36mcmd_type[0m=[35melb[0m [36mconsumer[0m=[35mTrue[0m [36mjob_name[0m=[35mdev:tap-oracle-wms-to-target-oracle[0m [36mname[0m=[35mtarget-oracle[0m [36mproducer[0m=[35mFalse[0m [36mrun_id[0m=[35m45c9847b-be8d-403a-bd15-c7e9887003ac[0m [36mstdio[0m=[35mstderr[0m [36mstring_id[0m=[35mtarget-oracle[0m
[2m2025-07-02T01:50:33.843252Z[0m [[32m[1minfo     [0m] [1mHelp: https://python-oracledb.readthedocs.io/en/latest/user_guide/troubleshooting.html#dpy-4011[0m [36mcmd_type[0m=[35melb[0m [36mconsumer[0m=[35mTrue[0m [36mjob_name[0m=[35mdev:tap-oracle-wms-to-target-oracle[0m [36mname[0m=[35mtarget-oracle[0m [36mproducer[0m=[35mFalse[0m [36mrun_id[0m=[35m45c9847b-be8d-403a-bd15-c7e9887003ac[0m [36mstdio[0m=[35mstderr[0m [36mstring_id[0m=[35mtarget-oracle[0m
[2m2025-07-02T01:50:33.843337Z[0m [[32m[1minfo     [0m] [1m‚ùå Failed to get Oracle connection[0m [36mcmd_type[0m=[35melb[0m [36mconsumer[0m=[35mTrue[0m [36mjob_name[0m=[35mdev:tap-oracle-wms-to-target-oracle[0m [36mname[0m=[35mtarget-oracle[0m [36mproducer[0m=[35mFalse[0m [36mrun_id[0m=[35m45c9847b-be8d-403a-bd15-c7e9887003ac[0m [36mstdio[0m=[35mstderr[0m [36mstring_id[0m=[35mtarget-oracle[0m
[2m2025-07-02T01:50:33.880213Z[0m [[31m[1merror    [0m] [1mLoader failed                 [0m
[2m2025-07-02T01:50:33.880446Z[0m [[31m[1merror    [0m] [1mBlock run completed.          [0m [36mblock_type[0m=[35mExtractLoadBlocks[0m [36merr[0m=[35mRunnerError('Loader failed')[0m [36mexit_codes[0m=[35m{<PluginType.LOADERS: 'loaders'>: 1}[0m [36mset_number[0m=[35m0[0m [36msuccess[0m=[35mFalse[0m
Need help fixing this problem? Visit http://melta.no/ for troubleshooting steps, or to
join our friendly Slack community.

Run invocation could not be completed as block failed: Loader failed
