2025-07-02T16:19:08.209435Z [info     ] Marked stale run that started at 2025-07-02 15:57:23.178199+00:00 as failed: No heartbeat recorded for 5 minutes. The process was likely killed unceremoniously.
2025-07-02T16:19:08.224304Z [info     ] Marked stale run that started at 2025-07-02 16:07:41.751111+00:00 as failed: No heartbeat recorded for 5 minutes. The process was likely killed unceremoniously.
2025-07-02T16:19:08.335883Z [warning  ] A catalog file was found, but it will be ignored as the extractor does not advertise the `catalog` or `properties` capability
2025-07-02T16:19:09.150886Z [info     ] tap-oracle-wms v0.1.0, Meltano SDK v0.47.4 cmd_type=elb consumer=False job_name=dev:tap-oracle-wms-to-target-oracle name=tap-oracle-wms producer=True run_id=3122a49b-57b6-4f04-8e22-23ac5a857785 stdio=stderr string_id=tap-oracle-wms
2025-07-02T16:19:09.151408Z [info     ] /home/marlonsc/flext/.venv/lib/python3.13/site-packages/singer_sdk/plugin_base.py:715: SingerSDKDeprecationWarning: Passing a list of config file paths is deprecated. Please pass the config as a dictionary instead. cmd_type=elb consumer=False job_name=dev:tap-oracle-wms-to-target-oracle name=tap-oracle-wms producer=True run_id=3122a49b-57b6-4f04-8e22-23ac5a857785 stdio=stderr string_id=tap-oracle-wms
2025-07-02T16:19:09.151667Z [info     ]   super().__init__(            cmd_type=elb consumer=False job_name=dev:tap-oracle-wms-to-target-oracle name=tap-oracle-wms producer=True run_id=3122a49b-57b6-4f04-8e22-23ac5a857785 stdio=stderr string_id=tap-oracle-wms
2025-07-02T16:19:09.151894Z [info     ]                                cmd_type=elb consumer=False job_name=dev:tap-oracle-wms-to-target-oracle name=tap-oracle-wms producer=True run_id=3122a49b-57b6-4f04-8e22-23ac5a857785 stdio=stderr string_id=tap-oracle-wms
2025-07-02T16:19:09.152128Z [info     ] Skipping parse of env var settings... cmd_type=elb consumer=False job_name=dev:tap-oracle-wms-to-target-oracle name=tap-oracle-wms producer=True run_id=3122a49b-57b6-4f04-8e22-23ac5a857785 stdio=stderr string_id=tap-oracle-wms
2025-07-02T16:19:09.152410Z [info     ] Configured stream: allocation  cmd_type=elb consumer=False job_name=dev:tap-oracle-wms-to-target-oracle name=tap-oracle-wms producer=True run_id=3122a49b-57b6-4f04-8e22-23ac5a857785 stdio=stderr string_id=tap-oracle-wms
2025-07-02T16:19:09.152633Z [info     ] Configured stream: order_hdr   cmd_type=elb consumer=False job_name=dev:tap-oracle-wms-to-target-oracle name=tap-oracle-wms producer=True run_id=3122a49b-57b6-4f04-8e22-23ac5a857785 stdio=stderr string_id=tap-oracle-wms
2025-07-02T16:19:09.152876Z [info     ] Configured stream: order_dtl   cmd_type=elb consumer=False job_name=dev:tap-oracle-wms-to-target-oracle name=tap-oracle-wms producer=True run_id=3122a49b-57b6-4f04-8e22-23ac5a857785 stdio=stderr string_id=tap-oracle-wms
2025-07-02T16:19:09.153195Z [info     ] Beginning incremental sync of 'allocation' cmd_type=elb consumer=False job_name=dev:tap-oracle-wms-to-target-oracle name=tap-oracle-wms producer=True run_id=3122a49b-57b6-4f04-8e22-23ac5a857785 stdio=stderr string_id=tap-oracle-wms
2025-07-02T16:19:09.153440Z [info     ] Starting incremental sync with bookmark value: None cmd_type=elb consumer=False job_name=dev:tap-oracle-wms-to-target-oracle name=tap-oracle-wms producer=True run_id=3122a49b-57b6-4f04-8e22-23ac5a857785 stdio=stderr string_id=tap-oracle-wms
2025-07-02T16:19:09.237900Z [info     ] flext-target-oracle v1.0.0, Meltano SDK v0.47.4 cmd_type=elb consumer=True job_name=dev:tap-oracle-wms-to-target-oracle name=target-oracle producer=False run_id=3122a49b-57b6-4f04-8e22-23ac5a857785 stdio=stderr string_id=target-oracle
2025-07-02T16:19:09.238304Z [info     ] /home/marlonsc/flext/.venv/lib/python3.13/site-packages/singer_sdk/plugin_base.py:715: SingerSDKDeprecationWarning: Passing a list of config file paths is deprecated. Please pass the config as a dictionary instead. cmd_type=elb consumer=True job_name=dev:tap-oracle-wms-to-target-oracle name=target-oracle producer=False run_id=3122a49b-57b6-4f04-8e22-23ac5a857785 stdio=stderr string_id=target-oracle
2025-07-02T16:19:09.238540Z [info     ]   super().__init__(            cmd_type=elb consumer=True job_name=dev:tap-oracle-wms-to-target-oracle name=target-oracle producer=False run_id=3122a49b-57b6-4f04-8e22-23ac5a857785 stdio=stderr string_id=target-oracle
2025-07-02T16:19:09.238748Z [info     ]                                cmd_type=elb consumer=True job_name=dev:tap-oracle-wms-to-target-oracle name=target-oracle producer=False run_id=3122a49b-57b6-4f04-8e22-23ac5a857785 stdio=stderr string_id=target-oracle
2025-07-02T16:19:09.238965Z [info     ] Skipping parse of env var settings... cmd_type=elb consumer=True job_name=dev:tap-oracle-wms-to-target-oracle name=target-oracle producer=False run_id=3122a49b-57b6-4f04-8e22-23ac5a857785 stdio=stderr string_id=target-oracle
2025-07-02T16:19:09.257052Z [info     ] Using systemdb state backend
2025-07-02T16:19:09.275384Z [info     ] Incremental state has been updated at 2025-07-02 16:19:09.275344+00:00.
2025-07-02T16:19:09.275784Z [info     ] Oracle Target initialized      cmd_type=elb consumer=True job_name=dev:tap-oracle-wms-to-target-oracle name=target-oracle producer=False run_id=3122a49b-57b6-4f04-8e22-23ac5a857785 stdio=stderr string_id=target-oracle
2025-07-02T16:19:09.311136Z [info     ] Incremental state has been updated at 2025-07-02 16:19:09.311093+00:00.
2025-07-02T16:19:09.345897Z [info     ] Incremental state has been updated at 2025-07-02 16:19:09.345851+00:00.
2025-07-02T16:19:09.379103Z [info     ] Incremental state has been updated at 2025-07-02 16:19:09.379057+00:00.
2025-07-02T16:19:09.379470Z [info     ] Initializing Oracle Target monitoring cmd_type=elb consumer=True job_name=dev:tap-oracle-wms-to-target-oracle name=target-oracle producer=False run_id=3122a49b-57b6-4f04-8e22-23ac5a857785 stdio=stderr string_id=target-oracle
2025-07-02T16:19:09.379686Z [info     ] Operation started              cmd_type=elb consumer=True job_name=dev:tap-oracle-wms-to-target-oracle name=target-oracle producer=False run_id=3122a49b-57b6-4f04-8e22-23ac5a857785 stdio=stderr string_id=target-oracle
2025-07-02T16:19:09.379877Z [info     ] Creating sink for stream       cmd_type=elb consumer=True job_name=dev:tap-oracle-wms-to-target-oracle name=target-oracle producer=False run_id=3122a49b-57b6-4f04-8e22-23ac5a857785 stdio=stderr string_id=target-oracle
2025-07-02T16:24:09.802794Z [info     ] Backing off _request(...) for 2.1s (requests.exceptions.ReadTimeout: HTTPSConnectionPool(host='a29.wms.ocs.oraclecloud.com', port=443): Read timed out. (read timeout=300)) cmd_type=elb consumer=False job_name=dev:tap-oracle-wms-to-target-oracle name=tap-oracle-wms producer=True run_id=3122a49b-57b6-4f04-8e22-23ac5a857785 stdio=stderr string_id=tap-oracle-wms
2025-07-02T16:24:09.803353Z [info     ] Backing off 2.06 seconds after 1 tries calling function <bound method _HTTPStream._request of <tap_oracle_wms.streams.WMSStream object at 0x7f08587a1d30>> with args (<PreparedRequest [GET]>, None) and kwargs {} cmd_type=elb consumer=False job_name=dev:tap-oracle-wms-to-target-oracle name=tap-oracle-wms producer=True run_id=3122a49b-57b6-4f04-8e22-23ac5a857785 stdio=stderr string_id=tap-oracle-wms
2025-07-02T16:27:41.441850Z [info     ] METRIC: {"type": "timer", "metric": "http_request_duration", "value": 209.575475, "tags": {"stream": "allocation", "endpoint": "/wms/lgfapi/v10/entity/allocation", "http_status_code": 200, "status": "succeeded"}} cmd_type=elb consumer=False job_name=dev:tap-oracle-wms-to-target-oracle name=tap-oracle-wms producer=True run_id=3122a49b-57b6-4f04-8e22-23ac5a857785 stdio=stderr string_id=tap-oracle-wms
2025-07-02T16:27:41.442198Z [info     ] METRIC: {"type": "counter", "metric": "http_request_count", "value": 1, "tags": {"stream": "allocation", "endpoint": "/wms/lgfapi/v10/entity/allocation", "pid": 2158059}} cmd_type=elb consumer=False job_name=dev:tap-oracle-wms-to-target-oracle name=tap-oracle-wms producer=True run_id=3122a49b-57b6-4f04-8e22-23ac5a857785 stdio=stderr string_id=tap-oracle-wms
2025-07-02T16:27:41.442534Z [info     ] Stream is assumed to be unsorted, progress is not resumable if interrupted cmd_type=elb consumer=False job_name=dev:tap-oracle-wms-to-target-oracle name=tap-oracle-wms producer=True run_id=3122a49b-57b6-4f04-8e22-23ac5a857785 stdio=stderr string_id=tap-oracle-wms
2025-07-02T16:27:41.442737Z [info     ] METRIC: {"type": "counter", "metric": "record_count", "value": 1, "tags": {"stream": "allocation", "pid": 2158059, "context": {}}} cmd_type=elb consumer=False job_name=dev:tap-oracle-wms-to-target-oracle name=tap-oracle-wms producer=True run_id=3122a49b-57b6-4f04-8e22-23ac5a857785 stdio=stderr string_id=tap-oracle-wms
2025-07-02T16:27:41.443004Z [info     ] METRIC: {"type": "counter", "metric": "http_request_count", "value": 0, "tags": {"stream": "allocation", "endpoint": "/wms/lgfapi/v10/entity/allocation", "pid": 2158059}} cmd_type=elb consumer=False job_name=dev:tap-oracle-wms-to-target-oracle name=tap-oracle-wms producer=True run_id=3122a49b-57b6-4f04-8e22-23ac5a857785 stdio=stderr string_id=tap-oracle-wms
2025-07-02T16:27:41.443169Z [info     ] METRIC: {"type": "timer", "metric": "sync_duration", "value": 512.2900953292847, "tags": {"stream": "allocation", "pid": 2158059, "context": {}, "status": "succeeded"}} cmd_type=elb consumer=False job_name=dev:tap-oracle-wms-to-target-oracle name=tap-oracle-wms producer=True run_id=3122a49b-57b6-4f04-8e22-23ac5a857785 stdio=stderr string_id=tap-oracle-wms
2025-07-02T16:27:41.443318Z [info     ] METRIC: {"type": "counter", "metric": "record_count", "value": 4, "tags": {"stream": "allocation", "pid": 2158059, "context": {}}} cmd_type=elb consumer=False job_name=dev:tap-oracle-wms-to-target-oracle name=tap-oracle-wms producer=True run_id=3122a49b-57b6-4f04-8e22-23ac5a857785 stdio=stderr string_id=tap-oracle-wms
2025-07-02T16:27:41.443453Z [info     ] Beginning incremental sync of 'order_dtl' cmd_type=elb consumer=False job_name=dev:tap-oracle-wms-to-target-oracle name=tap-oracle-wms producer=True run_id=3122a49b-57b6-4f04-8e22-23ac5a857785 stdio=stderr string_id=tap-oracle-wms
2025-07-02T16:27:41.499065Z [info     ] Incremental state has been updated at 2025-07-02 16:27:41.499021+00:00.
2025-07-02T16:27:41.499439Z [info     ] Creating sink for stream       cmd_type=elb consumer=True job_name=dev:tap-oracle-wms-to-target-oracle name=target-oracle producer=False run_id=3122a49b-57b6-4f04-8e22-23ac5a857785 stdio=stderr string_id=target-oracle
2025-07-02T16:27:41.499850Z [info     ] Starting incremental sync with bookmark value: None cmd_type=elb consumer=False job_name=dev:tap-oracle-wms-to-target-oracle name=tap-oracle-wms producer=True run_id=3122a49b-57b6-4f04-8e22-23ac5a857785 stdio=stderr string_id=tap-oracle-wms
2025-07-02T16:27:41.500117Z [info     ] METRIC: {"type": "counter", "metric": "record_count", "value": 1, "tags": {"stream": "allocation", "pid": 2158060}} cmd_type=elb consumer=True job_name=dev:tap-oracle-wms-to-target-oracle name=target-oracle producer=False run_id=3122a49b-57b6-4f04-8e22-23ac5a857785 stdio=stderr string_id=target-oracle
2025-07-02T16:27:41.500364Z [info     ] One or more records have exceeded the max age of 5 minutes. Draining all sinks. cmd_type=elb consumer=True job_name=dev:tap-oracle-wms-to-target-oracle name=target-oracle producer=False run_id=3122a49b-57b6-4f04-8e22-23ac5a857785 stdio=stderr string_id=target-oracle
2025-07-02T16:27:41.500568Z [info     ] Batch processed                cmd_type=elb consumer=True job_name=dev:tap-oracle-wms-to-target-oracle name=target-oracle producer=False run_id=3122a49b-57b6-4f04-8e22-23ac5a857785 stdio=stderr string_id=target-oracle
2025-07-02T16:27:41.500760Z [info     ] Operation started              cmd_type=elb consumer=True job_name=dev:tap-oracle-wms-to-target-oracle name=target-oracle producer=False run_id=3122a49b-57b6-4f04-8e22-23ac5a857785 stdio=stderr string_id=target-oracle
2025-07-02T16:27:41.500941Z [info     ] Inserting with SQL: INSERT INTO allocation (id, mod_ts, create_ts, alloc_qty, status_id, order_dtl_id) VALUES (:id, :mod_ts, :create_ts, :alloc_qty, :status_id, :order_dtl_id) cmd_type=elb consumer=True job_name=dev:tap-oracle-wms-to-target-oracle name=target-oracle producer=False run_id=3122a49b-57b6-4f04-8e22-23ac5a857785 stdio=stderr string_id=target-oracle
2025-07-02T16:27:41.562419Z [info     ] Incremental state has been updated at 2025-07-02 16:27:41.562382+00:00.
2025-07-02T16:27:41.618782Z [info     ] Incremental state has been updated at 2025-07-02 16:27:41.618745+00:00.
2025-07-02T16:27:41.963171Z [info     ] Incremental state has been updated at 2025-07-02 16:27:41.963118+00:00.
2025-07-02T16:27:41.963833Z [info     ] Operation failed               cmd_type=elb consumer=True job_name=dev:tap-oracle-wms-to-target-oracle name=target-oracle producer=False run_id=3122a49b-57b6-4f04-8e22-23ac5a857785 stdio=stderr string_id=target-oracle
2025-07-02T16:27:41.964160Z [info     ] Traceback (most recent call last): cmd_type=elb consumer=True job_name=dev:tap-oracle-wms-to-target-oracle name=target-oracle producer=False run_id=3122a49b-57b6-4f04-8e22-23ac5a857785 stdio=stderr string_id=target-oracle
2025-07-02T16:27:41.964447Z [info     ]   File "/home/marlonsc/flext/.venv/lib/python3.13/site-packages/sqlalchemy/engine/base.py", line 1963, in _exec_single_context cmd_type=elb consumer=True job_name=dev:tap-oracle-wms-to-target-oracle name=target-oracle producer=False run_id=3122a49b-57b6-4f04-8e22-23ac5a857785 stdio=stderr string_id=target-oracle
2025-07-02T16:27:41.964688Z [info     ]     self.dialect.do_execute(   cmd_type=elb consumer=True job_name=dev:tap-oracle-wms-to-target-oracle name=target-oracle producer=False run_id=3122a49b-57b6-4f04-8e22-23ac5a857785 stdio=stderr string_id=target-oracle
2025-07-02T16:27:41.964912Z [info     ]     ~~~~~~~~~~~~~~~~~~~~~~~^   cmd_type=elb consumer=True job_name=dev:tap-oracle-wms-to-target-oracle name=target-oracle producer=False run_id=3122a49b-57b6-4f04-8e22-23ac5a857785 stdio=stderr string_id=target-oracle
2025-07-02T16:27:41.965131Z [info     ]         cursor, str_statement, effective_parameters, context cmd_type=elb consumer=True job_name=dev:tap-oracle-wms-to-target-oracle name=target-oracle producer=False run_id=3122a49b-57b6-4f04-8e22-23ac5a857785 stdio=stderr string_id=target-oracle
2025-07-02T16:27:41.965358Z [info     ]         ^^^^^^^^^^^^^^^^^^^^^^^^^^^^^^^^^^^^^^^^^^^^^^^^^^^^ cmd_type=elb consumer=True job_name=dev:tap-oracle-wms-to-target-oracle name=target-oracle producer=False run_id=3122a49b-57b6-4f04-8e22-23ac5a857785 stdio=stderr string_id=target-oracle
2025-07-02T16:27:41.965556Z [info     ]     )                          cmd_type=elb consumer=True job_name=dev:tap-oracle-wms-to-target-oracle name=target-oracle producer=False run_id=3122a49b-57b6-4f04-8e22-23ac5a857785 stdio=stderr string_id=target-oracle
2025-07-02T16:27:41.965760Z [info     ]     ^                          cmd_type=elb consumer=True job_name=dev:tap-oracle-wms-to-target-oracle name=target-oracle producer=False run_id=3122a49b-57b6-4f04-8e22-23ac5a857785 stdio=stderr string_id=target-oracle
2025-07-02T16:27:41.965955Z [info     ]   File "/home/marlonsc/flext/.venv/lib/python3.13/site-packages/sqlalchemy/engine/default.py", line 943, in do_execute cmd_type=elb consumer=True job_name=dev:tap-oracle-wms-to-target-oracle name=target-oracle producer=False run_id=3122a49b-57b6-4f04-8e22-23ac5a857785 stdio=stderr string_id=target-oracle
2025-07-02T16:27:41.966139Z [info     ]     cursor.execute(statement, parameters) cmd_type=elb consumer=True job_name=dev:tap-oracle-wms-to-target-oracle name=target-oracle producer=False run_id=3122a49b-57b6-4f04-8e22-23ac5a857785 stdio=stderr string_id=target-oracle
2025-07-02T16:27:41.966346Z [info     ]     ~~~~~~~~~~~~~~^^^^^^^^^^^^^^^^^^^^^^^ cmd_type=elb consumer=True job_name=dev:tap-oracle-wms-to-target-oracle name=target-oracle producer=False run_id=3122a49b-57b6-4f04-8e22-23ac5a857785 stdio=stderr string_id=target-oracle
2025-07-02T16:27:41.966549Z [info     ]   File "/home/marlonsc/flext/.venv/lib/python3.13/site-packages/oracledb/cursor.py", line 710, in execute cmd_type=elb consumer=True job_name=dev:tap-oracle-wms-to-target-oracle name=target-oracle producer=False run_id=3122a49b-57b6-4f04-8e22-23ac5a857785 stdio=stderr string_id=target-oracle
2025-07-02T16:27:41.966740Z [info     ]     impl.execute(self)         cmd_type=elb consumer=True job_name=dev:tap-oracle-wms-to-target-oracle name=target-oracle producer=False run_id=3122a49b-57b6-4f04-8e22-23ac5a857785 stdio=stderr string_id=target-oracle
2025-07-02T16:27:41.966929Z [info     ]     ~~~~~~~~~~~~^^^^^^         cmd_type=elb consumer=True job_name=dev:tap-oracle-wms-to-target-oracle name=target-oracle producer=False run_id=3122a49b-57b6-4f04-8e22-23ac5a857785 stdio=stderr string_id=target-oracle
2025-07-02T16:27:41.967189Z [info     ]   File "src/oracledb/impl/thin/cursor.pyx", line 196, in oracledb.thin_impl.ThinCursorImpl.execute cmd_type=elb consumer=True job_name=dev:tap-oracle-wms-to-target-oracle name=target-oracle producer=False run_id=3122a49b-57b6-4f04-8e22-23ac5a857785 stdio=stderr string_id=target-oracle
2025-07-02T16:27:41.967404Z [info     ]   File "src/oracledb/impl/thin/protocol.pyx", line 439, in oracledb.thin_impl.Protocol._process_single_message cmd_type=elb consumer=True job_name=dev:tap-oracle-wms-to-target-oracle name=target-oracle producer=False run_id=3122a49b-57b6-4f04-8e22-23ac5a857785 stdio=stderr string_id=target-oracle
2025-07-02T16:27:41.967576Z [info     ]   File "src/oracledb/impl/thin/protocol.pyx", line 440, in oracledb.thin_impl.Protocol._process_single_message cmd_type=elb consumer=True job_name=dev:tap-oracle-wms-to-target-oracle name=target-oracle producer=False run_id=3122a49b-57b6-4f04-8e22-23ac5a857785 stdio=stderr string_id=target-oracle
2025-07-02T16:27:41.967747Z [info     ]   File "src/oracledb/impl/thin/protocol.pyx", line 432, in oracledb.thin_impl.Protocol._process_message cmd_type=elb consumer=True job_name=dev:tap-oracle-wms-to-target-oracle name=target-oracle producer=False run_id=3122a49b-57b6-4f04-8e22-23ac5a857785 stdio=stderr string_id=target-oracle
2025-07-02T16:27:41.967923Z [info     ]   File "src/oracledb/impl/thin/messages.pyx", line 74, in oracledb.thin_impl.Message._check_and_raise_exception cmd_type=elb consumer=True job_name=dev:tap-oracle-wms-to-target-oracle name=target-oracle producer=False run_id=3122a49b-57b6-4f04-8e22-23ac5a857785 stdio=stderr string_id=target-oracle
2025-07-02T16:27:41.968100Z [info     ] oracledb.exceptions.IntegrityError: ORA-00001: unique constraint (OIC.SYS_C00120244) violated cmd_type=elb consumer=True job_name=dev:tap-oracle-wms-to-target-oracle name=target-oracle producer=False run_id=3122a49b-57b6-4f04-8e22-23ac5a857785 stdio=stderr string_id=target-oracle
2025-07-02T16:27:41.968276Z [info     ] Help: https://docs.oracle.com/error-help/db/ora-00001/ cmd_type=elb consumer=True job_name=dev:tap-oracle-wms-to-target-oracle name=target-oracle producer=False run_id=3122a49b-57b6-4f04-8e22-23ac5a857785 stdio=stderr string_id=target-oracle
2025-07-02T16:27:41.968484Z [info     ]                                cmd_type=elb consumer=True job_name=dev:tap-oracle-wms-to-target-oracle name=target-oracle producer=False run_id=3122a49b-57b6-4f04-8e22-23ac5a857785 stdio=stderr string_id=target-oracle
2025-07-02T16:27:41.968659Z [info     ] The above exception was the direct cause of the following exception: cmd_type=elb consumer=True job_name=dev:tap-oracle-wms-to-target-oracle name=target-oracle producer=False run_id=3122a49b-57b6-4f04-8e22-23ac5a857785 stdio=stderr string_id=target-oracle
2025-07-02T16:27:41.968828Z [info     ]                                cmd_type=elb consumer=True job_name=dev:tap-oracle-wms-to-target-oracle name=target-oracle producer=False run_id=3122a49b-57b6-4f04-8e22-23ac5a857785 stdio=stderr string_id=target-oracle
2025-07-02T16:27:41.968990Z [info     ] Traceback (most recent call last): cmd_type=elb consumer=True job_name=dev:tap-oracle-wms-to-target-oracle name=target-oracle producer=False run_id=3122a49b-57b6-4f04-8e22-23ac5a857785 stdio=stderr string_id=target-oracle
2025-07-02T16:27:41.969164Z [info     ]   File "/home/marlonsc/flext/flext-target-oracle/flext_target_oracle/logging_config.py", line 236, in operation_context cmd_type=elb consumer=True job_name=dev:tap-oracle-wms-to-target-oracle name=target-oracle producer=False run_id=3122a49b-57b6-4f04-8e22-23ac5a857785 stdio=stderr string_id=target-oracle
2025-07-02T16:27:41.969512Z [info     ]     yield context              cmd_type=elb consumer=True job_name=dev:tap-oracle-wms-to-target-oracle name=target-oracle producer=False run_id=3122a49b-57b6-4f04-8e22-23ac5a857785 stdio=stderr string_id=target-oracle
2025-07-02T16:27:41.969730Z [info     ]   File "/home/marlonsc/flext/flext-target-oracle/flext_target_oracle/sinks.py", line 346, in process_batch cmd_type=elb consumer=True job_name=dev:tap-oracle-wms-to-target-oracle name=target-oracle producer=False run_id=3122a49b-57b6-4f04-8e22-23ac5a857785 stdio=stderr string_id=target-oracle
2025-07-02T16:27:41.969924Z [info     ]   File "/home/marlonsc/flext/flext-target-oracle/flext_target_oracle/sinks.py", line 373, in _process_batch_internal cmd_type=elb consumer=True job_name=dev:tap-oracle-wms-to-target-oracle name=target-oracle producer=False run_id=3122a49b-57b6-4f04-8e22-23ac5a857785 stdio=stderr string_id=target-oracle
2025-07-02T16:27:41.970107Z [info     ]     self._process_batch_upsert(records) cmd_type=elb consumer=True job_name=dev:tap-oracle-wms-to-target-oracle name=target-oracle producer=False run_id=3122a49b-57b6-4f04-8e22-23ac5a857785 stdio=stderr string_id=target-oracle
2025-07-02T16:27:41.970296Z [info     ]     ^^^^^^^^^^^^^^^^^^^^^^^^^^^^^^ cmd_type=elb consumer=True job_name=dev:tap-oracle-wms-to-target-oracle name=target-oracle producer=False run_id=3122a49b-57b6-4f04-8e22-23ac5a857785 stdio=stderr string_id=target-oracle
2025-07-02T16:27:41.970482Z [info     ]   File "/home/marlonsc/flext/.venv/lib/python3.13/site-packages/singer_sdk/sinks/sql.py", line 272, in process_batch cmd_type=elb consumer=True job_name=dev:tap-oracle-wms-to-target-oracle name=target-oracle producer=False run_id=3122a49b-57b6-4f04-8e22-23ac5a857785 stdio=stderr string_id=target-oracle
2025-07-02T16:27:41.970663Z [info     ]     self.bulk_insert_records(  cmd_type=elb consumer=True job_name=dev:tap-oracle-wms-to-target-oracle name=target-oracle producer=False run_id=3122a49b-57b6-4f04-8e22-23ac5a857785 stdio=stderr string_id=target-oracle
2025-07-02T16:27:41.970853Z [info     ]     ~~~~~~~~~~~~~~~~~~~~~~~~^  cmd_type=elb consumer=True job_name=dev:tap-oracle-wms-to-target-oracle name=target-oracle producer=False run_id=3122a49b-57b6-4f04-8e22-23ac5a857785 stdio=stderr string_id=target-oracle
2025-07-02T16:27:41.971115Z [info     ]         full_table_name=self.full_table_name, cmd_type=elb consumer=True job_name=dev:tap-oracle-wms-to-target-oracle name=target-oracle producer=False run_id=3122a49b-57b6-4f04-8e22-23ac5a857785 stdio=stderr string_id=target-oracle
2025-07-02T16:27:41.971312Z [info     ]         ^^^^^^^^^^^^^^^^^^^^^^^^^^^^^^^^^^^^^ cmd_type=elb consumer=True job_name=dev:tap-oracle-wms-to-target-oracle name=target-oracle producer=False run_id=3122a49b-57b6-4f04-8e22-23ac5a857785 stdio=stderr string_id=target-oracle
2025-07-02T16:27:41.971477Z [info     ]         schema=self.schema,    cmd_type=elb consumer=True job_name=dev:tap-oracle-wms-to-target-oracle name=target-oracle producer=False run_id=3122a49b-57b6-4f04-8e22-23ac5a857785 stdio=stderr string_id=target-oracle
2025-07-02T16:27:41.971651Z [info     ]         ^^^^^^^^^^^^^^^^^^^    cmd_type=elb consumer=True job_name=dev:tap-oracle-wms-to-target-oracle name=target-oracle producer=False run_id=3122a49b-57b6-4f04-8e22-23ac5a857785 stdio=stderr string_id=target-oracle
2025-07-02T16:27:41.971834Z [info     ]         records=context["records"], cmd_type=elb consumer=True job_name=dev:tap-oracle-wms-to-target-oracle name=target-oracle producer=False run_id=3122a49b-57b6-4f04-8e22-23ac5a857785 stdio=stderr string_id=target-oracle
2025-07-02T16:27:41.971996Z [info     ]         ^^^^^^^^^^^^^^^^^^^^^^^^^^^ cmd_type=elb consumer=True job_name=dev:tap-oracle-wms-to-target-oracle name=target-oracle producer=False run_id=3122a49b-57b6-4f04-8e22-23ac5a857785 stdio=stderr string_id=target-oracle
2025-07-02T16:27:41.972159Z [info     ]     )                          cmd_type=elb consumer=True job_name=dev:tap-oracle-wms-to-target-oracle name=target-oracle producer=False run_id=3122a49b-57b6-4f04-8e22-23ac5a857785 stdio=stderr string_id=target-oracle
2025-07-02T16:27:41.972465Z [info     ]     ^                          cmd_type=elb consumer=True job_name=dev:tap-oracle-wms-to-target-oracle name=target-oracle producer=False run_id=3122a49b-57b6-4f04-8e22-23ac5a857785 stdio=stderr string_id=target-oracle
2025-07-02T16:27:41.972729Z [info     ]   File "/home/marlonsc/flext/.venv/lib/python3.13/site-packages/singer_sdk/sinks/sql.py", line 359, in bulk_insert_records cmd_type=elb consumer=True job_name=dev:tap-oracle-wms-to-target-oracle name=target-oracle producer=False run_id=3122a49b-57b6-4f04-8e22-23ac5a857785 stdio=stderr string_id=target-oracle
2025-07-02T16:27:41.972967Z [info     ]     result = conn.execute(insert_sql, new_records) cmd_type=elb consumer=True job_name=dev:tap-oracle-wms-to-target-oracle name=target-oracle producer=False run_id=3122a49b-57b6-4f04-8e22-23ac5a857785 stdio=stderr string_id=target-oracle
2025-07-02T16:27:41.973149Z [info     ]   File "/home/marlonsc/flext/.venv/lib/python3.13/site-packages/sqlalchemy/engine/base.py", line 1415, in execute cmd_type=elb consumer=True job_name=dev:tap-oracle-wms-to-target-oracle name=target-oracle producer=False run_id=3122a49b-57b6-4f04-8e22-23ac5a857785 stdio=stderr string_id=target-oracle
2025-07-02T16:27:41.973350Z [info     ]     return meth(               cmd_type=elb consumer=True job_name=dev:tap-oracle-wms-to-target-oracle name=target-oracle producer=False run_id=3122a49b-57b6-4f04-8e22-23ac5a857785 stdio=stderr string_id=target-oracle
2025-07-02T16:27:41.973530Z [info     ]         self,                  cmd_type=elb consumer=True job_name=dev:tap-oracle-wms-to-target-oracle name=target-oracle producer=False run_id=3122a49b-57b6-4f04-8e22-23ac5a857785 stdio=stderr string_id=target-oracle
2025-07-02T16:27:41.973700Z [info     ]         distilled_parameters,  cmd_type=elb consumer=True job_name=dev:tap-oracle-wms-to-target-oracle name=target-oracle producer=False run_id=3122a49b-57b6-4f04-8e22-23ac5a857785 stdio=stderr string_id=target-oracle
2025-07-02T16:27:41.973923Z [info     ]         execution_options or NO_OPTIONS, cmd_type=elb consumer=True job_name=dev:tap-oracle-wms-to-target-oracle name=target-oracle producer=False run_id=3122a49b-57b6-4f04-8e22-23ac5a857785 stdio=stderr string_id=target-oracle
2025-07-02T16:27:41.974117Z [info     ]     )                          cmd_type=elb consumer=True job_name=dev:tap-oracle-wms-to-target-oracle name=target-oracle producer=False run_id=3122a49b-57b6-4f04-8e22-23ac5a857785 stdio=stderr string_id=target-oracle
2025-07-02T16:27:41.974311Z [info     ]   File "/home/marlonsc/flext/.venv/lib/python3.13/site-packages/sqlalchemy/sql/elements.py", line 523, in _execute_on_connection cmd_type=elb consumer=True job_name=dev:tap-oracle-wms-to-target-oracle name=target-oracle producer=False run_id=3122a49b-57b6-4f04-8e22-23ac5a857785 stdio=stderr string_id=target-oracle
2025-07-02T16:27:41.974508Z [info     ]     return connection._execute_clauseelement( cmd_type=elb consumer=True job_name=dev:tap-oracle-wms-to-target-oracle name=target-oracle producer=False run_id=3122a49b-57b6-4f04-8e22-23ac5a857785 stdio=stderr string_id=target-oracle
2025-07-02T16:27:41.974689Z [info     ]            ~~~~~~~~~~~~~~~~~~~~~~~~~~~~~~~~~^ cmd_type=elb consumer=True job_name=dev:tap-oracle-wms-to-target-oracle name=target-oracle producer=False run_id=3122a49b-57b6-4f04-8e22-23ac5a857785 stdio=stderr string_id=target-oracle
2025-07-02T16:27:41.974869Z [info     ]         self, distilled_params, execution_options cmd_type=elb consumer=True job_name=dev:tap-oracle-wms-to-target-oracle name=target-oracle producer=False run_id=3122a49b-57b6-4f04-8e22-23ac5a857785 stdio=stderr string_id=target-oracle
2025-07-02T16:27:41.975050Z [info     ]         ^^^^^^^^^^^^^^^^^^^^^^^^^^^^^^^^^^^^^^^^^ cmd_type=elb consumer=True job_name=dev:tap-oracle-wms-to-target-oracle name=target-oracle producer=False run_id=3122a49b-57b6-4f04-8e22-23ac5a857785 stdio=stderr string_id=target-oracle
2025-07-02T16:27:41.975232Z [info     ]     )                          cmd_type=elb consumer=True job_name=dev:tap-oracle-wms-to-target-oracle name=target-oracle producer=False run_id=3122a49b-57b6-4f04-8e22-23ac5a857785 stdio=stderr string_id=target-oracle
2025-07-02T16:27:41.975497Z [info     ]     ^                          cmd_type=elb consumer=True job_name=dev:tap-oracle-wms-to-target-oracle name=target-oracle producer=False run_id=3122a49b-57b6-4f04-8e22-23ac5a857785 stdio=stderr string_id=target-oracle
2025-07-02T16:27:41.975690Z [info     ]   File "/home/marlonsc/flext/.venv/lib/python3.13/site-packages/sqlalchemy/engine/base.py", line 1637, in _execute_clauseelement cmd_type=elb consumer=True job_name=dev:tap-oracle-wms-to-target-oracle name=target-oracle producer=False run_id=3122a49b-57b6-4f04-8e22-23ac5a857785 stdio=stderr string_id=target-oracle
2025-07-02T16:27:41.975923Z [info     ]     ret = self._execute_context( cmd_type=elb consumer=True job_name=dev:tap-oracle-wms-to-target-oracle name=target-oracle producer=False run_id=3122a49b-57b6-4f04-8e22-23ac5a857785 stdio=stderr string_id=target-oracle
2025-07-02T16:27:41.976300Z [info     ]         dialect,               cmd_type=elb consumer=True job_name=dev:tap-oracle-wms-to-target-oracle name=target-oracle producer=False run_id=3122a49b-57b6-4f04-8e22-23ac5a857785 stdio=stderr string_id=target-oracle
2025-07-02T16:27:41.976543Z [info     ]     ...<8 lines>...            cmd_type=elb consumer=True job_name=dev:tap-oracle-wms-to-target-oracle name=target-oracle producer=False run_id=3122a49b-57b6-4f04-8e22-23ac5a857785 stdio=stderr string_id=target-oracle
2025-07-02T16:27:41.976730Z [info     ]         cache_hit=cache_hit,   cmd_type=elb consumer=True job_name=dev:tap-oracle-wms-to-target-oracle name=target-oracle producer=False run_id=3122a49b-57b6-4f04-8e22-23ac5a857785 stdio=stderr string_id=target-oracle
2025-07-02T16:27:41.976916Z [info     ]     )                          cmd_type=elb consumer=True job_name=dev:tap-oracle-wms-to-target-oracle name=target-oracle producer=False run_id=3122a49b-57b6-4f04-8e22-23ac5a857785 stdio=stderr string_id=target-oracle
2025-07-02T16:27:41.977115Z [info     ]   File "/home/marlonsc/flext/.venv/lib/python3.13/site-packages/sqlalchemy/engine/base.py", line 1842, in _execute_context cmd_type=elb consumer=True job_name=dev:tap-oracle-wms-to-target-oracle name=target-oracle producer=False run_id=3122a49b-57b6-4f04-8e22-23ac5a857785 stdio=stderr string_id=target-oracle
2025-07-02T16:27:41.977343Z [info     ]     return self._exec_single_context( cmd_type=elb consumer=True job_name=dev:tap-oracle-wms-to-target-oracle name=target-oracle producer=False run_id=3122a49b-57b6-4f04-8e22-23ac5a857785 stdio=stderr string_id=target-oracle
2025-07-02T16:27:41.977599Z [info     ]            ~~~~~~~~~~~~~~~~~~~~~~~~~^ cmd_type=elb consumer=True job_name=dev:tap-oracle-wms-to-target-oracle name=target-oracle producer=False run_id=3122a49b-57b6-4f04-8e22-23ac5a857785 stdio=stderr string_id=target-oracle
2025-07-02T16:27:41.977778Z [info     ]         dialect, context, statement, parameters cmd_type=elb consumer=True job_name=dev:tap-oracle-wms-to-target-oracle name=target-oracle producer=False run_id=3122a49b-57b6-4f04-8e22-23ac5a857785 stdio=stderr string_id=target-oracle
2025-07-02T16:27:41.977952Z [info     ]         ^^^^^^^^^^^^^^^^^^^^^^^^^^^^^^^^^^^^^^^ cmd_type=elb consumer=True job_name=dev:tap-oracle-wms-to-target-oracle name=target-oracle producer=False run_id=3122a49b-57b6-4f04-8e22-23ac5a857785 stdio=stderr string_id=target-oracle
2025-07-02T16:27:41.978131Z [info     ]     )                          cmd_type=elb consumer=True job_name=dev:tap-oracle-wms-to-target-oracle name=target-oracle producer=False run_id=3122a49b-57b6-4f04-8e22-23ac5a857785 stdio=stderr string_id=target-oracle
2025-07-02T16:27:41.978313Z [info     ]     ^                          cmd_type=elb consumer=True job_name=dev:tap-oracle-wms-to-target-oracle name=target-oracle producer=False run_id=3122a49b-57b6-4f04-8e22-23ac5a857785 stdio=stderr string_id=target-oracle
2025-07-02T16:27:41.978548Z [info     ]   File "/home/marlonsc/flext/.venv/lib/python3.13/site-packages/sqlalchemy/engine/base.py", line 1982, in _exec_single_context cmd_type=elb consumer=True job_name=dev:tap-oracle-wms-to-target-oracle name=target-oracle producer=False run_id=3122a49b-57b6-4f04-8e22-23ac5a857785 stdio=stderr string_id=target-oracle
2025-07-02T16:27:41.978737Z [info     ]     self._handle_dbapi_exception( cmd_type=elb consumer=True job_name=dev:tap-oracle-wms-to-target-oracle name=target-oracle producer=False run_id=3122a49b-57b6-4f04-8e22-23ac5a857785 stdio=stderr string_id=target-oracle
2025-07-02T16:27:41.978913Z [info     ]     ~~~~~~~~~~~~~~~~~~~~~~~~~~~~^ cmd_type=elb consumer=True job_name=dev:tap-oracle-wms-to-target-oracle name=target-oracle producer=False run_id=3122a49b-57b6-4f04-8e22-23ac5a857785 stdio=stderr string_id=target-oracle
2025-07-02T16:27:41.979089Z [info     ]         e, str_statement, effective_parameters, cursor, context cmd_type=elb consumer=True job_name=dev:tap-oracle-wms-to-target-oracle name=target-oracle producer=False run_id=3122a49b-57b6-4f04-8e22-23ac5a857785 stdio=stderr string_id=target-oracle
2025-07-02T16:27:41.979264Z [info     ]         ^^^^^^^^^^^^^^^^^^^^^^^^^^^^^^^^^^^^^^^^^^^^^^^^^^^^^^^ cmd_type=elb consumer=True job_name=dev:tap-oracle-wms-to-target-oracle name=target-oracle producer=False run_id=3122a49b-57b6-4f04-8e22-23ac5a857785 stdio=stderr string_id=target-oracle
2025-07-02T16:27:41.979448Z [info     ]     )                          cmd_type=elb consumer=True job_name=dev:tap-oracle-wms-to-target-oracle name=target-oracle producer=False run_id=3122a49b-57b6-4f04-8e22-23ac5a857785 stdio=stderr string_id=target-oracle
2025-07-02T16:27:41.979620Z [info     ]     ^                          cmd_type=elb consumer=True job_name=dev:tap-oracle-wms-to-target-oracle name=target-oracle producer=False run_id=3122a49b-57b6-4f04-8e22-23ac5a857785 stdio=stderr string_id=target-oracle
2025-07-02T16:27:41.979789Z [info     ]   File "/home/marlonsc/flext/.venv/lib/python3.13/site-packages/sqlalchemy/engine/base.py", line 2351, in _handle_dbapi_exception cmd_type=elb consumer=True job_name=dev:tap-oracle-wms-to-target-oracle name=target-oracle producer=False run_id=3122a49b-57b6-4f04-8e22-23ac5a857785 stdio=stderr string_id=target-oracle
2025-07-02T16:27:41.979957Z [info     ]     raise sqlalchemy_exception.with_traceback(exc_info[2]) from e cmd_type=elb consumer=True job_name=dev:tap-oracle-wms-to-target-oracle name=target-oracle producer=False run_id=3122a49b-57b6-4f04-8e22-23ac5a857785 stdio=stderr string_id=target-oracle
2025-07-02T16:27:41.980122Z [info     ]   File "/home/marlonsc/flext/.venv/lib/python3.13/site-packages/sqlalchemy/engine/base.py", line 1963, in _exec_single_context cmd_type=elb consumer=True job_name=dev:tap-oracle-wms-to-target-oracle name=target-oracle producer=False run_id=3122a49b-57b6-4f04-8e22-23ac5a857785 stdio=stderr string_id=target-oracle
2025-07-02T16:27:41.980306Z [info     ]     self.dialect.do_execute(   cmd_type=elb consumer=True job_name=dev:tap-oracle-wms-to-target-oracle name=target-oracle producer=False run_id=3122a49b-57b6-4f04-8e22-23ac5a857785 stdio=stderr string_id=target-oracle
2025-07-02T16:27:41.980481Z [info     ]     ~~~~~~~~~~~~~~~~~~~~~~~^   cmd_type=elb consumer=True job_name=dev:tap-oracle-wms-to-target-oracle name=target-oracle producer=False run_id=3122a49b-57b6-4f04-8e22-23ac5a857785 stdio=stderr string_id=target-oracle
2025-07-02T16:27:41.980664Z [info     ]         cursor, str_statement, effective_parameters, context cmd_type=elb consumer=True job_name=dev:tap-oracle-wms-to-target-oracle name=target-oracle producer=False run_id=3122a49b-57b6-4f04-8e22-23ac5a857785 stdio=stderr string_id=target-oracle
2025-07-02T16:27:41.980839Z [info     ]         ^^^^^^^^^^^^^^^^^^^^^^^^^^^^^^^^^^^^^^^^^^^^^^^^^^^^ cmd_type=elb consumer=True job_name=dev:tap-oracle-wms-to-target-oracle name=target-oracle producer=False run_id=3122a49b-57b6-4f04-8e22-23ac5a857785 stdio=stderr string_id=target-oracle
2025-07-02T16:27:41.981012Z [info     ]     )                          cmd_type=elb consumer=True job_name=dev:tap-oracle-wms-to-target-oracle name=target-oracle producer=False run_id=3122a49b-57b6-4f04-8e22-23ac5a857785 stdio=stderr string_id=target-oracle
2025-07-02T16:27:41.981188Z [info     ]     ^                          cmd_type=elb consumer=True job_name=dev:tap-oracle-wms-to-target-oracle name=target-oracle producer=False run_id=3122a49b-57b6-4f04-8e22-23ac5a857785 stdio=stderr string_id=target-oracle
2025-07-02T16:27:41.981374Z [info     ]   File "/home/marlonsc/flext/.venv/lib/python3.13/site-packages/sqlalchemy/engine/default.py", line 943, in do_execute cmd_type=elb consumer=True job_name=dev:tap-oracle-wms-to-target-oracle name=target-oracle producer=False run_id=3122a49b-57b6-4f04-8e22-23ac5a857785 stdio=stderr string_id=target-oracle
2025-07-02T16:27:41.981548Z [info     ]     cursor.execute(statement, parameters) cmd_type=elb consumer=True job_name=dev:tap-oracle-wms-to-target-oracle name=target-oracle producer=False run_id=3122a49b-57b6-4f04-8e22-23ac5a857785 stdio=stderr string_id=target-oracle
2025-07-02T16:27:41.981723Z [info     ]     ~~~~~~~~~~~~~~^^^^^^^^^^^^^^^^^^^^^^^ cmd_type=elb consumer=True job_name=dev:tap-oracle-wms-to-target-oracle name=target-oracle producer=False run_id=3122a49b-57b6-4f04-8e22-23ac5a857785 stdio=stderr string_id=target-oracle
2025-07-02T16:27:41.981884Z [info     ]   File "/home/marlonsc/flext/.venv/lib/python3.13/site-packages/oracledb/cursor.py", line 710, in execute cmd_type=elb consumer=True job_name=dev:tap-oracle-wms-to-target-oracle name=target-oracle producer=False run_id=3122a49b-57b6-4f04-8e22-23ac5a857785 stdio=stderr string_id=target-oracle
2025-07-02T16:27:41.982053Z [info     ]     impl.execute(self)         cmd_type=elb consumer=True job_name=dev:tap-oracle-wms-to-target-oracle name=target-oracle producer=False run_id=3122a49b-57b6-4f04-8e22-23ac5a857785 stdio=stderr string_id=target-oracle
2025-07-02T16:27:41.982232Z [info     ]     ~~~~~~~~~~~~^^^^^^         cmd_type=elb consumer=True job_name=dev:tap-oracle-wms-to-target-oracle name=target-oracle producer=False run_id=3122a49b-57b6-4f04-8e22-23ac5a857785 stdio=stderr string_id=target-oracle
2025-07-02T16:27:41.982427Z [info     ]   File "src/oracledb/impl/thin/cursor.pyx", line 196, in oracledb.thin_impl.ThinCursorImpl.execute cmd_type=elb consumer=True job_name=dev:tap-oracle-wms-to-target-oracle name=target-oracle producer=False run_id=3122a49b-57b6-4f04-8e22-23ac5a857785 stdio=stderr string_id=target-oracle
2025-07-02T16:27:41.982612Z [info     ]   File "src/oracledb/impl/thin/protocol.pyx", line 439, in oracledb.thin_impl.Protocol._process_single_message cmd_type=elb consumer=True job_name=dev:tap-oracle-wms-to-target-oracle name=target-oracle producer=False run_id=3122a49b-57b6-4f04-8e22-23ac5a857785 stdio=stderr string_id=target-oracle
2025-07-02T16:27:41.982791Z [info     ]   File "src/oracledb/impl/thin/protocol.pyx", line 440, in oracledb.thin_impl.Protocol._process_single_message cmd_type=elb consumer=True job_name=dev:tap-oracle-wms-to-target-oracle name=target-oracle producer=False run_id=3122a49b-57b6-4f04-8e22-23ac5a857785 stdio=stderr string_id=target-oracle
2025-07-02T16:27:41.982966Z [info     ]   File "src/oracledb/impl/thin/protocol.pyx", line 432, in oracledb.thin_impl.Protocol._process_message cmd_type=elb consumer=True job_name=dev:tap-oracle-wms-to-target-oracle name=target-oracle producer=False run_id=3122a49b-57b6-4f04-8e22-23ac5a857785 stdio=stderr string_id=target-oracle
2025-07-02T16:27:41.983139Z [info     ]   File "src/oracledb/impl/thin/messages.pyx", line 74, in oracledb.thin_impl.Message._check_and_raise_exception cmd_type=elb consumer=True job_name=dev:tap-oracle-wms-to-target-oracle name=target-oracle producer=False run_id=3122a49b-57b6-4f04-8e22-23ac5a857785 stdio=stderr string_id=target-oracle
2025-07-02T16:27:41.983318Z [info     ] sqlalchemy.exc.IntegrityError: (oracledb.exceptions.IntegrityError) ORA-00001: unique constraint (OIC.SYS_C00120244) violated cmd_type=elb consumer=True job_name=dev:tap-oracle-wms-to-target-oracle name=target-oracle producer=False run_id=3122a49b-57b6-4f04-8e22-23ac5a857785 stdio=stderr string_id=target-oracle
2025-07-02T16:27:41.983501Z [info     ] Help: https://docs.oracle.com/error-help/db/ora-00001/ cmd_type=elb consumer=True job_name=dev:tap-oracle-wms-to-target-oracle name=target-oracle producer=False run_id=3122a49b-57b6-4f04-8e22-23ac5a857785 stdio=stderr string_id=target-oracle
2025-07-02T16:27:41.983693Z [info     ] [SQL: INSERT INTO allocation (id, mod_ts, create_ts, alloc_qty, status_id, order_dtl_id) VALUES (:id, :mod_ts, :create_ts, :alloc_qty, :status_id, :order_dtl_id)] cmd_type=elb consumer=True job_name=dev:tap-oracle-wms-to-target-oracle name=target-oracle producer=False run_id=3122a49b-57b6-4f04-8e22-23ac5a857785 stdio=stderr string_id=target-oracle
2025-07-02T16:27:41.983881Z [info     ] [SQL parameters hidden due to hide_parameters=True] cmd_type=elb consumer=True job_name=dev:tap-oracle-wms-to-target-oracle name=target-oracle producer=False run_id=3122a49b-57b6-4f04-8e22-23ac5a857785 stdio=stderr string_id=target-oracle
2025-07-02T16:27:41.984064Z [info     ] (Background on this error at: https://sqlalche.me/e/20/gkpj) cmd_type=elb consumer=True job_name=dev:tap-oracle-wms-to-target-oracle name=target-oracle producer=False run_id=3122a49b-57b6-4f04-8e22-23ac5a857785 stdio=stderr string_id=target-oracle
2025-07-02T16:27:41.984287Z [info     ] Batch processing failed for stream allocation cmd_type=elb consumer=True job_name=dev:tap-oracle-wms-to-target-oracle name=target-oracle producer=False run_id=3122a49b-57b6-4f04-8e22-23ac5a857785 stdio=stderr string_id=target-oracle
2025-07-02T16:27:41.984505Z [info     ] METRIC: {"type": "timer", "metric": "batch_processing_time", "value": 0.45049524307250977, "tags": {"stream": "allocation", "pid": 2158060, "status": "failed"}} cmd_type=elb consumer=True job_name=dev:tap-oracle-wms-to-target-oracle name=target-oracle producer=False run_id=3122a49b-57b6-4f04-8e22-23ac5a857785 stdio=stderr string_id=target-oracle
2025-07-02T16:27:41.984682Z [info     ] Operation failed               cmd_type=elb consumer=True job_name=dev:tap-oracle-wms-to-target-oracle name=target-oracle producer=False run_id=3122a49b-57b6-4f04-8e22-23ac5a857785 stdio=stderr string_id=target-oracle
2025-07-02T16:27:41.984855Z [info     ] joblib.externals.loky.process_executor._RemoteTraceback: cmd_type=elb consumer=True job_name=dev:tap-oracle-wms-to-target-oracle name=target-oracle producer=False run_id=3122a49b-57b6-4f04-8e22-23ac5a857785 stdio=stderr string_id=target-oracle
2025-07-02T16:27:41.985024Z [info     ] """                            cmd_type=elb consumer=True job_name=dev:tap-oracle-wms-to-target-oracle name=target-oracle producer=False run_id=3122a49b-57b6-4f04-8e22-23ac5a857785 stdio=stderr string_id=target-oracle
2025-07-02T16:27:41.985199Z [info     ] Traceback (most recent call last): cmd_type=elb consumer=True job_name=dev:tap-oracle-wms-to-target-oracle name=target-oracle producer=False run_id=3122a49b-57b6-4f04-8e22-23ac5a857785 stdio=stderr string_id=target-oracle
2025-07-02T16:27:41.985402Z [info     ]   File "/home/marlonsc/flext/.venv/lib/python3.13/site-packages/sqlalchemy/engine/base.py", line 1963, in _exec_single_context cmd_type=elb consumer=True job_name=dev:tap-oracle-wms-to-target-oracle name=target-oracle producer=False run_id=3122a49b-57b6-4f04-8e22-23ac5a857785 stdio=stderr string_id=target-oracle
2025-07-02T16:27:41.985603Z [info     ]     self.dialect.do_execute(   cmd_type=elb consumer=True job_name=dev:tap-oracle-wms-to-target-oracle name=target-oracle producer=False run_id=3122a49b-57b6-4f04-8e22-23ac5a857785 stdio=stderr string_id=target-oracle
2025-07-02T16:27:41.985781Z [info     ]     ~~~~~~~~~~~~~~~~~~~~~~~^   cmd_type=elb consumer=True job_name=dev:tap-oracle-wms-to-target-oracle name=target-oracle producer=False run_id=3122a49b-57b6-4f04-8e22-23ac5a857785 stdio=stderr string_id=target-oracle
2025-07-02T16:27:41.985959Z [info     ]         cursor, str_statement, effective_parameters, context cmd_type=elb consumer=True job_name=dev:tap-oracle-wms-to-target-oracle name=target-oracle producer=False run_id=3122a49b-57b6-4f04-8e22-23ac5a857785 stdio=stderr string_id=target-oracle
2025-07-02T16:27:41.986139Z [info     ]         ^^^^^^^^^^^^^^^^^^^^^^^^^^^^^^^^^^^^^^^^^^^^^^^^^^^^ cmd_type=elb consumer=True job_name=dev:tap-oracle-wms-to-target-oracle name=target-oracle producer=False run_id=3122a49b-57b6-4f04-8e22-23ac5a857785 stdio=stderr string_id=target-oracle
2025-07-02T16:27:41.986322Z [info     ]     )                          cmd_type=elb consumer=True job_name=dev:tap-oracle-wms-to-target-oracle name=target-oracle producer=False run_id=3122a49b-57b6-4f04-8e22-23ac5a857785 stdio=stderr string_id=target-oracle
2025-07-02T16:27:41.986496Z [info     ]     ^                          cmd_type=elb consumer=True job_name=dev:tap-oracle-wms-to-target-oracle name=target-oracle producer=False run_id=3122a49b-57b6-4f04-8e22-23ac5a857785 stdio=stderr string_id=target-oracle
2025-07-02T16:27:41.986699Z [info     ]   File "/home/marlonsc/flext/.venv/lib/python3.13/site-packages/sqlalchemy/engine/default.py", line 943, in do_execute cmd_type=elb consumer=True job_name=dev:tap-oracle-wms-to-target-oracle name=target-oracle producer=False run_id=3122a49b-57b6-4f04-8e22-23ac5a857785 stdio=stderr string_id=target-oracle
2025-07-02T16:27:41.986918Z [info     ]     cursor.execute(statement, parameters) cmd_type=elb consumer=True job_name=dev:tap-oracle-wms-to-target-oracle name=target-oracle producer=False run_id=3122a49b-57b6-4f04-8e22-23ac5a857785 stdio=stderr string_id=target-oracle
2025-07-02T16:27:41.987131Z [info     ]     ~~~~~~~~~~~~~~^^^^^^^^^^^^^^^^^^^^^^^ cmd_type=elb consumer=True job_name=dev:tap-oracle-wms-to-target-oracle name=target-oracle producer=False run_id=3122a49b-57b6-4f04-8e22-23ac5a857785 stdio=stderr string_id=target-oracle
2025-07-02T16:27:41.987348Z [info     ]   File "/home/marlonsc/flext/.venv/lib/python3.13/site-packages/oracledb/cursor.py", line 710, in execute cmd_type=elb consumer=True job_name=dev:tap-oracle-wms-to-target-oracle name=target-oracle producer=False run_id=3122a49b-57b6-4f04-8e22-23ac5a857785 stdio=stderr string_id=target-oracle
2025-07-02T16:27:41.987563Z [info     ]     impl.execute(self)         cmd_type=elb consumer=True job_name=dev:tap-oracle-wms-to-target-oracle name=target-oracle producer=False run_id=3122a49b-57b6-4f04-8e22-23ac5a857785 stdio=stderr string_id=target-oracle
2025-07-02T16:27:41.987791Z [info     ]     ~~~~~~~~~~~~^^^^^^         cmd_type=elb consumer=True job_name=dev:tap-oracle-wms-to-target-oracle name=target-oracle producer=False run_id=3122a49b-57b6-4f04-8e22-23ac5a857785 stdio=stderr string_id=target-oracle
2025-07-02T16:27:41.988015Z [info     ]   File "src/oracledb/impl/thin/cursor.pyx", line 196, in oracledb.thin_impl.ThinCursorImpl.execute cmd_type=elb consumer=True job_name=dev:tap-oracle-wms-to-target-oracle name=target-oracle producer=False run_id=3122a49b-57b6-4f04-8e22-23ac5a857785 stdio=stderr string_id=target-oracle
2025-07-02T16:27:41.988244Z [info     ]   File "src/oracledb/impl/thin/protocol.pyx", line 439, in oracledb.thin_impl.Protocol._process_single_message cmd_type=elb consumer=True job_name=dev:tap-oracle-wms-to-target-oracle name=target-oracle producer=False run_id=3122a49b-57b6-4f04-8e22-23ac5a857785 stdio=stderr string_id=target-oracle
2025-07-02T16:27:41.988477Z [info     ]   File "src/oracledb/impl/thin/protocol.pyx", line 440, in oracledb.thin_impl.Protocol._process_single_message cmd_type=elb consumer=True job_name=dev:tap-oracle-wms-to-target-oracle name=target-oracle producer=False run_id=3122a49b-57b6-4f04-8e22-23ac5a857785 stdio=stderr string_id=target-oracle
2025-07-02T16:27:41.988708Z [info     ]   File "src/oracledb/impl/thin/protocol.pyx", line 432, in oracledb.thin_impl.Protocol._process_message cmd_type=elb consumer=True job_name=dev:tap-oracle-wms-to-target-oracle name=target-oracle producer=False run_id=3122a49b-57b6-4f04-8e22-23ac5a857785 stdio=stderr string_id=target-oracle
2025-07-02T16:27:41.988907Z [info     ]   File "src/oracledb/impl/thin/messages.pyx", line 74, in oracledb.thin_impl.Message._check_and_raise_exception cmd_type=elb consumer=True job_name=dev:tap-oracle-wms-to-target-oracle name=target-oracle producer=False run_id=3122a49b-57b6-4f04-8e22-23ac5a857785 stdio=stderr string_id=target-oracle
2025-07-02T16:27:41.989096Z [info     ] oracledb.exceptions.IntegrityError: ORA-00001: unique constraint (OIC.SYS_C00120244) violated cmd_type=elb consumer=True job_name=dev:tap-oracle-wms-to-target-oracle name=target-oracle producer=False run_id=3122a49b-57b6-4f04-8e22-23ac5a857785 stdio=stderr string_id=target-oracle
2025-07-02T16:27:41.989294Z [info     ] Help: https://docs.oracle.com/error-help/db/ora-00001/ cmd_type=elb consumer=True job_name=dev:tap-oracle-wms-to-target-oracle name=target-oracle producer=False run_id=3122a49b-57b6-4f04-8e22-23ac5a857785 stdio=stderr string_id=target-oracle
2025-07-02T16:27:41.989495Z [info     ]                                cmd_type=elb consumer=True job_name=dev:tap-oracle-wms-to-target-oracle name=target-oracle producer=False run_id=3122a49b-57b6-4f04-8e22-23ac5a857785 stdio=stderr string_id=target-oracle
2025-07-02T16:27:41.989682Z [info     ] The above exception was the direct cause of the following exception: cmd_type=elb consumer=True job_name=dev:tap-oracle-wms-to-target-oracle name=target-oracle producer=False run_id=3122a49b-57b6-4f04-8e22-23ac5a857785 stdio=stderr string_id=target-oracle
2025-07-02T16:27:41.989863Z [info     ]                                cmd_type=elb consumer=True job_name=dev:tap-oracle-wms-to-target-oracle name=target-oracle producer=False run_id=3122a49b-57b6-4f04-8e22-23ac5a857785 stdio=stderr string_id=target-oracle
2025-07-02T16:27:41.990044Z [info     ] Traceback (most recent call last): cmd_type=elb consumer=True job_name=dev:tap-oracle-wms-to-target-oracle name=target-oracle producer=False run_id=3122a49b-57b6-4f04-8e22-23ac5a857785 stdio=stderr string_id=target-oracle
2025-07-02T16:27:41.990214Z [info     ]   File "/home/marlonsc/flext/.venv/lib/python3.13/site-packages/joblib/_utils.py", line 72, in __call__ cmd_type=elb consumer=True job_name=dev:tap-oracle-wms-to-target-oracle name=target-oracle producer=False run_id=3122a49b-57b6-4f04-8e22-23ac5a857785 stdio=stderr string_id=target-oracle
2025-07-02T16:27:41.990401Z [info     ]     return self.func(**kwargs) cmd_type=elb consumer=True job_name=dev:tap-oracle-wms-to-target-oracle name=target-oracle producer=False run_id=3122a49b-57b6-4f04-8e22-23ac5a857785 stdio=stderr string_id=target-oracle
2025-07-02T16:27:41.990720Z [info     ]            ~~~~~~~~~^^^^^^^^^^ cmd_type=elb consumer=True job_name=dev:tap-oracle-wms-to-target-oracle name=target-oracle producer=False run_id=3122a49b-57b6-4f04-8e22-23ac5a857785 stdio=stderr string_id=target-oracle
2025-07-02T16:27:41.991239Z [info     ]   File "/home/marlonsc/flext/.venv/lib/python3.13/site-packages/joblib/parallel.py", line 607, in __call__ cmd_type=elb consumer=True job_name=dev:tap-oracle-wms-to-target-oracle name=target-oracle producer=False run_id=3122a49b-57b6-4f04-8e22-23ac5a857785 stdio=stderr string_id=target-oracle
2025-07-02T16:27:41.993548Z [info     ]     return [func(*args, **kwargs) for func, args, kwargs in self.items] cmd_type=elb consumer=True job_name=dev:tap-oracle-wms-to-target-oracle name=target-oracle producer=False run_id=3122a49b-57b6-4f04-8e22-23ac5a857785 stdio=stderr string_id=target-oracle
2025-07-02T16:27:41.993806Z [info     ]             ~~~~^^^^^^^^^^^^^^^^^ cmd_type=elb consumer=True job_name=dev:tap-oracle-wms-to-target-oracle name=target-oracle producer=False run_id=3122a49b-57b6-4f04-8e22-23ac5a857785 stdio=stderr string_id=target-oracle
2025-07-02T16:27:41.994013Z [info     ]   File "/home/marlonsc/flext/.venv/lib/python3.13/site-packages/singer_sdk/target_base.py", line 523, in _drain_sink cmd_type=elb consumer=True job_name=dev:tap-oracle-wms-to-target-oracle name=target-oracle producer=False run_id=3122a49b-57b6-4f04-8e22-23ac5a857785 stdio=stderr string_id=target-oracle
2025-07-02T16:27:41.994235Z [info     ]     self.drain_one(sink)       cmd_type=elb consumer=True job_name=dev:tap-oracle-wms-to-target-oracle name=target-oracle producer=False run_id=3122a49b-57b6-4f04-8e22-23ac5a857785 stdio=stderr string_id=target-oracle
2025-07-02T16:27:41.994461Z [info     ]     ~~~~~~~~~~~~~~^^^^^^       cmd_type=elb consumer=True job_name=dev:tap-oracle-wms-to-target-oracle name=target-oracle producer=False run_id=3122a49b-57b6-4f04-8e22-23ac5a857785 stdio=stderr string_id=target-oracle
2025-07-02T16:27:41.994646Z [info     ]   File "/home/marlonsc/flext/.venv/lib/python3.13/site-packages/singer_sdk/target_base.py", line 513, in drain_one cmd_type=elb consumer=True job_name=dev:tap-oracle-wms-to-target-oracle name=target-oracle producer=False run_id=3122a49b-57b6-4f04-8e22-23ac5a857785 stdio=stderr string_id=target-oracle
2025-07-02T16:27:41.994825Z [info     ]     sink.process_batch(draining_status) cmd_type=elb consumer=True job_name=dev:tap-oracle-wms-to-target-oracle name=target-oracle producer=False run_id=3122a49b-57b6-4f04-8e22-23ac5a857785 stdio=stderr string_id=target-oracle
2025-07-02T16:27:42.002621Z [info     ]     ~~~~~~~~~~~~~~~~~~^^^^^^^^^^^^^^^^^ cmd_type=elb consumer=True job_name=dev:tap-oracle-wms-to-target-oracle name=target-oracle producer=False run_id=3122a49b-57b6-4f04-8e22-23ac5a857785 stdio=stderr string_id=target-oracle
2025-07-02T16:27:42.002932Z [info     ]   File "/home/marlonsc/flext/flext-target-oracle/flext_target_oracle/sinks.py", line 346, in process_batch cmd_type=elb consumer=True job_name=dev:tap-oracle-wms-to-target-oracle name=target-oracle producer=False run_id=3122a49b-57b6-4f04-8e22-23ac5a857785 stdio=stderr string_id=target-oracle
2025-07-02T16:27:42.003165Z [info     ]   File "/home/marlonsc/flext/flext-target-oracle/flext_target_oracle/sinks.py", line 373, in _process_batch_internal cmd_type=elb consumer=True job_name=dev:tap-oracle-wms-to-target-oracle name=target-oracle producer=False run_id=3122a49b-57b6-4f04-8e22-23ac5a857785 stdio=stderr string_id=target-oracle
2025-07-02T16:27:42.003380Z [info     ]     self._process_batch_upsert(records) cmd_type=elb consumer=True job_name=dev:tap-oracle-wms-to-target-oracle name=target-oracle producer=False run_id=3122a49b-57b6-4f04-8e22-23ac5a857785 stdio=stderr string_id=target-oracle
2025-07-02T16:27:42.006591Z [info     ]     ^^^^^^^^^^^^^^^^^^^^^^^^^^^^^^ cmd_type=elb consumer=True job_name=dev:tap-oracle-wms-to-target-oracle name=target-oracle producer=False run_id=3122a49b-57b6-4f04-8e22-23ac5a857785 stdio=stderr string_id=target-oracle
2025-07-02T16:27:42.006842Z [info     ]   File "/home/marlonsc/flext/.venv/lib/python3.13/site-packages/singer_sdk/sinks/sql.py", line 272, in process_batch cmd_type=elb consumer=True job_name=dev:tap-oracle-wms-to-target-oracle name=target-oracle producer=False run_id=3122a49b-57b6-4f04-8e22-23ac5a857785 stdio=stderr string_id=target-oracle
2025-07-02T16:27:42.007037Z [info     ]     self.bulk_insert_records(  cmd_type=elb consumer=True job_name=dev:tap-oracle-wms-to-target-oracle name=target-oracle producer=False run_id=3122a49b-57b6-4f04-8e22-23ac5a857785 stdio=stderr string_id=target-oracle
2025-07-02T16:27:42.007220Z [info     ]     ~~~~~~~~~~~~~~~~~~~~~~~~^  cmd_type=elb consumer=True job_name=dev:tap-oracle-wms-to-target-oracle name=target-oracle producer=False run_id=3122a49b-57b6-4f04-8e22-23ac5a857785 stdio=stderr string_id=target-oracle
2025-07-02T16:27:42.007403Z [info     ]         full_table_name=self.full_table_name, cmd_type=elb consumer=True job_name=dev:tap-oracle-wms-to-target-oracle name=target-oracle producer=False run_id=3122a49b-57b6-4f04-8e22-23ac5a857785 stdio=stderr string_id=target-oracle
2025-07-02T16:27:42.007583Z [info     ]         ^^^^^^^^^^^^^^^^^^^^^^^^^^^^^^^^^^^^^ cmd_type=elb consumer=True job_name=dev:tap-oracle-wms-to-target-oracle name=target-oracle producer=False run_id=3122a49b-57b6-4f04-8e22-23ac5a857785 stdio=stderr string_id=target-oracle
2025-07-02T16:27:42.007774Z [info     ]         schema=self.schema,    cmd_type=elb consumer=True job_name=dev:tap-oracle-wms-to-target-oracle name=target-oracle producer=False run_id=3122a49b-57b6-4f04-8e22-23ac5a857785 stdio=stderr string_id=target-oracle
2025-07-02T16:27:42.007951Z [info     ]         ^^^^^^^^^^^^^^^^^^^    cmd_type=elb consumer=True job_name=dev:tap-oracle-wms-to-target-oracle name=target-oracle producer=False run_id=3122a49b-57b6-4f04-8e22-23ac5a857785 stdio=stderr string_id=target-oracle
2025-07-02T16:27:42.008121Z [info     ]         records=context["records"], cmd_type=elb consumer=True job_name=dev:tap-oracle-wms-to-target-oracle name=target-oracle producer=False run_id=3122a49b-57b6-4f04-8e22-23ac5a857785 stdio=stderr string_id=target-oracle
2025-07-02T16:27:42.011369Z [info     ]         ^^^^^^^^^^^^^^^^^^^^^^^^^^^ cmd_type=elb consumer=True job_name=dev:tap-oracle-wms-to-target-oracle name=target-oracle producer=False run_id=3122a49b-57b6-4f04-8e22-23ac5a857785 stdio=stderr string_id=target-oracle
2025-07-02T16:27:42.011716Z [info     ]     )                          cmd_type=elb consumer=True job_name=dev:tap-oracle-wms-to-target-oracle name=target-oracle producer=False run_id=3122a49b-57b6-4f04-8e22-23ac5a857785 stdio=stderr string_id=target-oracle
2025-07-02T16:27:42.011924Z [info     ]     ^                          cmd_type=elb consumer=True job_name=dev:tap-oracle-wms-to-target-oracle name=target-oracle producer=False run_id=3122a49b-57b6-4f04-8e22-23ac5a857785 stdio=stderr string_id=target-oracle
2025-07-02T16:27:42.012113Z [info     ]   File "/home/marlonsc/flext/.venv/lib/python3.13/site-packages/singer_sdk/sinks/sql.py", line 359, in bulk_insert_records cmd_type=elb consumer=True job_name=dev:tap-oracle-wms-to-target-oracle name=target-oracle producer=False run_id=3122a49b-57b6-4f04-8e22-23ac5a857785 stdio=stderr string_id=target-oracle
2025-07-02T16:27:42.012313Z [info     ]     result = conn.execute(insert_sql, new_records) cmd_type=elb consumer=True job_name=dev:tap-oracle-wms-to-target-oracle name=target-oracle producer=False run_id=3122a49b-57b6-4f04-8e22-23ac5a857785 stdio=stderr string_id=target-oracle
2025-07-02T16:27:42.012522Z [info     ]   File "/home/marlonsc/flext/.venv/lib/python3.13/site-packages/sqlalchemy/engine/base.py", line 1415, in execute cmd_type=elb consumer=True job_name=dev:tap-oracle-wms-to-target-oracle name=target-oracle producer=False run_id=3122a49b-57b6-4f04-8e22-23ac5a857785 stdio=stderr string_id=target-oracle
2025-07-02T16:27:42.012703Z [info     ]     return meth(               cmd_type=elb consumer=True job_name=dev:tap-oracle-wms-to-target-oracle name=target-oracle producer=False run_id=3122a49b-57b6-4f04-8e22-23ac5a857785 stdio=stderr string_id=target-oracle
2025-07-02T16:27:42.012867Z [info     ]         self,                  cmd_type=elb consumer=True job_name=dev:tap-oracle-wms-to-target-oracle name=target-oracle producer=False run_id=3122a49b-57b6-4f04-8e22-23ac5a857785 stdio=stderr string_id=target-oracle
2025-07-02T16:27:42.015648Z [info     ]         distilled_parameters,  cmd_type=elb consumer=True job_name=dev:tap-oracle-wms-to-target-oracle name=target-oracle producer=False run_id=3122a49b-57b6-4f04-8e22-23ac5a857785 stdio=stderr string_id=target-oracle
2025-07-02T16:27:42.016303Z [info     ]         execution_options or NO_OPTIONS, cmd_type=elb consumer=True job_name=dev:tap-oracle-wms-to-target-oracle name=target-oracle producer=False run_id=3122a49b-57b6-4f04-8e22-23ac5a857785 stdio=stderr string_id=target-oracle
2025-07-02T16:27:42.016583Z [info     ]     )                          cmd_type=elb consumer=True job_name=dev:tap-oracle-wms-to-target-oracle name=target-oracle producer=False run_id=3122a49b-57b6-4f04-8e22-23ac5a857785 stdio=stderr string_id=target-oracle
2025-07-02T16:27:42.016831Z [info     ]   File "/home/marlonsc/flext/.venv/lib/python3.13/site-packages/sqlalchemy/sql/elements.py", line 523, in _execute_on_connection cmd_type=elb consumer=True job_name=dev:tap-oracle-wms-to-target-oracle name=target-oracle producer=False run_id=3122a49b-57b6-4f04-8e22-23ac5a857785 stdio=stderr string_id=target-oracle
2025-07-02T16:27:42.017063Z [info     ]     return connection._execute_clauseelement( cmd_type=elb consumer=True job_name=dev:tap-oracle-wms-to-target-oracle name=target-oracle producer=False run_id=3122a49b-57b6-4f04-8e22-23ac5a857785 stdio=stderr string_id=target-oracle
2025-07-02T16:27:42.019255Z [info     ]            ~~~~~~~~~~~~~~~~~~~~~~~~~~~~~~~~~^ cmd_type=elb consumer=True job_name=dev:tap-oracle-wms-to-target-oracle name=target-oracle producer=False run_id=3122a49b-57b6-4f04-8e22-23ac5a857785 stdio=stderr string_id=target-oracle
2025-07-02T16:27:42.019608Z [info     ]         self, distilled_params, execution_options cmd_type=elb consumer=True job_name=dev:tap-oracle-wms-to-target-oracle name=target-oracle producer=False run_id=3122a49b-57b6-4f04-8e22-23ac5a857785 stdio=stderr string_id=target-oracle
2025-07-02T16:27:42.019818Z [info     ]         ^^^^^^^^^^^^^^^^^^^^^^^^^^^^^^^^^^^^^^^^^ cmd_type=elb consumer=True job_name=dev:tap-oracle-wms-to-target-oracle name=target-oracle producer=False run_id=3122a49b-57b6-4f04-8e22-23ac5a857785 stdio=stderr string_id=target-oracle
2025-07-02T16:27:42.020000Z [info     ]     )                          cmd_type=elb consumer=True job_name=dev:tap-oracle-wms-to-target-oracle name=target-oracle producer=False run_id=3122a49b-57b6-4f04-8e22-23ac5a857785 stdio=stderr string_id=target-oracle
2025-07-02T16:27:42.020189Z [info     ]     ^                          cmd_type=elb consumer=True job_name=dev:tap-oracle-wms-to-target-oracle name=target-oracle producer=False run_id=3122a49b-57b6-4f04-8e22-23ac5a857785 stdio=stderr string_id=target-oracle
2025-07-02T16:27:42.021518Z [info     ]   File "/home/marlonsc/flext/.venv/lib/python3.13/site-packages/sqlalchemy/engine/base.py", line 1637, in _execute_clauseelement cmd_type=elb consumer=True job_name=dev:tap-oracle-wms-to-target-oracle name=target-oracle producer=False run_id=3122a49b-57b6-4f04-8e22-23ac5a857785 stdio=stderr string_id=target-oracle
2025-07-02T16:27:42.021767Z [info     ]     ret = self._execute_context( cmd_type=elb consumer=True job_name=dev:tap-oracle-wms-to-target-oracle name=target-oracle producer=False run_id=3122a49b-57b6-4f04-8e22-23ac5a857785 stdio=stderr string_id=target-oracle
2025-07-02T16:27:42.021978Z [info     ]         dialect,               cmd_type=elb consumer=True job_name=dev:tap-oracle-wms-to-target-oracle name=target-oracle producer=False run_id=3122a49b-57b6-4f04-8e22-23ac5a857785 stdio=stderr string_id=target-oracle
2025-07-02T16:27:42.022161Z [info     ]     ...<8 lines>...            cmd_type=elb consumer=True job_name=dev:tap-oracle-wms-to-target-oracle name=target-oracle producer=False run_id=3122a49b-57b6-4f04-8e22-23ac5a857785 stdio=stderr string_id=target-oracle
2025-07-02T16:27:42.022351Z [info     ]         cache_hit=cache_hit,   cmd_type=elb consumer=True job_name=dev:tap-oracle-wms-to-target-oracle name=target-oracle producer=False run_id=3122a49b-57b6-4f04-8e22-23ac5a857785 stdio=stderr string_id=target-oracle
2025-07-02T16:27:42.022541Z [info     ]     )                          cmd_type=elb consumer=True job_name=dev:tap-oracle-wms-to-target-oracle name=target-oracle producer=False run_id=3122a49b-57b6-4f04-8e22-23ac5a857785 stdio=stderr string_id=target-oracle
2025-07-02T16:27:42.025653Z [info     ]   File "/home/marlonsc/flext/.venv/lib/python3.13/site-packages/sqlalchemy/engine/base.py", line 1842, in _execute_context cmd_type=elb consumer=True job_name=dev:tap-oracle-wms-to-target-oracle name=target-oracle producer=False run_id=3122a49b-57b6-4f04-8e22-23ac5a857785 stdio=stderr string_id=target-oracle
2025-07-02T16:27:42.025941Z [info     ]     return self._exec_single_context( cmd_type=elb consumer=True job_name=dev:tap-oracle-wms-to-target-oracle name=target-oracle producer=False run_id=3122a49b-57b6-4f04-8e22-23ac5a857785 stdio=stderr string_id=target-oracle
2025-07-02T16:27:42.026144Z [info     ]            ~~~~~~~~~~~~~~~~~~~~~~~~~^ cmd_type=elb consumer=True job_name=dev:tap-oracle-wms-to-target-oracle name=target-oracle producer=False run_id=3122a49b-57b6-4f04-8e22-23ac5a857785 stdio=stderr string_id=target-oracle
2025-07-02T16:27:42.026349Z [info     ]         dialect, context, statement, parameters cmd_type=elb consumer=True job_name=dev:tap-oracle-wms-to-target-oracle name=target-oracle producer=False run_id=3122a49b-57b6-4f04-8e22-23ac5a857785 stdio=stderr string_id=target-oracle
2025-07-02T16:27:42.029582Z [info     ]         ^^^^^^^^^^^^^^^^^^^^^^^^^^^^^^^^^^^^^^^ cmd_type=elb consumer=True job_name=dev:tap-oracle-wms-to-target-oracle name=target-oracle producer=False run_id=3122a49b-57b6-4f04-8e22-23ac5a857785 stdio=stderr string_id=target-oracle
2025-07-02T16:27:42.029837Z [info     ]     )                          cmd_type=elb consumer=True job_name=dev:tap-oracle-wms-to-target-oracle name=target-oracle producer=False run_id=3122a49b-57b6-4f04-8e22-23ac5a857785 stdio=stderr string_id=target-oracle
2025-07-02T16:27:42.030036Z [info     ]     ^                          cmd_type=elb consumer=True job_name=dev:tap-oracle-wms-to-target-oracle name=target-oracle producer=False run_id=3122a49b-57b6-4f04-8e22-23ac5a857785 stdio=stderr string_id=target-oracle
2025-07-02T16:27:42.030219Z [info     ]   File "/home/marlonsc/flext/.venv/lib/python3.13/site-packages/sqlalchemy/engine/base.py", line 1982, in _exec_single_context cmd_type=elb consumer=True job_name=dev:tap-oracle-wms-to-target-oracle name=target-oracle producer=False run_id=3122a49b-57b6-4f04-8e22-23ac5a857785 stdio=stderr string_id=target-oracle
2025-07-02T16:27:42.030431Z [info     ]     self._handle_dbapi_exception( cmd_type=elb consumer=True job_name=dev:tap-oracle-wms-to-target-oracle name=target-oracle producer=False run_id=3122a49b-57b6-4f04-8e22-23ac5a857785 stdio=stderr string_id=target-oracle
2025-07-02T16:27:42.030625Z [info     ]     ~~~~~~~~~~~~~~~~~~~~~~~~~~~~^ cmd_type=elb consumer=True job_name=dev:tap-oracle-wms-to-target-oracle name=target-oracle producer=False run_id=3122a49b-57b6-4f04-8e22-23ac5a857785 stdio=stderr string_id=target-oracle
2025-07-02T16:27:42.030799Z [info     ]         e, str_statement, effective_parameters, cursor, context cmd_type=elb consumer=True job_name=dev:tap-oracle-wms-to-target-oracle name=target-oracle producer=False run_id=3122a49b-57b6-4f04-8e22-23ac5a857785 stdio=stderr string_id=target-oracle
2025-07-02T16:27:42.030972Z [info     ]         ^^^^^^^^^^^^^^^^^^^^^^^^^^^^^^^^^^^^^^^^^^^^^^^^^^^^^^^ cmd_type=elb consumer=True job_name=dev:tap-oracle-wms-to-target-oracle name=target-oracle producer=False run_id=3122a49b-57b6-4f04-8e22-23ac5a857785 stdio=stderr string_id=target-oracle
2025-07-02T16:27:42.031146Z [info     ]     )                          cmd_type=elb consumer=True job_name=dev:tap-oracle-wms-to-target-oracle name=target-oracle producer=False run_id=3122a49b-57b6-4f04-8e22-23ac5a857785 stdio=stderr string_id=target-oracle
2025-07-02T16:27:42.031451Z [info     ]     ^                          cmd_type=elb consumer=True job_name=dev:tap-oracle-wms-to-target-oracle name=target-oracle producer=False run_id=3122a49b-57b6-4f04-8e22-23ac5a857785 stdio=stderr string_id=target-oracle
2025-07-02T16:27:42.034586Z [info     ]   File "/home/marlonsc/flext/.venv/lib/python3.13/site-packages/sqlalchemy/engine/base.py", line 2351, in _handle_dbapi_exception cmd_type=elb consumer=True job_name=dev:tap-oracle-wms-to-target-oracle name=target-oracle producer=False run_id=3122a49b-57b6-4f04-8e22-23ac5a857785 stdio=stderr string_id=target-oracle
2025-07-02T16:27:42.034896Z [info     ]     raise sqlalchemy_exception.with_traceback(exc_info[2]) from e cmd_type=elb consumer=True job_name=dev:tap-oracle-wms-to-target-oracle name=target-oracle producer=False run_id=3122a49b-57b6-4f04-8e22-23ac5a857785 stdio=stderr string_id=target-oracle
2025-07-02T16:27:42.035136Z [info     ]   File "/home/marlonsc/flext/.venv/lib/python3.13/site-packages/sqlalchemy/engine/base.py", line 1963, in _exec_single_context cmd_type=elb consumer=True job_name=dev:tap-oracle-wms-to-target-oracle name=target-oracle producer=False run_id=3122a49b-57b6-4f04-8e22-23ac5a857785 stdio=stderr string_id=target-oracle
2025-07-02T16:27:42.035397Z [info     ]     self.dialect.do_execute(   cmd_type=elb consumer=True job_name=dev:tap-oracle-wms-to-target-oracle name=target-oracle producer=False run_id=3122a49b-57b6-4f04-8e22-23ac5a857785 stdio=stderr string_id=target-oracle
2025-07-02T16:27:42.035660Z [info     ]     ~~~~~~~~~~~~~~~~~~~~~~~^   cmd_type=elb consumer=True job_name=dev:tap-oracle-wms-to-target-oracle name=target-oracle producer=False run_id=3122a49b-57b6-4f04-8e22-23ac5a857785 stdio=stderr string_id=target-oracle
2025-07-02T16:27:42.035846Z [info     ]         cursor, str_statement, effective_parameters, context cmd_type=elb consumer=True job_name=dev:tap-oracle-wms-to-target-oracle name=target-oracle producer=False run_id=3122a49b-57b6-4f04-8e22-23ac5a857785 stdio=stderr string_id=target-oracle
2025-07-02T16:27:42.036014Z [info     ]         ^^^^^^^^^^^^^^^^^^^^^^^^^^^^^^^^^^^^^^^^^^^^^^^^^^^^ cmd_type=elb consumer=True job_name=dev:tap-oracle-wms-to-target-oracle name=target-oracle producer=False run_id=3122a49b-57b6-4f04-8e22-23ac5a857785 stdio=stderr string_id=target-oracle
2025-07-02T16:27:42.036182Z [info     ]     )                          cmd_type=elb consumer=True job_name=dev:tap-oracle-wms-to-target-oracle name=target-oracle producer=False run_id=3122a49b-57b6-4f04-8e22-23ac5a857785 stdio=stderr string_id=target-oracle
2025-07-02T16:27:42.036430Z [info     ]     ^                          cmd_type=elb consumer=True job_name=dev:tap-oracle-wms-to-target-oracle name=target-oracle producer=False run_id=3122a49b-57b6-4f04-8e22-23ac5a857785 stdio=stderr string_id=target-oracle
2025-07-02T16:27:42.036664Z [info     ]   File "/home/marlonsc/flext/.venv/lib/python3.13/site-packages/sqlalchemy/engine/default.py", line 943, in do_execute cmd_type=elb consumer=True job_name=dev:tap-oracle-wms-to-target-oracle name=target-oracle producer=False run_id=3122a49b-57b6-4f04-8e22-23ac5a857785 stdio=stderr string_id=target-oracle
2025-07-02T16:27:42.039543Z [info     ]     cursor.execute(statement, parameters) cmd_type=elb consumer=True job_name=dev:tap-oracle-wms-to-target-oracle name=target-oracle producer=False run_id=3122a49b-57b6-4f04-8e22-23ac5a857785 stdio=stderr string_id=target-oracle
2025-07-02T16:27:42.039853Z [info     ]     ~~~~~~~~~~~~~~^^^^^^^^^^^^^^^^^^^^^^^ cmd_type=elb consumer=True job_name=dev:tap-oracle-wms-to-target-oracle name=target-oracle producer=False run_id=3122a49b-57b6-4f04-8e22-23ac5a857785 stdio=stderr string_id=target-oracle
2025-07-02T16:27:42.040102Z [info     ]   File "/home/marlonsc/flext/.venv/lib/python3.13/site-packages/oracledb/cursor.py", line 710, in execute cmd_type=elb consumer=True job_name=dev:tap-oracle-wms-to-target-oracle name=target-oracle producer=False run_id=3122a49b-57b6-4f04-8e22-23ac5a857785 stdio=stderr string_id=target-oracle
2025-07-02T16:27:42.040362Z [info     ]     impl.execute(self)         cmd_type=elb consumer=True job_name=dev:tap-oracle-wms-to-target-oracle name=target-oracle producer=False run_id=3122a49b-57b6-4f04-8e22-23ac5a857785 stdio=stderr string_id=target-oracle
2025-07-02T16:27:42.040596Z [info     ]     ~~~~~~~~~~~~^^^^^^         cmd_type=elb consumer=True job_name=dev:tap-oracle-wms-to-target-oracle name=target-oracle producer=False run_id=3122a49b-57b6-4f04-8e22-23ac5a857785 stdio=stderr string_id=target-oracle
2025-07-02T16:27:42.040823Z [info     ]   File "src/oracledb/impl/thin/cursor.pyx", line 196, in oracledb.thin_impl.ThinCursorImpl.execute cmd_type=elb consumer=True job_name=dev:tap-oracle-wms-to-target-oracle name=target-oracle producer=False run_id=3122a49b-57b6-4f04-8e22-23ac5a857785 stdio=stderr string_id=target-oracle
2025-07-02T16:27:42.041011Z [info     ]   File "src/oracledb/impl/thin/protocol.pyx", line 439, in oracledb.thin_impl.Protocol._process_single_message cmd_type=elb consumer=True job_name=dev:tap-oracle-wms-to-target-oracle name=target-oracle producer=False run_id=3122a49b-57b6-4f04-8e22-23ac5a857785 stdio=stderr string_id=target-oracle
2025-07-02T16:27:42.041233Z [info     ]   File "src/oracledb/impl/thin/protocol.pyx", line 440, in oracledb.thin_impl.Protocol._process_single_message cmd_type=elb consumer=True job_name=dev:tap-oracle-wms-to-target-oracle name=target-oracle producer=False run_id=3122a49b-57b6-4f04-8e22-23ac5a857785 stdio=stderr string_id=target-oracle
2025-07-02T16:27:42.042493Z [info     ]   File "src/oracledb/impl/thin/protocol.pyx", line 432, in oracledb.thin_impl.Protocol._process_message cmd_type=elb consumer=True job_name=dev:tap-oracle-wms-to-target-oracle name=target-oracle producer=False run_id=3122a49b-57b6-4f04-8e22-23ac5a857785 stdio=stderr string_id=target-oracle
2025-07-02T16:27:42.042817Z [info     ]   File "src/oracledb/impl/thin/messages.pyx", line 74, in oracledb.thin_impl.Message._check_and_raise_exception cmd_type=elb consumer=True job_name=dev:tap-oracle-wms-to-target-oracle name=target-oracle producer=False run_id=3122a49b-57b6-4f04-8e22-23ac5a857785 stdio=stderr string_id=target-oracle
2025-07-02T16:27:42.043088Z [info     ] sqlalchemy.exc.IntegrityError: (oracledb.exceptions.IntegrityError) ORA-00001: unique constraint (OIC.SYS_C00120244) violated cmd_type=elb consumer=True job_name=dev:tap-oracle-wms-to-target-oracle name=target-oracle producer=False run_id=3122a49b-57b6-4f04-8e22-23ac5a857785 stdio=stderr string_id=target-oracle
2025-07-02T16:27:42.045540Z [info     ] Help: https://docs.oracle.com/error-help/db/ora-00001/ cmd_type=elb consumer=True job_name=dev:tap-oracle-wms-to-target-oracle name=target-oracle producer=False run_id=3122a49b-57b6-4f04-8e22-23ac5a857785 stdio=stderr string_id=target-oracle
2025-07-02T16:27:42.045772Z [info     ] [SQL: INSERT INTO allocation (id, mod_ts, create_ts, alloc_qty, status_id, order_dtl_id) VALUES (:id, :mod_ts, :create_ts, :alloc_qty, :status_id, :order_dtl_id)] cmd_type=elb consumer=True job_name=dev:tap-oracle-wms-to-target-oracle name=target-oracle producer=False run_id=3122a49b-57b6-4f04-8e22-23ac5a857785 stdio=stderr string_id=target-oracle
2025-07-02T16:27:42.045965Z [info     ] [SQL parameters hidden due to hide_parameters=True] cmd_type=elb consumer=True job_name=dev:tap-oracle-wms-to-target-oracle name=target-oracle producer=False run_id=3122a49b-57b6-4f04-8e22-23ac5a857785 stdio=stderr string_id=target-oracle
2025-07-02T16:27:42.046137Z [info     ] (Background on this error at: https://sqlalche.me/e/20/gkpj) cmd_type=elb consumer=True job_name=dev:tap-oracle-wms-to-target-oracle name=target-oracle producer=False run_id=3122a49b-57b6-4f04-8e22-23ac5a857785 stdio=stderr string_id=target-oracle
2025-07-02T16:27:42.046364Z [info     ] """                            cmd_type=elb consumer=True job_name=dev:tap-oracle-wms-to-target-oracle name=target-oracle producer=False run_id=3122a49b-57b6-4f04-8e22-23ac5a857785 stdio=stderr string_id=target-oracle
2025-07-02T16:27:42.046592Z [info     ]                                cmd_type=elb consumer=True job_name=dev:tap-oracle-wms-to-target-oracle name=target-oracle producer=False run_id=3122a49b-57b6-4f04-8e22-23ac5a857785 stdio=stderr string_id=target-oracle
2025-07-02T16:27:42.046793Z [info     ] The above exception was the direct cause of the following exception: cmd_type=elb consumer=True job_name=dev:tap-oracle-wms-to-target-oracle name=target-oracle producer=False run_id=3122a49b-57b6-4f04-8e22-23ac5a857785 stdio=stderr string_id=target-oracle
2025-07-02T16:27:42.046995Z [info     ]                                cmd_type=elb consumer=True job_name=dev:tap-oracle-wms-to-target-oracle name=target-oracle producer=False run_id=3122a49b-57b6-4f04-8e22-23ac5a857785 stdio=stderr string_id=target-oracle
2025-07-02T16:27:42.047183Z [info     ] Traceback (most recent call last): cmd_type=elb consumer=True job_name=dev:tap-oracle-wms-to-target-oracle name=target-oracle producer=False run_id=3122a49b-57b6-4f04-8e22-23ac5a857785 stdio=stderr string_id=target-oracle
2025-07-02T16:27:42.047412Z [info     ]   File "/home/marlonsc/flext/flext-target-oracle/flext_target_oracle/logging_config.py", line 236, in operation_context cmd_type=elb consumer=True job_name=dev:tap-oracle-wms-to-target-oracle name=target-oracle producer=False run_id=3122a49b-57b6-4f04-8e22-23ac5a857785 stdio=stderr string_id=target-oracle
2025-07-02T16:27:42.050585Z [info     ]     yield context              cmd_type=elb consumer=True job_name=dev:tap-oracle-wms-to-target-oracle name=target-oracle producer=False run_id=3122a49b-57b6-4f04-8e22-23ac5a857785 stdio=stderr string_id=target-oracle
2025-07-02T16:27:42.050841Z [info     ]   File "/home/marlonsc/flext/flext-target-oracle/flext_target_oracle/target.py", line 1159, in process_lines cmd_type=elb consumer=True job_name=dev:tap-oracle-wms-to-target-oracle name=target-oracle producer=False run_id=3122a49b-57b6-4f04-8e22-23ac5a857785 stdio=stderr string_id=target-oracle
2025-07-02T16:27:42.051026Z [info     ]     # Enhanced logger exists but no operation_context - use basic logging cmd_type=elb consumer=True job_name=dev:tap-oracle-wms-to-target-oracle name=target-oracle producer=False run_id=3122a49b-57b6-4f04-8e22-23ac5a857785 stdio=stderr string_id=target-oracle
2025-07-02T16:27:42.051194Z [info     ]   File "/home/marlonsc/flext/.venv/lib/python3.13/site-packages/singer_sdk/plugin_base.py", line 801, in process_lines cmd_type=elb consumer=True job_name=dev:tap-oracle-wms-to-target-oracle name=target-oracle producer=False run_id=3122a49b-57b6-4f04-8e22-23ac5a857785 stdio=stderr string_id=target-oracle
2025-07-02T16:27:42.051533Z [info     ]     return self.message_reader.process_lines( cmd_type=elb consumer=True job_name=dev:tap-oracle-wms-to-target-oracle name=target-oracle producer=False run_id=3122a49b-57b6-4f04-8e22-23ac5a857785 stdio=stderr string_id=target-oracle
2025-07-02T16:27:42.051787Z [info     ]            ~~~~~~~~~~~~~~~~~~~~~~~~~~~~~~~~~^ cmd_type=elb consumer=True job_name=dev:tap-oracle-wms-to-target-oracle name=target-oracle producer=False run_id=3122a49b-57b6-4f04-8e22-23ac5a857785 stdio=stderr string_id=target-oracle
2025-07-02T16:27:42.052013Z [info     ]         file_input,            cmd_type=elb consumer=True job_name=dev:tap-oracle-wms-to-target-oracle name=target-oracle producer=False run_id=3122a49b-57b6-4f04-8e22-23ac5a857785 stdio=stderr string_id=target-oracle
2025-07-02T16:27:42.052223Z [info     ]         ^^^^^^^^^^^            cmd_type=elb consumer=True job_name=dev:tap-oracle-wms-to-target-oracle name=target-oracle producer=False run_id=3122a49b-57b6-4f04-8e22-23ac5a857785 stdio=stderr string_id=target-oracle
2025-07-02T16:27:42.052437Z [info     ]     ...<6 lines>...            cmd_type=elb consumer=True job_name=dev:tap-oracle-wms-to-target-oracle name=target-oracle producer=False run_id=3122a49b-57b6-4f04-8e22-23ac5a857785 stdio=stderr string_id=target-oracle
2025-07-02T16:27:42.052624Z [info     ]         },                     cmd_type=elb consumer=True job_name=dev:tap-oracle-wms-to-target-oracle name=target-oracle producer=False run_id=3122a49b-57b6-4f04-8e22-23ac5a857785 stdio=stderr string_id=target-oracle
2025-07-02T16:27:42.052808Z [info     ]         ^^                     cmd_type=elb consumer=True job_name=dev:tap-oracle-wms-to-target-oracle name=target-oracle producer=False run_id=3122a49b-57b6-4f04-8e22-23ac5a857785 stdio=stderr string_id=target-oracle
2025-07-02T16:27:42.052988Z [info     ]     )                          cmd_type=elb consumer=True job_name=dev:tap-oracle-wms-to-target-oracle name=target-oracle producer=False run_id=3122a49b-57b6-4f04-8e22-23ac5a857785 stdio=stderr string_id=target-oracle
2025-07-02T16:27:42.053175Z [info     ]     ^                          cmd_type=elb consumer=True job_name=dev:tap-oracle-wms-to-target-oracle name=target-oracle producer=False run_id=3122a49b-57b6-4f04-8e22-23ac5a857785 stdio=stderr string_id=target-oracle
2025-07-02T16:27:42.053381Z [info     ]   File "/home/marlonsc/flext/.venv/lib/python3.13/site-packages/singer_sdk/singerlib/encoding/base.py", line 70, in process_lines cmd_type=elb consumer=True job_name=dev:tap-oracle-wms-to-target-oracle name=target-oracle producer=False run_id=3122a49b-57b6-4f04-8e22-23ac5a857785 stdio=stderr string_id=target-oracle
2025-07-02T16:27:42.053592Z [info     ]     callback(line_dict)        cmd_type=elb consumer=True job_name=dev:tap-oracle-wms-to-target-oracle name=target-oracle producer=False run_id=3122a49b-57b6-4f04-8e22-23ac5a857785 stdio=stderr string_id=target-oracle
2025-07-02T16:27:42.053847Z [info     ]     ~~~~~~~~^^^^^^^^^^^        cmd_type=elb consumer=True job_name=dev:tap-oracle-wms-to-target-oracle name=target-oracle producer=False run_id=3122a49b-57b6-4f04-8e22-23ac5a857785 stdio=stderr string_id=target-oracle
2025-07-02T16:27:42.054062Z [info     ]   File "/home/marlonsc/flext/.venv/lib/python3.13/site-packages/singer_sdk/target_base.py", line 356, in _process_record_message cmd_type=elb consumer=True job_name=dev:tap-oracle-wms-to-target-oracle name=target-oracle producer=False run_id=3122a49b-57b6-4f04-8e22-23ac5a857785 stdio=stderr string_id=target-oracle
2025-07-02T16:27:42.054263Z [info     ]     self._handle_max_record_age() cmd_type=elb consumer=True job_name=dev:tap-oracle-wms-to-target-oracle name=target-oracle producer=False run_id=3122a49b-57b6-4f04-8e22-23ac5a857785 stdio=stderr string_id=target-oracle
2025-07-02T16:27:42.054475Z [info     ]     ~~~~~~~~~~~~~~~~~~~~~~~~~~~^^ cmd_type=elb consumer=True job_name=dev:tap-oracle-wms-to-target-oracle name=target-oracle producer=False run_id=3122a49b-57b6-4f04-8e22-23ac5a857785 stdio=stderr string_id=target-oracle
2025-07-02T16:27:42.054681Z [info     ]   File "/home/marlonsc/flext/.venv/lib/python3.13/site-packages/singer_sdk/target_base.py", line 302, in _handle_max_record_age cmd_type=elb consumer=True job_name=dev:tap-oracle-wms-to-target-oracle name=target-oracle producer=False run_id=3122a49b-57b6-4f04-8e22-23ac5a857785 stdio=stderr string_id=target-oracle
2025-07-02T16:27:42.054877Z [info     ]     self.drain_all()           cmd_type=elb consumer=True job_name=dev:tap-oracle-wms-to-target-oracle name=target-oracle producer=False run_id=3122a49b-57b6-4f04-8e22-23ac5a857785 stdio=stderr string_id=target-oracle
2025-07-02T16:27:42.055064Z [info     ]     ~~~~~~~~~~~~~~^^           cmd_type=elb consumer=True job_name=dev:tap-oracle-wms-to-target-oracle name=target-oracle producer=False run_id=3122a49b-57b6-4f04-8e22-23ac5a857785 stdio=stderr string_id=target-oracle
2025-07-02T16:27:42.055252Z [info     ]   File "/home/marlonsc/flext/.venv/lib/python3.13/site-packages/singer_sdk/target_base.py", line 489, in drain_all cmd_type=elb consumer=True job_name=dev:tap-oracle-wms-to-target-oracle name=target-oracle producer=False run_id=3122a49b-57b6-4f04-8e22-23ac5a857785 stdio=stderr string_id=target-oracle
2025-07-02T16:27:42.055457Z [info     ]     self._drain_all(self._sinks_active.values(), self.max_parallelism) cmd_type=elb consumer=True job_name=dev:tap-oracle-wms-to-target-oracle name=target-oracle producer=False run_id=3122a49b-57b6-4f04-8e22-23ac5a857785 stdio=stderr string_id=target-oracle
2025-07-02T16:27:42.055658Z [info     ]     ~~~~~~~~~~~~~~~^^^^^^^^^^^^^^^^^^^^^^^^^^^^^^^^^^^^^^^^^^^^^^^^^^^ cmd_type=elb consumer=True job_name=dev:tap-oracle-wms-to-target-oracle name=target-oracle producer=False run_id=3122a49b-57b6-4f04-8e22-23ac5a857785 stdio=stderr string_id=target-oracle
2025-07-02T16:27:42.055857Z [info     ]   File "/home/marlonsc/flext/.venv/lib/python3.13/site-packages/singer_sdk/target_base.py", line 526, in _drain_all cmd_type=elb consumer=True job_name=dev:tap-oracle-wms-to-target-oracle name=target-oracle producer=False run_id=3122a49b-57b6-4f04-8e22-23ac5a857785 stdio=stderr string_id=target-oracle
2025-07-02T16:27:42.056075Z [info     ]     Parallel()(delayed(_drain_sink)(sink=sink) for sink in sink_list) cmd_type=elb consumer=True job_name=dev:tap-oracle-wms-to-target-oracle name=target-oracle producer=False run_id=3122a49b-57b6-4f04-8e22-23ac5a857785 stdio=stderr string_id=target-oracle
2025-07-02T16:27:42.056270Z [info     ]     ~~~~~~~~~~^^^^^^^^^^^^^^^^^^^^^^^^^^^^^^^^^^^^^^^^^^^^^^^^^^^^^^^ cmd_type=elb consumer=True job_name=dev:tap-oracle-wms-to-target-oracle name=target-oracle producer=False run_id=3122a49b-57b6-4f04-8e22-23ac5a857785 stdio=stderr string_id=target-oracle
2025-07-02T16:27:42.056517Z [info     ]   File "/home/marlonsc/flext/.venv/lib/python3.13/site-packages/joblib/parallel.py", line 2072, in __call__ cmd_type=elb consumer=True job_name=dev:tap-oracle-wms-to-target-oracle name=target-oracle producer=False run_id=3122a49b-57b6-4f04-8e22-23ac5a857785 stdio=stderr string_id=target-oracle
2025-07-02T16:27:42.056849Z [info     ]     return output if self.return_generator else list(output) cmd_type=elb consumer=True job_name=dev:tap-oracle-wms-to-target-oracle name=target-oracle producer=False run_id=3122a49b-57b6-4f04-8e22-23ac5a857785 stdio=stderr string_id=target-oracle
2025-07-02T16:27:42.057059Z [info     ]                                                 ~~~~^^^^^^^^ cmd_type=elb consumer=True job_name=dev:tap-oracle-wms-to-target-oracle name=target-oracle producer=False run_id=3122a49b-57b6-4f04-8e22-23ac5a857785 stdio=stderr string_id=target-oracle
2025-07-02T16:27:42.057268Z [info     ]   File "/home/marlonsc/flext/.venv/lib/python3.13/site-packages/joblib/parallel.py", line 1682, in _get_outputs cmd_type=elb consumer=True job_name=dev:tap-oracle-wms-to-target-oracle name=target-oracle producer=False run_id=3122a49b-57b6-4f04-8e22-23ac5a857785 stdio=stderr string_id=target-oracle
2025-07-02T16:27:42.057545Z [info     ]     yield from self._retrieve() cmd_type=elb consumer=True job_name=dev:tap-oracle-wms-to-target-oracle name=target-oracle producer=False run_id=3122a49b-57b6-4f04-8e22-23ac5a857785 stdio=stderr string_id=target-oracle
2025-07-02T16:27:42.058017Z [info     ]   File "/home/marlonsc/flext/.venv/lib/python3.13/site-packages/joblib/parallel.py", line 1784, in _retrieve cmd_type=elb consumer=True job_name=dev:tap-oracle-wms-to-target-oracle name=target-oracle producer=False run_id=3122a49b-57b6-4f04-8e22-23ac5a857785 stdio=stderr string_id=target-oracle
2025-07-02T16:27:42.059315Z [info     ]     self._raise_error_fast()   cmd_type=elb consumer=True job_name=dev:tap-oracle-wms-to-target-oracle name=target-oracle producer=False run_id=3122a49b-57b6-4f04-8e22-23ac5a857785 stdio=stderr string_id=target-oracle
2025-07-02T16:27:42.059568Z [info     ]     ~~~~~~~~~~~~~~~~~~~~~~^^   cmd_type=elb consumer=True job_name=dev:tap-oracle-wms-to-target-oracle name=target-oracle producer=False run_id=3122a49b-57b6-4f04-8e22-23ac5a857785 stdio=stderr string_id=target-oracle
2025-07-02T16:27:42.059924Z [info     ]   File "/home/marlonsc/flext/.venv/lib/python3.13/site-packages/joblib/parallel.py", line 1859, in _raise_error_fast cmd_type=elb consumer=True job_name=dev:tap-oracle-wms-to-target-oracle name=target-oracle producer=False run_id=3122a49b-57b6-4f04-8e22-23ac5a857785 stdio=stderr string_id=target-oracle
2025-07-02T16:27:42.060430Z [info     ]     error_job.get_result(self.timeout) cmd_type=elb consumer=True job_name=dev:tap-oracle-wms-to-target-oracle name=target-oracle producer=False run_id=3122a49b-57b6-4f04-8e22-23ac5a857785 stdio=stderr string_id=target-oracle
2025-07-02T16:27:42.060625Z [info     ]     ~~~~~~~~~~~~~~~~~~~~^^^^^^^^^^^^^^ cmd_type=elb consumer=True job_name=dev:tap-oracle-wms-to-target-oracle name=target-oracle producer=False run_id=3122a49b-57b6-4f04-8e22-23ac5a857785 stdio=stderr string_id=target-oracle
2025-07-02T16:27:42.060793Z [info     ]   File "/home/marlonsc/flext/.venv/lib/python3.13/site-packages/joblib/parallel.py", line 758, in get_result cmd_type=elb consumer=True job_name=dev:tap-oracle-wms-to-target-oracle name=target-oracle producer=False run_id=3122a49b-57b6-4f04-8e22-23ac5a857785 stdio=stderr string_id=target-oracle
2025-07-02T16:27:42.060982Z [info     ]     return self._return_or_raise() cmd_type=elb consumer=True job_name=dev:tap-oracle-wms-to-target-oracle name=target-oracle producer=False run_id=3122a49b-57b6-4f04-8e22-23ac5a857785 stdio=stderr string_id=target-oracle
2025-07-02T16:27:42.061154Z [info     ]            ~~~~~~~~~~~~~~~~~~~~~^^ cmd_type=elb consumer=True job_name=dev:tap-oracle-wms-to-target-oracle name=target-oracle producer=False run_id=3122a49b-57b6-4f04-8e22-23ac5a857785 stdio=stderr string_id=target-oracle
2025-07-02T16:27:42.061519Z [info     ]   File "/home/marlonsc/flext/.venv/lib/python3.13/site-packages/joblib/parallel.py", line 773, in _return_or_raise cmd_type=elb consumer=True job_name=dev:tap-oracle-wms-to-target-oracle name=target-oracle producer=False run_id=3122a49b-57b6-4f04-8e22-23ac5a857785 stdio=stderr string_id=target-oracle
2025-07-02T16:27:42.063260Z [info     ]     raise self._result         cmd_type=elb consumer=True job_name=dev:tap-oracle-wms-to-target-oracle name=target-oracle producer=False run_id=3122a49b-57b6-4f04-8e22-23ac5a857785 stdio=stderr string_id=target-oracle
2025-07-02T16:27:42.063453Z [info     ] sqlalchemy.exc.IntegrityError: (oracledb.exceptions.IntegrityError) ORA-00001: unique constraint (OIC.SYS_C00120244) violated cmd_type=elb consumer=True job_name=dev:tap-oracle-wms-to-target-oracle name=target-oracle producer=False run_id=3122a49b-57b6-4f04-8e22-23ac5a857785 stdio=stderr string_id=target-oracle
2025-07-02T16:27:42.063620Z [info     ] Help: https://docs.oracle.com/error-help/db/ora-00001/ cmd_type=elb consumer=True job_name=dev:tap-oracle-wms-to-target-oracle name=target-oracle producer=False run_id=3122a49b-57b6-4f04-8e22-23ac5a857785 stdio=stderr string_id=target-oracle
2025-07-02T16:27:42.063785Z [info     ] [SQL: INSERT INTO allocation (id, mod_ts, create_ts, alloc_qty, status_id, order_dtl_id) VALUES (:id, :mod_ts, :create_ts, :alloc_qty, :status_id, :order_dtl_id)] cmd_type=elb consumer=True job_name=dev:tap-oracle-wms-to-target-oracle name=target-oracle producer=False run_id=3122a49b-57b6-4f04-8e22-23ac5a857785 stdio=stderr string_id=target-oracle
2025-07-02T16:27:42.063948Z [info     ] [SQL parameters hidden due to hide_parameters=True] cmd_type=elb consumer=True job_name=dev:tap-oracle-wms-to-target-oracle name=target-oracle producer=False run_id=3122a49b-57b6-4f04-8e22-23ac5a857785 stdio=stderr string_id=target-oracle
2025-07-02T16:27:42.064161Z [info     ] (Background on this error at: https://sqlalche.me/e/20/gkpj) cmd_type=elb consumer=True job_name=dev:tap-oracle-wms-to-target-oracle name=target-oracle producer=False run_id=3122a49b-57b6-4f04-8e22-23ac5a857785 stdio=stderr string_id=target-oracle
2025-07-02T16:27:42.064363Z [info     ] joblib.externals.loky.process_executor._RemoteTraceback: cmd_type=elb consumer=True job_name=dev:tap-oracle-wms-to-target-oracle name=target-oracle producer=False run_id=3122a49b-57b6-4f04-8e22-23ac5a857785 stdio=stderr string_id=target-oracle
2025-07-02T16:27:42.064579Z [info     ] """                            cmd_type=elb consumer=True job_name=dev:tap-oracle-wms-to-target-oracle name=target-oracle producer=False run_id=3122a49b-57b6-4f04-8e22-23ac5a857785 stdio=stderr string_id=target-oracle
2025-07-02T16:27:42.064765Z [info     ] Traceback (most recent call last): cmd_type=elb consumer=True job_name=dev:tap-oracle-wms-to-target-oracle name=target-oracle producer=False run_id=3122a49b-57b6-4f04-8e22-23ac5a857785 stdio=stderr string_id=target-oracle
2025-07-02T16:27:42.064944Z [info     ]   File "/home/marlonsc/flext/.venv/lib/python3.13/site-packages/sqlalchemy/engine/base.py", line 1963, in _exec_single_context cmd_type=elb consumer=True job_name=dev:tap-oracle-wms-to-target-oracle name=target-oracle producer=False run_id=3122a49b-57b6-4f04-8e22-23ac5a857785 stdio=stderr string_id=target-oracle
2025-07-02T16:27:42.065351Z [info     ]     self.dialect.do_execute(   cmd_type=elb consumer=True job_name=dev:tap-oracle-wms-to-target-oracle name=target-oracle producer=False run_id=3122a49b-57b6-4f04-8e22-23ac5a857785 stdio=stderr string_id=target-oracle
2025-07-02T16:27:42.065560Z [info     ]     ~~~~~~~~~~~~~~~~~~~~~~~^   cmd_type=elb consumer=True job_name=dev:tap-oracle-wms-to-target-oracle name=target-oracle producer=False run_id=3122a49b-57b6-4f04-8e22-23ac5a857785 stdio=stderr string_id=target-oracle
2025-07-02T16:27:42.065748Z [info     ]         cursor, str_statement, effective_parameters, context cmd_type=elb consumer=True job_name=dev:tap-oracle-wms-to-target-oracle name=target-oracle producer=False run_id=3122a49b-57b6-4f04-8e22-23ac5a857785 stdio=stderr string_id=target-oracle
2025-07-02T16:27:42.065958Z [info     ]         ^^^^^^^^^^^^^^^^^^^^^^^^^^^^^^^^^^^^^^^^^^^^^^^^^^^^ cmd_type=elb consumer=True job_name=dev:tap-oracle-wms-to-target-oracle name=target-oracle producer=False run_id=3122a49b-57b6-4f04-8e22-23ac5a857785 stdio=stderr string_id=target-oracle
2025-07-02T16:27:42.066171Z [info     ]     )                          cmd_type=elb consumer=True job_name=dev:tap-oracle-wms-to-target-oracle name=target-oracle producer=False run_id=3122a49b-57b6-4f04-8e22-23ac5a857785 stdio=stderr string_id=target-oracle
2025-07-02T16:27:42.066450Z [info     ]     ^                          cmd_type=elb consumer=True job_name=dev:tap-oracle-wms-to-target-oracle name=target-oracle producer=False run_id=3122a49b-57b6-4f04-8e22-23ac5a857785 stdio=stderr string_id=target-oracle
2025-07-02T16:27:42.066648Z [info     ]   File "/home/marlonsc/flext/.venv/lib/python3.13/site-packages/sqlalchemy/engine/default.py", line 943, in do_execute cmd_type=elb consumer=True job_name=dev:tap-oracle-wms-to-target-oracle name=target-oracle producer=False run_id=3122a49b-57b6-4f04-8e22-23ac5a857785 stdio=stderr string_id=target-oracle
2025-07-02T16:27:42.066839Z [info     ]     cursor.execute(statement, parameters) cmd_type=elb consumer=True job_name=dev:tap-oracle-wms-to-target-oracle name=target-oracle producer=False run_id=3122a49b-57b6-4f04-8e22-23ac5a857785 stdio=stderr string_id=target-oracle
2025-07-02T16:27:42.067051Z [info     ]     ~~~~~~~~~~~~~~^^^^^^^^^^^^^^^^^^^^^^^ cmd_type=elb consumer=True job_name=dev:tap-oracle-wms-to-target-oracle name=target-oracle producer=False run_id=3122a49b-57b6-4f04-8e22-23ac5a857785 stdio=stderr string_id=target-oracle
2025-07-02T16:27:42.067315Z [info     ]   File "/home/marlonsc/flext/.venv/lib/python3.13/site-packages/oracledb/cursor.py", line 710, in execute cmd_type=elb consumer=True job_name=dev:tap-oracle-wms-to-target-oracle name=target-oracle producer=False run_id=3122a49b-57b6-4f04-8e22-23ac5a857785 stdio=stderr string_id=target-oracle
2025-07-02T16:27:42.067534Z [info     ]     impl.execute(self)         cmd_type=elb consumer=True job_name=dev:tap-oracle-wms-to-target-oracle name=target-oracle producer=False run_id=3122a49b-57b6-4f04-8e22-23ac5a857785 stdio=stderr string_id=target-oracle
2025-07-02T16:27:42.067711Z [info     ]     ~~~~~~~~~~~~^^^^^^         cmd_type=elb consumer=True job_name=dev:tap-oracle-wms-to-target-oracle name=target-oracle producer=False run_id=3122a49b-57b6-4f04-8e22-23ac5a857785 stdio=stderr string_id=target-oracle
2025-07-02T16:27:42.067880Z [info     ]   File "src/oracledb/impl/thin/cursor.pyx", line 196, in oracledb.thin_impl.ThinCursorImpl.execute cmd_type=elb consumer=True job_name=dev:tap-oracle-wms-to-target-oracle name=target-oracle producer=False run_id=3122a49b-57b6-4f04-8e22-23ac5a857785 stdio=stderr string_id=target-oracle
2025-07-02T16:27:42.068049Z [info     ]   File "src/oracledb/impl/thin/protocol.pyx", line 439, in oracledb.thin_impl.Protocol._process_single_message cmd_type=elb consumer=True job_name=dev:tap-oracle-wms-to-target-oracle name=target-oracle producer=False run_id=3122a49b-57b6-4f04-8e22-23ac5a857785 stdio=stderr string_id=target-oracle
2025-07-02T16:27:42.068214Z [info     ]   File "src/oracledb/impl/thin/protocol.pyx", line 440, in oracledb.thin_impl.Protocol._process_single_message cmd_type=elb consumer=True job_name=dev:tap-oracle-wms-to-target-oracle name=target-oracle producer=False run_id=3122a49b-57b6-4f04-8e22-23ac5a857785 stdio=stderr string_id=target-oracle
2025-07-02T16:27:42.068402Z [info     ]   File "src/oracledb/impl/thin/protocol.pyx", line 432, in oracledb.thin_impl.Protocol._process_message cmd_type=elb consumer=True job_name=dev:tap-oracle-wms-to-target-oracle name=target-oracle producer=False run_id=3122a49b-57b6-4f04-8e22-23ac5a857785 stdio=stderr string_id=target-oracle
2025-07-02T16:27:42.068573Z [info     ]   File "src/oracledb/impl/thin/messages.pyx", line 74, in oracledb.thin_impl.Message._check_and_raise_exception cmd_type=elb consumer=True job_name=dev:tap-oracle-wms-to-target-oracle name=target-oracle producer=False run_id=3122a49b-57b6-4f04-8e22-23ac5a857785 stdio=stderr string_id=target-oracle
2025-07-02T16:27:42.068740Z [info     ] oracledb.exceptions.IntegrityError: ORA-00001: unique constraint (OIC.SYS_C00120244) violated cmd_type=elb consumer=True job_name=dev:tap-oracle-wms-to-target-oracle name=target-oracle producer=False run_id=3122a49b-57b6-4f04-8e22-23ac5a857785 stdio=stderr string_id=target-oracle
2025-07-02T16:27:42.068910Z [info     ] Help: https://docs.oracle.com/error-help/db/ora-00001/ cmd_type=elb consumer=True job_name=dev:tap-oracle-wms-to-target-oracle name=target-oracle producer=False run_id=3122a49b-57b6-4f04-8e22-23ac5a857785 stdio=stderr string_id=target-oracle
2025-07-02T16:27:42.069084Z [info     ]                                cmd_type=elb consumer=True job_name=dev:tap-oracle-wms-to-target-oracle name=target-oracle producer=False run_id=3122a49b-57b6-4f04-8e22-23ac5a857785 stdio=stderr string_id=target-oracle
2025-07-02T16:27:42.069262Z [info     ] The above exception was the direct cause of the following exception: cmd_type=elb consumer=True job_name=dev:tap-oracle-wms-to-target-oracle name=target-oracle producer=False run_id=3122a49b-57b6-4f04-8e22-23ac5a857785 stdio=stderr string_id=target-oracle
2025-07-02T16:27:42.069457Z [info     ]                                cmd_type=elb consumer=True job_name=dev:tap-oracle-wms-to-target-oracle name=target-oracle producer=False run_id=3122a49b-57b6-4f04-8e22-23ac5a857785 stdio=stderr string_id=target-oracle
2025-07-02T16:27:42.069625Z [info     ] Traceback (most recent call last): cmd_type=elb consumer=True job_name=dev:tap-oracle-wms-to-target-oracle name=target-oracle producer=False run_id=3122a49b-57b6-4f04-8e22-23ac5a857785 stdio=stderr string_id=target-oracle
2025-07-02T16:27:42.069836Z [info     ]   File "/home/marlonsc/flext/.venv/lib/python3.13/site-packages/joblib/_utils.py", line 72, in __call__ cmd_type=elb consumer=True job_name=dev:tap-oracle-wms-to-target-oracle name=target-oracle producer=False run_id=3122a49b-57b6-4f04-8e22-23ac5a857785 stdio=stderr string_id=target-oracle
2025-07-02T16:27:42.070046Z [info     ]     return self.func(**kwargs) cmd_type=elb consumer=True job_name=dev:tap-oracle-wms-to-target-oracle name=target-oracle producer=False run_id=3122a49b-57b6-4f04-8e22-23ac5a857785 stdio=stderr string_id=target-oracle
2025-07-02T16:27:42.070224Z [info     ]            ~~~~~~~~~^^^^^^^^^^ cmd_type=elb consumer=True job_name=dev:tap-oracle-wms-to-target-oracle name=target-oracle producer=False run_id=3122a49b-57b6-4f04-8e22-23ac5a857785 stdio=stderr string_id=target-oracle
2025-07-02T16:27:42.070408Z [info     ]   File "/home/marlonsc/flext/.venv/lib/python3.13/site-packages/joblib/parallel.py", line 607, in __call__ cmd_type=elb consumer=True job_name=dev:tap-oracle-wms-to-target-oracle name=target-oracle producer=False run_id=3122a49b-57b6-4f04-8e22-23ac5a857785 stdio=stderr string_id=target-oracle
2025-07-02T16:27:42.070589Z [info     ]     return [func(*args, **kwargs) for func, args, kwargs in self.items] cmd_type=elb consumer=True job_name=dev:tap-oracle-wms-to-target-oracle name=target-oracle producer=False run_id=3122a49b-57b6-4f04-8e22-23ac5a857785 stdio=stderr string_id=target-oracle
2025-07-02T16:27:42.070760Z [info     ]             ~~~~^^^^^^^^^^^^^^^^^ cmd_type=elb consumer=True job_name=dev:tap-oracle-wms-to-target-oracle name=target-oracle producer=False run_id=3122a49b-57b6-4f04-8e22-23ac5a857785 stdio=stderr string_id=target-oracle
2025-07-02T16:27:42.070934Z [info     ]   File "/home/marlonsc/flext/.venv/lib/python3.13/site-packages/singer_sdk/target_base.py", line 523, in _drain_sink cmd_type=elb consumer=True job_name=dev:tap-oracle-wms-to-target-oracle name=target-oracle producer=False run_id=3122a49b-57b6-4f04-8e22-23ac5a857785 stdio=stderr string_id=target-oracle
2025-07-02T16:27:42.071103Z [info     ]     self.drain_one(sink)       cmd_type=elb consumer=True job_name=dev:tap-oracle-wms-to-target-oracle name=target-oracle producer=False run_id=3122a49b-57b6-4f04-8e22-23ac5a857785 stdio=stderr string_id=target-oracle
2025-07-02T16:27:42.071269Z [info     ]     ~~~~~~~~~~~~~~^^^^^^       cmd_type=elb consumer=True job_name=dev:tap-oracle-wms-to-target-oracle name=target-oracle producer=False run_id=3122a49b-57b6-4f04-8e22-23ac5a857785 stdio=stderr string_id=target-oracle
2025-07-02T16:27:42.071453Z [info     ]   File "/home/marlonsc/flext/.venv/lib/python3.13/site-packages/singer_sdk/target_base.py", line 513, in drain_one cmd_type=elb consumer=True job_name=dev:tap-oracle-wms-to-target-oracle name=target-oracle producer=False run_id=3122a49b-57b6-4f04-8e22-23ac5a857785 stdio=stderr string_id=target-oracle
2025-07-02T16:27:42.071634Z [info     ]     sink.process_batch(draining_status) cmd_type=elb consumer=True job_name=dev:tap-oracle-wms-to-target-oracle name=target-oracle producer=False run_id=3122a49b-57b6-4f04-8e22-23ac5a857785 stdio=stderr string_id=target-oracle
2025-07-02T16:27:42.071816Z [info     ]     ~~~~~~~~~~~~~~~~~~^^^^^^^^^^^^^^^^^ cmd_type=elb consumer=True job_name=dev:tap-oracle-wms-to-target-oracle name=target-oracle producer=False run_id=3122a49b-57b6-4f04-8e22-23ac5a857785 stdio=stderr string_id=target-oracle
2025-07-02T16:27:42.071990Z [info     ]   File "/home/marlonsc/flext/flext-target-oracle/flext_target_oracle/sinks.py", line 346, in process_batch cmd_type=elb consumer=True job_name=dev:tap-oracle-wms-to-target-oracle name=target-oracle producer=False run_id=3122a49b-57b6-4f04-8e22-23ac5a857785 stdio=stderr string_id=target-oracle
2025-07-02T16:27:42.072159Z [info     ]   File "/home/marlonsc/flext/flext-target-oracle/flext_target_oracle/sinks.py", line 373, in _process_batch_internal cmd_type=elb consumer=True job_name=dev:tap-oracle-wms-to-target-oracle name=target-oracle producer=False run_id=3122a49b-57b6-4f04-8e22-23ac5a857785 stdio=stderr string_id=target-oracle
2025-07-02T16:27:42.072403Z [info     ]     self._process_batch_upsert(records) cmd_type=elb consumer=True job_name=dev:tap-oracle-wms-to-target-oracle name=target-oracle producer=False run_id=3122a49b-57b6-4f04-8e22-23ac5a857785 stdio=stderr string_id=target-oracle
2025-07-02T16:27:42.072577Z [info     ]     ^^^^^^^^^^^^^^^^^^^^^^^^^^^^^^ cmd_type=elb consumer=True job_name=dev:tap-oracle-wms-to-target-oracle name=target-oracle producer=False run_id=3122a49b-57b6-4f04-8e22-23ac5a857785 stdio=stderr string_id=target-oracle
2025-07-02T16:27:42.072738Z [info     ]   File "/home/marlonsc/flext/.venv/lib/python3.13/site-packages/singer_sdk/sinks/sql.py", line 272, in process_batch cmd_type=elb consumer=True job_name=dev:tap-oracle-wms-to-target-oracle name=target-oracle producer=False run_id=3122a49b-57b6-4f04-8e22-23ac5a857785 stdio=stderr string_id=target-oracle
2025-07-02T16:27:42.072946Z [info     ]     self.bulk_insert_records(  cmd_type=elb consumer=True job_name=dev:tap-oracle-wms-to-target-oracle name=target-oracle producer=False run_id=3122a49b-57b6-4f04-8e22-23ac5a857785 stdio=stderr string_id=target-oracle
2025-07-02T16:27:42.073111Z [info     ]     ~~~~~~~~~~~~~~~~~~~~~~~~^  cmd_type=elb consumer=True job_name=dev:tap-oracle-wms-to-target-oracle name=target-oracle producer=False run_id=3122a49b-57b6-4f04-8e22-23ac5a857785 stdio=stderr string_id=target-oracle
2025-07-02T16:27:42.073288Z [info     ]         full_table_name=self.full_table_name, cmd_type=elb consumer=True job_name=dev:tap-oracle-wms-to-target-oracle name=target-oracle producer=False run_id=3122a49b-57b6-4f04-8e22-23ac5a857785 stdio=stderr string_id=target-oracle
2025-07-02T16:27:42.073464Z [info     ]         ^^^^^^^^^^^^^^^^^^^^^^^^^^^^^^^^^^^^^ cmd_type=elb consumer=True job_name=dev:tap-oracle-wms-to-target-oracle name=target-oracle producer=False run_id=3122a49b-57b6-4f04-8e22-23ac5a857785 stdio=stderr string_id=target-oracle
2025-07-02T16:27:42.073627Z [info     ]         schema=self.schema,    cmd_type=elb consumer=True job_name=dev:tap-oracle-wms-to-target-oracle name=target-oracle producer=False run_id=3122a49b-57b6-4f04-8e22-23ac5a857785 stdio=stderr string_id=target-oracle
2025-07-02T16:27:42.073792Z [info     ]         ^^^^^^^^^^^^^^^^^^^    cmd_type=elb consumer=True job_name=dev:tap-oracle-wms-to-target-oracle name=target-oracle producer=False run_id=3122a49b-57b6-4f04-8e22-23ac5a857785 stdio=stderr string_id=target-oracle
2025-07-02T16:27:42.073960Z [info     ]         records=context["records"], cmd_type=elb consumer=True job_name=dev:tap-oracle-wms-to-target-oracle name=target-oracle producer=False run_id=3122a49b-57b6-4f04-8e22-23ac5a857785 stdio=stderr string_id=target-oracle
2025-07-02T16:27:42.074125Z [info     ]         ^^^^^^^^^^^^^^^^^^^^^^^^^^^ cmd_type=elb consumer=True job_name=dev:tap-oracle-wms-to-target-oracle name=target-oracle producer=False run_id=3122a49b-57b6-4f04-8e22-23ac5a857785 stdio=stderr string_id=target-oracle
2025-07-02T16:27:42.074296Z [info     ]     )                          cmd_type=elb consumer=True job_name=dev:tap-oracle-wms-to-target-oracle name=target-oracle producer=False run_id=3122a49b-57b6-4f04-8e22-23ac5a857785 stdio=stderr string_id=target-oracle
2025-07-02T16:27:42.074466Z [info     ]     ^                          cmd_type=elb consumer=True job_name=dev:tap-oracle-wms-to-target-oracle name=target-oracle producer=False run_id=3122a49b-57b6-4f04-8e22-23ac5a857785 stdio=stderr string_id=target-oracle
2025-07-02T16:27:42.074629Z [info     ]   File "/home/marlonsc/flext/.venv/lib/python3.13/site-packages/singer_sdk/sinks/sql.py", line 359, in bulk_insert_records cmd_type=elb consumer=True job_name=dev:tap-oracle-wms-to-target-oracle name=target-oracle producer=False run_id=3122a49b-57b6-4f04-8e22-23ac5a857785 stdio=stderr string_id=target-oracle
2025-07-02T16:27:42.074796Z [info     ]     result = conn.execute(insert_sql, new_records) cmd_type=elb consumer=True job_name=dev:tap-oracle-wms-to-target-oracle name=target-oracle producer=False run_id=3122a49b-57b6-4f04-8e22-23ac5a857785 stdio=stderr string_id=target-oracle
2025-07-02T16:27:42.074961Z [info     ]   File "/home/marlonsc/flext/.venv/lib/python3.13/site-packages/sqlalchemy/engine/base.py", line 1415, in execute cmd_type=elb consumer=True job_name=dev:tap-oracle-wms-to-target-oracle name=target-oracle producer=False run_id=3122a49b-57b6-4f04-8e22-23ac5a857785 stdio=stderr string_id=target-oracle
2025-07-02T16:27:42.075116Z [info     ]     return meth(               cmd_type=elb consumer=True job_name=dev:tap-oracle-wms-to-target-oracle name=target-oracle producer=False run_id=3122a49b-57b6-4f04-8e22-23ac5a857785 stdio=stderr string_id=target-oracle
2025-07-02T16:27:42.075270Z [info     ]         self,                  cmd_type=elb consumer=True job_name=dev:tap-oracle-wms-to-target-oracle name=target-oracle producer=False run_id=3122a49b-57b6-4f04-8e22-23ac5a857785 stdio=stderr string_id=target-oracle
2025-07-02T16:27:42.075438Z [info     ]         distilled_parameters,  cmd_type=elb consumer=True job_name=dev:tap-oracle-wms-to-target-oracle name=target-oracle producer=False run_id=3122a49b-57b6-4f04-8e22-23ac5a857785 stdio=stderr string_id=target-oracle
2025-07-02T16:27:42.075596Z [info     ]         execution_options or NO_OPTIONS, cmd_type=elb consumer=True job_name=dev:tap-oracle-wms-to-target-oracle name=target-oracle producer=False run_id=3122a49b-57b6-4f04-8e22-23ac5a857785 stdio=stderr string_id=target-oracle
2025-07-02T16:27:42.075752Z [info     ]     )                          cmd_type=elb consumer=True job_name=dev:tap-oracle-wms-to-target-oracle name=target-oracle producer=False run_id=3122a49b-57b6-4f04-8e22-23ac5a857785 stdio=stderr string_id=target-oracle
2025-07-02T16:27:42.075908Z [info     ]   File "/home/marlonsc/flext/.venv/lib/python3.13/site-packages/sqlalchemy/sql/elements.py", line 523, in _execute_on_connection cmd_type=elb consumer=True job_name=dev:tap-oracle-wms-to-target-oracle name=target-oracle producer=False run_id=3122a49b-57b6-4f04-8e22-23ac5a857785 stdio=stderr string_id=target-oracle
2025-07-02T16:27:42.076062Z [info     ]     return connection._execute_clauseelement( cmd_type=elb consumer=True job_name=dev:tap-oracle-wms-to-target-oracle name=target-oracle producer=False run_id=3122a49b-57b6-4f04-8e22-23ac5a857785 stdio=stderr string_id=target-oracle
2025-07-02T16:27:42.076227Z [info     ]            ~~~~~~~~~~~~~~~~~~~~~~~~~~~~~~~~~^ cmd_type=elb consumer=True job_name=dev:tap-oracle-wms-to-target-oracle name=target-oracle producer=False run_id=3122a49b-57b6-4f04-8e22-23ac5a857785 stdio=stderr string_id=target-oracle
2025-07-02T16:27:42.076403Z [info     ]         self, distilled_params, execution_options cmd_type=elb consumer=True job_name=dev:tap-oracle-wms-to-target-oracle name=target-oracle producer=False run_id=3122a49b-57b6-4f04-8e22-23ac5a857785 stdio=stderr string_id=target-oracle
2025-07-02T16:27:42.076563Z [info     ]         ^^^^^^^^^^^^^^^^^^^^^^^^^^^^^^^^^^^^^^^^^ cmd_type=elb consumer=True job_name=dev:tap-oracle-wms-to-target-oracle name=target-oracle producer=False run_id=3122a49b-57b6-4f04-8e22-23ac5a857785 stdio=stderr string_id=target-oracle
2025-07-02T16:27:42.076722Z [info     ]     )                          cmd_type=elb consumer=True job_name=dev:tap-oracle-wms-to-target-oracle name=target-oracle producer=False run_id=3122a49b-57b6-4f04-8e22-23ac5a857785 stdio=stderr string_id=target-oracle
2025-07-02T16:27:42.076879Z [info     ]     ^                          cmd_type=elb consumer=True job_name=dev:tap-oracle-wms-to-target-oracle name=target-oracle producer=False run_id=3122a49b-57b6-4f04-8e22-23ac5a857785 stdio=stderr string_id=target-oracle
2025-07-02T16:27:42.077034Z [info     ]   File "/home/marlonsc/flext/.venv/lib/python3.13/site-packages/sqlalchemy/engine/base.py", line 1637, in _execute_clauseelement cmd_type=elb consumer=True job_name=dev:tap-oracle-wms-to-target-oracle name=target-oracle producer=False run_id=3122a49b-57b6-4f04-8e22-23ac5a857785 stdio=stderr string_id=target-oracle
2025-07-02T16:27:42.077193Z [info     ]     ret = self._execute_context( cmd_type=elb consumer=True job_name=dev:tap-oracle-wms-to-target-oracle name=target-oracle producer=False run_id=3122a49b-57b6-4f04-8e22-23ac5a857785 stdio=stderr string_id=target-oracle
2025-07-02T16:27:42.077361Z [info     ]         dialect,               cmd_type=elb consumer=True job_name=dev:tap-oracle-wms-to-target-oracle name=target-oracle producer=False run_id=3122a49b-57b6-4f04-8e22-23ac5a857785 stdio=stderr string_id=target-oracle
2025-07-02T16:27:42.077521Z [info     ]     ...<8 lines>...            cmd_type=elb consumer=True job_name=dev:tap-oracle-wms-to-target-oracle name=target-oracle producer=False run_id=3122a49b-57b6-4f04-8e22-23ac5a857785 stdio=stderr string_id=target-oracle
2025-07-02T16:27:42.077733Z [info     ]         cache_hit=cache_hit,   cmd_type=elb consumer=True job_name=dev:tap-oracle-wms-to-target-oracle name=target-oracle producer=False run_id=3122a49b-57b6-4f04-8e22-23ac5a857785 stdio=stderr string_id=target-oracle
2025-07-02T16:27:42.077930Z [info     ]     )                          cmd_type=elb consumer=True job_name=dev:tap-oracle-wms-to-target-oracle name=target-oracle producer=False run_id=3122a49b-57b6-4f04-8e22-23ac5a857785 stdio=stderr string_id=target-oracle
2025-07-02T16:27:42.078098Z [info     ]   File "/home/marlonsc/flext/.venv/lib/python3.13/site-packages/sqlalchemy/engine/base.py", line 1842, in _execute_context cmd_type=elb consumer=True job_name=dev:tap-oracle-wms-to-target-oracle name=target-oracle producer=False run_id=3122a49b-57b6-4f04-8e22-23ac5a857785 stdio=stderr string_id=target-oracle
2025-07-02T16:27:42.078262Z [info     ]     return self._exec_single_context( cmd_type=elb consumer=True job_name=dev:tap-oracle-wms-to-target-oracle name=target-oracle producer=False run_id=3122a49b-57b6-4f04-8e22-23ac5a857785 stdio=stderr string_id=target-oracle
2025-07-02T16:27:42.078437Z [info     ]            ~~~~~~~~~~~~~~~~~~~~~~~~~^ cmd_type=elb consumer=True job_name=dev:tap-oracle-wms-to-target-oracle name=target-oracle producer=False run_id=3122a49b-57b6-4f04-8e22-23ac5a857785 stdio=stderr string_id=target-oracle
2025-07-02T16:27:42.078604Z [info     ]         dialect, context, statement, parameters cmd_type=elb consumer=True job_name=dev:tap-oracle-wms-to-target-oracle name=target-oracle producer=False run_id=3122a49b-57b6-4f04-8e22-23ac5a857785 stdio=stderr string_id=target-oracle
2025-07-02T16:27:42.078767Z [info     ]         ^^^^^^^^^^^^^^^^^^^^^^^^^^^^^^^^^^^^^^^ cmd_type=elb consumer=True job_name=dev:tap-oracle-wms-to-target-oracle name=target-oracle producer=False run_id=3122a49b-57b6-4f04-8e22-23ac5a857785 stdio=stderr string_id=target-oracle
2025-07-02T16:27:42.078918Z [info     ]     )                          cmd_type=elb consumer=True job_name=dev:tap-oracle-wms-to-target-oracle name=target-oracle producer=False run_id=3122a49b-57b6-4f04-8e22-23ac5a857785 stdio=stderr string_id=target-oracle
2025-07-02T16:27:42.079069Z [info     ]     ^                          cmd_type=elb consumer=True job_name=dev:tap-oracle-wms-to-target-oracle name=target-oracle producer=False run_id=3122a49b-57b6-4f04-8e22-23ac5a857785 stdio=stderr string_id=target-oracle
2025-07-02T16:27:42.079243Z [info     ]   File "/home/marlonsc/flext/.venv/lib/python3.13/site-packages/sqlalchemy/engine/base.py", line 1982, in _exec_single_context cmd_type=elb consumer=True job_name=dev:tap-oracle-wms-to-target-oracle name=target-oracle producer=False run_id=3122a49b-57b6-4f04-8e22-23ac5a857785 stdio=stderr string_id=target-oracle
2025-07-02T16:27:42.079419Z [info     ]     self._handle_dbapi_exception( cmd_type=elb consumer=True job_name=dev:tap-oracle-wms-to-target-oracle name=target-oracle producer=False run_id=3122a49b-57b6-4f04-8e22-23ac5a857785 stdio=stderr string_id=target-oracle
2025-07-02T16:27:42.079574Z [info     ]     ~~~~~~~~~~~~~~~~~~~~~~~~~~~~^ cmd_type=elb consumer=True job_name=dev:tap-oracle-wms-to-target-oracle name=target-oracle producer=False run_id=3122a49b-57b6-4f04-8e22-23ac5a857785 stdio=stderr string_id=target-oracle
2025-07-02T16:27:42.079726Z [info     ]         e, str_statement, effective_parameters, cursor, context cmd_type=elb consumer=True job_name=dev:tap-oracle-wms-to-target-oracle name=target-oracle producer=False run_id=3122a49b-57b6-4f04-8e22-23ac5a857785 stdio=stderr string_id=target-oracle
2025-07-02T16:27:42.079881Z [info     ]         ^^^^^^^^^^^^^^^^^^^^^^^^^^^^^^^^^^^^^^^^^^^^^^^^^^^^^^^ cmd_type=elb consumer=True job_name=dev:tap-oracle-wms-to-target-oracle name=target-oracle producer=False run_id=3122a49b-57b6-4f04-8e22-23ac5a857785 stdio=stderr string_id=target-oracle
2025-07-02T16:27:42.080030Z [info     ]     )                          cmd_type=elb consumer=True job_name=dev:tap-oracle-wms-to-target-oracle name=target-oracle producer=False run_id=3122a49b-57b6-4f04-8e22-23ac5a857785 stdio=stderr string_id=target-oracle
2025-07-02T16:27:42.080181Z [info     ]     ^                          cmd_type=elb consumer=True job_name=dev:tap-oracle-wms-to-target-oracle name=target-oracle producer=False run_id=3122a49b-57b6-4f04-8e22-23ac5a857785 stdio=stderr string_id=target-oracle
2025-07-02T16:27:42.080343Z [info     ]   File "/home/marlonsc/flext/.venv/lib/python3.13/site-packages/sqlalchemy/engine/base.py", line 2351, in _handle_dbapi_exception cmd_type=elb consumer=True job_name=dev:tap-oracle-wms-to-target-oracle name=target-oracle producer=False run_id=3122a49b-57b6-4f04-8e22-23ac5a857785 stdio=stderr string_id=target-oracle
2025-07-02T16:27:42.080500Z [info     ]     raise sqlalchemy_exception.with_traceback(exc_info[2]) from e cmd_type=elb consumer=True job_name=dev:tap-oracle-wms-to-target-oracle name=target-oracle producer=False run_id=3122a49b-57b6-4f04-8e22-23ac5a857785 stdio=stderr string_id=target-oracle
2025-07-02T16:27:42.080659Z [info     ]   File "/home/marlonsc/flext/.venv/lib/python3.13/site-packages/sqlalchemy/engine/base.py", line 1963, in _exec_single_context cmd_type=elb consumer=True job_name=dev:tap-oracle-wms-to-target-oracle name=target-oracle producer=False run_id=3122a49b-57b6-4f04-8e22-23ac5a857785 stdio=stderr string_id=target-oracle
2025-07-02T16:27:42.080816Z [info     ]     self.dialect.do_execute(   cmd_type=elb consumer=True job_name=dev:tap-oracle-wms-to-target-oracle name=target-oracle producer=False run_id=3122a49b-57b6-4f04-8e22-23ac5a857785 stdio=stderr string_id=target-oracle
2025-07-02T16:27:42.080971Z [info     ]     ~~~~~~~~~~~~~~~~~~~~~~~^   cmd_type=elb consumer=True job_name=dev:tap-oracle-wms-to-target-oracle name=target-oracle producer=False run_id=3122a49b-57b6-4f04-8e22-23ac5a857785 stdio=stderr string_id=target-oracle
2025-07-02T16:27:42.081157Z [info     ]         cursor, str_statement, effective_parameters, context cmd_type=elb consumer=True job_name=dev:tap-oracle-wms-to-target-oracle name=target-oracle producer=False run_id=3122a49b-57b6-4f04-8e22-23ac5a857785 stdio=stderr string_id=target-oracle
2025-07-02T16:27:42.081336Z [info     ]         ^^^^^^^^^^^^^^^^^^^^^^^^^^^^^^^^^^^^^^^^^^^^^^^^^^^^ cmd_type=elb consumer=True job_name=dev:tap-oracle-wms-to-target-oracle name=target-oracle producer=False run_id=3122a49b-57b6-4f04-8e22-23ac5a857785 stdio=stderr string_id=target-oracle
2025-07-02T16:27:42.081494Z [info     ]     )                          cmd_type=elb consumer=True job_name=dev:tap-oracle-wms-to-target-oracle name=target-oracle producer=False run_id=3122a49b-57b6-4f04-8e22-23ac5a857785 stdio=stderr string_id=target-oracle
2025-07-02T16:27:42.081652Z [info     ]     ^                          cmd_type=elb consumer=True job_name=dev:tap-oracle-wms-to-target-oracle name=target-oracle producer=False run_id=3122a49b-57b6-4f04-8e22-23ac5a857785 stdio=stderr string_id=target-oracle
2025-07-02T16:27:42.081808Z [info     ]   File "/home/marlonsc/flext/.venv/lib/python3.13/site-packages/sqlalchemy/engine/default.py", line 943, in do_execute cmd_type=elb consumer=True job_name=dev:tap-oracle-wms-to-target-oracle name=target-oracle producer=False run_id=3122a49b-57b6-4f04-8e22-23ac5a857785 stdio=stderr string_id=target-oracle
2025-07-02T16:27:42.081964Z [info     ]     cursor.execute(statement, parameters) cmd_type=elb consumer=True job_name=dev:tap-oracle-wms-to-target-oracle name=target-oracle producer=False run_id=3122a49b-57b6-4f04-8e22-23ac5a857785 stdio=stderr string_id=target-oracle
2025-07-02T16:27:42.082124Z [info     ]     ~~~~~~~~~~~~~~^^^^^^^^^^^^^^^^^^^^^^^ cmd_type=elb consumer=True job_name=dev:tap-oracle-wms-to-target-oracle name=target-oracle producer=False run_id=3122a49b-57b6-4f04-8e22-23ac5a857785 stdio=stderr string_id=target-oracle
2025-07-02T16:27:42.082298Z [info     ]   File "/home/marlonsc/flext/.venv/lib/python3.13/site-packages/oracledb/cursor.py", line 710, in execute cmd_type=elb consumer=True job_name=dev:tap-oracle-wms-to-target-oracle name=target-oracle producer=False run_id=3122a49b-57b6-4f04-8e22-23ac5a857785 stdio=stderr string_id=target-oracle
2025-07-02T16:27:42.082457Z [info     ]     impl.execute(self)         cmd_type=elb consumer=True job_name=dev:tap-oracle-wms-to-target-oracle name=target-oracle producer=False run_id=3122a49b-57b6-4f04-8e22-23ac5a857785 stdio=stderr string_id=target-oracle
2025-07-02T16:27:42.082613Z [info     ]     ~~~~~~~~~~~~^^^^^^         cmd_type=elb consumer=True job_name=dev:tap-oracle-wms-to-target-oracle name=target-oracle producer=False run_id=3122a49b-57b6-4f04-8e22-23ac5a857785 stdio=stderr string_id=target-oracle
2025-07-02T16:27:42.082769Z [info     ]   File "src/oracledb/impl/thin/cursor.pyx", line 196, in oracledb.thin_impl.ThinCursorImpl.execute cmd_type=elb consumer=True job_name=dev:tap-oracle-wms-to-target-oracle name=target-oracle producer=False run_id=3122a49b-57b6-4f04-8e22-23ac5a857785 stdio=stderr string_id=target-oracle
2025-07-02T16:27:42.082923Z [info     ]   File "src/oracledb/impl/thin/protocol.pyx", line 439, in oracledb.thin_impl.Protocol._process_single_message cmd_type=elb consumer=True job_name=dev:tap-oracle-wms-to-target-oracle name=target-oracle producer=False run_id=3122a49b-57b6-4f04-8e22-23ac5a857785 stdio=stderr string_id=target-oracle
2025-07-02T16:27:42.083073Z [info     ]   File "src/oracledb/impl/thin/protocol.pyx", line 440, in oracledb.thin_impl.Protocol._process_single_message cmd_type=elb consumer=True job_name=dev:tap-oracle-wms-to-target-oracle name=target-oracle producer=False run_id=3122a49b-57b6-4f04-8e22-23ac5a857785 stdio=stderr string_id=target-oracle
2025-07-02T16:27:42.083227Z [info     ]   File "src/oracledb/impl/thin/protocol.pyx", line 432, in oracledb.thin_impl.Protocol._process_message cmd_type=elb consumer=True job_name=dev:tap-oracle-wms-to-target-oracle name=target-oracle producer=False run_id=3122a49b-57b6-4f04-8e22-23ac5a857785 stdio=stderr string_id=target-oracle
2025-07-02T16:27:42.083400Z [info     ]   File "src/oracledb/impl/thin/messages.pyx", line 74, in oracledb.thin_impl.Message._check_and_raise_exception cmd_type=elb consumer=True job_name=dev:tap-oracle-wms-to-target-oracle name=target-oracle producer=False run_id=3122a49b-57b6-4f04-8e22-23ac5a857785 stdio=stderr string_id=target-oracle
2025-07-02T16:27:42.083564Z [info     ] sqlalchemy.exc.IntegrityError: (oracledb.exceptions.IntegrityError) ORA-00001: unique constraint (OIC.SYS_C00120244) violated cmd_type=elb consumer=True job_name=dev:tap-oracle-wms-to-target-oracle name=target-oracle producer=False run_id=3122a49b-57b6-4f04-8e22-23ac5a857785 stdio=stderr string_id=target-oracle
2025-07-02T16:27:42.083729Z [info     ] Help: https://docs.oracle.com/error-help/db/ora-00001/ cmd_type=elb consumer=True job_name=dev:tap-oracle-wms-to-target-oracle name=target-oracle producer=False run_id=3122a49b-57b6-4f04-8e22-23ac5a857785 stdio=stderr string_id=target-oracle
2025-07-02T16:27:42.083886Z [info     ] [SQL: INSERT INTO allocation (id, mod_ts, create_ts, alloc_qty, status_id, order_dtl_id) VALUES (:id, :mod_ts, :create_ts, :alloc_qty, :status_id, :order_dtl_id)] cmd_type=elb consumer=True job_name=dev:tap-oracle-wms-to-target-oracle name=target-oracle producer=False run_id=3122a49b-57b6-4f04-8e22-23ac5a857785 stdio=stderr string_id=target-oracle
2025-07-02T16:27:42.084041Z [info     ] [SQL parameters hidden due to hide_parameters=True] cmd_type=elb consumer=True job_name=dev:tap-oracle-wms-to-target-oracle name=target-oracle producer=False run_id=3122a49b-57b6-4f04-8e22-23ac5a857785 stdio=stderr string_id=target-oracle
2025-07-02T16:27:42.084191Z [info     ] (Background on this error at: https://sqlalche.me/e/20/gkpj) cmd_type=elb consumer=True job_name=dev:tap-oracle-wms-to-target-oracle name=target-oracle producer=False run_id=3122a49b-57b6-4f04-8e22-23ac5a857785 stdio=stderr string_id=target-oracle
2025-07-02T16:27:42.084350Z [info     ] """                            cmd_type=elb consumer=True job_name=dev:tap-oracle-wms-to-target-oracle name=target-oracle producer=False run_id=3122a49b-57b6-4f04-8e22-23ac5a857785 stdio=stderr string_id=target-oracle
2025-07-02T16:27:42.084513Z [info     ]                                cmd_type=elb consumer=True job_name=dev:tap-oracle-wms-to-target-oracle name=target-oracle producer=False run_id=3122a49b-57b6-4f04-8e22-23ac5a857785 stdio=stderr string_id=target-oracle
2025-07-02T16:27:42.084671Z [info     ] The above exception was the direct cause of the following exception: cmd_type=elb consumer=True job_name=dev:tap-oracle-wms-to-target-oracle name=target-oracle producer=False run_id=3122a49b-57b6-4f04-8e22-23ac5a857785 stdio=stderr string_id=target-oracle
2025-07-02T16:27:42.084836Z [info     ]                                cmd_type=elb consumer=True job_name=dev:tap-oracle-wms-to-target-oracle name=target-oracle producer=False run_id=3122a49b-57b6-4f04-8e22-23ac5a857785 stdio=stderr string_id=target-oracle
2025-07-02T16:27:42.085000Z [info     ] Traceback (most recent call last): cmd_type=elb consumer=True job_name=dev:tap-oracle-wms-to-target-oracle name=target-oracle producer=False run_id=3122a49b-57b6-4f04-8e22-23ac5a857785 stdio=stderr string_id=target-oracle
2025-07-02T16:27:42.085165Z [info     ]   File "/home/marlonsc/flext/.venv/bin/flext-target-oracle", line 8, in <module> cmd_type=elb consumer=True job_name=dev:tap-oracle-wms-to-target-oracle name=target-oracle producer=False run_id=3122a49b-57b6-4f04-8e22-23ac5a857785 stdio=stderr string_id=target-oracle
2025-07-02T16:27:42.085352Z [info     ]     sys.exit(main())           cmd_type=elb consumer=True job_name=dev:tap-oracle-wms-to-target-oracle name=target-oracle producer=False run_id=3122a49b-57b6-4f04-8e22-23ac5a857785 stdio=stderr string_id=target-oracle
2025-07-02T16:27:42.085522Z [info     ]              ~~~~^^            cmd_type=elb consumer=True job_name=dev:tap-oracle-wms-to-target-oracle name=target-oracle producer=False run_id=3122a49b-57b6-4f04-8e22-23ac5a857785 stdio=stderr string_id=target-oracle
2025-07-02T16:27:42.085682Z [info     ]   File "/home/marlonsc/flext/flext-target-oracle/flext_target_oracle/cli.py", line 14, in main cmd_type=elb consumer=True job_name=dev:tap-oracle-wms-to-target-oracle name=target-oracle producer=False run_id=3122a49b-57b6-4f04-8e22-23ac5a857785 stdio=stderr string_id=target-oracle
2025-07-02T16:27:42.085840Z [info     ]     OracleTarget.cli()         cmd_type=elb consumer=True job_name=dev:tap-oracle-wms-to-target-oracle name=target-oracle producer=False run_id=3122a49b-57b6-4f04-8e22-23ac5a857785 stdio=stderr string_id=target-oracle
2025-07-02T16:27:42.085996Z [info     ]     ~~~~~~~~~~~~~~~~^^         cmd_type=elb consumer=True job_name=dev:tap-oracle-wms-to-target-oracle name=target-oracle producer=False run_id=3122a49b-57b6-4f04-8e22-23ac5a857785 stdio=stderr string_id=target-oracle
2025-07-02T16:27:42.086151Z [info     ]   File "/home/marlonsc/flext/.venv/lib/python3.13/site-packages/click/core.py", line 1442, in __call__ cmd_type=elb consumer=True job_name=dev:tap-oracle-wms-to-target-oracle name=target-oracle producer=False run_id=3122a49b-57b6-4f04-8e22-23ac5a857785 stdio=stderr string_id=target-oracle
2025-07-02T16:27:42.086323Z [info     ]     return self.main(*args, **kwargs) cmd_type=elb consumer=True job_name=dev:tap-oracle-wms-to-target-oracle name=target-oracle producer=False run_id=3122a49b-57b6-4f04-8e22-23ac5a857785 stdio=stderr string_id=target-oracle
2025-07-02T16:27:42.086483Z [info     ]            ~~~~~~~~~^^^^^^^^^^^^^^^^^ cmd_type=elb consumer=True job_name=dev:tap-oracle-wms-to-target-oracle name=target-oracle producer=False run_id=3122a49b-57b6-4f04-8e22-23ac5a857785 stdio=stderr string_id=target-oracle
2025-07-02T16:27:42.086637Z [info     ]   File "/home/marlonsc/flext/.venv/lib/python3.13/site-packages/click/core.py", line 1363, in main cmd_type=elb consumer=True job_name=dev:tap-oracle-wms-to-target-oracle name=target-oracle producer=False run_id=3122a49b-57b6-4f04-8e22-23ac5a857785 stdio=stderr string_id=target-oracle
2025-07-02T16:27:42.086794Z [info     ]     rv = self.invoke(ctx)      cmd_type=elb consumer=True job_name=dev:tap-oracle-wms-to-target-oracle name=target-oracle producer=False run_id=3122a49b-57b6-4f04-8e22-23ac5a857785 stdio=stderr string_id=target-oracle
2025-07-02T16:27:42.086954Z [info     ]   File "/home/marlonsc/flext/.venv/lib/python3.13/site-packages/singer_sdk/plugin_base.py", line 98, in invoke cmd_type=elb consumer=True job_name=dev:tap-oracle-wms-to-target-oracle name=target-oracle producer=False run_id=3122a49b-57b6-4f04-8e22-23ac5a857785 stdio=stderr string_id=target-oracle
2025-07-02T16:27:42.087111Z [info     ]     return super().invoke(ctx) cmd_type=elb consumer=True job_name=dev:tap-oracle-wms-to-target-oracle name=target-oracle producer=False run_id=3122a49b-57b6-4f04-8e22-23ac5a857785 stdio=stderr string_id=target-oracle
2025-07-02T16:27:42.087267Z [info     ]            ~~~~~~~~~~~~~~^^^^^ cmd_type=elb consumer=True job_name=dev:tap-oracle-wms-to-target-oracle name=target-oracle producer=False run_id=3122a49b-57b6-4f04-8e22-23ac5a857785 stdio=stderr string_id=target-oracle
2025-07-02T16:27:42.087435Z [info     ]   File "/home/marlonsc/flext/.venv/lib/python3.13/site-packages/click/core.py", line 1226, in invoke cmd_type=elb consumer=True job_name=dev:tap-oracle-wms-to-target-oracle name=target-oracle producer=False run_id=3122a49b-57b6-4f04-8e22-23ac5a857785 stdio=stderr string_id=target-oracle
2025-07-02T16:27:42.087600Z [info     ]     return ctx.invoke(self.callback, **ctx.params) cmd_type=elb consumer=True job_name=dev:tap-oracle-wms-to-target-oracle name=target-oracle producer=False run_id=3122a49b-57b6-4f04-8e22-23ac5a857785 stdio=stderr string_id=target-oracle
2025-07-02T16:27:42.087785Z [info     ]            ~~~~~~~~~~^^^^^^^^^^^^^^^^^^^^^^^^^^^^^ cmd_type=elb consumer=True job_name=dev:tap-oracle-wms-to-target-oracle name=target-oracle producer=False run_id=3122a49b-57b6-4f04-8e22-23ac5a857785 stdio=stderr string_id=target-oracle
2025-07-02T16:27:42.087954Z [info     ]   File "/home/marlonsc/flext/.venv/lib/python3.13/site-packages/click/core.py", line 794, in invoke cmd_type=elb consumer=True job_name=dev:tap-oracle-wms-to-target-oracle name=target-oracle producer=False run_id=3122a49b-57b6-4f04-8e22-23ac5a857785 stdio=stderr string_id=target-oracle
2025-07-02T16:27:42.088112Z [info     ]     return callback(*args, **kwargs) cmd_type=elb consumer=True job_name=dev:tap-oracle-wms-to-target-oracle name=target-oracle producer=False run_id=3122a49b-57b6-4f04-8e22-23ac5a857785 stdio=stderr string_id=target-oracle
2025-07-02T16:27:42.088278Z [info     ]   File "/home/marlonsc/flext/.venv/lib/python3.13/site-packages/singer_sdk/target_base.py", line 588, in invoke cmd_type=elb consumer=True job_name=dev:tap-oracle-wms-to-target-oracle name=target-oracle producer=False run_id=3122a49b-57b6-4f04-8e22-23ac5a857785 stdio=stderr string_id=target-oracle
2025-07-02T16:27:42.088448Z [info     ]     target.listen(file_input)  cmd_type=elb consumer=True job_name=dev:tap-oracle-wms-to-target-oracle name=target-oracle producer=False run_id=3122a49b-57b6-4f04-8e22-23ac5a857785 stdio=stderr string_id=target-oracle
2025-07-02T16:27:42.088613Z [info     ]     ~~~~~~~~~~~~~^^^^^^^^^^^^  cmd_type=elb consumer=True job_name=dev:tap-oracle-wms-to-target-oracle name=target-oracle producer=False run_id=3122a49b-57b6-4f04-8e22-23ac5a857785 stdio=stderr string_id=target-oracle
2025-07-02T16:27:42.088894Z [info     ]   File "/home/marlonsc/flext/.venv/lib/python3.13/site-packages/singer_sdk/plugin_base.py", line 775, in listen cmd_type=elb consumer=True job_name=dev:tap-oracle-wms-to-target-oracle name=target-oracle producer=False run_id=3122a49b-57b6-4f04-8e22-23ac5a857785 stdio=stderr string_id=target-oracle
2025-07-02T16:27:42.089079Z [info     ]     counter = self.process_lines(file_input) cmd_type=elb consumer=True job_name=dev:tap-oracle-wms-to-target-oracle name=target-oracle producer=False run_id=3122a49b-57b6-4f04-8e22-23ac5a857785 stdio=stderr string_id=target-oracle
2025-07-02T16:27:42.089237Z [info     ]   File "/home/marlonsc/flext/flext-target-oracle/flext_target_oracle/target.py", line 1159, in process_lines cmd_type=elb consumer=True job_name=dev:tap-oracle-wms-to-target-oracle name=target-oracle producer=False run_id=3122a49b-57b6-4f04-8e22-23ac5a857785 stdio=stderr string_id=target-oracle
2025-07-02T16:27:42.089410Z [info     ]     # Enhanced logger exists but no operation_context - use basic logging cmd_type=elb consumer=True job_name=dev:tap-oracle-wms-to-target-oracle name=target-oracle producer=False run_id=3122a49b-57b6-4f04-8e22-23ac5a857785 stdio=stderr string_id=target-oracle
2025-07-02T16:27:42.089575Z [info     ]   File "/home/marlonsc/flext/.venv/lib/python3.13/site-packages/singer_sdk/plugin_base.py", line 801, in process_lines cmd_type=elb consumer=True job_name=dev:tap-oracle-wms-to-target-oracle name=target-oracle producer=False run_id=3122a49b-57b6-4f04-8e22-23ac5a857785 stdio=stderr string_id=target-oracle
2025-07-02T16:27:42.089744Z [info     ]     return self.message_reader.process_lines( cmd_type=elb consumer=True job_name=dev:tap-oracle-wms-to-target-oracle name=target-oracle producer=False run_id=3122a49b-57b6-4f04-8e22-23ac5a857785 stdio=stderr string_id=target-oracle
2025-07-02T16:27:42.089901Z [info     ]            ~~~~~~~~~~~~~~~~~~~~~~~~~~~~~~~~~^ cmd_type=elb consumer=True job_name=dev:tap-oracle-wms-to-target-oracle name=target-oracle producer=False run_id=3122a49b-57b6-4f04-8e22-23ac5a857785 stdio=stderr string_id=target-oracle
2025-07-02T16:27:42.090112Z [info     ]         file_input,            cmd_type=elb consumer=True job_name=dev:tap-oracle-wms-to-target-oracle name=target-oracle producer=False run_id=3122a49b-57b6-4f04-8e22-23ac5a857785 stdio=stderr string_id=target-oracle
2025-07-02T16:27:42.090294Z [info     ]         ^^^^^^^^^^^            cmd_type=elb consumer=True job_name=dev:tap-oracle-wms-to-target-oracle name=target-oracle producer=False run_id=3122a49b-57b6-4f04-8e22-23ac5a857785 stdio=stderr string_id=target-oracle
2025-07-02T16:27:42.090470Z [info     ]     ...<6 lines>...            cmd_type=elb consumer=True job_name=dev:tap-oracle-wms-to-target-oracle name=target-oracle producer=False run_id=3122a49b-57b6-4f04-8e22-23ac5a857785 stdio=stderr string_id=target-oracle
2025-07-02T16:27:42.090630Z [info     ]         },                     cmd_type=elb consumer=True job_name=dev:tap-oracle-wms-to-target-oracle name=target-oracle producer=False run_id=3122a49b-57b6-4f04-8e22-23ac5a857785 stdio=stderr string_id=target-oracle
2025-07-02T16:27:42.090794Z [info     ]         ^^                     cmd_type=elb consumer=True job_name=dev:tap-oracle-wms-to-target-oracle name=target-oracle producer=False run_id=3122a49b-57b6-4f04-8e22-23ac5a857785 stdio=stderr string_id=target-oracle
2025-07-02T16:27:42.090969Z [info     ]     )                          cmd_type=elb consumer=True job_name=dev:tap-oracle-wms-to-target-oracle name=target-oracle producer=False run_id=3122a49b-57b6-4f04-8e22-23ac5a857785 stdio=stderr string_id=target-oracle
2025-07-02T16:27:42.091144Z [info     ]     ^                          cmd_type=elb consumer=True job_name=dev:tap-oracle-wms-to-target-oracle name=target-oracle producer=False run_id=3122a49b-57b6-4f04-8e22-23ac5a857785 stdio=stderr string_id=target-oracle
2025-07-02T16:27:42.092278Z [info     ]   File "/home/marlonsc/flext/.venv/lib/python3.13/site-packages/singer_sdk/singerlib/encoding/base.py", line 70, in process_lines cmd_type=elb consumer=True job_name=dev:tap-oracle-wms-to-target-oracle name=target-oracle producer=False run_id=3122a49b-57b6-4f04-8e22-23ac5a857785 stdio=stderr string_id=target-oracle
2025-07-02T16:27:42.092569Z [info     ]     callback(line_dict)        cmd_type=elb consumer=True job_name=dev:tap-oracle-wms-to-target-oracle name=target-oracle producer=False run_id=3122a49b-57b6-4f04-8e22-23ac5a857785 stdio=stderr string_id=target-oracle
2025-07-02T16:27:42.092743Z [info     ]     ~~~~~~~~^^^^^^^^^^^        cmd_type=elb consumer=True job_name=dev:tap-oracle-wms-to-target-oracle name=target-oracle producer=False run_id=3122a49b-57b6-4f04-8e22-23ac5a857785 stdio=stderr string_id=target-oracle
2025-07-02T16:27:42.092914Z [info     ]   File "/home/marlonsc/flext/.venv/lib/python3.13/site-packages/singer_sdk/target_base.py", line 356, in _process_record_message cmd_type=elb consumer=True job_name=dev:tap-oracle-wms-to-target-oracle name=target-oracle producer=False run_id=3122a49b-57b6-4f04-8e22-23ac5a857785 stdio=stderr string_id=target-oracle
2025-07-02T16:27:42.093080Z [info     ]     self._handle_max_record_age() cmd_type=elb consumer=True job_name=dev:tap-oracle-wms-to-target-oracle name=target-oracle producer=False run_id=3122a49b-57b6-4f04-8e22-23ac5a857785 stdio=stderr string_id=target-oracle
2025-07-02T16:27:42.093246Z [info     ]     ~~~~~~~~~~~~~~~~~~~~~~~~~~~^^ cmd_type=elb consumer=True job_name=dev:tap-oracle-wms-to-target-oracle name=target-oracle producer=False run_id=3122a49b-57b6-4f04-8e22-23ac5a857785 stdio=stderr string_id=target-oracle
2025-07-02T16:27:42.093427Z [info     ]   File "/home/marlonsc/flext/.venv/lib/python3.13/site-packages/singer_sdk/target_base.py", line 302, in _handle_max_record_age cmd_type=elb consumer=True job_name=dev:tap-oracle-wms-to-target-oracle name=target-oracle producer=False run_id=3122a49b-57b6-4f04-8e22-23ac5a857785 stdio=stderr string_id=target-oracle
2025-07-02T16:27:42.093607Z [info     ]     self.drain_all()           cmd_type=elb consumer=True job_name=dev:tap-oracle-wms-to-target-oracle name=target-oracle producer=False run_id=3122a49b-57b6-4f04-8e22-23ac5a857785 stdio=stderr string_id=target-oracle
2025-07-02T16:27:42.093805Z [info     ]     ~~~~~~~~~~~~~~^^           cmd_type=elb consumer=True job_name=dev:tap-oracle-wms-to-target-oracle name=target-oracle producer=False run_id=3122a49b-57b6-4f04-8e22-23ac5a857785 stdio=stderr string_id=target-oracle
2025-07-02T16:27:42.093981Z [info     ]   File "/home/marlonsc/flext/.venv/lib/python3.13/site-packages/singer_sdk/target_base.py", line 489, in drain_all cmd_type=elb consumer=True job_name=dev:tap-oracle-wms-to-target-oracle name=target-oracle producer=False run_id=3122a49b-57b6-4f04-8e22-23ac5a857785 stdio=stderr string_id=target-oracle
2025-07-02T16:27:42.094144Z [info     ]     self._drain_all(self._sinks_active.values(), self.max_parallelism) cmd_type=elb consumer=True job_name=dev:tap-oracle-wms-to-target-oracle name=target-oracle producer=False run_id=3122a49b-57b6-4f04-8e22-23ac5a857785 stdio=stderr string_id=target-oracle
2025-07-02T16:27:42.094319Z [info     ]     ~~~~~~~~~~~~~~~^^^^^^^^^^^^^^^^^^^^^^^^^^^^^^^^^^^^^^^^^^^^^^^^^^^ cmd_type=elb consumer=True job_name=dev:tap-oracle-wms-to-target-oracle name=target-oracle producer=False run_id=3122a49b-57b6-4f04-8e22-23ac5a857785 stdio=stderr string_id=target-oracle
2025-07-02T16:27:42.094480Z [info     ]   File "/home/marlonsc/flext/.venv/lib/python3.13/site-packages/singer_sdk/target_base.py", line 526, in _drain_all cmd_type=elb consumer=True job_name=dev:tap-oracle-wms-to-target-oracle name=target-oracle producer=False run_id=3122a49b-57b6-4f04-8e22-23ac5a857785 stdio=stderr string_id=target-oracle
2025-07-02T16:27:42.094644Z [info     ]     Parallel()(delayed(_drain_sink)(sink=sink) for sink in sink_list) cmd_type=elb consumer=True job_name=dev:tap-oracle-wms-to-target-oracle name=target-oracle producer=False run_id=3122a49b-57b6-4f04-8e22-23ac5a857785 stdio=stderr string_id=target-oracle
2025-07-02T16:27:42.094802Z [info     ]     ~~~~~~~~~~^^^^^^^^^^^^^^^^^^^^^^^^^^^^^^^^^^^^^^^^^^^^^^^^^^^^^^^ cmd_type=elb consumer=True job_name=dev:tap-oracle-wms-to-target-oracle name=target-oracle producer=False run_id=3122a49b-57b6-4f04-8e22-23ac5a857785 stdio=stderr string_id=target-oracle
2025-07-02T16:27:42.094960Z [info     ]   File "/home/marlonsc/flext/.venv/lib/python3.13/site-packages/joblib/parallel.py", line 2072, in __call__ cmd_type=elb consumer=True job_name=dev:tap-oracle-wms-to-target-oracle name=target-oracle producer=False run_id=3122a49b-57b6-4f04-8e22-23ac5a857785 stdio=stderr string_id=target-oracle
2025-07-02T16:27:42.095118Z [info     ]     return output if self.return_generator else list(output) cmd_type=elb consumer=True job_name=dev:tap-oracle-wms-to-target-oracle name=target-oracle producer=False run_id=3122a49b-57b6-4f04-8e22-23ac5a857785 stdio=stderr string_id=target-oracle
2025-07-02T16:27:42.095275Z [info     ]                                                 ~~~~^^^^^^^^ cmd_type=elb consumer=True job_name=dev:tap-oracle-wms-to-target-oracle name=target-oracle producer=False run_id=3122a49b-57b6-4f04-8e22-23ac5a857785 stdio=stderr string_id=target-oracle
2025-07-02T16:27:42.095442Z [info     ]   File "/home/marlonsc/flext/.venv/lib/python3.13/site-packages/joblib/parallel.py", line 1682, in _get_outputs cmd_type=elb consumer=True job_name=dev:tap-oracle-wms-to-target-oracle name=target-oracle producer=False run_id=3122a49b-57b6-4f04-8e22-23ac5a857785 stdio=stderr string_id=target-oracle
2025-07-02T16:27:42.095597Z [info     ]     yield from self._retrieve() cmd_type=elb consumer=True job_name=dev:tap-oracle-wms-to-target-oracle name=target-oracle producer=False run_id=3122a49b-57b6-4f04-8e22-23ac5a857785 stdio=stderr string_id=target-oracle
2025-07-02T16:27:42.095761Z [info     ]   File "/home/marlonsc/flext/.venv/lib/python3.13/site-packages/joblib/parallel.py", line 1784, in _retrieve cmd_type=elb consumer=True job_name=dev:tap-oracle-wms-to-target-oracle name=target-oracle producer=False run_id=3122a49b-57b6-4f04-8e22-23ac5a857785 stdio=stderr string_id=target-oracle
2025-07-02T16:27:42.095917Z [info     ]     self._raise_error_fast()   cmd_type=elb consumer=True job_name=dev:tap-oracle-wms-to-target-oracle name=target-oracle producer=False run_id=3122a49b-57b6-4f04-8e22-23ac5a857785 stdio=stderr string_id=target-oracle
2025-07-02T16:27:42.096073Z [info     ]     ~~~~~~~~~~~~~~~~~~~~~~^^   cmd_type=elb consumer=True job_name=dev:tap-oracle-wms-to-target-oracle name=target-oracle producer=False run_id=3122a49b-57b6-4f04-8e22-23ac5a857785 stdio=stderr string_id=target-oracle
2025-07-02T16:27:42.096233Z [info     ]   File "/home/marlonsc/flext/.venv/lib/python3.13/site-packages/joblib/parallel.py", line 1859, in _raise_error_fast cmd_type=elb consumer=True job_name=dev:tap-oracle-wms-to-target-oracle name=target-oracle producer=False run_id=3122a49b-57b6-4f04-8e22-23ac5a857785 stdio=stderr string_id=target-oracle
2025-07-02T16:27:42.096464Z [info     ]     error_job.get_result(self.timeout) cmd_type=elb consumer=True job_name=dev:tap-oracle-wms-to-target-oracle name=target-oracle producer=False run_id=3122a49b-57b6-4f04-8e22-23ac5a857785 stdio=stderr string_id=target-oracle
2025-07-02T16:27:42.096629Z [info     ]     ~~~~~~~~~~~~~~~~~~~~^^^^^^^^^^^^^^ cmd_type=elb consumer=True job_name=dev:tap-oracle-wms-to-target-oracle name=target-oracle producer=False run_id=3122a49b-57b6-4f04-8e22-23ac5a857785 stdio=stderr string_id=target-oracle
2025-07-02T16:27:42.096788Z [info     ]   File "/home/marlonsc/flext/.venv/lib/python3.13/site-packages/joblib/parallel.py", line 758, in get_result cmd_type=elb consumer=True job_name=dev:tap-oracle-wms-to-target-oracle name=target-oracle producer=False run_id=3122a49b-57b6-4f04-8e22-23ac5a857785 stdio=stderr string_id=target-oracle
2025-07-02T16:27:42.096943Z [info     ]     return self._return_or_raise() cmd_type=elb consumer=True job_name=dev:tap-oracle-wms-to-target-oracle name=target-oracle producer=False run_id=3122a49b-57b6-4f04-8e22-23ac5a857785 stdio=stderr string_id=target-oracle
2025-07-02T16:27:42.097098Z [info     ]            ~~~~~~~~~~~~~~~~~~~~~^^ cmd_type=elb consumer=True job_name=dev:tap-oracle-wms-to-target-oracle name=target-oracle producer=False run_id=3122a49b-57b6-4f04-8e22-23ac5a857785 stdio=stderr string_id=target-oracle
2025-07-02T16:27:42.097254Z [info     ]   File "/home/marlonsc/flext/.venv/lib/python3.13/site-packages/joblib/parallel.py", line 773, in _return_or_raise cmd_type=elb consumer=True job_name=dev:tap-oracle-wms-to-target-oracle name=target-oracle producer=False run_id=3122a49b-57b6-4f04-8e22-23ac5a857785 stdio=stderr string_id=target-oracle
2025-07-02T16:27:42.097421Z [info     ]     raise self._result         cmd_type=elb consumer=True job_name=dev:tap-oracle-wms-to-target-oracle name=target-oracle producer=False run_id=3122a49b-57b6-4f04-8e22-23ac5a857785 stdio=stderr string_id=target-oracle
2025-07-02T16:27:42.097575Z [info     ] sqlalchemy.exc.IntegrityError: (oracledb.exceptions.IntegrityError) ORA-00001: unique constraint (OIC.SYS_C00120244) violated cmd_type=elb consumer=True job_name=dev:tap-oracle-wms-to-target-oracle name=target-oracle producer=False run_id=3122a49b-57b6-4f04-8e22-23ac5a857785 stdio=stderr string_id=target-oracle
2025-07-02T16:27:42.097729Z [info     ] Help: https://docs.oracle.com/error-help/db/ora-00001/ cmd_type=elb consumer=True job_name=dev:tap-oracle-wms-to-target-oracle name=target-oracle producer=False run_id=3122a49b-57b6-4f04-8e22-23ac5a857785 stdio=stderr string_id=target-oracle
2025-07-02T16:27:42.097890Z [info     ] [SQL: INSERT INTO allocation (id, mod_ts, create_ts, alloc_qty, status_id, order_dtl_id) VALUES (:id, :mod_ts, :create_ts, :alloc_qty, :status_id, :order_dtl_id)] cmd_type=elb consumer=True job_name=dev:tap-oracle-wms-to-target-oracle name=target-oracle producer=False run_id=3122a49b-57b6-4f04-8e22-23ac5a857785 stdio=stderr string_id=target-oracle
2025-07-02T16:27:42.098057Z [info     ] [SQL parameters hidden due to hide_parameters=True] cmd_type=elb consumer=True job_name=dev:tap-oracle-wms-to-target-oracle name=target-oracle producer=False run_id=3122a49b-57b6-4f04-8e22-23ac5a857785 stdio=stderr string_id=target-oracle
2025-07-02T16:27:42.098215Z [info     ] (Background on this error at: https://sqlalche.me/e/20/gkpj) cmd_type=elb consumer=True job_name=dev:tap-oracle-wms-to-target-oracle name=target-oracle producer=False run_id=3122a49b-57b6-4f04-8e22-23ac5a857785 stdio=stderr string_id=target-oracle
2025-07-02T16:27:42.160826Z [info     ] Incremental state has been updated at 2025-07-02 16:27:42.160763+00:00.
2025-07-02T16:27:42.238614Z [info     ] Incremental state has been updated at 2025-07-02 16:27:42.238552+00:00.
2025-07-02T16:27:42.329694Z [error    ] Loader failed
2025-07-02T16:27:42.329933Z [error    ] Block run completed.           block_type=ExtractLoadBlocks err=RunnerError('Loader failed') exit_codes={<PluginType.LOADERS: 'loaders'>: 1} set_number=0 success=False
