2025-07-02 15:22:42 - IN√çCIO: Sincroniza√ß√£o Full
2025-07-02 15:22:42 - CONFIG: Testando ambiente...
Ambiente OK
2025-07-02 15:22:42 - EXEC: Executando meltano run...
[2m2025-07-02T18:22:43.150796Z[0m [[32m[1minfo     [0m] [1mEnvironment 'dev' is active   [0m
[2m2025-07-02T18:22:43.552278Z[0m [[33m[1mwarning  [0m] [1mA catalog file was found, but it will be ignored as the extractor does not advertise the `catalog` or `properties` capability[0m
[2m2025-07-02T18:22:44.018436Z[0m [[32m[1minfo     [0m] [1mtap-oracle-wms v0.1.0, Meltano SDK v0.47.4[0m [36mcmd_type[0m=[35melb[0m [36mconsumer[0m=[35mFalse[0m [36mjob_name[0m=[35mdev:tap-oracle-wms-to-target-oracle[0m [36mname[0m=[35mtap-oracle-wms[0m [36mproducer[0m=[35mTrue[0m [36mrun_id[0m=[35m885123de-23d7-464d-b523-b729f3d644ce[0m [36mstdio[0m=[35mstderr[0m [36mstring_id[0m=[35mtap-oracle-wms[0m
[2m2025-07-02T18:22:44.019164Z[0m [[32m[1minfo     [0m] [1m/home/marlonsc/flext/.venv/lib/python3.13/site-packages/singer_sdk/plugin_base.py:715: SingerSDKDeprecationWarning: Passing a list of config file paths is deprecated. Please pass the config as a dictionary instead.[0m [36mcmd_type[0m=[35melb[0m [36mconsumer[0m=[35mFalse[0m [36mjob_name[0m=[35mdev:tap-oracle-wms-to-target-oracle[0m [36mname[0m=[35mtap-oracle-wms[0m [36mproducer[0m=[35mTrue[0m [36mrun_id[0m=[35m885123de-23d7-464d-b523-b729f3d644ce[0m [36mstdio[0m=[35mstderr[0m [36mstring_id[0m=[35mtap-oracle-wms[0m
[2m2025-07-02T18:22:44.019373Z[0m [[32m[1minfo     [0m] [1m  super().__init__(           [0m [36mcmd_type[0m=[35melb[0m [36mconsumer[0m=[35mFalse[0m [36mjob_name[0m=[35mdev:tap-oracle-wms-to-target-oracle[0m [36mname[0m=[35mtap-oracle-wms[0m [36mproducer[0m=[35mTrue[0m [36mrun_id[0m=[35m885123de-23d7-464d-b523-b729f3d644ce[0m [36mstdio[0m=[35mstderr[0m [36mstring_id[0m=[35mtap-oracle-wms[0m
[2m2025-07-02T18:22:44.019494Z[0m [[32m[1minfo     [0m] [1m                              [0m [36mcmd_type[0m=[35melb[0m [36mconsumer[0m=[35mFalse[0m [36mjob_name[0m=[35mdev:tap-oracle-wms-to-target-oracle[0m [36mname[0m=[35mtap-oracle-wms[0m [36mproducer[0m=[35mTrue[0m [36mrun_id[0m=[35m885123de-23d7-464d-b523-b729f3d644ce[0m [36mstdio[0m=[35mstderr[0m [36mstring_id[0m=[35mtap-oracle-wms[0m
[2m2025-07-02T18:22:44.019690Z[0m [[32m[1minfo     [0m] [1mSkipping parse of env var settings...[0m [36mcmd_type[0m=[35melb[0m [36mconsumer[0m=[35mFalse[0m [36mjob_name[0m=[35mdev:tap-oracle-wms-to-target-oracle[0m [36mname[0m=[35mtap-oracle-wms[0m [36mproducer[0m=[35mTrue[0m [36mrun_id[0m=[35m885123de-23d7-464d-b523-b729f3d644ce[0m [36mstdio[0m=[35mstderr[0m [36mstring_id[0m=[35mtap-oracle-wms[0m
[2m2025-07-02T18:22:44.020401Z[0m [[32m[1minfo     [0m] [1mConfigured stream: allocation [0m [36mcmd_type[0m=[35melb[0m [36mconsumer[0m=[35mFalse[0m [36mjob_name[0m=[35mdev:tap-oracle-wms-to-target-oracle[0m [36mname[0m=[35mtap-oracle-wms[0m [36mproducer[0m=[35mTrue[0m [36mrun_id[0m=[35m885123de-23d7-464d-b523-b729f3d644ce[0m [36mstdio[0m=[35mstderr[0m [36mstring_id[0m=[35mtap-oracle-wms[0m
[2m2025-07-02T18:22:44.020904Z[0m [[32m[1minfo     [0m] [1mFound 'allocation' filter rule: true()[0m [36mcmd_type[0m=[35melb[0m [36mconsumer[0m=[35mFalse[0m [36mjob_name[0m=[35mdev:tap-oracle-wms-to-target-oracle[0m [36mname[0m=[35mtap-oracle-wms[0m [36mproducer[0m=[35mTrue[0m [36mrun_id[0m=[35m885123de-23d7-464d-b523-b729f3d644ce[0m [36mstdio[0m=[35mstderr[0m [36mstring_id[0m=[35mtap-oracle-wms[0m
[2m2025-07-02T18:22:44.062716Z[0m [[32m[1minfo     [0m] [1mBeginning full_table sync of 'allocation'[0m [36mcmd_type[0m=[35melb[0m [36mconsumer[0m=[35mFalse[0m [36mjob_name[0m=[35mdev:tap-oracle-wms-to-target-oracle[0m [36mname[0m=[35mtap-oracle-wms[0m [36mproducer[0m=[35mTrue[0m [36mrun_id[0m=[35m885123de-23d7-464d-b523-b729f3d644ce[0m [36mstdio[0m=[35mstderr[0m [36mstring_id[0m=[35mtap-oracle-wms[0m
[2m2025-07-02T18:22:44.062991Z[0m [[32m[1minfo     [0m] [1mStarting incremental sync with bookmark value: None[0m [36mcmd_type[0m=[35melb[0m [36mconsumer[0m=[35mFalse[0m [36mjob_name[0m=[35mdev:tap-oracle-wms-to-target-oracle[0m [36mname[0m=[35mtap-oracle-wms[0m [36mproducer[0m=[35mTrue[0m [36mrun_id[0m=[35m885123de-23d7-464d-b523-b729f3d644ce[0m [36mstdio[0m=[35mstderr[0m [36mstring_id[0m=[35mtap-oracle-wms[0m
[2m2025-07-02T18:22:44.063090Z[0m [[32m[1minfo     [0m] [1mWMS GET_RECORDS START - Entity: allocation[0m [36mcmd_type[0m=[35melb[0m [36mconsumer[0m=[35mFalse[0m [36mjob_name[0m=[35mdev:tap-oracle-wms-to-target-oracle[0m [36mname[0m=[35mtap-oracle-wms[0m [36mproducer[0m=[35mTrue[0m [36mrun_id[0m=[35m885123de-23d7-464d-b523-b729f3d644ce[0m [36mstdio[0m=[35mstderr[0m [36mstring_id[0m=[35mtap-oracle-wms[0m
[2m2025-07-02T18:22:44.063169Z[0m [[32m[1minfo     [0m] [1mWMS REQUEST PARAMS - Entity: allocation[0m [36mcmd_type[0m=[35melb[0m [36mconsumer[0m=[35mFalse[0m [36mjob_name[0m=[35mdev:tap-oracle-wms-to-target-oracle[0m [36mname[0m=[35mtap-oracle-wms[0m [36mproducer[0m=[35mTrue[0m [36mrun_id[0m=[35m885123de-23d7-464d-b523-b729f3d644ce[0m [36mstdio[0m=[35mstderr[0m [36mstring_id[0m=[35mtap-oracle-wms[0m
[2m2025-07-02T18:22:44.063239Z[0m [[32m[1minfo     [0m] [1mWMS FINAL PARAMS - Entity: allocation - URL: https://a29.wms.ocs.oraclecloud.com/raizen/wms/lgfapi/v10/entity/allocation - PARAMS: {'page_size': 1000, 'page_mode': 'sequenced', 'ordering': '-id'}[0m [36mcmd_type[0m=[35melb[0m [36mconsumer[0m=[35mFalse[0m [36mjob_name[0m=[35mdev:tap-oracle-wms-to-target-oracle[0m [36mname[0m=[35mtap-oracle-wms[0m [36mproducer[0m=[35mTrue[0m [36mrun_id[0m=[35m885123de-23d7-464d-b523-b729f3d644ce[0m [36mstdio[0m=[35mstderr[0m [36mstring_id[0m=[35mtap-oracle-wms[0m
[2m2025-07-02T18:22:44.063340Z[0m [[32m[1minfo     [0m] [1mWMS HTTP REQUEST #1 - Entity: allocation[0m [36mcmd_type[0m=[35melb[0m [36mconsumer[0m=[35mFalse[0m [36mjob_name[0m=[35mdev:tap-oracle-wms-to-target-oracle[0m [36mname[0m=[35mtap-oracle-wms[0m [36mproducer[0m=[35mTrue[0m [36mrun_id[0m=[35m885123de-23d7-464d-b523-b729f3d644ce[0m [36mstdio[0m=[35mstderr[0m [36mstring_id[0m=[35mtap-oracle-wms[0m
[2m2025-07-02T18:22:44.063428Z[0m [[32m[1minfo     [0m] [1mWMS REQUEST PARAMS - Entity: allocation[0m [36mcmd_type[0m=[35melb[0m [36mconsumer[0m=[35mFalse[0m [36mjob_name[0m=[35mdev:tap-oracle-wms-to-target-oracle[0m [36mname[0m=[35mtap-oracle-wms[0m [36mproducer[0m=[35mTrue[0m [36mrun_id[0m=[35m885123de-23d7-464d-b523-b729f3d644ce[0m [36mstdio[0m=[35mstderr[0m [36mstring_id[0m=[35mtap-oracle-wms[0m
[2m2025-07-02T18:22:44.063500Z[0m [[32m[1minfo     [0m] [1mWMS FINAL PARAMS - Entity: allocation - URL: https://a29.wms.ocs.oraclecloud.com/raizen/wms/lgfapi/v10/entity/allocation - PARAMS: {'page_size': 1000, 'page_mode': 'sequenced', 'ordering': '-id'}[0m [36mcmd_type[0m=[35melb[0m [36mconsumer[0m=[35mFalse[0m [36mjob_name[0m=[35mdev:tap-oracle-wms-to-target-oracle[0m [36mname[0m=[35mtap-oracle-wms[0m [36mproducer[0m=[35mTrue[0m [36mrun_id[0m=[35m885123de-23d7-464d-b523-b729f3d644ce[0m [36mstdio[0m=[35mstderr[0m [36mstring_id[0m=[35mtap-oracle-wms[0m
[2m2025-07-02T18:22:44.063881Z[0m [[32m[1minfo     [0m] [1mWMS INDIVIDUAL HTTP CALL - Entity: allocation - URL: https://a29.wms.ocs.oraclecloud.com/raizen/wms/lgfapi/v10/entity/allocation?page_size=1000&page_mode=sequenced&ordering=-id - HEADERS: 8[0m [36mcmd_type[0m=[35melb[0m [36mconsumer[0m=[35mFalse[0m [36mjob_name[0m=[35mdev:tap-oracle-wms-to-target-oracle[0m [36mname[0m=[35mtap-oracle-wms[0m [36mproducer[0m=[35mTrue[0m [36mrun_id[0m=[35m885123de-23d7-464d-b523-b729f3d644ce[0m [36mstdio[0m=[35mstderr[0m [36mstring_id[0m=[35mtap-oracle-wms[0m
[2m2025-07-02T18:22:44.109073Z[0m [[32m[1minfo     [0m] [1mflext-target-oracle v1.0.0, Meltano SDK v0.47.4[0m [36mcmd_type[0m=[35melb[0m [36mconsumer[0m=[35mTrue[0m [36mjob_name[0m=[35mdev:tap-oracle-wms-to-target-oracle[0m [36mname[0m=[35mtarget-oracle[0m [36mproducer[0m=[35mFalse[0m [36mrun_id[0m=[35m885123de-23d7-464d-b523-b729f3d644ce[0m [36mstdio[0m=[35mstderr[0m [36mstring_id[0m=[35mtarget-oracle[0m
[2m2025-07-02T18:22:44.109339Z[0m [[32m[1minfo     [0m] [1m/home/marlonsc/flext/.venv/lib/python3.13/site-packages/singer_sdk/plugin_base.py:715: SingerSDKDeprecationWarning: Passing a list of config file paths is deprecated. Please pass the config as a dictionary instead.[0m [36mcmd_type[0m=[35melb[0m [36mconsumer[0m=[35mTrue[0m [36mjob_name[0m=[35mdev:tap-oracle-wms-to-target-oracle[0m [36mname[0m=[35mtarget-oracle[0m [36mproducer[0m=[35mFalse[0m [36mrun_id[0m=[35m885123de-23d7-464d-b523-b729f3d644ce[0m [36mstdio[0m=[35mstderr[0m [36mstring_id[0m=[35mtarget-oracle[0m
[2m2025-07-02T18:22:44.109447Z[0m [[32m[1minfo     [0m] [1m  super().__init__(           [0m [36mcmd_type[0m=[35melb[0m [36mconsumer[0m=[35mTrue[0m [36mjob_name[0m=[35mdev:tap-oracle-wms-to-target-oracle[0m [36mname[0m=[35mtarget-oracle[0m [36mproducer[0m=[35mFalse[0m [36mrun_id[0m=[35m885123de-23d7-464d-b523-b729f3d644ce[0m [36mstdio[0m=[35mstderr[0m [36mstring_id[0m=[35mtarget-oracle[0m
[2m2025-07-02T18:22:44.109528Z[0m [[32m[1minfo     [0m] [1m                              [0m [36mcmd_type[0m=[35melb[0m [36mconsumer[0m=[35mTrue[0m [36mjob_name[0m=[35mdev:tap-oracle-wms-to-target-oracle[0m [36mname[0m=[35mtarget-oracle[0m [36mproducer[0m=[35mFalse[0m [36mrun_id[0m=[35m885123de-23d7-464d-b523-b729f3d644ce[0m [36mstdio[0m=[35mstderr[0m [36mstring_id[0m=[35mtarget-oracle[0m
[2m2025-07-02T18:22:44.109599Z[0m [[32m[1minfo     [0m] [1mSkipping parse of env var settings...[0m [36mcmd_type[0m=[35melb[0m [36mconsumer[0m=[35mTrue[0m [36mjob_name[0m=[35mdev:tap-oracle-wms-to-target-oracle[0m [36mname[0m=[35mtarget-oracle[0m [36mproducer[0m=[35mFalse[0m [36mrun_id[0m=[35m885123de-23d7-464d-b523-b729f3d644ce[0m [36mstdio[0m=[35mstderr[0m [36mstring_id[0m=[35mtarget-oracle[0m
[2m2025-07-02T18:22:44.268599Z[0m [[32m[1minfo     [0m] [1mUsing systemdb state backend  [0m
[2m2025-07-02T18:22:44.280552Z[0m [[32m[1minfo     [0m] [1mIncremental state has been updated at 2025-07-02 18:22:44.280530+00:00.[0m
[2m2025-07-02T18:22:44.280802Z[0m [[32m[1minfo     [0m] [1mOracle Target initialized     [0m [36mcmd_type[0m=[35melb[0m [36mconsumer[0m=[35mTrue[0m [36mjob_name[0m=[35mdev:tap-oracle-wms-to-target-oracle[0m [36mname[0m=[35mtarget-oracle[0m [36mproducer[0m=[35mFalse[0m [36mrun_id[0m=[35m885123de-23d7-464d-b523-b729f3d644ce[0m [36mstdio[0m=[35mstderr[0m [36mstring_id[0m=[35mtarget-oracle[0m
[2m2025-07-02T18:22:44.308958Z[0m [[32m[1minfo     [0m] [1mIncremental state has been updated at 2025-07-02 18:22:44.308939+00:00.[0m
[2m2025-07-02T18:22:44.336320Z[0m [[32m[1minfo     [0m] [1mIncremental state has been updated at 2025-07-02 18:22:44.336298+00:00.[0m
[2m2025-07-02T18:22:44.363775Z[0m [[32m[1minfo     [0m] [1mIncremental state has been updated at 2025-07-02 18:22:44.363749+00:00.[0m
[2m2025-07-02T18:22:44.364125Z[0m [[32m[1minfo     [0m] [1mInitializing Oracle Target monitoring[0m [36mcmd_type[0m=[35melb[0m [36mconsumer[0m=[35mTrue[0m [36mjob_name[0m=[35mdev:tap-oracle-wms-to-target-oracle[0m [36mname[0m=[35mtarget-oracle[0m [36mproducer[0m=[35mFalse[0m [36mrun_id[0m=[35m885123de-23d7-464d-b523-b729f3d644ce[0m [36mstdio[0m=[35mstderr[0m [36mstring_id[0m=[35mtarget-oracle[0m
[2m2025-07-02T18:22:44.364229Z[0m [[32m[1minfo     [0m] [1mOperation started             [0m [36mcmd_type[0m=[35melb[0m [36mconsumer[0m=[35mTrue[0m [36mjob_name[0m=[35mdev:tap-oracle-wms-to-target-oracle[0m [36mname[0m=[35mtarget-oracle[0m [36mproducer[0m=[35mFalse[0m [36mrun_id[0m=[35m885123de-23d7-464d-b523-b729f3d644ce[0m [36mstdio[0m=[35mstderr[0m [36mstring_id[0m=[35mtarget-oracle[0m
[2m2025-07-02T18:22:44.364347Z[0m [[32m[1minfo     [0m] [1mCreating sink for stream      [0m [36mcmd_type[0m=[35melb[0m [36mconsumer[0m=[35mTrue[0m [36mjob_name[0m=[35mdev:tap-oracle-wms-to-target-oracle[0m [36mname[0m=[35mtarget-oracle[0m [36mproducer[0m=[35mFalse[0m [36mrun_id[0m=[35m885123de-23d7-464d-b523-b729f3d644ce[0m [36mstdio[0m=[35mstderr[0m [36mstring_id[0m=[35mtarget-oracle[0m
[2m2025-07-02T18:23:07.110667Z[0m [[32m[1minfo     [0m] [1mMETRIC: {"type": "timer", "metric": "http_request_duration", "value": 21.54051, "tags": {"stream": "allocation", "endpoint": "/wms/lgfapi/v10/entity/allocation", "http_status_code": 200, "status": "succeeded"}}[0m [36mcmd_type[0m=[35melb[0m [36mconsumer[0m=[35mFalse[0m [36mjob_name[0m=[35mdev:tap-oracle-wms-to-target-oracle[0m [36mname[0m=[35mtap-oracle-wms[0m [36mproducer[0m=[35mTrue[0m [36mrun_id[0m=[35m885123de-23d7-464d-b523-b729f3d644ce[0m [36mstdio[0m=[35mstderr[0m [36mstring_id[0m=[35mtap-oracle-wms[0m
[2m2025-07-02T18:23:07.110888Z[0m [[32m[1minfo     [0m] [1mWMS HTTP RESPONSE - Entity: allocation[0m [36mcmd_type[0m=[35melb[0m [36mconsumer[0m=[35mFalse[0m [36mjob_name[0m=[35mdev:tap-oracle-wms-to-target-oracle[0m [36mname[0m=[35mtap-oracle-wms[0m [36mproducer[0m=[35mTrue[0m [36mrun_id[0m=[35m885123de-23d7-464d-b523-b729f3d644ce[0m [36mstdio[0m=[35mstderr[0m [36mstring_id[0m=[35mtap-oracle-wms[0m
[2m2025-07-02T18:23:07.116932Z[0m [[32m[1minfo     [0m] [1mWMS RESPONSE STRUCTURE - Entity: allocation[0m [36mcmd_type[0m=[35melb[0m [36mconsumer[0m=[35mFalse[0m [36mjob_name[0m=[35mdev:tap-oracle-wms-to-target-oracle[0m [36mname[0m=[35mtap-oracle-wms[0m [36mproducer[0m=[35mTrue[0m [36mrun_id[0m=[35m885123de-23d7-464d-b523-b729f3d644ce[0m [36mstdio[0m=[35mstderr[0m [36mstring_id[0m=[35mtap-oracle-wms[0m
[2m2025-07-02T18:23:07.117083Z[0m [[32m[1minfo     [0m] [1mWMS YIELDING RECORDS - Entity: allocation - Count: 1000[0m [36mcmd_type[0m=[35melb[0m [36mconsumer[0m=[35mFalse[0m [36mjob_name[0m=[35mdev:tap-oracle-wms-to-target-oracle[0m [36mname[0m=[35mtap-oracle-wms[0m [36mproducer[0m=[35mTrue[0m [36mrun_id[0m=[35m885123de-23d7-464d-b523-b729f3d644ce[0m [36mstdio[0m=[35mstderr[0m [36mstring_id[0m=[35mtap-oracle-wms[0m
[2m2025-07-02T18:23:07.117189Z[0m [[32m[1minfo     [0m] [1mMETRIC: {"type": "counter", "metric": "http_request_count", "value": 1, "tags": {"stream": "allocation", "endpoint": "/wms/lgfapi/v10/entity/allocation", "pid": 2354871}}[0m [36mcmd_type[0m=[35melb[0m [36mconsumer[0m=[35mFalse[0m [36mjob_name[0m=[35mdev:tap-oracle-wms-to-target-oracle[0m [36mname[0m=[35mtap-oracle-wms[0m [36mproducer[0m=[35mTrue[0m [36mrun_id[0m=[35m885123de-23d7-464d-b523-b729f3d644ce[0m [36mstdio[0m=[35mstderr[0m [36mstring_id[0m=[35mtap-oracle-wms[0m
[2m2025-07-02T18:23:07.117723Z[0m [[32m[1minfo     [0m] [1mWMS GET_RECORDS END - Entity: allocation[0m [36mcmd_type[0m=[35melb[0m [36mconsumer[0m=[35mFalse[0m [36mjob_name[0m=[35mdev:tap-oracle-wms-to-target-oracle[0m [36mname[0m=[35mtap-oracle-wms[0m [36mproducer[0m=[35mTrue[0m [36mrun_id[0m=[35m885123de-23d7-464d-b523-b729f3d644ce[0m [36mstdio[0m=[35mstderr[0m [36mstring_id[0m=[35mtap-oracle-wms[0m
[2m2025-07-02T18:23:07.117854Z[0m [[32m[1minfo     [0m] [1mMETRIC: {"type": "timer", "metric": "sync_duration", "value": 23.054893970489502, "tags": {"stream": "allocation", "pid": 2354871, "context": {}, "status": "failed"}}[0m [36mcmd_type[0m=[35melb[0m [36mconsumer[0m=[35mFalse[0m [36mjob_name[0m=[35mdev:tap-oracle-wms-to-target-oracle[0m [36mname[0m=[35mtap-oracle-wms[0m [36mproducer[0m=[35mTrue[0m [36mrun_id[0m=[35m885123de-23d7-464d-b523-b729f3d644ce[0m [36mstdio[0m=[35mstderr[0m [36mstring_id[0m=[35mtap-oracle-wms[0m
[2m2025-07-02T18:23:07.117940Z[0m [[32m[1minfo     [0m] [1mMETRIC: {"type": "counter", "metric": "record_count", "value": 0, "tags": {"stream": "allocation", "pid": 2354871, "context": {}}}[0m [36mcmd_type[0m=[35melb[0m [36mconsumer[0m=[35mFalse[0m [36mjob_name[0m=[35mdev:tap-oracle-wms-to-target-oracle[0m [36mname[0m=[35mtap-oracle-wms[0m [36mproducer[0m=[35mTrue[0m [36mrun_id[0m=[35m885123de-23d7-464d-b523-b729f3d644ce[0m [36mstdio[0m=[35mstderr[0m [36mstring_id[0m=[35mtap-oracle-wms[0m
[2m2025-07-02T18:23:07.119355Z[0m [[32m[1minfo     [0m] [1mAn unhandled error occurred while syncing 'allocation'[0m [36mcmd_type[0m=[35melb[0m [36mconsumer[0m=[35mFalse[0m [36mjob_name[0m=[35mdev:tap-oracle-wms-to-target-oracle[0m [36mname[0m=[35mtap-oracle-wms[0m [36mproducer[0m=[35mTrue[0m [36mrun_id[0m=[35m885123de-23d7-464d-b523-b729f3d644ce[0m [36mstdio[0m=[35mstderr[0m [36mstring_id[0m=[35mtap-oracle-wms[0m
[2m2025-07-02T18:23:07.119449Z[0m [[32m[1minfo     [0m] [1mTraceback (most recent call last):[0m [36mcmd_type[0m=[35melb[0m [36mconsumer[0m=[35mFalse[0m [36mjob_name[0m=[35mdev:tap-oracle-wms-to-target-oracle[0m [36mname[0m=[35mtap-oracle-wms[0m [36mproducer[0m=[35mTrue[0m [36mrun_id[0m=[35m885123de-23d7-464d-b523-b729f3d644ce[0m [36mstdio[0m=[35mstderr[0m [36mstring_id[0m=[35mtap-oracle-wms[0m
[2m2025-07-02T18:23:07.119517Z[0m [[32m[1minfo     [0m] [1m  File "/home/marlonsc/flext/.venv/lib/python3.13/site-packages/simpleeval.py", line 537, in _eval_call[0m [36mcmd_type[0m=[35melb[0m [36mconsumer[0m=[35mFalse[0m [36mjob_name[0m=[35mdev:tap-oracle-wms-to-target-oracle[0m [36mname[0m=[35mtap-oracle-wms[0m [36mproducer[0m=[35mTrue[0m [36mrun_id[0m=[35m885123de-23d7-464d-b523-b729f3d644ce[0m [36mstdio[0m=[35mstderr[0m [36mstring_id[0m=[35mtap-oracle-wms[0m
[2m2025-07-02T18:23:07.119583Z[0m [[32m[1minfo     [0m] [1m    func = self.functions[node.func.id][0m [36mcmd_type[0m=[35melb[0m [36mconsumer[0m=[35mFalse[0m [36mjob_name[0m=[35mdev:tap-oracle-wms-to-target-oracle[0m [36mname[0m=[35mtap-oracle-wms[0m [36mproducer[0m=[35mTrue[0m [36mrun_id[0m=[35m885123de-23d7-464d-b523-b729f3d644ce[0m [36mstdio[0m=[35mstderr[0m [36mstring_id[0m=[35mtap-oracle-wms[0m
[2m2025-07-02T18:23:07.119651Z[0m [[32m[1minfo     [0m] [1m           ~~~~~~~~~~~~~~^^^^^^^^^^^^^^[0m [36mcmd_type[0m=[35melb[0m [36mconsumer[0m=[35mFalse[0m [36mjob_name[0m=[35mdev:tap-oracle-wms-to-target-oracle[0m [36mname[0m=[35mtap-oracle-wms[0m [36mproducer[0m=[35mTrue[0m [36mrun_id[0m=[35m885123de-23d7-464d-b523-b729f3d644ce[0m [36mstdio[0m=[35mstderr[0m [36mstring_id[0m=[35mtap-oracle-wms[0m
[2m2025-07-02T18:23:07.119724Z[0m [[32m[1minfo     [0m] [1mKeyError: 'true'              [0m [36mcmd_type[0m=[35melb[0m [36mconsumer[0m=[35mFalse[0m [36mjob_name[0m=[35mdev:tap-oracle-wms-to-target-oracle[0m [36mname[0m=[35mtap-oracle-wms[0m [36mproducer[0m=[35mTrue[0m [36mrun_id[0m=[35m885123de-23d7-464d-b523-b729f3d644ce[0m [36mstdio[0m=[35mstderr[0m [36mstring_id[0m=[35mtap-oracle-wms[0m
[2m2025-07-02T18:23:07.119791Z[0m [[32m[1minfo     [0m] [1m                              [0m [36mcmd_type[0m=[35melb[0m [36mconsumer[0m=[35mFalse[0m [36mjob_name[0m=[35mdev:tap-oracle-wms-to-target-oracle[0m [36mname[0m=[35mtap-oracle-wms[0m [36mproducer[0m=[35mTrue[0m [36mrun_id[0m=[35m885123de-23d7-464d-b523-b729f3d644ce[0m [36mstdio[0m=[35mstderr[0m [36mstring_id[0m=[35mtap-oracle-wms[0m
[2m2025-07-02T18:23:07.119860Z[0m [[32m[1minfo     [0m] [1mDuring handling of the above exception, another exception occurred:[0m [36mcmd_type[0m=[35melb[0m [36mconsumer[0m=[35mFalse[0m [36mjob_name[0m=[35mdev:tap-oracle-wms-to-target-oracle[0m [36mname[0m=[35mtap-oracle-wms[0m [36mproducer[0m=[35mTrue[0m [36mrun_id[0m=[35m885123de-23d7-464d-b523-b729f3d644ce[0m [36mstdio[0m=[35mstderr[0m [36mstring_id[0m=[35mtap-oracle-wms[0m
[2m2025-07-02T18:23:07.119926Z[0m [[32m[1minfo     [0m] [1m                              [0m [36mcmd_type[0m=[35melb[0m [36mconsumer[0m=[35mFalse[0m [36mjob_name[0m=[35mdev:tap-oracle-wms-to-target-oracle[0m [36mname[0m=[35mtap-oracle-wms[0m [36mproducer[0m=[35mTrue[0m [36mrun_id[0m=[35m885123de-23d7-464d-b523-b729f3d644ce[0m [36mstdio[0m=[35mstderr[0m [36mstring_id[0m=[35mtap-oracle-wms[0m
[2m2025-07-02T18:23:07.119990Z[0m [[32m[1minfo     [0m] [1mTraceback (most recent call last):[0m [36mcmd_type[0m=[35melb[0m [36mconsumer[0m=[35mFalse[0m [36mjob_name[0m=[35mdev:tap-oracle-wms-to-target-oracle[0m [36mname[0m=[35mtap-oracle-wms[0m [36mproducer[0m=[35mTrue[0m [36mrun_id[0m=[35m885123de-23d7-464d-b523-b729f3d644ce[0m [36mstdio[0m=[35mstderr[0m [36mstring_id[0m=[35mtap-oracle-wms[0m
[2m2025-07-02T18:23:07.120051Z[0m [[32m[1minfo     [0m] [1m  File "/home/marlonsc/flext/.venv/lib/python3.13/site-packages/singer_sdk/mapper.py", line 366, in _eval[0m [36mcmd_type[0m=[35melb[0m [36mconsumer[0m=[35mFalse[0m [36mjob_name[0m=[35mdev:tap-oracle-wms-to-target-oracle[0m [36mname[0m=[35mtap-oracle-wms[0m [36mproducer[0m=[35mTrue[0m [36mrun_id[0m=[35m885123de-23d7-464d-b523-b729f3d644ce[0m [36mstdio[0m=[35mstderr[0m [36mstring_id[0m=[35mtap-oracle-wms[0m
[2m2025-07-02T18:23:07.120113Z[0m [[32m[1minfo     [0m] [1m    result: str | int | float = self.expr_evaluator.eval([0m [36mcmd_type[0m=[35melb[0m [36mconsumer[0m=[35mFalse[0m [36mjob_name[0m=[35mdev:tap-oracle-wms-to-target-oracle[0m [36mname[0m=[35mtap-oracle-wms[0m [36mproducer[0m=[35mTrue[0m [36mrun_id[0m=[35m885123de-23d7-464d-b523-b729f3d644ce[0m [36mstdio[0m=[35mstderr[0m [36mstring_id[0m=[35mtap-oracle-wms[0m
[2m2025-07-02T18:23:07.120174Z[0m [[32m[1minfo     [0m] [1m                                ~~~~~~~~~~~~~~~~~~~~~~~~^[0m [36mcmd_type[0m=[35melb[0m [36mconsumer[0m=[35mFalse[0m [36mjob_name[0m=[35mdev:tap-oracle-wms-to-target-oracle[0m [36mname[0m=[35mtap-oracle-wms[0m [36mproducer[0m=[35mTrue[0m [36mrun_id[0m=[35m885123de-23d7-464d-b523-b729f3d644ce[0m [36mstdio[0m=[35mstderr[0m [36mstring_id[0m=[35mtap-oracle-wms[0m
[2m2025-07-02T18:23:07.120235Z[0m [[32m[1minfo     [0m] [1m        expr,                 [0m [36mcmd_type[0m=[35melb[0m [36mconsumer[0m=[35mFalse[0m [36mjob_name[0m=[35mdev:tap-oracle-wms-to-target-oracle[0m [36mname[0m=[35mtap-oracle-wms[0m [36mproducer[0m=[35mTrue[0m [36mrun_id[0m=[35m885123de-23d7-464d-b523-b729f3d644ce[0m [36mstdio[0m=[35mstderr[0m [36mstring_id[0m=[35mtap-oracle-wms[0m
[2m2025-07-02T18:23:07.120318Z[0m [[32m[1minfo     [0m] [1m        ^^^^^                 [0m [36mcmd_type[0m=[35melb[0m [36mconsumer[0m=[35mFalse[0m [36mjob_name[0m=[35mdev:tap-oracle-wms-to-target-oracle[0m [36mname[0m=[35mtap-oracle-wms[0m [36mproducer[0m=[35mTrue[0m [36mrun_id[0m=[35m885123de-23d7-464d-b523-b729f3d644ce[0m [36mstdio[0m=[35mstderr[0m [36mstring_id[0m=[35mtap-oracle-wms[0m
[2m2025-07-02T18:23:07.120387Z[0m [[32m[1minfo     [0m] [1m        previously_parsed=expr_parsed,[0m [36mcmd_type[0m=[35melb[0m [36mconsumer[0m=[35mFalse[0m [36mjob_name[0m=[35mdev:tap-oracle-wms-to-target-oracle[0m [36mname[0m=[35mtap-oracle-wms[0m [36mproducer[0m=[35mTrue[0m [36mrun_id[0m=[35m885123de-23d7-464d-b523-b729f3d644ce[0m [36mstdio[0m=[35mstderr[0m [36mstring_id[0m=[35mtap-oracle-wms[0m
[2m2025-07-02T18:23:07.120449Z[0m [[32m[1minfo     [0m] [1m        ^^^^^^^^^^^^^^^^^^^^^^^^^^^^^^[0m [36mcmd_type[0m=[35melb[0m [36mconsumer[0m=[35mFalse[0m [36mjob_name[0m=[35mdev:tap-oracle-wms-to-target-oracle[0m [36mname[0m=[35mtap-oracle-wms[0m [36mproducer[0m=[35mTrue[0m [36mrun_id[0m=[35m885123de-23d7-464d-b523-b729f3d644ce[0m [36mstdio[0m=[35mstderr[0m [36mstring_id[0m=[35mtap-oracle-wms[0m
[2m2025-07-02T18:23:07.120513Z[0m [[32m[1minfo     [0m] [1m    )                         [0m [36mcmd_type[0m=[35melb[0m [36mconsumer[0m=[35mFalse[0m [36mjob_name[0m=[35mdev:tap-oracle-wms-to-target-oracle[0m [36mname[0m=[35mtap-oracle-wms[0m [36mproducer[0m=[35mTrue[0m [36mrun_id[0m=[35m885123de-23d7-464d-b523-b729f3d644ce[0m [36mstdio[0m=[35mstderr[0m [36mstring_id[0m=[35mtap-oracle-wms[0m
[2m2025-07-02T18:23:07.120579Z[0m [[32m[1minfo     [0m] [1m    ^                         [0m [36mcmd_type[0m=[35melb[0m [36mconsumer[0m=[35mFalse[0m [36mjob_name[0m=[35mdev:tap-oracle-wms-to-target-oracle[0m [36mname[0m=[35mtap-oracle-wms[0m [36mproducer[0m=[35mTrue[0m [36mrun_id[0m=[35m885123de-23d7-464d-b523-b729f3d644ce[0m [36mstdio[0m=[35mstderr[0m [36mstring_id[0m=[35mtap-oracle-wms[0m
[2m2025-07-02T18:23:07.120644Z[0m [[32m[1minfo     [0m] [1m  File "/home/marlonsc/flext/.venv/lib/python3.13/site-packages/simpleeval.py", line 678, in eval[0m [36mcmd_type[0m=[35melb[0m [36mconsumer[0m=[35mFalse[0m [36mjob_name[0m=[35mdev:tap-oracle-wms-to-target-oracle[0m [36mname[0m=[35mtap-oracle-wms[0m [36mproducer[0m=[35mTrue[0m [36mrun_id[0m=[35m885123de-23d7-464d-b523-b729f3d644ce[0m [36mstdio[0m=[35mstderr[0m [36mstring_id[0m=[35mtap-oracle-wms[0m
[2m2025-07-02T18:23:07.120708Z[0m [[32m[1minfo     [0m] [1m    return super(EvalWithCompoundTypes, self).eval(expr, previously_parsed)[0m [36mcmd_type[0m=[35melb[0m [36mconsumer[0m=[35mFalse[0m [36mjob_name[0m=[35mdev:tap-oracle-wms-to-target-oracle[0m [36mname[0m=[35mtap-oracle-wms[0m [36mproducer[0m=[35mTrue[0m [36mrun_id[0m=[35m885123de-23d7-464d-b523-b729f3d644ce[0m [36mstdio[0m=[35mstderr[0m [36mstring_id[0m=[35mtap-oracle-wms[0m
[2m2025-07-02T18:23:07.120775Z[0m [[32m[1minfo     [0m] [1m           ~~~~~~~~~~~~~~~~~~~~~~~~~~~~~~~~~~~~~~~^^^^^^^^^^^^^^^^^^^^^^^^^[0m [36mcmd_type[0m=[35melb[0m [36mconsumer[0m=[35mFalse[0m [36mjob_name[0m=[35mdev:tap-oracle-wms-to-target-oracle[0m [36mname[0m=[35mtap-oracle-wms[0m [36mproducer[0m=[35mTrue[0m [36mrun_id[0m=[35m885123de-23d7-464d-b523-b729f3d644ce[0m [36mstdio[0m=[35mstderr[0m [36mstring_id[0m=[35mtap-oracle-wms[0m
[2m2025-07-02T18:23:07.120836Z[0m [[32m[1minfo     [0m] [1m  File "/home/marlonsc/flext/.venv/lib/python3.13/site-packages/simpleeval.py", line 433, in eval[0m [36mcmd_type[0m=[35melb[0m [36mconsumer[0m=[35mFalse[0m [36mjob_name[0m=[35mdev:tap-oracle-wms-to-target-oracle[0m [36mname[0m=[35mtap-oracle-wms[0m [36mproducer[0m=[35mTrue[0m [36mrun_id[0m=[35m885123de-23d7-464d-b523-b729f3d644ce[0m [36mstdio[0m=[35mstderr[0m [36mstring_id[0m=[35mtap-oracle-wms[0m
[2m2025-07-02T18:23:07.120895Z[0m [[32m[1minfo     [0m] [1m    return self._eval(previously_parsed or self.parse(expr))[0m [36mcmd_type[0m=[35melb[0m [36mconsumer[0m=[35mFalse[0m [36mjob_name[0m=[35mdev:tap-oracle-wms-to-target-oracle[0m [36mname[0m=[35mtap-oracle-wms[0m [36mproducer[0m=[35mTrue[0m [36mrun_id[0m=[35m885123de-23d7-464d-b523-b729f3d644ce[0m [36mstdio[0m=[35mstderr[0m [36mstring_id[0m=[35mtap-oracle-wms[0m
[2m2025-07-02T18:23:07.120957Z[0m [[32m[1minfo     [0m] [1m           ~~~~~~~~~~^^^^^^^^^^^^^^^^^^^^^^^^^^^^^^^^^^^^^^^[0m [36mcmd_type[0m=[35melb[0m [36mconsumer[0m=[35mFalse[0m [36mjob_name[0m=[35mdev:tap-oracle-wms-to-target-oracle[0m [36mname[0m=[35mtap-oracle-wms[0m [36mproducer[0m=[35mTrue[0m [36mrun_id[0m=[35m885123de-23d7-464d-b523-b729f3d644ce[0m [36mstdio[0m=[35mstderr[0m [36mstring_id[0m=[35mtap-oracle-wms[0m
[2m2025-07-02T18:23:07.121018Z[0m [[32m[1minfo     [0m] [1m  File "/home/marlonsc/flext/.venv/lib/python3.13/site-packages/simpleeval.py", line 445, in _eval[0m [36mcmd_type[0m=[35melb[0m [36mconsumer[0m=[35mFalse[0m [36mjob_name[0m=[35mdev:tap-oracle-wms-to-target-oracle[0m [36mname[0m=[35mtap-oracle-wms[0m [36mproducer[0m=[35mTrue[0m [36mrun_id[0m=[35m885123de-23d7-464d-b523-b729f3d644ce[0m [36mstdio[0m=[35mstderr[0m [36mstring_id[0m=[35mtap-oracle-wms[0m
[2m2025-07-02T18:23:07.121080Z[0m [[32m[1minfo     [0m] [1m    return handler(node)      [0m [36mcmd_type[0m=[35melb[0m [36mconsumer[0m=[35mFalse[0m [36mjob_name[0m=[35mdev:tap-oracle-wms-to-target-oracle[0m [36mname[0m=[35mtap-oracle-wms[0m [36mproducer[0m=[35mTrue[0m [36mrun_id[0m=[35m885123de-23d7-464d-b523-b729f3d644ce[0m [36mstdio[0m=[35mstderr[0m [36mstring_id[0m=[35mtap-oracle-wms[0m
[2m2025-07-02T18:23:07.121141Z[0m [[32m[1minfo     [0m] [1m  File "/home/marlonsc/flext/.venv/lib/python3.13/site-packages/simpleeval.py", line 448, in _eval_expr[0m [36mcmd_type[0m=[35melb[0m [36mconsumer[0m=[35mFalse[0m [36mjob_name[0m=[35mdev:tap-oracle-wms-to-target-oracle[0m [36mname[0m=[35mtap-oracle-wms[0m [36mproducer[0m=[35mTrue[0m [36mrun_id[0m=[35m885123de-23d7-464d-b523-b729f3d644ce[0m [36mstdio[0m=[35mstderr[0m [36mstring_id[0m=[35mtap-oracle-wms[0m
[2m2025-07-02T18:23:07.121203Z[0m [[32m[1minfo     [0m] [1m    return self._eval(node.value)[0m [36mcmd_type[0m=[35melb[0m [36mconsumer[0m=[35mFalse[0m [36mjob_name[0m=[35mdev:tap-oracle-wms-to-target-oracle[0m [36mname[0m=[35mtap-oracle-wms[0m [36mproducer[0m=[35mTrue[0m [36mrun_id[0m=[35m885123de-23d7-464d-b523-b729f3d644ce[0m [36mstdio[0m=[35mstderr[0m [36mstring_id[0m=[35mtap-oracle-wms[0m
[2m2025-07-02T18:23:07.121264Z[0m [[32m[1minfo     [0m] [1m           ~~~~~~~~~~^^^^^^^^^^^^[0m [36mcmd_type[0m=[35melb[0m [36mconsumer[0m=[35mFalse[0m [36mjob_name[0m=[35mdev:tap-oracle-wms-to-target-oracle[0m [36mname[0m=[35mtap-oracle-wms[0m [36mproducer[0m=[35mTrue[0m [36mrun_id[0m=[35m885123de-23d7-464d-b523-b729f3d644ce[0m [36mstdio[0m=[35mstderr[0m [36mstring_id[0m=[35mtap-oracle-wms[0m
[2m2025-07-02T18:23:07.121337Z[0m [[32m[1minfo     [0m] [1m  File "/home/marlonsc/flext/.venv/lib/python3.13/site-packages/simpleeval.py", line 445, in _eval[0m [36mcmd_type[0m=[35melb[0m [36mconsumer[0m=[35mFalse[0m [36mjob_name[0m=[35mdev:tap-oracle-wms-to-target-oracle[0m [36mname[0m=[35mtap-oracle-wms[0m [36mproducer[0m=[35mTrue[0m [36mrun_id[0m=[35m885123de-23d7-464d-b523-b729f3d644ce[0m [36mstdio[0m=[35mstderr[0m [36mstring_id[0m=[35mtap-oracle-wms[0m
[2m2025-07-02T18:23:07.121398Z[0m [[32m[1minfo     [0m] [1m    return handler(node)      [0m [36mcmd_type[0m=[35melb[0m [36mconsumer[0m=[35mFalse[0m [36mjob_name[0m=[35mdev:tap-oracle-wms-to-target-oracle[0m [36mname[0m=[35mtap-oracle-wms[0m [36mproducer[0m=[35mTrue[0m [36mrun_id[0m=[35m885123de-23d7-464d-b523-b729f3d644ce[0m [36mstdio[0m=[35mstderr[0m [36mstring_id[0m=[35mtap-oracle-wms[0m
[2m2025-07-02T18:23:07.121461Z[0m [[32m[1minfo     [0m] [1m  File "/home/marlonsc/flext/.venv/lib/python3.13/site-packages/simpleeval.py", line 539, in _eval_call[0m [36mcmd_type[0m=[35melb[0m [36mconsumer[0m=[35mFalse[0m [36mjob_name[0m=[35mdev:tap-oracle-wms-to-target-oracle[0m [36mname[0m=[35mtap-oracle-wms[0m [36mproducer[0m=[35mTrue[0m [36mrun_id[0m=[35m885123de-23d7-464d-b523-b729f3d644ce[0m [36mstdio[0m=[35mstderr[0m [36mstring_id[0m=[35mtap-oracle-wms[0m
[2m2025-07-02T18:23:07.121522Z[0m [[32m[1minfo     [0m] [1m    raise FunctionNotDefined(node.func.id, self.expr)[0m [36mcmd_type[0m=[35melb[0m [36mconsumer[0m=[35mFalse[0m [36mjob_name[0m=[35mdev:tap-oracle-wms-to-target-oracle[0m [36mname[0m=[35mtap-oracle-wms[0m [36mproducer[0m=[35mTrue[0m [36mrun_id[0m=[35m885123de-23d7-464d-b523-b729f3d644ce[0m [36mstdio[0m=[35mstderr[0m [36mstring_id[0m=[35mtap-oracle-wms[0m
[2m2025-07-02T18:23:07.121583Z[0m [[32m[1minfo     [0m] [1msimpleeval.FunctionNotDefined: Function 'true' not defined, for expression 'true()'.[0m [36mcmd_type[0m=[35melb[0m [36mconsumer[0m=[35mFalse[0m [36mjob_name[0m=[35mdev:tap-oracle-wms-to-target-oracle[0m [36mname[0m=[35mtap-oracle-wms[0m [36mproducer[0m=[35mTrue[0m [36mrun_id[0m=[35m885123de-23d7-464d-b523-b729f3d644ce[0m [36mstdio[0m=[35mstderr[0m [36mstring_id[0m=[35mtap-oracle-wms[0m
[2m2025-07-02T18:23:07.121647Z[0m [[32m[1minfo     [0m] [1m                              [0m [36mcmd_type[0m=[35melb[0m [36mconsumer[0m=[35mFalse[0m [36mjob_name[0m=[35mdev:tap-oracle-wms-to-target-oracle[0m [36mname[0m=[35mtap-oracle-wms[0m [36mproducer[0m=[35mTrue[0m [36mrun_id[0m=[35m885123de-23d7-464d-b523-b729f3d644ce[0m [36mstdio[0m=[35mstderr[0m [36mstring_id[0m=[35mtap-oracle-wms[0m
[2m2025-07-02T18:23:07.121712Z[0m [[32m[1minfo     [0m] [1mThe above exception was the direct cause of the following exception:[0m [36mcmd_type[0m=[35melb[0m [36mconsumer[0m=[35mFalse[0m [36mjob_name[0m=[35mdev:tap-oracle-wms-to-target-oracle[0m [36mname[0m=[35mtap-oracle-wms[0m [36mproducer[0m=[35mTrue[0m [36mrun_id[0m=[35m885123de-23d7-464d-b523-b729f3d644ce[0m [36mstdio[0m=[35mstderr[0m [36mstring_id[0m=[35mtap-oracle-wms[0m
[2m2025-07-02T18:23:07.121779Z[0m [[32m[1minfo     [0m] [1m                              [0m [36mcmd_type[0m=[35melb[0m [36mconsumer[0m=[35mFalse[0m [36mjob_name[0m=[35mdev:tap-oracle-wms-to-target-oracle[0m [36mname[0m=[35mtap-oracle-wms[0m [36mproducer[0m=[35mTrue[0m [36mrun_id[0m=[35m885123de-23d7-464d-b523-b729f3d644ce[0m [36mstdio[0m=[35mstderr[0m [36mstring_id[0m=[35mtap-oracle-wms[0m
[2m2025-07-02T18:23:07.121839Z[0m [[32m[1minfo     [0m] [1mTraceback (most recent call last):[0m [36mcmd_type[0m=[35melb[0m [36mconsumer[0m=[35mFalse[0m [36mjob_name[0m=[35mdev:tap-oracle-wms-to-target-oracle[0m [36mname[0m=[35mtap-oracle-wms[0m [36mproducer[0m=[35mTrue[0m [36mrun_id[0m=[35m885123de-23d7-464d-b523-b729f3d644ce[0m [36mstdio[0m=[35mstderr[0m [36mstring_id[0m=[35mtap-oracle-wms[0m
[2m2025-07-02T18:23:07.121901Z[0m [[32m[1minfo     [0m] [1m  File "/home/marlonsc/flext/.venv/lib/python3.13/site-packages/singer_sdk/streams/core.py", line 1329, in sync[0m [36mcmd_type[0m=[35melb[0m [36mconsumer[0m=[35mFalse[0m [36mjob_name[0m=[35mdev:tap-oracle-wms-to-target-oracle[0m [36mname[0m=[35mtap-oracle-wms[0m [36mproducer[0m=[35mTrue[0m [36mrun_id[0m=[35m885123de-23d7-464d-b523-b729f3d644ce[0m [36mstdio[0m=[35mstderr[0m [36mstring_id[0m=[35mtap-oracle-wms[0m
[2m2025-07-02T18:23:07.121963Z[0m [[32m[1minfo     [0m] [1m    for _ in self._sync_records(context=context):[0m [36mcmd_type[0m=[35melb[0m [36mconsumer[0m=[35mFalse[0m [36mjob_name[0m=[35mdev:tap-oracle-wms-to-target-oracle[0m [36mname[0m=[35mtap-oracle-wms[0m [36mproducer[0m=[35mTrue[0m [36mrun_id[0m=[35m885123de-23d7-464d-b523-b729f3d644ce[0m [36mstdio[0m=[35mstderr[0m [36mstring_id[0m=[35mtap-oracle-wms[0m
[2m2025-07-02T18:23:07.122022Z[0m [[32m[1minfo     [0m] [1m             ~~~~~~~~~~~~~~~~~~^^^^^^^^^^^^^^^^^[0m [36mcmd_type[0m=[35melb[0m [36mconsumer[0m=[35mFalse[0m [36mjob_name[0m=[35mdev:tap-oracle-wms-to-target-oracle[0m [36mname[0m=[35mtap-oracle-wms[0m [36mproducer[0m=[35mTrue[0m [36mrun_id[0m=[35m885123de-23d7-464d-b523-b729f3d644ce[0m [36mstdio[0m=[35mstderr[0m [36mstring_id[0m=[35mtap-oracle-wms[0m
[2m2025-07-02T18:23:07.122082Z[0m [[32m[1minfo     [0m] [1m  File "/home/marlonsc/flext/.venv/lib/python3.13/site-packages/singer_sdk/streams/core.py", line 1226, in _sync_records[0m [36mcmd_type[0m=[35melb[0m [36mconsumer[0m=[35mFalse[0m [36mjob_name[0m=[35mdev:tap-oracle-wms-to-target-oracle[0m [36mname[0m=[35mtap-oracle-wms[0m [36mproducer[0m=[35mTrue[0m [36mrun_id[0m=[35m885123de-23d7-464d-b523-b729f3d644ce[0m [36mstdio[0m=[35mstderr[0m [36mstring_id[0m=[35mtap-oracle-wms[0m
[2m2025-07-02T18:23:07.122144Z[0m [[32m[1minfo     [0m] [1m    self._process_record(     [0m [36mcmd_type[0m=[35melb[0m [36mconsumer[0m=[35mFalse[0m [36mjob_name[0m=[35mdev:tap-oracle-wms-to-target-oracle[0m [36mname[0m=[35mtap-oracle-wms[0m [36mproducer[0m=[35mTrue[0m [36mrun_id[0m=[35m885123de-23d7-464d-b523-b729f3d644ce[0m [36mstdio[0m=[35mstderr[0m [36mstring_id[0m=[35mtap-oracle-wms[0m
[2m2025-07-02T18:23:07.122218Z[0m [[32m[1minfo     [0m] [1m    ~~~~~~~~~~~~~~~~~~~~^     [0m [36mcmd_type[0m=[35melb[0m [36mconsumer[0m=[35mFalse[0m [36mjob_name[0m=[35mdev:tap-oracle-wms-to-target-oracle[0m [36mname[0m=[35mtap-oracle-wms[0m [36mproducer[0m=[35mTrue[0m [36mrun_id[0m=[35m885123de-23d7-464d-b523-b729f3d644ce[0m [36mstdio[0m=[35mstderr[0m [36mstring_id[0m=[35mtap-oracle-wms[0m
[2m2025-07-02T18:23:07.122289Z[0m [[32m[1minfo     [0m] [1m        record,               [0m [36mcmd_type[0m=[35melb[0m [36mconsumer[0m=[35mFalse[0m [36mjob_name[0m=[35mdev:tap-oracle-wms-to-target-oracle[0m [36mname[0m=[35mtap-oracle-wms[0m [36mproducer[0m=[35mTrue[0m [36mrun_id[0m=[35m885123de-23d7-464d-b523-b729f3d644ce[0m [36mstdio[0m=[35mstderr[0m [36mstring_id[0m=[35mtap-oracle-wms[0m
[2m2025-07-02T18:23:07.122355Z[0m [[32m[1minfo     [0m] [1m        ^^^^^^^               [0m [36mcmd_type[0m=[35melb[0m [36mconsumer[0m=[35mFalse[0m [36mjob_name[0m=[35mdev:tap-oracle-wms-to-target-oracle[0m [36mname[0m=[35mtap-oracle-wms[0m [36mproducer[0m=[35mTrue[0m [36mrun_id[0m=[35m885123de-23d7-464d-b523-b729f3d644ce[0m [36mstdio[0m=[35mstderr[0m [36mstring_id[0m=[35mtap-oracle-wms[0m
[2m2025-07-02T18:23:07.122415Z[0m [[32m[1minfo     [0m] [1m        child_context=child_context,[0m [36mcmd_type[0m=[35melb[0m [36mconsumer[0m=[35mFalse[0m [36mjob_name[0m=[35mdev:tap-oracle-wms-to-target-oracle[0m [36mname[0m=[35mtap-oracle-wms[0m [36mproducer[0m=[35mTrue[0m [36mrun_id[0m=[35m885123de-23d7-464d-b523-b729f3d644ce[0m [36mstdio[0m=[35mstderr[0m [36mstring_id[0m=[35mtap-oracle-wms[0m
[2m2025-07-02T18:23:07.122475Z[0m [[32m[1minfo     [0m] [1m        ^^^^^^^^^^^^^^^^^^^^^^^^^^^^[0m [36mcmd_type[0m=[35melb[0m [36mconsumer[0m=[35mFalse[0m [36mjob_name[0m=[35mdev:tap-oracle-wms-to-target-oracle[0m [36mname[0m=[35mtap-oracle-wms[0m [36mproducer[0m=[35mTrue[0m [36mrun_id[0m=[35m885123de-23d7-464d-b523-b729f3d644ce[0m [36mstdio[0m=[35mstderr[0m [36mstring_id[0m=[35mtap-oracle-wms[0m
[2m2025-07-02T18:23:07.122538Z[0m [[32m[1minfo     [0m] [1m        partition_context=state_partition_context,[0m [36mcmd_type[0m=[35melb[0m [36mconsumer[0m=[35mFalse[0m [36mjob_name[0m=[35mdev:tap-oracle-wms-to-target-oracle[0m [36mname[0m=[35mtap-oracle-wms[0m [36mproducer[0m=[35mTrue[0m [36mrun_id[0m=[35m885123de-23d7-464d-b523-b729f3d644ce[0m [36mstdio[0m=[35mstderr[0m [36mstring_id[0m=[35mtap-oracle-wms[0m
[2m2025-07-02T18:23:07.122600Z[0m [[32m[1minfo     [0m] [1m        ^^^^^^^^^^^^^^^^^^^^^^^^^^^^^^^^^^^^^^^^^^[0m [36mcmd_type[0m=[35melb[0m [36mconsumer[0m=[35mFalse[0m [36mjob_name[0m=[35mdev:tap-oracle-wms-to-target-oracle[0m [36mname[0m=[35mtap-oracle-wms[0m [36mproducer[0m=[35mTrue[0m [36mrun_id[0m=[35m885123de-23d7-464d-b523-b729f3d644ce[0m [36mstdio[0m=[35mstderr[0m [36mstring_id[0m=[35mtap-oracle-wms[0m
[2m2025-07-02T18:23:07.122658Z[0m [[32m[1minfo     [0m] [1m    )                         [0m [36mcmd_type[0m=[35melb[0m [36mconsumer[0m=[35mFalse[0m [36mjob_name[0m=[35mdev:tap-oracle-wms-to-target-oracle[0m [36mname[0m=[35mtap-oracle-wms[0m [36mproducer[0m=[35mTrue[0m [36mrun_id[0m=[35m885123de-23d7-464d-b523-b729f3d644ce[0m [36mstdio[0m=[35mstderr[0m [36mstring_id[0m=[35mtap-oracle-wms[0m
[2m2025-07-02T18:23:07.122717Z[0m [[32m[1minfo     [0m] [1m    ^                         [0m [36mcmd_type[0m=[35melb[0m [36mconsumer[0m=[35mFalse[0m [36mjob_name[0m=[35mdev:tap-oracle-wms-to-target-oracle[0m [36mname[0m=[35mtap-oracle-wms[0m [36mproducer[0m=[35mTrue[0m [36mrun_id[0m=[35m885123de-23d7-464d-b523-b729f3d644ce[0m [36mstdio[0m=[35mstderr[0m [36mstring_id[0m=[35mtap-oracle-wms[0m
[2m2025-07-02T18:23:07.122778Z[0m [[32m[1minfo     [0m] [1m  File "/home/marlonsc/flext/.venv/lib/python3.13/site-packages/singer_sdk/streams/core.py", line 1155, in _process_record[0m [36mcmd_type[0m=[35melb[0m [36mconsumer[0m=[35mFalse[0m [36mjob_name[0m=[35mdev:tap-oracle-wms-to-target-oracle[0m [36mname[0m=[35mtap-oracle-wms[0m [36mproducer[0m=[35mTrue[0m [36mrun_id[0m=[35m885123de-23d7-464d-b523-b729f3d644ce[0m [36mstdio[0m=[35mstderr[0m [36mstring_id[0m=[35mtap-oracle-wms[0m
[2m2025-07-02T18:23:07.122840Z[0m [[32m[1minfo     [0m] [1m    if self.stream_maps[0].get_filter_result(record):[0m [36mcmd_type[0m=[35melb[0m [36mconsumer[0m=[35mFalse[0m [36mjob_name[0m=[35mdev:tap-oracle-wms-to-target-oracle[0m [36mname[0m=[35mtap-oracle-wms[0m [36mproducer[0m=[35mTrue[0m [36mrun_id[0m=[35m885123de-23d7-464d-b523-b729f3d644ce[0m [36mstdio[0m=[35mstderr[0m [36mstring_id[0m=[35mtap-oracle-wms[0m
[2m2025-07-02T18:23:07.122898Z[0m [[32m[1minfo     [0m] [1m       ~~~~~~~~~~~~~~~~~~~~~~~~~~~~~~~~~~~~~^^^^^^^^[0m [36mcmd_type[0m=[35melb[0m [36mconsumer[0m=[35mFalse[0m [36mjob_name[0m=[35mdev:tap-oracle-wms-to-target-oracle[0m [36mname[0m=[35mtap-oracle-wms[0m [36mproducer[0m=[35mTrue[0m [36mrun_id[0m=[35m885123de-23d7-464d-b523-b729f3d644ce[0m [36mstdio[0m=[35mstderr[0m [36mstring_id[0m=[35mtap-oracle-wms[0m
[2m2025-07-02T18:23:07.122959Z[0m [[32m[1minfo     [0m] [1m  File "/home/marlonsc/flext/.venv/lib/python3.13/site-packages/singer_sdk/mapper.py", line 311, in get_filter_result[0m [36mcmd_type[0m=[35melb[0m [36mconsumer[0m=[35mFalse[0m [36mjob_name[0m=[35mdev:tap-oracle-wms-to-target-oracle[0m [36mname[0m=[35mtap-oracle-wms[0m [36mproducer[0m=[35mTrue[0m [36mrun_id[0m=[35m885123de-23d7-464d-b523-b729f3d644ce[0m [36mstdio[0m=[35mstderr[0m [36mstring_id[0m=[35mtap-oracle-wms[0m
[2m2025-07-02T18:23:07.123019Z[0m [[32m[1minfo     [0m] [1m    return self._filter_fn(record)[0m [36mcmd_type[0m=[35melb[0m [36mconsumer[0m=[35mFalse[0m [36mjob_name[0m=[35mdev:tap-oracle-wms-to-target-oracle[0m [36mname[0m=[35mtap-oracle-wms[0m [36mproducer[0m=[35mTrue[0m [36mrun_id[0m=[35m885123de-23d7-464d-b523-b729f3d644ce[0m [36mstdio[0m=[35mstderr[0m [36mstring_id[0m=[35mtap-oracle-wms[0m
[2m2025-07-02T18:23:07.123079Z[0m [[32m[1minfo     [0m] [1m           ~~~~~~~~~~~~~~~^^^^^^^^[0m [36mcmd_type[0m=[35melb[0m [36mconsumer[0m=[35mFalse[0m [36mjob_name[0m=[35mdev:tap-oracle-wms-to-target-oracle[0m [36mname[0m=[35mtap-oracle-wms[0m [36mproducer[0m=[35mTrue[0m [36mrun_id[0m=[35m885123de-23d7-464d-b523-b729f3d644ce[0m [36mstdio[0m=[35mstderr[0m [36mstring_id[0m=[35mtap-oracle-wms[0m
[2m2025-07-02T18:23:07.123137Z[0m [[32m[1minfo     [0m] [1m  File "/home/marlonsc/flext/.venv/lib/python3.13/site-packages/singer_sdk/mapper.py", line 580, in _inner[0m [36mcmd_type[0m=[35melb[0m [36mconsumer[0m=[35mFalse[0m [36mjob_name[0m=[35mdev:tap-oracle-wms-to-target-oracle[0m [36mname[0m=[35mtap-oracle-wms[0m [36mproducer[0m=[35mTrue[0m [36mrun_id[0m=[35m885123de-23d7-464d-b523-b729f3d644ce[0m [36mstdio[0m=[35mstderr[0m [36mstring_id[0m=[35mtap-oracle-wms[0m
[2m2025-07-02T18:23:07.123199Z[0m [[32m[1minfo     [0m] [1m    filter_result = self._eval([0m [36mcmd_type[0m=[35melb[0m [36mconsumer[0m=[35mFalse[0m [36mjob_name[0m=[35mdev:tap-oracle-wms-to-target-oracle[0m [36mname[0m=[35mtap-oracle-wms[0m [36mproducer[0m=[35mTrue[0m [36mrun_id[0m=[35m885123de-23d7-464d-b523-b729f3d644ce[0m [36mstdio[0m=[35mstderr[0m [36mstring_id[0m=[35mtap-oracle-wms[0m
[2m2025-07-02T18:23:07.123262Z[0m [[32m[1minfo     [0m] [1m        expr=filter_rule,     [0m [36mcmd_type[0m=[35melb[0m [36mconsumer[0m=[35mFalse[0m [36mjob_name[0m=[35mdev:tap-oracle-wms-to-target-oracle[0m [36mname[0m=[35mtap-oracle-wms[0m [36mproducer[0m=[35mTrue[0m [36mrun_id[0m=[35m885123de-23d7-464d-b523-b729f3d644ce[0m [36mstdio[0m=[35mstderr[0m [36mstring_id[0m=[35mtap-oracle-wms[0m
[2m2025-07-02T18:23:07.123344Z[0m [[32m[1minfo     [0m] [1m    ...<2 lines>...           [0m [36mcmd_type[0m=[35melb[0m [36mconsumer[0m=[35mFalse[0m [36mjob_name[0m=[35mdev:tap-oracle-wms-to-target-oracle[0m [36mname[0m=[35mtap-oracle-wms[0m [36mproducer[0m=[35mTrue[0m [36mrun_id[0m=[35m885123de-23d7-464d-b523-b729f3d644ce[0m [36mstdio[0m=[35mstderr[0m [36mstring_id[0m=[35mtap-oracle-wms[0m
[2m2025-07-02T18:23:07.123413Z[0m [[32m[1minfo     [0m] [1m        property_name=None,   [0m [36mcmd_type[0m=[35melb[0m [36mconsumer[0m=[35mFalse[0m [36mjob_name[0m=[35mdev:tap-oracle-wms-to-target-oracle[0m [36mname[0m=[35mtap-oracle-wms[0m [36mproducer[0m=[35mTrue[0m [36mrun_id[0m=[35m885123de-23d7-464d-b523-b729f3d644ce[0m [36mstdio[0m=[35mstderr[0m [36mstring_id[0m=[35mtap-oracle-wms[0m
[2m2025-07-02T18:23:07.123478Z[0m [[32m[1minfo     [0m] [1m    )                         [0m [36mcmd_type[0m=[35melb[0m [36mconsumer[0m=[35mFalse[0m [36mjob_name[0m=[35mdev:tap-oracle-wms-to-target-oracle[0m [36mname[0m=[35mtap-oracle-wms[0m [36mproducer[0m=[35mTrue[0m [36mrun_id[0m=[35m885123de-23d7-464d-b523-b729f3d644ce[0m [36mstdio[0m=[35mstderr[0m [36mstring_id[0m=[35mtap-oracle-wms[0m
[2m2025-07-02T18:23:07.123544Z[0m [[32m[1minfo     [0m] [1m  File "/home/marlonsc/flext/.venv/lib/python3.13/site-packages/singer_sdk/mapper.py", line 372, in _eval[0m [36mcmd_type[0m=[35melb[0m [36mconsumer[0m=[35mFalse[0m [36mjob_name[0m=[35mdev:tap-oracle-wms-to-target-oracle[0m [36mname[0m=[35mtap-oracle-wms[0m [36mproducer[0m=[35mTrue[0m [36mrun_id[0m=[35m885123de-23d7-464d-b523-b729f3d644ce[0m [36mstdio[0m=[35mstderr[0m [36mstring_id[0m=[35mtap-oracle-wms[0m
[2m2025-07-02T18:23:07.123610Z[0m [[32m[1minfo     [0m] [1m    raise MapExpressionError(msg) from ex[0m [36mcmd_type[0m=[35melb[0m [36mconsumer[0m=[35mFalse[0m [36mjob_name[0m=[35mdev:tap-oracle-wms-to-target-oracle[0m [36mname[0m=[35mtap-oracle-wms[0m [36mproducer[0m=[35mTrue[0m [36mrun_id[0m=[35m885123de-23d7-464d-b523-b729f3d644ce[0m [36mstdio[0m=[35mstderr[0m [36mstring_id[0m=[35mtap-oracle-wms[0m
[2m2025-07-02T18:23:07.123677Z[0m [[32m[1minfo     [0m] [1msinger_sdk.exceptions.MapExpressionError: Failed to evaluate simpleeval expressions true().[0m [36mcmd_type[0m=[35melb[0m [36mconsumer[0m=[35mFalse[0m [36mjob_name[0m=[35mdev:tap-oracle-wms-to-target-oracle[0m [36mname[0m=[35mtap-oracle-wms[0m [36mproducer[0m=[35mTrue[0m [36mrun_id[0m=[35m885123de-23d7-464d-b523-b729f3d644ce[0m [36mstdio[0m=[35mstderr[0m [36mstring_id[0m=[35mtap-oracle-wms[0m
[2m2025-07-02T18:23:07.123776Z[0m [[32m[1minfo     [0m] [1mTraceback (most recent call last):[0m [36mcmd_type[0m=[35melb[0m [36mconsumer[0m=[35mFalse[0m [36mjob_name[0m=[35mdev:tap-oracle-wms-to-target-oracle[0m [36mname[0m=[35mtap-oracle-wms[0m [36mproducer[0m=[35mTrue[0m [36mrun_id[0m=[35m885123de-23d7-464d-b523-b729f3d644ce[0m [36mstdio[0m=[35mstderr[0m [36mstring_id[0m=[35mtap-oracle-wms[0m
[2m2025-07-02T18:23:07.123853Z[0m [[32m[1minfo     [0m] [1m  File "/home/marlonsc/flext/.venv/lib/python3.13/site-packages/simpleeval.py", line 537, in _eval_call[0m [36mcmd_type[0m=[35melb[0m [36mconsumer[0m=[35mFalse[0m [36mjob_name[0m=[35mdev:tap-oracle-wms-to-target-oracle[0m [36mname[0m=[35mtap-oracle-wms[0m [36mproducer[0m=[35mTrue[0m [36mrun_id[0m=[35m885123de-23d7-464d-b523-b729f3d644ce[0m [36mstdio[0m=[35mstderr[0m [36mstring_id[0m=[35mtap-oracle-wms[0m
[2m2025-07-02T18:23:07.123921Z[0m [[32m[1minfo     [0m] [1m    func = self.functions[node.func.id][0m [36mcmd_type[0m=[35melb[0m [36mconsumer[0m=[35mFalse[0m [36mjob_name[0m=[35mdev:tap-oracle-wms-to-target-oracle[0m [36mname[0m=[35mtap-oracle-wms[0m [36mproducer[0m=[35mTrue[0m [36mrun_id[0m=[35m885123de-23d7-464d-b523-b729f3d644ce[0m [36mstdio[0m=[35mstderr[0m [36mstring_id[0m=[35mtap-oracle-wms[0m
[2m2025-07-02T18:23:07.123991Z[0m [[32m[1minfo     [0m] [1m           ~~~~~~~~~~~~~~^^^^^^^^^^^^^^[0m [36mcmd_type[0m=[35melb[0m [36mconsumer[0m=[35mFalse[0m [36mjob_name[0m=[35mdev:tap-oracle-wms-to-target-oracle[0m [36mname[0m=[35mtap-oracle-wms[0m [36mproducer[0m=[35mTrue[0m [36mrun_id[0m=[35m885123de-23d7-464d-b523-b729f3d644ce[0m [36mstdio[0m=[35mstderr[0m [36mstring_id[0m=[35mtap-oracle-wms[0m
[2m2025-07-02T18:23:07.124057Z[0m [[32m[1minfo     [0m] [1mKeyError: 'true'              [0m [36mcmd_type[0m=[35melb[0m [36mconsumer[0m=[35mFalse[0m [36mjob_name[0m=[35mdev:tap-oracle-wms-to-target-oracle[0m [36mname[0m=[35mtap-oracle-wms[0m [36mproducer[0m=[35mTrue[0m [36mrun_id[0m=[35m885123de-23d7-464d-b523-b729f3d644ce[0m [36mstdio[0m=[35mstderr[0m [36mstring_id[0m=[35mtap-oracle-wms[0m
[2m2025-07-02T18:23:07.124126Z[0m [[32m[1minfo     [0m] [1m                              [0m [36mcmd_type[0m=[35melb[0m [36mconsumer[0m=[35mFalse[0m [36mjob_name[0m=[35mdev:tap-oracle-wms-to-target-oracle[0m [36mname[0m=[35mtap-oracle-wms[0m [36mproducer[0m=[35mTrue[0m [36mrun_id[0m=[35m885123de-23d7-464d-b523-b729f3d644ce[0m [36mstdio[0m=[35mstderr[0m [36mstring_id[0m=[35mtap-oracle-wms[0m
[2m2025-07-02T18:23:07.124192Z[0m [[32m[1minfo     [0m] [1mDuring handling of the above exception, another exception occurred:[0m [36mcmd_type[0m=[35melb[0m [36mconsumer[0m=[35mFalse[0m [36mjob_name[0m=[35mdev:tap-oracle-wms-to-target-oracle[0m [36mname[0m=[35mtap-oracle-wms[0m [36mproducer[0m=[35mTrue[0m [36mrun_id[0m=[35m885123de-23d7-464d-b523-b729f3d644ce[0m [36mstdio[0m=[35mstderr[0m [36mstring_id[0m=[35mtap-oracle-wms[0m
[2m2025-07-02T18:23:07.124256Z[0m [[32m[1minfo     [0m] [1m                              [0m [36mcmd_type[0m=[35melb[0m [36mconsumer[0m=[35mFalse[0m [36mjob_name[0m=[35mdev:tap-oracle-wms-to-target-oracle[0m [36mname[0m=[35mtap-oracle-wms[0m [36mproducer[0m=[35mTrue[0m [36mrun_id[0m=[35m885123de-23d7-464d-b523-b729f3d644ce[0m [36mstdio[0m=[35mstderr[0m [36mstring_id[0m=[35mtap-oracle-wms[0m
[2m2025-07-02T18:23:07.124336Z[0m [[32m[1minfo     [0m] [1mTraceback (most recent call last):[0m [36mcmd_type[0m=[35melb[0m [36mconsumer[0m=[35mFalse[0m [36mjob_name[0m=[35mdev:tap-oracle-wms-to-target-oracle[0m [36mname[0m=[35mtap-oracle-wms[0m [36mproducer[0m=[35mTrue[0m [36mrun_id[0m=[35m885123de-23d7-464d-b523-b729f3d644ce[0m [36mstdio[0m=[35mstderr[0m [36mstring_id[0m=[35mtap-oracle-wms[0m
[2m2025-07-02T18:23:07.124403Z[0m [[32m[1minfo     [0m] [1m  File "/home/marlonsc/flext/.venv/lib/python3.13/site-packages/singer_sdk/mapper.py", line 366, in _eval[0m [36mcmd_type[0m=[35melb[0m [36mconsumer[0m=[35mFalse[0m [36mjob_name[0m=[35mdev:tap-oracle-wms-to-target-oracle[0m [36mname[0m=[35mtap-oracle-wms[0m [36mproducer[0m=[35mTrue[0m [36mrun_id[0m=[35m885123de-23d7-464d-b523-b729f3d644ce[0m [36mstdio[0m=[35mstderr[0m [36mstring_id[0m=[35mtap-oracle-wms[0m
[2m2025-07-02T18:23:07.124471Z[0m [[32m[1minfo     [0m] [1m    result: str | int | float = self.expr_evaluator.eval([0m [36mcmd_type[0m=[35melb[0m [36mconsumer[0m=[35mFalse[0m [36mjob_name[0m=[35mdev:tap-oracle-wms-to-target-oracle[0m [36mname[0m=[35mtap-oracle-wms[0m [36mproducer[0m=[35mTrue[0m [36mrun_id[0m=[35m885123de-23d7-464d-b523-b729f3d644ce[0m [36mstdio[0m=[35mstderr[0m [36mstring_id[0m=[35mtap-oracle-wms[0m
[2m2025-07-02T18:23:07.124539Z[0m [[32m[1minfo     [0m] [1m                                ~~~~~~~~~~~~~~~~~~~~~~~~^[0m [36mcmd_type[0m=[35melb[0m [36mconsumer[0m=[35mFalse[0m [36mjob_name[0m=[35mdev:tap-oracle-wms-to-target-oracle[0m [36mname[0m=[35mtap-oracle-wms[0m [36mproducer[0m=[35mTrue[0m [36mrun_id[0m=[35m885123de-23d7-464d-b523-b729f3d644ce[0m [36mstdio[0m=[35mstderr[0m [36mstring_id[0m=[35mtap-oracle-wms[0m
[2m2025-07-02T18:23:07.124607Z[0m [[32m[1minfo     [0m] [1m        expr,                 [0m [36mcmd_type[0m=[35melb[0m [36mconsumer[0m=[35mFalse[0m [36mjob_name[0m=[35mdev:tap-oracle-wms-to-target-oracle[0m [36mname[0m=[35mtap-oracle-wms[0m [36mproducer[0m=[35mTrue[0m [36mrun_id[0m=[35m885123de-23d7-464d-b523-b729f3d644ce[0m [36mstdio[0m=[35mstderr[0m [36mstring_id[0m=[35mtap-oracle-wms[0m
[2m2025-07-02T18:23:07.124676Z[0m [[32m[1minfo     [0m] [1m        ^^^^^                 [0m [36mcmd_type[0m=[35melb[0m [36mconsumer[0m=[35mFalse[0m [36mjob_name[0m=[35mdev:tap-oracle-wms-to-target-oracle[0m [36mname[0m=[35mtap-oracle-wms[0m [36mproducer[0m=[35mTrue[0m [36mrun_id[0m=[35m885123de-23d7-464d-b523-b729f3d644ce[0m [36mstdio[0m=[35mstderr[0m [36mstring_id[0m=[35mtap-oracle-wms[0m
[2m2025-07-02T18:23:07.124749Z[0m [[32m[1minfo     [0m] [1m        previously_parsed=expr_parsed,[0m [36mcmd_type[0m=[35melb[0m [36mconsumer[0m=[35mFalse[0m [36mjob_name[0m=[35mdev:tap-oracle-wms-to-target-oracle[0m [36mname[0m=[35mtap-oracle-wms[0m [36mproducer[0m=[35mTrue[0m [36mrun_id[0m=[35m885123de-23d7-464d-b523-b729f3d644ce[0m [36mstdio[0m=[35mstderr[0m [36mstring_id[0m=[35mtap-oracle-wms[0m
[2m2025-07-02T18:23:07.124812Z[0m [[32m[1minfo     [0m] [1m        ^^^^^^^^^^^^^^^^^^^^^^^^^^^^^^[0m [36mcmd_type[0m=[35melb[0m [36mconsumer[0m=[35mFalse[0m [36mjob_name[0m=[35mdev:tap-oracle-wms-to-target-oracle[0m [36mname[0m=[35mtap-oracle-wms[0m [36mproducer[0m=[35mTrue[0m [36mrun_id[0m=[35m885123de-23d7-464d-b523-b729f3d644ce[0m [36mstdio[0m=[35mstderr[0m [36mstring_id[0m=[35mtap-oracle-wms[0m
[2m2025-07-02T18:23:07.124877Z[0m [[32m[1minfo     [0m] [1m    )                         [0m [36mcmd_type[0m=[35melb[0m [36mconsumer[0m=[35mFalse[0m [36mjob_name[0m=[35mdev:tap-oracle-wms-to-target-oracle[0m [36mname[0m=[35mtap-oracle-wms[0m [36mproducer[0m=[35mTrue[0m [36mrun_id[0m=[35m885123de-23d7-464d-b523-b729f3d644ce[0m [36mstdio[0m=[35mstderr[0m [36mstring_id[0m=[35mtap-oracle-wms[0m
[2m2025-07-02T18:23:07.124944Z[0m [[32m[1minfo     [0m] [1m    ^                         [0m [36mcmd_type[0m=[35melb[0m [36mconsumer[0m=[35mFalse[0m [36mjob_name[0m=[35mdev:tap-oracle-wms-to-target-oracle[0m [36mname[0m=[35mtap-oracle-wms[0m [36mproducer[0m=[35mTrue[0m [36mrun_id[0m=[35m885123de-23d7-464d-b523-b729f3d644ce[0m [36mstdio[0m=[35mstderr[0m [36mstring_id[0m=[35mtap-oracle-wms[0m
[2m2025-07-02T18:23:07.125010Z[0m [[32m[1minfo     [0m] [1m  File "/home/marlonsc/flext/.venv/lib/python3.13/site-packages/simpleeval.py", line 678, in eval[0m [36mcmd_type[0m=[35melb[0m [36mconsumer[0m=[35mFalse[0m [36mjob_name[0m=[35mdev:tap-oracle-wms-to-target-oracle[0m [36mname[0m=[35mtap-oracle-wms[0m [36mproducer[0m=[35mTrue[0m [36mrun_id[0m=[35m885123de-23d7-464d-b523-b729f3d644ce[0m [36mstdio[0m=[35mstderr[0m [36mstring_id[0m=[35mtap-oracle-wms[0m
[2m2025-07-02T18:23:07.125075Z[0m [[32m[1minfo     [0m] [1m    return super(EvalWithCompoundTypes, self).eval(expr, previously_parsed)[0m [36mcmd_type[0m=[35melb[0m [36mconsumer[0m=[35mFalse[0m [36mjob_name[0m=[35mdev:tap-oracle-wms-to-target-oracle[0m [36mname[0m=[35mtap-oracle-wms[0m [36mproducer[0m=[35mTrue[0m [36mrun_id[0m=[35m885123de-23d7-464d-b523-b729f3d644ce[0m [36mstdio[0m=[35mstderr[0m [36mstring_id[0m=[35mtap-oracle-wms[0m
[2m2025-07-02T18:23:07.125141Z[0m [[32m[1minfo     [0m] [1m           ~~~~~~~~~~~~~~~~~~~~~~~~~~~~~~~~~~~~~~~^^^^^^^^^^^^^^^^^^^^^^^^^[0m [36mcmd_type[0m=[35melb[0m [36mconsumer[0m=[35mFalse[0m [36mjob_name[0m=[35mdev:tap-oracle-wms-to-target-oracle[0m [36mname[0m=[35mtap-oracle-wms[0m [36mproducer[0m=[35mTrue[0m [36mrun_id[0m=[35m885123de-23d7-464d-b523-b729f3d644ce[0m [36mstdio[0m=[35mstderr[0m [36mstring_id[0m=[35mtap-oracle-wms[0m
[2m2025-07-02T18:23:07.125212Z[0m [[32m[1minfo     [0m] [1m  File "/home/marlonsc/flext/.venv/lib/python3.13/site-packages/simpleeval.py", line 433, in eval[0m [36mcmd_type[0m=[35melb[0m [36mconsumer[0m=[35mFalse[0m [36mjob_name[0m=[35mdev:tap-oracle-wms-to-target-oracle[0m [36mname[0m=[35mtap-oracle-wms[0m [36mproducer[0m=[35mTrue[0m [36mrun_id[0m=[35m885123de-23d7-464d-b523-b729f3d644ce[0m [36mstdio[0m=[35mstderr[0m [36mstring_id[0m=[35mtap-oracle-wms[0m
[2m2025-07-02T18:23:07.125284Z[0m [[32m[1minfo     [0m] [1m    return self._eval(previously_parsed or self.parse(expr))[0m [36mcmd_type[0m=[35melb[0m [36mconsumer[0m=[35mFalse[0m [36mjob_name[0m=[35mdev:tap-oracle-wms-to-target-oracle[0m [36mname[0m=[35mtap-oracle-wms[0m [36mproducer[0m=[35mTrue[0m [36mrun_id[0m=[35m885123de-23d7-464d-b523-b729f3d644ce[0m [36mstdio[0m=[35mstderr[0m [36mstring_id[0m=[35mtap-oracle-wms[0m
[2m2025-07-02T18:23:07.125359Z[0m [[32m[1minfo     [0m] [1m           ~~~~~~~~~~^^^^^^^^^^^^^^^^^^^^^^^^^^^^^^^^^^^^^^^[0m [36mcmd_type[0m=[35melb[0m [36mconsumer[0m=[35mFalse[0m [36mjob_name[0m=[35mdev:tap-oracle-wms-to-target-oracle[0m [36mname[0m=[35mtap-oracle-wms[0m [36mproducer[0m=[35mTrue[0m [36mrun_id[0m=[35m885123de-23d7-464d-b523-b729f3d644ce[0m [36mstdio[0m=[35mstderr[0m [36mstring_id[0m=[35mtap-oracle-wms[0m
[2m2025-07-02T18:23:07.125431Z[0m [[32m[1minfo     [0m] [1m  File "/home/marlonsc/flext/.venv/lib/python3.13/site-packages/simpleeval.py", line 445, in _eval[0m [36mcmd_type[0m=[35melb[0m [36mconsumer[0m=[35mFalse[0m [36mjob_name[0m=[35mdev:tap-oracle-wms-to-target-oracle[0m [36mname[0m=[35mtap-oracle-wms[0m [36mproducer[0m=[35mTrue[0m [36mrun_id[0m=[35m885123de-23d7-464d-b523-b729f3d644ce[0m [36mstdio[0m=[35mstderr[0m [36mstring_id[0m=[35mtap-oracle-wms[0m
[2m2025-07-02T18:23:07.125503Z[0m [[32m[1minfo     [0m] [1m    return handler(node)      [0m [36mcmd_type[0m=[35melb[0m [36mconsumer[0m=[35mFalse[0m [36mjob_name[0m=[35mdev:tap-oracle-wms-to-target-oracle[0m [36mname[0m=[35mtap-oracle-wms[0m [36mproducer[0m=[35mTrue[0m [36mrun_id[0m=[35m885123de-23d7-464d-b523-b729f3d644ce[0m [36mstdio[0m=[35mstderr[0m [36mstring_id[0m=[35mtap-oracle-wms[0m
[2m2025-07-02T18:23:07.125572Z[0m [[32m[1minfo     [0m] [1m  File "/home/marlonsc/flext/.venv/lib/python3.13/site-packages/simpleeval.py", line 448, in _eval_expr[0m [36mcmd_type[0m=[35melb[0m [36mconsumer[0m=[35mFalse[0m [36mjob_name[0m=[35mdev:tap-oracle-wms-to-target-oracle[0m [36mname[0m=[35mtap-oracle-wms[0m [36mproducer[0m=[35mTrue[0m [36mrun_id[0m=[35m885123de-23d7-464d-b523-b729f3d644ce[0m [36mstdio[0m=[35mstderr[0m [36mstring_id[0m=[35mtap-oracle-wms[0m
[2m2025-07-02T18:23:07.125638Z[0m [[32m[1minfo     [0m] [1m    return self._eval(node.value)[0m [36mcmd_type[0m=[35melb[0m [36mconsumer[0m=[35mFalse[0m [36mjob_name[0m=[35mdev:tap-oracle-wms-to-target-oracle[0m [36mname[0m=[35mtap-oracle-wms[0m [36mproducer[0m=[35mTrue[0m [36mrun_id[0m=[35m885123de-23d7-464d-b523-b729f3d644ce[0m [36mstdio[0m=[35mstderr[0m [36mstring_id[0m=[35mtap-oracle-wms[0m
[2m2025-07-02T18:23:07.125714Z[0m [[32m[1minfo     [0m] [1m           ~~~~~~~~~~^^^^^^^^^^^^[0m [36mcmd_type[0m=[35melb[0m [36mconsumer[0m=[35mFalse[0m [36mjob_name[0m=[35mdev:tap-oracle-wms-to-target-oracle[0m [36mname[0m=[35mtap-oracle-wms[0m [36mproducer[0m=[35mTrue[0m [36mrun_id[0m=[35m885123de-23d7-464d-b523-b729f3d644ce[0m [36mstdio[0m=[35mstderr[0m [36mstring_id[0m=[35mtap-oracle-wms[0m
[2m2025-07-02T18:23:07.125779Z[0m [[32m[1minfo     [0m] [1m  File "/home/marlonsc/flext/.venv/lib/python3.13/site-packages/simpleeval.py", line 445, in _eval[0m [36mcmd_type[0m=[35melb[0m [36mconsumer[0m=[35mFalse[0m [36mjob_name[0m=[35mdev:tap-oracle-wms-to-target-oracle[0m [36mname[0m=[35mtap-oracle-wms[0m [36mproducer[0m=[35mTrue[0m [36mrun_id[0m=[35m885123de-23d7-464d-b523-b729f3d644ce[0m [36mstdio[0m=[35mstderr[0m [36mstring_id[0m=[35mtap-oracle-wms[0m
[2m2025-07-02T18:23:07.125846Z[0m [[32m[1minfo     [0m] [1m    return handler(node)      [0m [36mcmd_type[0m=[35melb[0m [36mconsumer[0m=[35mFalse[0m [36mjob_name[0m=[35mdev:tap-oracle-wms-to-target-oracle[0m [36mname[0m=[35mtap-oracle-wms[0m [36mproducer[0m=[35mTrue[0m [36mrun_id[0m=[35m885123de-23d7-464d-b523-b729f3d644ce[0m [36mstdio[0m=[35mstderr[0m [36mstring_id[0m=[35mtap-oracle-wms[0m
[2m2025-07-02T18:23:07.125911Z[0m [[32m[1minfo     [0m] [1m  File "/home/marlonsc/flext/.venv/lib/python3.13/site-packages/simpleeval.py", line 539, in _eval_call[0m [36mcmd_type[0m=[35melb[0m [36mconsumer[0m=[35mFalse[0m [36mjob_name[0m=[35mdev:tap-oracle-wms-to-target-oracle[0m [36mname[0m=[35mtap-oracle-wms[0m [36mproducer[0m=[35mTrue[0m [36mrun_id[0m=[35m885123de-23d7-464d-b523-b729f3d644ce[0m [36mstdio[0m=[35mstderr[0m [36mstring_id[0m=[35mtap-oracle-wms[0m
[2m2025-07-02T18:23:07.125980Z[0m [[32m[1minfo     [0m] [1m    raise FunctionNotDefined(node.func.id, self.expr)[0m [36mcmd_type[0m=[35melb[0m [36mconsumer[0m=[35mFalse[0m [36mjob_name[0m=[35mdev:tap-oracle-wms-to-target-oracle[0m [36mname[0m=[35mtap-oracle-wms[0m [36mproducer[0m=[35mTrue[0m [36mrun_id[0m=[35m885123de-23d7-464d-b523-b729f3d644ce[0m [36mstdio[0m=[35mstderr[0m [36mstring_id[0m=[35mtap-oracle-wms[0m
[2m2025-07-02T18:23:07.126046Z[0m [[32m[1minfo     [0m] [1msimpleeval.FunctionNotDefined: Function 'true' not defined, for expression 'true()'.[0m [36mcmd_type[0m=[35melb[0m [36mconsumer[0m=[35mFalse[0m [36mjob_name[0m=[35mdev:tap-oracle-wms-to-target-oracle[0m [36mname[0m=[35mtap-oracle-wms[0m [36mproducer[0m=[35mTrue[0m [36mrun_id[0m=[35m885123de-23d7-464d-b523-b729f3d644ce[0m [36mstdio[0m=[35mstderr[0m [36mstring_id[0m=[35mtap-oracle-wms[0m
[2m2025-07-02T18:23:07.126110Z[0m [[32m[1minfo     [0m] [1m                              [0m [36mcmd_type[0m=[35melb[0m [36mconsumer[0m=[35mFalse[0m [36mjob_name[0m=[35mdev:tap-oracle-wms-to-target-oracle[0m [36mname[0m=[35mtap-oracle-wms[0m [36mproducer[0m=[35mTrue[0m [36mrun_id[0m=[35m885123de-23d7-464d-b523-b729f3d644ce[0m [36mstdio[0m=[35mstderr[0m [36mstring_id[0m=[35mtap-oracle-wms[0m
[2m2025-07-02T18:23:07.126179Z[0m [[32m[1minfo     [0m] [1mThe above exception was the direct cause of the following exception:[0m [36mcmd_type[0m=[35melb[0m [36mconsumer[0m=[35mFalse[0m [36mjob_name[0m=[35mdev:tap-oracle-wms-to-target-oracle[0m [36mname[0m=[35mtap-oracle-wms[0m [36mproducer[0m=[35mTrue[0m [36mrun_id[0m=[35m885123de-23d7-464d-b523-b729f3d644ce[0m [36mstdio[0m=[35mstderr[0m [36mstring_id[0m=[35mtap-oracle-wms[0m
[2m2025-07-02T18:23:07.126242Z[0m [[32m[1minfo     [0m] [1m                              [0m [36mcmd_type[0m=[35melb[0m [36mconsumer[0m=[35mFalse[0m [36mjob_name[0m=[35mdev:tap-oracle-wms-to-target-oracle[0m [36mname[0m=[35mtap-oracle-wms[0m [36mproducer[0m=[35mTrue[0m [36mrun_id[0m=[35m885123de-23d7-464d-b523-b729f3d644ce[0m [36mstdio[0m=[35mstderr[0m [36mstring_id[0m=[35mtap-oracle-wms[0m
[2m2025-07-02T18:23:07.126315Z[0m [[32m[1minfo     [0m] [1mTraceback (most recent call last):[0m [36mcmd_type[0m=[35melb[0m [36mconsumer[0m=[35mFalse[0m [36mjob_name[0m=[35mdev:tap-oracle-wms-to-target-oracle[0m [36mname[0m=[35mtap-oracle-wms[0m [36mproducer[0m=[35mTrue[0m [36mrun_id[0m=[35m885123de-23d7-464d-b523-b729f3d644ce[0m [36mstdio[0m=[35mstderr[0m [36mstring_id[0m=[35mtap-oracle-wms[0m
[2m2025-07-02T18:23:07.126385Z[0m [[32m[1minfo     [0m] [1m  File "/home/marlonsc/flext/.venv/bin/tap-oracle-wms", line 8, in <module>[0m [36mcmd_type[0m=[35melb[0m [36mconsumer[0m=[35mFalse[0m [36mjob_name[0m=[35mdev:tap-oracle-wms-to-target-oracle[0m [36mname[0m=[35mtap-oracle-wms[0m [36mproducer[0m=[35mTrue[0m [36mrun_id[0m=[35m885123de-23d7-464d-b523-b729f3d644ce[0m [36mstdio[0m=[35mstderr[0m [36mstring_id[0m=[35mtap-oracle-wms[0m
[2m2025-07-02T18:23:07.126454Z[0m [[32m[1minfo     [0m] [1m    sys.exit(main())          [0m [36mcmd_type[0m=[35melb[0m [36mconsumer[0m=[35mFalse[0m [36mjob_name[0m=[35mdev:tap-oracle-wms-to-target-oracle[0m [36mname[0m=[35mtap-oracle-wms[0m [36mproducer[0m=[35mTrue[0m [36mrun_id[0m=[35m885123de-23d7-464d-b523-b729f3d644ce[0m [36mstdio[0m=[35mstderr[0m [36mstring_id[0m=[35mtap-oracle-wms[0m
[2m2025-07-02T18:23:07.126524Z[0m [[32m[1minfo     [0m] [1m             ~~~~^^           [0m [36mcmd_type[0m=[35melb[0m [36mconsumer[0m=[35mFalse[0m [36mjob_name[0m=[35mdev:tap-oracle-wms-to-target-oracle[0m [36mname[0m=[35mtap-oracle-wms[0m [36mproducer[0m=[35mTrue[0m [36mrun_id[0m=[35m885123de-23d7-464d-b523-b729f3d644ce[0m [36mstdio[0m=[35mstderr[0m [36mstring_id[0m=[35mtap-oracle-wms[0m
[2m2025-07-02T18:23:07.126591Z[0m [[32m[1minfo     [0m] [1m  File "/home/marlonsc/flext/flext-tap-oracle-wms/src/tap_oracle_wms/cli.py", line 10, in main[0m [36mcmd_type[0m=[35melb[0m [36mconsumer[0m=[35mFalse[0m [36mjob_name[0m=[35mdev:tap-oracle-wms-to-target-oracle[0m [36mname[0m=[35mtap-oracle-wms[0m [36mproducer[0m=[35mTrue[0m [36mrun_id[0m=[35m885123de-23d7-464d-b523-b729f3d644ce[0m [36mstdio[0m=[35mstderr[0m [36mstring_id[0m=[35mtap-oracle-wms[0m
[2m2025-07-02T18:23:07.126655Z[0m [[32m[1minfo     [0m] [1m    TapOracleWMS.cli()        [0m [36mcmd_type[0m=[35melb[0m [36mconsumer[0m=[35mFalse[0m [36mjob_name[0m=[35mdev:tap-oracle-wms-to-target-oracle[0m [36mname[0m=[35mtap-oracle-wms[0m [36mproducer[0m=[35mTrue[0m [36mrun_id[0m=[35m885123de-23d7-464d-b523-b729f3d644ce[0m [36mstdio[0m=[35mstderr[0m [36mstring_id[0m=[35mtap-oracle-wms[0m
[2m2025-07-02T18:23:07.126721Z[0m [[32m[1minfo     [0m] [1m    ~~~~~~~~~~~~~~~~^^        [0m [36mcmd_type[0m=[35melb[0m [36mconsumer[0m=[35mFalse[0m [36mjob_name[0m=[35mdev:tap-oracle-wms-to-target-oracle[0m [36mname[0m=[35mtap-oracle-wms[0m [36mproducer[0m=[35mTrue[0m [36mrun_id[0m=[35m885123de-23d7-464d-b523-b729f3d644ce[0m [36mstdio[0m=[35mstderr[0m [36mstring_id[0m=[35mtap-oracle-wms[0m
[2m2025-07-02T18:23:07.126791Z[0m [[32m[1minfo     [0m] [1m  File "/home/marlonsc/flext/.venv/lib/python3.13/site-packages/click/core.py", line 1442, in __call__[0m [36mcmd_type[0m=[35melb[0m [36mconsumer[0m=[35mFalse[0m [36mjob_name[0m=[35mdev:tap-oracle-wms-to-target-oracle[0m [36mname[0m=[35mtap-oracle-wms[0m [36mproducer[0m=[35mTrue[0m [36mrun_id[0m=[35m885123de-23d7-464d-b523-b729f3d644ce[0m [36mstdio[0m=[35mstderr[0m [36mstring_id[0m=[35mtap-oracle-wms[0m
[2m2025-07-02T18:23:07.126856Z[0m [[32m[1minfo     [0m] [1m    return self.main(*args, **kwargs)[0m [36mcmd_type[0m=[35melb[0m [36mconsumer[0m=[35mFalse[0m [36mjob_name[0m=[35mdev:tap-oracle-wms-to-target-oracle[0m [36mname[0m=[35mtap-oracle-wms[0m [36mproducer[0m=[35mTrue[0m [36mrun_id[0m=[35m885123de-23d7-464d-b523-b729f3d644ce[0m [36mstdio[0m=[35mstderr[0m [36mstring_id[0m=[35mtap-oracle-wms[0m
[2m2025-07-02T18:23:07.126920Z[0m [[32m[1minfo     [0m] [1m           ~~~~~~~~~^^^^^^^^^^^^^^^^^[0m [36mcmd_type[0m=[35melb[0m [36mconsumer[0m=[35mFalse[0m [36mjob_name[0m=[35mdev:tap-oracle-wms-to-target-oracle[0m [36mname[0m=[35mtap-oracle-wms[0m [36mproducer[0m=[35mTrue[0m [36mrun_id[0m=[35m885123de-23d7-464d-b523-b729f3d644ce[0m [36mstdio[0m=[35mstderr[0m [36mstring_id[0m=[35mtap-oracle-wms[0m
[2m2025-07-02T18:23:07.126986Z[0m [[32m[1minfo     [0m] [1m  File "/home/marlonsc/flext/.venv/lib/python3.13/site-packages/click/core.py", line 1363, in main[0m [36mcmd_type[0m=[35melb[0m [36mconsumer[0m=[35mFalse[0m [36mjob_name[0m=[35mdev:tap-oracle-wms-to-target-oracle[0m [36mname[0m=[35mtap-oracle-wms[0m [36mproducer[0m=[35mTrue[0m [36mrun_id[0m=[35m885123de-23d7-464d-b523-b729f3d644ce[0m [36mstdio[0m=[35mstderr[0m [36mstring_id[0m=[35mtap-oracle-wms[0m
[2m2025-07-02T18:23:07.127053Z[0m [[32m[1minfo     [0m] [1m    rv = self.invoke(ctx)     [0m [36mcmd_type[0m=[35melb[0m [36mconsumer[0m=[35mFalse[0m [36mjob_name[0m=[35mdev:tap-oracle-wms-to-target-oracle[0m [36mname[0m=[35mtap-oracle-wms[0m [36mproducer[0m=[35mTrue[0m [36mrun_id[0m=[35m885123de-23d7-464d-b523-b729f3d644ce[0m [36mstdio[0m=[35mstderr[0m [36mstring_id[0m=[35mtap-oracle-wms[0m
[2m2025-07-02T18:23:07.127120Z[0m [[32m[1minfo     [0m] [1m  File "/home/marlonsc/flext/.venv/lib/python3.13/site-packages/singer_sdk/plugin_base.py", line 98, in invoke[0m [36mcmd_type[0m=[35melb[0m [36mconsumer[0m=[35mFalse[0m [36mjob_name[0m=[35mdev:tap-oracle-wms-to-target-oracle[0m [36mname[0m=[35mtap-oracle-wms[0m [36mproducer[0m=[35mTrue[0m [36mrun_id[0m=[35m885123de-23d7-464d-b523-b729f3d644ce[0m [36mstdio[0m=[35mstderr[0m [36mstring_id[0m=[35mtap-oracle-wms[0m
[2m2025-07-02T18:23:07.127185Z[0m [[32m[1minfo     [0m] [1m    return super().invoke(ctx)[0m [36mcmd_type[0m=[35melb[0m [36mconsumer[0m=[35mFalse[0m [36mjob_name[0m=[35mdev:tap-oracle-wms-to-target-oracle[0m [36mname[0m=[35mtap-oracle-wms[0m [36mproducer[0m=[35mTrue[0m [36mrun_id[0m=[35m885123de-23d7-464d-b523-b729f3d644ce[0m [36mstdio[0m=[35mstderr[0m [36mstring_id[0m=[35mtap-oracle-wms[0m
[2m2025-07-02T18:23:07.127255Z[0m [[32m[1minfo     [0m] [1m           ~~~~~~~~~~~~~~^^^^^[0m [36mcmd_type[0m=[35melb[0m [36mconsumer[0m=[35mFalse[0m [36mjob_name[0m=[35mdev:tap-oracle-wms-to-target-oracle[0m [36mname[0m=[35mtap-oracle-wms[0m [36mproducer[0m=[35mTrue[0m [36mrun_id[0m=[35m885123de-23d7-464d-b523-b729f3d644ce[0m [36mstdio[0m=[35mstderr[0m [36mstring_id[0m=[35mtap-oracle-wms[0m
[2m2025-07-02T18:23:07.127354Z[0m [[32m[1minfo     [0m] [1m  File "/home/marlonsc/flext/.venv/lib/python3.13/site-packages/click/core.py", line 1226, in invoke[0m [36mcmd_type[0m=[35melb[0m [36mconsumer[0m=[35mFalse[0m [36mjob_name[0m=[35mdev:tap-oracle-wms-to-target-oracle[0m [36mname[0m=[35mtap-oracle-wms[0m [36mproducer[0m=[35mTrue[0m [36mrun_id[0m=[35m885123de-23d7-464d-b523-b729f3d644ce[0m [36mstdio[0m=[35mstderr[0m [36mstring_id[0m=[35mtap-oracle-wms[0m
[2m2025-07-02T18:23:07.127423Z[0m [[32m[1minfo     [0m] [1m    return ctx.invoke(self.callback, **ctx.params)[0m [36mcmd_type[0m=[35melb[0m [36mconsumer[0m=[35mFalse[0m [36mjob_name[0m=[35mdev:tap-oracle-wms-to-target-oracle[0m [36mname[0m=[35mtap-oracle-wms[0m [36mproducer[0m=[35mTrue[0m [36mrun_id[0m=[35m885123de-23d7-464d-b523-b729f3d644ce[0m [36mstdio[0m=[35mstderr[0m [36mstring_id[0m=[35mtap-oracle-wms[0m
[2m2025-07-02T18:23:07.127487Z[0m [[32m[1minfo     [0m] [1m           ~~~~~~~~~~^^^^^^^^^^^^^^^^^^^^^^^^^^^^^[0m [36mcmd_type[0m=[35melb[0m [36mconsumer[0m=[35mFalse[0m [36mjob_name[0m=[35mdev:tap-oracle-wms-to-target-oracle[0m [36mname[0m=[35mtap-oracle-wms[0m [36mproducer[0m=[35mTrue[0m [36mrun_id[0m=[35m885123de-23d7-464d-b523-b729f3d644ce[0m [36mstdio[0m=[35mstderr[0m [36mstring_id[0m=[35mtap-oracle-wms[0m
[2m2025-07-02T18:23:07.127552Z[0m [[32m[1minfo     [0m] [1m  File "/home/marlonsc/flext/.venv/lib/python3.13/site-packages/click/core.py", line 794, in invoke[0m [36mcmd_type[0m=[35melb[0m [36mconsumer[0m=[35mFalse[0m [36mjob_name[0m=[35mdev:tap-oracle-wms-to-target-oracle[0m [36mname[0m=[35mtap-oracle-wms[0m [36mproducer[0m=[35mTrue[0m [36mrun_id[0m=[35m885123de-23d7-464d-b523-b729f3d644ce[0m [36mstdio[0m=[35mstderr[0m [36mstring_id[0m=[35mtap-oracle-wms[0m
[2m2025-07-02T18:23:07.127617Z[0m [[32m[1minfo     [0m] [1m    return callback(*args, **kwargs)[0m [36mcmd_type[0m=[35melb[0m [36mconsumer[0m=[35mFalse[0m [36mjob_name[0m=[35mdev:tap-oracle-wms-to-target-oracle[0m [36mname[0m=[35mtap-oracle-wms[0m [36mproducer[0m=[35mTrue[0m [36mrun_id[0m=[35m885123de-23d7-464d-b523-b729f3d644ce[0m [36mstdio[0m=[35mstderr[0m [36mstring_id[0m=[35mtap-oracle-wms[0m
[2m2025-07-02T18:23:07.127683Z[0m [[32m[1minfo     [0m] [1m  File "/home/marlonsc/flext/flext-tap-oracle-wms/src/tap_oracle_wms/tap.py", line 220, in invoke[0m [36mcmd_type[0m=[35melb[0m [36mconsumer[0m=[35mFalse[0m [36mjob_name[0m=[35mdev:tap-oracle-wms-to-target-oracle[0m [36mname[0m=[35mtap-oracle-wms[0m [36mproducer[0m=[35mTrue[0m [36mrun_id[0m=[35m885123de-23d7-464d-b523-b729f3d644ce[0m [36mstdio[0m=[35mstderr[0m [36mstring_id[0m=[35mtap-oracle-wms[0m
[2m2025-07-02T18:23:07.127745Z[0m [[32m[1minfo     [0m] [1m    return super().invoke(*args, **kwargs)[0m [36mcmd_type[0m=[35melb[0m [36mconsumer[0m=[35mFalse[0m [36mjob_name[0m=[35mdev:tap-oracle-wms-to-target-oracle[0m [36mname[0m=[35mtap-oracle-wms[0m [36mproducer[0m=[35mTrue[0m [36mrun_id[0m=[35m885123de-23d7-464d-b523-b729f3d644ce[0m [36mstdio[0m=[35mstderr[0m [36mstring_id[0m=[35mtap-oracle-wms[0m
[2m2025-07-02T18:23:07.127806Z[0m [[32m[1minfo     [0m] [1m           ~~~~~~~~~~~~~~^^^^^^^^^^^^^^^^^[0m [36mcmd_type[0m=[35melb[0m [36mconsumer[0m=[35mFalse[0m [36mjob_name[0m=[35mdev:tap-oracle-wms-to-target-oracle[0m [36mname[0m=[35mtap-oracle-wms[0m [36mproducer[0m=[35mTrue[0m [36mrun_id[0m=[35m885123de-23d7-464d-b523-b729f3d644ce[0m [36mstdio[0m=[35mstderr[0m [36mstring_id[0m=[35mtap-oracle-wms[0m
[2m2025-07-02T18:23:07.127872Z[0m [[32m[1minfo     [0m] [1m  File "/home/marlonsc/flext/.venv/lib/python3.13/site-packages/singer_sdk/tap_base.py", line 553, in invoke[0m [36mcmd_type[0m=[35melb[0m [36mconsumer[0m=[35mFalse[0m [36mjob_name[0m=[35mdev:tap-oracle-wms-to-target-oracle[0m [36mname[0m=[35mtap-oracle-wms[0m [36mproducer[0m=[35mTrue[0m [36mrun_id[0m=[35m885123de-23d7-464d-b523-b729f3d644ce[0m [36mstdio[0m=[35mstderr[0m [36mstring_id[0m=[35mtap-oracle-wms[0m
[2m2025-07-02T18:23:07.127936Z[0m [[32m[1minfo     [0m] [1m    tap.sync_all()            [0m [36mcmd_type[0m=[35melb[0m [36mconsumer[0m=[35mFalse[0m [36mjob_name[0m=[35mdev:tap-oracle-wms-to-target-oracle[0m [36mname[0m=[35mtap-oracle-wms[0m [36mproducer[0m=[35mTrue[0m [36mrun_id[0m=[35m885123de-23d7-464d-b523-b729f3d644ce[0m [36mstdio[0m=[35mstderr[0m [36mstring_id[0m=[35mtap-oracle-wms[0m
[2m2025-07-02T18:23:07.128003Z[0m [[32m[1minfo     [0m] [1m    ~~~~~~~~~~~~^^            [0m [36mcmd_type[0m=[35melb[0m [36mconsumer[0m=[35mFalse[0m [36mjob_name[0m=[35mdev:tap-oracle-wms-to-target-oracle[0m [36mname[0m=[35mtap-oracle-wms[0m [36mproducer[0m=[35mTrue[0m [36mrun_id[0m=[35m885123de-23d7-464d-b523-b729f3d644ce[0m [36mstdio[0m=[35mstderr[0m [36mstring_id[0m=[35mtap-oracle-wms[0m
[2m2025-07-02T18:23:07.128067Z[0m [[32m[1minfo     [0m] [1m  File "/home/marlonsc/flext/.venv/lib/python3.13/site-packages/singer_sdk/tap_base.py", line 494, in sync_all[0m [36mcmd_type[0m=[35melb[0m [36mconsumer[0m=[35mFalse[0m [36mjob_name[0m=[35mdev:tap-oracle-wms-to-target-oracle[0m [36mname[0m=[35mtap-oracle-wms[0m [36mproducer[0m=[35mTrue[0m [36mrun_id[0m=[35m885123de-23d7-464d-b523-b729f3d644ce[0m [36mstdio[0m=[35mstderr[0m [36mstring_id[0m=[35mtap-oracle-wms[0m
[2m2025-07-02T18:23:07.128135Z[0m [[32m[1minfo     [0m] [1m    stream.sync()             [0m [36mcmd_type[0m=[35melb[0m [36mconsumer[0m=[35mFalse[0m [36mjob_name[0m=[35mdev:tap-oracle-wms-to-target-oracle[0m [36mname[0m=[35mtap-oracle-wms[0m [36mproducer[0m=[35mTrue[0m [36mrun_id[0m=[35m885123de-23d7-464d-b523-b729f3d644ce[0m [36mstdio[0m=[35mstderr[0m [36mstring_id[0m=[35mtap-oracle-wms[0m
[2m2025-07-02T18:23:07.128218Z[0m [[32m[1minfo     [0m] [1m    ~~~~~~~~~~~^^             [0m [36mcmd_type[0m=[35melb[0m [36mconsumer[0m=[35mFalse[0m [36mjob_name[0m=[35mdev:tap-oracle-wms-to-target-oracle[0m [36mname[0m=[35mtap-oracle-wms[0m [36mproducer[0m=[35mTrue[0m [36mrun_id[0m=[35m885123de-23d7-464d-b523-b729f3d644ce[0m [36mstdio[0m=[35mstderr[0m [36mstring_id[0m=[35mtap-oracle-wms[0m
[2m2025-07-02T18:23:07.128322Z[0m [[32m[1minfo     [0m] [1m  File "/home/marlonsc/flext/.venv/lib/python3.13/site-packages/singer_sdk/streams/core.py", line 1329, in sync[0m [36mcmd_type[0m=[35melb[0m [36mconsumer[0m=[35mFalse[0m [36mjob_name[0m=[35mdev:tap-oracle-wms-to-target-oracle[0m [36mname[0m=[35mtap-oracle-wms[0m [36mproducer[0m=[35mTrue[0m [36mrun_id[0m=[35m885123de-23d7-464d-b523-b729f3d644ce[0m [36mstdio[0m=[35mstderr[0m [36mstring_id[0m=[35mtap-oracle-wms[0m
[2m2025-07-02T18:23:07.128405Z[0m [[32m[1minfo     [0m] [1m    for _ in self._sync_records(context=context):[0m [36mcmd_type[0m=[35melb[0m [36mconsumer[0m=[35mFalse[0m [36mjob_name[0m=[35mdev:tap-oracle-wms-to-target-oracle[0m [36mname[0m=[35mtap-oracle-wms[0m [36mproducer[0m=[35mTrue[0m [36mrun_id[0m=[35m885123de-23d7-464d-b523-b729f3d644ce[0m [36mstdio[0m=[35mstderr[0m [36mstring_id[0m=[35mtap-oracle-wms[0m
[2m2025-07-02T18:23:07.128480Z[0m [[32m[1minfo     [0m] [1m             ~~~~~~~~~~~~~~~~~~^^^^^^^^^^^^^^^^^[0m [36mcmd_type[0m=[35melb[0m [36mconsumer[0m=[35mFalse[0m [36mjob_name[0m=[35mdev:tap-oracle-wms-to-target-oracle[0m [36mname[0m=[35mtap-oracle-wms[0m [36mproducer[0m=[35mTrue[0m [36mrun_id[0m=[35m885123de-23d7-464d-b523-b729f3d644ce[0m [36mstdio[0m=[35mstderr[0m [36mstring_id[0m=[35mtap-oracle-wms[0m
[2m2025-07-02T18:23:07.128546Z[0m [[32m[1minfo     [0m] [1m  File "/home/marlonsc/flext/.venv/lib/python3.13/site-packages/singer_sdk/streams/core.py", line 1226, in _sync_records[0m [36mcmd_type[0m=[35melb[0m [36mconsumer[0m=[35mFalse[0m [36mjob_name[0m=[35mdev:tap-oracle-wms-to-target-oracle[0m [36mname[0m=[35mtap-oracle-wms[0m [36mproducer[0m=[35mTrue[0m [36mrun_id[0m=[35m885123de-23d7-464d-b523-b729f3d644ce[0m [36mstdio[0m=[35mstderr[0m [36mstring_id[0m=[35mtap-oracle-wms[0m
[2m2025-07-02T18:23:07.128611Z[0m [[32m[1minfo     [0m] [1m    self._process_record(     [0m [36mcmd_type[0m=[35melb[0m [36mconsumer[0m=[35mFalse[0m [36mjob_name[0m=[35mdev:tap-oracle-wms-to-target-oracle[0m [36mname[0m=[35mtap-oracle-wms[0m [36mproducer[0m=[35mTrue[0m [36mrun_id[0m=[35m885123de-23d7-464d-b523-b729f3d644ce[0m [36mstdio[0m=[35mstderr[0m [36mstring_id[0m=[35mtap-oracle-wms[0m
[2m2025-07-02T18:23:07.128675Z[0m [[32m[1minfo     [0m] [1m    ~~~~~~~~~~~~~~~~~~~~^     [0m [36mcmd_type[0m=[35melb[0m [36mconsumer[0m=[35mFalse[0m [36mjob_name[0m=[35mdev:tap-oracle-wms-to-target-oracle[0m [36mname[0m=[35mtap-oracle-wms[0m [36mproducer[0m=[35mTrue[0m [36mrun_id[0m=[35m885123de-23d7-464d-b523-b729f3d644ce[0m [36mstdio[0m=[35mstderr[0m [36mstring_id[0m=[35mtap-oracle-wms[0m
[2m2025-07-02T18:23:07.128739Z[0m [[32m[1minfo     [0m] [1m        record,               [0m [36mcmd_type[0m=[35melb[0m [36mconsumer[0m=[35mFalse[0m [36mjob_name[0m=[35mdev:tap-oracle-wms-to-target-oracle[0m [36mname[0m=[35mtap-oracle-wms[0m [36mproducer[0m=[35mTrue[0m [36mrun_id[0m=[35m885123de-23d7-464d-b523-b729f3d644ce[0m [36mstdio[0m=[35mstderr[0m [36mstring_id[0m=[35mtap-oracle-wms[0m
[2m2025-07-02T18:23:07.128803Z[0m [[32m[1minfo     [0m] [1m        ^^^^^^^               [0m [36mcmd_type[0m=[35melb[0m [36mconsumer[0m=[35mFalse[0m [36mjob_name[0m=[35mdev:tap-oracle-wms-to-target-oracle[0m [36mname[0m=[35mtap-oracle-wms[0m [36mproducer[0m=[35mTrue[0m [36mrun_id[0m=[35m885123de-23d7-464d-b523-b729f3d644ce[0m [36mstdio[0m=[35mstderr[0m [36mstring_id[0m=[35mtap-oracle-wms[0m
[2m2025-07-02T18:23:07.128874Z[0m [[32m[1minfo     [0m] [1m        child_context=child_context,[0m [36mcmd_type[0m=[35melb[0m [36mconsumer[0m=[35mFalse[0m [36mjob_name[0m=[35mdev:tap-oracle-wms-to-target-oracle[0m [36mname[0m=[35mtap-oracle-wms[0m [36mproducer[0m=[35mTrue[0m [36mrun_id[0m=[35m885123de-23d7-464d-b523-b729f3d644ce[0m [36mstdio[0m=[35mstderr[0m [36mstring_id[0m=[35mtap-oracle-wms[0m
[2m2025-07-02T18:23:07.128949Z[0m [[32m[1minfo     [0m] [1m        ^^^^^^^^^^^^^^^^^^^^^^^^^^^^[0m [36mcmd_type[0m=[35melb[0m [36mconsumer[0m=[35mFalse[0m [36mjob_name[0m=[35mdev:tap-oracle-wms-to-target-oracle[0m [36mname[0m=[35mtap-oracle-wms[0m [36mproducer[0m=[35mTrue[0m [36mrun_id[0m=[35m885123de-23d7-464d-b523-b729f3d644ce[0m [36mstdio[0m=[35mstderr[0m [36mstring_id[0m=[35mtap-oracle-wms[0m
[2m2025-07-02T18:23:07.129024Z[0m [[32m[1minfo     [0m] [1m        partition_context=state_partition_context,[0m [36mcmd_type[0m=[35melb[0m [36mconsumer[0m=[35mFalse[0m [36mjob_name[0m=[35mdev:tap-oracle-wms-to-target-oracle[0m [36mname[0m=[35mtap-oracle-wms[0m [36mproducer[0m=[35mTrue[0m [36mrun_id[0m=[35m885123de-23d7-464d-b523-b729f3d644ce[0m [36mstdio[0m=[35mstderr[0m [36mstring_id[0m=[35mtap-oracle-wms[0m
[2m2025-07-02T18:23:07.129100Z[0m [[32m[1minfo     [0m] [1m        ^^^^^^^^^^^^^^^^^^^^^^^^^^^^^^^^^^^^^^^^^^[0m [36mcmd_type[0m=[35melb[0m [36mconsumer[0m=[35mFalse[0m [36mjob_name[0m=[35mdev:tap-oracle-wms-to-target-oracle[0m [36mname[0m=[35mtap-oracle-wms[0m [36mproducer[0m=[35mTrue[0m [36mrun_id[0m=[35m885123de-23d7-464d-b523-b729f3d644ce[0m [36mstdio[0m=[35mstderr[0m [36mstring_id[0m=[35mtap-oracle-wms[0m
[2m2025-07-02T18:23:07.129176Z[0m [[32m[1minfo     [0m] [1m    )                         [0m [36mcmd_type[0m=[35melb[0m [36mconsumer[0m=[35mFalse[0m [36mjob_name[0m=[35mdev:tap-oracle-wms-to-target-oracle[0m [36mname[0m=[35mtap-oracle-wms[0m [36mproducer[0m=[35mTrue[0m [36mrun_id[0m=[35m885123de-23d7-464d-b523-b729f3d644ce[0m [36mstdio[0m=[35mstderr[0m [36mstring_id[0m=[35mtap-oracle-wms[0m
[2m2025-07-02T18:23:07.129252Z[0m [[32m[1minfo     [0m] [1m    ^                         [0m [36mcmd_type[0m=[35melb[0m [36mconsumer[0m=[35mFalse[0m [36mjob_name[0m=[35mdev:tap-oracle-wms-to-target-oracle[0m [36mname[0m=[35mtap-oracle-wms[0m [36mproducer[0m=[35mTrue[0m [36mrun_id[0m=[35m885123de-23d7-464d-b523-b729f3d644ce[0m [36mstdio[0m=[35mstderr[0m [36mstring_id[0m=[35mtap-oracle-wms[0m
[2m2025-07-02T18:23:07.129336Z[0m [[32m[1minfo     [0m] [1m  File "/home/marlonsc/flext/.venv/lib/python3.13/site-packages/singer_sdk/streams/core.py", line 1155, in _process_record[0m [36mcmd_type[0m=[35melb[0m [36mconsumer[0m=[35mFalse[0m [36mjob_name[0m=[35mdev:tap-oracle-wms-to-target-oracle[0m [36mname[0m=[35mtap-oracle-wms[0m [36mproducer[0m=[35mTrue[0m [36mrun_id[0m=[35m885123de-23d7-464d-b523-b729f3d644ce[0m [36mstdio[0m=[35mstderr[0m [36mstring_id[0m=[35mtap-oracle-wms[0m
[2m2025-07-02T18:23:07.129412Z[0m [[32m[1minfo     [0m] [1m    if self.stream_maps[0].get_filter_result(record):[0m [36mcmd_type[0m=[35melb[0m [36mconsumer[0m=[35mFalse[0m [36mjob_name[0m=[35mdev:tap-oracle-wms-to-target-oracle[0m [36mname[0m=[35mtap-oracle-wms[0m [36mproducer[0m=[35mTrue[0m [36mrun_id[0m=[35m885123de-23d7-464d-b523-b729f3d644ce[0m [36mstdio[0m=[35mstderr[0m [36mstring_id[0m=[35mtap-oracle-wms[0m
[2m2025-07-02T18:23:07.129489Z[0m [[32m[1minfo     [0m] [1m       ~~~~~~~~~~~~~~~~~~~~~~~~~~~~~~~~~~~~~^^^^^^^^[0m [36mcmd_type[0m=[35melb[0m [36mconsumer[0m=[35mFalse[0m [36mjob_name[0m=[35mdev:tap-oracle-wms-to-target-oracle[0m [36mname[0m=[35mtap-oracle-wms[0m [36mproducer[0m=[35mTrue[0m [36mrun_id[0m=[35m885123de-23d7-464d-b523-b729f3d644ce[0m [36mstdio[0m=[35mstderr[0m [36mstring_id[0m=[35mtap-oracle-wms[0m
[2m2025-07-02T18:23:07.129566Z[0m [[32m[1minfo     [0m] [1m  File "/home/marlonsc/flext/.venv/lib/python3.13/site-packages/singer_sdk/mapper.py", line 311, in get_filter_result[0m [36mcmd_type[0m=[35melb[0m [36mconsumer[0m=[35mFalse[0m [36mjob_name[0m=[35mdev:tap-oracle-wms-to-target-oracle[0m [36mname[0m=[35mtap-oracle-wms[0m [36mproducer[0m=[35mTrue[0m [36mrun_id[0m=[35m885123de-23d7-464d-b523-b729f3d644ce[0m [36mstdio[0m=[35mstderr[0m [36mstring_id[0m=[35mtap-oracle-wms[0m
[2m2025-07-02T18:23:07.129642Z[0m [[32m[1minfo     [0m] [1m    return self._filter_fn(record)[0m [36mcmd_type[0m=[35melb[0m [36mconsumer[0m=[35mFalse[0m [36mjob_name[0m=[35mdev:tap-oracle-wms-to-target-oracle[0m [36mname[0m=[35mtap-oracle-wms[0m [36mproducer[0m=[35mTrue[0m [36mrun_id[0m=[35m885123de-23d7-464d-b523-b729f3d644ce[0m [36mstdio[0m=[35mstderr[0m [36mstring_id[0m=[35mtap-oracle-wms[0m
[2m2025-07-02T18:23:07.129716Z[0m [[32m[1minfo     [0m] [1m           ~~~~~~~~~~~~~~~^^^^^^^^[0m [36mcmd_type[0m=[35melb[0m [36mconsumer[0m=[35mFalse[0m [36mjob_name[0m=[35mdev:tap-oracle-wms-to-target-oracle[0m [36mname[0m=[35mtap-oracle-wms[0m [36mproducer[0m=[35mTrue[0m [36mrun_id[0m=[35m885123de-23d7-464d-b523-b729f3d644ce[0m [36mstdio[0m=[35mstderr[0m [36mstring_id[0m=[35mtap-oracle-wms[0m
[2m2025-07-02T18:23:07.129796Z[0m [[32m[1minfo     [0m] [1m  File "/home/marlonsc/flext/.venv/lib/python3.13/site-packages/singer_sdk/mapper.py", line 580, in _inner[0m [36mcmd_type[0m=[35melb[0m [36mconsumer[0m=[35mFalse[0m [36mjob_name[0m=[35mdev:tap-oracle-wms-to-target-oracle[0m [36mname[0m=[35mtap-oracle-wms[0m [36mproducer[0m=[35mTrue[0m [36mrun_id[0m=[35m885123de-23d7-464d-b523-b729f3d644ce[0m [36mstdio[0m=[35mstderr[0m [36mstring_id[0m=[35mtap-oracle-wms[0m
[2m2025-07-02T18:23:07.129884Z[0m [[32m[1minfo     [0m] [1m    filter_result = self._eval([0m [36mcmd_type[0m=[35melb[0m [36mconsumer[0m=[35mFalse[0m [36mjob_name[0m=[35mdev:tap-oracle-wms-to-target-oracle[0m [36mname[0m=[35mtap-oracle-wms[0m [36mproducer[0m=[35mTrue[0m [36mrun_id[0m=[35m885123de-23d7-464d-b523-b729f3d644ce[0m [36mstdio[0m=[35mstderr[0m [36mstring_id[0m=[35mtap-oracle-wms[0m
[2m2025-07-02T18:23:07.129950Z[0m [[32m[1minfo     [0m] [1m        expr=filter_rule,     [0m [36mcmd_type[0m=[35melb[0m [36mconsumer[0m=[35mFalse[0m [36mjob_name[0m=[35mdev:tap-oracle-wms-to-target-oracle[0m [36mname[0m=[35mtap-oracle-wms[0m [36mproducer[0m=[35mTrue[0m [36mrun_id[0m=[35m885123de-23d7-464d-b523-b729f3d644ce[0m [36mstdio[0m=[35mstderr[0m [36mstring_id[0m=[35mtap-oracle-wms[0m
[2m2025-07-02T18:23:07.130016Z[0m [[32m[1minfo     [0m] [1m    ...<2 lines>...           [0m [36mcmd_type[0m=[35melb[0m [36mconsumer[0m=[35mFalse[0m [36mjob_name[0m=[35mdev:tap-oracle-wms-to-target-oracle[0m [36mname[0m=[35mtap-oracle-wms[0m [36mproducer[0m=[35mTrue[0m [36mrun_id[0m=[35m885123de-23d7-464d-b523-b729f3d644ce[0m [36mstdio[0m=[35mstderr[0m [36mstring_id[0m=[35mtap-oracle-wms[0m
[2m2025-07-02T18:23:07.130082Z[0m [[32m[1minfo     [0m] [1m        property_name=None,   [0m [36mcmd_type[0m=[35melb[0m [36mconsumer[0m=[35mFalse[0m [36mjob_name[0m=[35mdev:tap-oracle-wms-to-target-oracle[0m [36mname[0m=[35mtap-oracle-wms[0m [36mproducer[0m=[35mTrue[0m [36mrun_id[0m=[35m885123de-23d7-464d-b523-b729f3d644ce[0m [36mstdio[0m=[35mstderr[0m [36mstring_id[0m=[35mtap-oracle-wms[0m
[2m2025-07-02T18:23:07.130148Z[0m [[32m[1minfo     [0m] [1m    )                         [0m [36mcmd_type[0m=[35melb[0m [36mconsumer[0m=[35mFalse[0m [36mjob_name[0m=[35mdev:tap-oracle-wms-to-target-oracle[0m [36mname[0m=[35mtap-oracle-wms[0m [36mproducer[0m=[35mTrue[0m [36mrun_id[0m=[35m885123de-23d7-464d-b523-b729f3d644ce[0m [36mstdio[0m=[35mstderr[0m [36mstring_id[0m=[35mtap-oracle-wms[0m
[2m2025-07-02T18:23:07.130219Z[0m [[32m[1minfo     [0m] [1m  File "/home/marlonsc/flext/.venv/lib/python3.13/site-packages/singer_sdk/mapper.py", line 372, in _eval[0m [36mcmd_type[0m=[35melb[0m [36mconsumer[0m=[35mFalse[0m [36mjob_name[0m=[35mdev:tap-oracle-wms-to-target-oracle[0m [36mname[0m=[35mtap-oracle-wms[0m [36mproducer[0m=[35mTrue[0m [36mrun_id[0m=[35m885123de-23d7-464d-b523-b729f3d644ce[0m [36mstdio[0m=[35mstderr[0m [36mstring_id[0m=[35mtap-oracle-wms[0m
[2m2025-07-02T18:23:07.130303Z[0m [[32m[1minfo     [0m] [1m    raise MapExpressionError(msg) from ex[0m [36mcmd_type[0m=[35melb[0m [36mconsumer[0m=[35mFalse[0m [36mjob_name[0m=[35mdev:tap-oracle-wms-to-target-oracle[0m [36mname[0m=[35mtap-oracle-wms[0m [36mproducer[0m=[35mTrue[0m [36mrun_id[0m=[35m885123de-23d7-464d-b523-b729f3d644ce[0m [36mstdio[0m=[35mstderr[0m [36mstring_id[0m=[35mtap-oracle-wms[0m
[2m2025-07-02T18:23:07.130411Z[0m [[32m[1minfo     [0m] [1msinger_sdk.exceptions.MapExpressionError: Failed to evaluate simpleeval expressions true().[0m [36mcmd_type[0m=[35melb[0m [36mconsumer[0m=[35mFalse[0m [36mjob_name[0m=[35mdev:tap-oracle-wms-to-target-oracle[0m [36mname[0m=[35mtap-oracle-wms[0m [36mproducer[0m=[35mTrue[0m [36mrun_id[0m=[35m885123de-23d7-464d-b523-b729f3d644ce[0m [36mstdio[0m=[35mstderr[0m [36mstring_id[0m=[35mtap-oracle-wms[0m
[2m2025-07-02T18:23:07.232276Z[0m [[32m[1minfo     [0m] [1mIncremental state has been updated at 2025-07-02 18:23:07.232238+00:00.[0m
[2m2025-07-02T18:23:07.232567Z[0m [[32m[1minfo     [0m] [1mPerformance statistics        [0m [36mcmd_type[0m=[35melb[0m [36mconsumer[0m=[35mTrue[0m [36mjob_name[0m=[35mdev:tap-oracle-wms-to-target-oracle[0m [36mname[0m=[35mtarget-oracle[0m [36mproducer[0m=[35mFalse[0m [36mrun_id[0m=[35m885123de-23d7-464d-b523-b729f3d644ce[0m [36mstdio[0m=[35mstderr[0m [36mstring_id[0m=[35mtarget-oracle[0m
[2m2025-07-02T18:23:07.256105Z[0m [[32m[1minfo     [0m] [1mIncremental state has been updated at 2025-07-02 18:23:07.256071+00:00.[0m
[2m2025-07-02T18:23:07.283062Z[0m [[32m[1minfo     [0m] [1mIncremental state has been updated at 2025-07-02 18:23:07.283026+00:00.[0m
[2m2025-07-02T18:23:07.283360Z[0m [[32m[1minfo     [0m] [1mOperation completed           [0m [36mcmd_type[0m=[35melb[0m [36mconsumer[0m=[35mTrue[0m [36mjob_name[0m=[35mdev:tap-oracle-wms-to-target-oracle[0m [36mname[0m=[35mtarget-oracle[0m [36mproducer[0m=[35mFalse[0m [36mrun_id[0m=[35m885123de-23d7-464d-b523-b729f3d644ce[0m [36mstdio[0m=[35mstderr[0m [36mstring_id[0m=[35mtarget-oracle[0m
[2m2025-07-02T18:23:07.283557Z[0m [[32m[1minfo     [0m] [1mReader 'flext-target-oracle' completed processing 1 lines of input (1 schemas, 0 records, 0 batch manifests, 0 state messages, 0 activate version messages).[0m [36mcmd_type[0m=[35melb[0m [36mconsumer[0m=[35mTrue[0m [36mjob_name[0m=[35mdev:tap-oracle-wms-to-target-oracle[0m [36mname[0m=[35mtarget-oracle[0m [36mproducer[0m=[35mFalse[0m [36mrun_id[0m=[35m885123de-23d7-464d-b523-b729f3d644ce[0m [36mstdio[0m=[35mstderr[0m [36mstring_id[0m=[35mtarget-oracle[0m
[2m2025-07-02T18:23:07.283731Z[0m [[32m[1minfo     [0m] [1müßπ Starting cleanup for stream allocation[0m [36mcmd_type[0m=[35melb[0m [36mconsumer[0m=[35mTrue[0m [36mjob_name[0m=[35mdev:tap-oracle-wms-to-target-oracle[0m [36mname[0m=[35mtarget-oracle[0m [36mproducer[0m=[35mFalse[0m [36mrun_id[0m=[35m885123de-23d7-464d-b523-b729f3d644ce[0m [36mstdio[0m=[35mstderr[0m [36mstring_id[0m=[35mtarget-oracle[0m
[2m2025-07-02T18:23:07.747851Z[0m [[32m[1minfo     [0m] [1mIncremental state has been updated at 2025-07-02 18:23:07.747822+00:00.[0m
[2m2025-07-02T18:23:07.777536Z[0m [[32m[1minfo     [0m] [1mIncremental state has been updated at 2025-07-02 18:23:07.777499+00:00.[0m
[2m2025-07-02T18:23:07.777847Z[0m [[32m[1minfo     [0m] [1müìä FINAL STATISTICS REPORT - STREAM: allocation[0m [36mcmd_type[0m=[35melb[0m [36mconsumer[0m=[35mTrue[0m [36mjob_name[0m=[35mdev:tap-oracle-wms-to-target-oracle[0m [36mname[0m=[35mtarget-oracle[0m [36mproducer[0m=[35mFalse[0m [36mrun_id[0m=[35m885123de-23d7-464d-b523-b729f3d644ce[0m [36mstdio[0m=[35mstderr[0m [36mstring_id[0m=[35mtarget-oracle[0m
[2m2025-07-02T18:23:07.778060Z[0m [[32m[1minfo     [0m] [1müéØ QUICK SUMMARY - allocation: 0 records ‚Üí 0 inserted, 0 updated, 0 failed | Final table count: 5 | Success rate: 0% | Avg speed: 0 rec/sec[0m [36mcmd_type[0m=[35melb[0m [36mconsumer[0m=[35mTrue[0m [36mjob_name[0m=[35mdev:tap-oracle-wms-to-target-oracle[0m [36mname[0m=[35mtarget-oracle[0m [36mproducer[0m=[35mFalse[0m [36mrun_id[0m=[35m885123de-23d7-464d-b523-b729f3d644ce[0m [36mstdio[0m=[35mstderr[0m [36mstring_id[0m=[35mtarget-oracle[0m
[2m2025-07-02T18:23:07.809760Z[0m [[32m[1minfo     [0m] [1mIncremental state has been updated at 2025-07-02 18:23:07.809719+00:00.[0m
[2m2025-07-02T18:23:07.845082Z[0m [[32m[1minfo     [0m] [1mIncremental state has been updated at 2025-07-02 18:23:07.845043+00:00.[0m
[2m2025-07-02T18:23:07.845388Z[0m [[32m[1minfo     [0m] [1mOracle performance metrics    [0m [36mcmd_type[0m=[35melb[0m [36mconsumer[0m=[35mTrue[0m [36mjob_name[0m=[35mdev:tap-oracle-wms-to-target-oracle[0m [36mname[0m=[35mtarget-oracle[0m [36mproducer[0m=[35mFalse[0m [36mrun_id[0m=[35m885123de-23d7-464d-b523-b729f3d644ce[0m [36mstdio[0m=[35mstderr[0m [36mstring_id[0m=[35mtarget-oracle[0m
[2m2025-07-02T18:23:07.845588Z[0m [[32m[1minfo     [0m] [1mCleanup completed for stream allocation[0m [36mcmd_type[0m=[35melb[0m [36mconsumer[0m=[35mTrue[0m [36mjob_name[0m=[35mdev:tap-oracle-wms-to-target-oracle[0m [36mname[0m=[35mtarget-oracle[0m [36mproducer[0m=[35mFalse[0m [36mrun_id[0m=[35m885123de-23d7-464d-b523-b729f3d644ce[0m [36mstdio[0m=[35mstderr[0m [36mstring_id[0m=[35mtarget-oracle[0m
[2m2025-07-02T18:23:07.845767Z[0m [[32m[1minfo     [0m] [1mMETRIC: {"type": "counter", "metric": "record_count", "value": 0, "tags": {"stream": "allocation", "pid": 2354872}}[0m [36mcmd_type[0m=[35melb[0m [36mconsumer[0m=[35mTrue[0m [36mjob_name[0m=[35mdev:tap-oracle-wms-to-target-oracle[0m [36mname[0m=[35mtarget-oracle[0m [36mproducer[0m=[35mFalse[0m [36mrun_id[0m=[35m885123de-23d7-464d-b523-b729f3d644ce[0m [36mstdio[0m=[35mstderr[0m [36mstring_id[0m=[35mtarget-oracle[0m
[2m2025-07-02T18:23:07.898882Z[0m [[31m[1merror    [0m] [1mExtractor failed              [0m
[2m2025-07-02T18:23:07.899142Z[0m [[31m[1merror    [0m] [1mBlock run completed.          [0m [36mblock_type[0m=[35mExtractLoadBlocks[0m [36merr[0m=[35mRunnerError('Extractor failed')[0m [36mexit_codes[0m=[35m{<PluginType.EXTRACTORS: 'extractors'>: 1}[0m [36mset_number[0m=[35m0[0m [36msuccess[0m=[35mFalse[0m
Need help fixing this problem? Visit http://melta.no/ for troubleshooting steps, or to
join our friendly Slack community.

Run invocation could not be completed as block failed: Extractor failed
2025-07-02 15:22:42 - ERRO: Sincroniza√ß√£o full falhou
