2025-07-02 10:01:13 - IN√çCIO: Sincroniza√ß√£o Incremental
[2m2025-07-02T13:01:14.273049Z[0m [[32m[1minfo     [0m] [1mEnvironment 'dev' is active   [0m
[2m2025-07-02T13:01:14.558041Z[0m [[33m[1mwarning  [0m] [1mA catalog file was found, but it will be ignored as the extractor does not advertise the `catalog` or `properties` capability[0m
[2m2025-07-02T13:01:15.047759Z[0m [[32m[1minfo     [0m] [1mtap-oracle-wms v0.1.0, Meltano SDK v0.47.4[0m [36mcmd_type[0m=[35melb[0m [36mconsumer[0m=[35mFalse[0m [36mjob_name[0m=[35mdev:tap-oracle-wms-to-target-oracle[0m [36mname[0m=[35mtap-oracle-wms[0m [36mproducer[0m=[35mTrue[0m [36mrun_id[0m=[35m5138f0b9-bb51-46fd-a1b4-17f942c9433e[0m [36mstdio[0m=[35mstderr[0m [36mstring_id[0m=[35mtap-oracle-wms[0m
[2m2025-07-02T13:01:15.048187Z[0m [[32m[1minfo     [0m] [1m/home/marlonsc/flext/.venv/lib/python3.13/site-packages/singer_sdk/plugin_base.py:715: SingerSDKDeprecationWarning: Passing a list of config file paths is deprecated. Please pass the config as a dictionary instead.[0m [36mcmd_type[0m=[35melb[0m [36mconsumer[0m=[35mFalse[0m [36mjob_name[0m=[35mdev:tap-oracle-wms-to-target-oracle[0m [36mname[0m=[35mtap-oracle-wms[0m [36mproducer[0m=[35mTrue[0m [36mrun_id[0m=[35m5138f0b9-bb51-46fd-a1b4-17f942c9433e[0m [36mstdio[0m=[35mstderr[0m [36mstring_id[0m=[35mtap-oracle-wms[0m
[2m2025-07-02T13:01:15.048393Z[0m [[32m[1minfo     [0m] [1m  super().__init__(           [0m [36mcmd_type[0m=[35melb[0m [36mconsumer[0m=[35mFalse[0m [36mjob_name[0m=[35mdev:tap-oracle-wms-to-target-oracle[0m [36mname[0m=[35mtap-oracle-wms[0m [36mproducer[0m=[35mTrue[0m [36mrun_id[0m=[35m5138f0b9-bb51-46fd-a1b4-17f942c9433e[0m [36mstdio[0m=[35mstderr[0m [36mstring_id[0m=[35mtap-oracle-wms[0m
[2m2025-07-02T13:01:15.048553Z[0m [[32m[1minfo     [0m] [1m                              [0m [36mcmd_type[0m=[35melb[0m [36mconsumer[0m=[35mFalse[0m [36mjob_name[0m=[35mdev:tap-oracle-wms-to-target-oracle[0m [36mname[0m=[35mtap-oracle-wms[0m [36mproducer[0m=[35mTrue[0m [36mrun_id[0m=[35m5138f0b9-bb51-46fd-a1b4-17f942c9433e[0m [36mstdio[0m=[35mstderr[0m [36mstring_id[0m=[35mtap-oracle-wms[0m
[2m2025-07-02T13:01:15.048736Z[0m [[32m[1minfo     [0m] [1mSkipping parse of env var settings...[0m [36mcmd_type[0m=[35melb[0m [36mconsumer[0m=[35mFalse[0m [36mjob_name[0m=[35mdev:tap-oracle-wms-to-target-oracle[0m [36mname[0m=[35mtap-oracle-wms[0m [36mproducer[0m=[35mTrue[0m [36mrun_id[0m=[35m5138f0b9-bb51-46fd-a1b4-17f942c9433e[0m [36mstdio[0m=[35mstderr[0m [36mstring_id[0m=[35mtap-oracle-wms[0m
[2m2025-07-02T13:01:15.048928Z[0m [[32m[1minfo     [0m] [1mDiscovering entities from Oracle WMS API[0m [36mcmd_type[0m=[35melb[0m [36mconsumer[0m=[35mFalse[0m [36mjob_name[0m=[35mdev:tap-oracle-wms-to-target-oracle[0m [36mname[0m=[35mtap-oracle-wms[0m [36mproducer[0m=[35mTrue[0m [36mrun_id[0m=[35m5138f0b9-bb51-46fd-a1b4-17f942c9433e[0m [36mstdio[0m=[35mstderr[0m [36mstring_id[0m=[35mtap-oracle-wms[0m
[2m2025-07-02T13:01:15.131646Z[0m [[32m[1minfo     [0m] [1mflext-target-oracle v1.0.0, Meltano SDK v0.47.4[0m [36mcmd_type[0m=[35melb[0m [36mconsumer[0m=[35mTrue[0m [36mjob_name[0m=[35mdev:tap-oracle-wms-to-target-oracle[0m [36mname[0m=[35mtarget-oracle[0m [36mproducer[0m=[35mFalse[0m [36mrun_id[0m=[35m5138f0b9-bb51-46fd-a1b4-17f942c9433e[0m [36mstdio[0m=[35mstderr[0m [36mstring_id[0m=[35mtarget-oracle[0m
[2m2025-07-02T13:01:15.131936Z[0m [[32m[1minfo     [0m] [1m/home/marlonsc/flext/.venv/lib/python3.13/site-packages/singer_sdk/plugin_base.py:715: SingerSDKDeprecationWarning: Passing a list of config file paths is deprecated. Please pass the config as a dictionary instead.[0m [36mcmd_type[0m=[35melb[0m [36mconsumer[0m=[35mTrue[0m [36mjob_name[0m=[35mdev:tap-oracle-wms-to-target-oracle[0m [36mname[0m=[35mtarget-oracle[0m [36mproducer[0m=[35mFalse[0m [36mrun_id[0m=[35m5138f0b9-bb51-46fd-a1b4-17f942c9433e[0m [36mstdio[0m=[35mstderr[0m [36mstring_id[0m=[35mtarget-oracle[0m
[2m2025-07-02T13:01:15.132072Z[0m [[32m[1minfo     [0m] [1m  super().__init__(           [0m [36mcmd_type[0m=[35melb[0m [36mconsumer[0m=[35mTrue[0m [36mjob_name[0m=[35mdev:tap-oracle-wms-to-target-oracle[0m [36mname[0m=[35mtarget-oracle[0m [36mproducer[0m=[35mFalse[0m [36mrun_id[0m=[35m5138f0b9-bb51-46fd-a1b4-17f942c9433e[0m [36mstdio[0m=[35mstderr[0m [36mstring_id[0m=[35mtarget-oracle[0m
[2m2025-07-02T13:01:15.132185Z[0m [[32m[1minfo     [0m] [1m                              [0m [36mcmd_type[0m=[35melb[0m [36mconsumer[0m=[35mTrue[0m [36mjob_name[0m=[35mdev:tap-oracle-wms-to-target-oracle[0m [36mname[0m=[35mtarget-oracle[0m [36mproducer[0m=[35mFalse[0m [36mrun_id[0m=[35m5138f0b9-bb51-46fd-a1b4-17f942c9433e[0m [36mstdio[0m=[35mstderr[0m [36mstring_id[0m=[35mtarget-oracle[0m
[2m2025-07-02T13:01:15.132279Z[0m [[32m[1minfo     [0m] [1mSkipping parse of env var settings...[0m [36mcmd_type[0m=[35melb[0m [36mconsumer[0m=[35mTrue[0m [36mjob_name[0m=[35mdev:tap-oracle-wms-to-target-oracle[0m [36mname[0m=[35mtarget-oracle[0m [36mproducer[0m=[35mFalse[0m [36mrun_id[0m=[35m5138f0b9-bb51-46fd-a1b4-17f942c9433e[0m [36mstdio[0m=[35mstderr[0m [36mstring_id[0m=[35mtarget-oracle[0m
[2m2025-07-02T13:01:15.150806Z[0m [[32m[1minfo     [0m] [1mUsing systemdb state backend  [0m
[2m2025-07-02T13:01:15.165270Z[0m [[32m[1minfo     [0m] [1mIncremental state has been updated at 2025-07-02 13:01:15.165252+00:00.[0m
[2m2025-07-02T13:01:15.165499Z[0m [[32m[1minfo     [0m] [1mOracle Target initialized     [0m [36mcmd_type[0m=[35melb[0m [36mconsumer[0m=[35mTrue[0m [36mjob_name[0m=[35mdev:tap-oracle-wms-to-target-oracle[0m [36mname[0m=[35mtarget-oracle[0m [36mproducer[0m=[35mFalse[0m [36mrun_id[0m=[35m5138f0b9-bb51-46fd-a1b4-17f942c9433e[0m [36mstdio[0m=[35mstderr[0m [36mstring_id[0m=[35mtarget-oracle[0m
[2m2025-07-02T13:01:15.192990Z[0m [[32m[1minfo     [0m] [1mIncremental state has been updated at 2025-07-02 13:01:15.192973+00:00.[0m
[2m2025-07-02T13:01:15.222599Z[0m [[32m[1minfo     [0m] [1mIncremental state has been updated at 2025-07-02 13:01:15.222569+00:00.[0m
[2m2025-07-02T13:01:15.222809Z[0m [[32m[1minfo     [0m] [1mInitializing Oracle Target monitoring[0m [36mcmd_type[0m=[35melb[0m [36mconsumer[0m=[35mTrue[0m [36mjob_name[0m=[35mdev:tap-oracle-wms-to-target-oracle[0m [36mname[0m=[35mtarget-oracle[0m [36mproducer[0m=[35mFalse[0m [36mrun_id[0m=[35m5138f0b9-bb51-46fd-a1b4-17f942c9433e[0m [36mstdio[0m=[35mstderr[0m [36mstring_id[0m=[35mtarget-oracle[0m
[2m2025-07-02T13:01:15.222925Z[0m [[32m[1minfo     [0m] [1mOperation started             [0m [36mcmd_type[0m=[35melb[0m [36mconsumer[0m=[35mTrue[0m [36mjob_name[0m=[35mdev:tap-oracle-wms-to-target-oracle[0m [36mname[0m=[35mtarget-oracle[0m [36mproducer[0m=[35mFalse[0m [36mrun_id[0m=[35m5138f0b9-bb51-46fd-a1b4-17f942c9433e[0m [36mstdio[0m=[35mstderr[0m [36mstring_id[0m=[35mtarget-oracle[0m
[2m2025-07-02T13:01:16.184021Z[0m [[32m[1minfo     [0m] [1mHTTP Request: GET https://a29.wms.ocs.oraclecloud.com/raizen/wms/lgfapi/v10/entity/ "HTTP/1.1 200 OK"[0m [36mcmd_type[0m=[35melb[0m [36mconsumer[0m=[35mFalse[0m [36mjob_name[0m=[35mdev:tap-oracle-wms-to-target-oracle[0m [36mname[0m=[35mtap-oracle-wms[0m [36mproducer[0m=[35mTrue[0m [36mrun_id[0m=[35m5138f0b9-bb51-46fd-a1b4-17f942c9433e[0m [36mstdio[0m=[35mstderr[0m [36mstring_id[0m=[35mtap-oracle-wms[0m
[2m2025-07-02T13:01:16.382958Z[0m [[32m[1minfo     [0m] [1mDiscovered 311 entities       [0m [36mcmd_type[0m=[35melb[0m [36mconsumer[0m=[35mFalse[0m [36mjob_name[0m=[35mdev:tap-oracle-wms-to-target-oracle[0m [36mname[0m=[35mtap-oracle-wms[0m [36mproducer[0m=[35mTrue[0m [36mrun_id[0m=[35m5138f0b9-bb51-46fd-a1b4-17f942c9433e[0m [36mstdio[0m=[35mstderr[0m [36mstring_id[0m=[35mtap-oracle-wms[0m
[2m2025-07-02T13:01:16.383351Z[0m [[32m[1minfo     [0m] [1mDiscovered 3 entities from WMS API[0m [36mcmd_type[0m=[35melb[0m [36mconsumer[0m=[35mFalse[0m [36mjob_name[0m=[35mdev:tap-oracle-wms-to-target-oracle[0m [36mname[0m=[35mtap-oracle-wms[0m [36mproducer[0m=[35mTrue[0m [36mrun_id[0m=[35m5138f0b9-bb51-46fd-a1b4-17f942c9433e[0m [36mstdio[0m=[35mstderr[0m [36mstring_id[0m=[35mtap-oracle-wms[0m
[2m2025-07-02T13:01:17.347025Z[0m [[32m[1minfo     [0m] [1mHTTP Request: GET https://a29.wms.ocs.oraclecloud.com/raizen/wms/lgfapi/v10/entity//allocation/describe/ "HTTP/1.1 200 OK"[0m [36mcmd_type[0m=[35melb[0m [36mconsumer[0m=[35mFalse[0m [36mjob_name[0m=[35mdev:tap-oracle-wms-to-target-oracle[0m [36mname[0m=[35mtap-oracle-wms[0m [36mproducer[0m=[35mTrue[0m [36mrun_id[0m=[35m5138f0b9-bb51-46fd-a1b4-17f942c9433e[0m [36mstdio[0m=[35mstderr[0m [36mstring_id[0m=[35mtap-oracle-wms[0m
[2m2025-07-02T13:01:17.348432Z[0m [[32m[1minfo     [0m] [1mDiscovered stream: allocation with 24 properties[0m [36mcmd_type[0m=[35melb[0m [36mconsumer[0m=[35mFalse[0m [36mjob_name[0m=[35mdev:tap-oracle-wms-to-target-oracle[0m [36mname[0m=[35mtap-oracle-wms[0m [36mproducer[0m=[35mTrue[0m [36mrun_id[0m=[35m5138f0b9-bb51-46fd-a1b4-17f942c9433e[0m [36mstdio[0m=[35mstderr[0m [36mstring_id[0m=[35mtap-oracle-wms[0m
[2m2025-07-02T13:01:18.190940Z[0m [[32m[1minfo     [0m] [1mHTTP Request: GET https://a29.wms.ocs.oraclecloud.com/raizen/wms/lgfapi/v10/entity//order_dtl/describe/ "HTTP/1.1 200 OK"[0m [36mcmd_type[0m=[35melb[0m [36mconsumer[0m=[35mFalse[0m [36mjob_name[0m=[35mdev:tap-oracle-wms-to-target-oracle[0m [36mname[0m=[35mtap-oracle-wms[0m [36mproducer[0m=[35mTrue[0m [36mrun_id[0m=[35m5138f0b9-bb51-46fd-a1b4-17f942c9433e[0m [36mstdio[0m=[35mstderr[0m [36mstring_id[0m=[35mtap-oracle-wms[0m
[2m2025-07-02T13:01:18.192161Z[0m [[32m[1minfo     [0m] [1mDiscovered stream: order_dtl with 87 properties[0m [36mcmd_type[0m=[35melb[0m [36mconsumer[0m=[35mFalse[0m [36mjob_name[0m=[35mdev:tap-oracle-wms-to-target-oracle[0m [36mname[0m=[35mtap-oracle-wms[0m [36mproducer[0m=[35mTrue[0m [36mrun_id[0m=[35m5138f0b9-bb51-46fd-a1b4-17f942c9433e[0m [36mstdio[0m=[35mstderr[0m [36mstring_id[0m=[35mtap-oracle-wms[0m
[2m2025-07-02T13:01:20.848324Z[0m [[32m[1minfo     [0m] [1mHTTP Request: GET https://a29.wms.ocs.oraclecloud.com/raizen/wms/lgfapi/v10/entity//order_hdr/describe/ "HTTP/1.1 200 OK"[0m [36mcmd_type[0m=[35melb[0m [36mconsumer[0m=[35mFalse[0m [36mjob_name[0m=[35mdev:tap-oracle-wms-to-target-oracle[0m [36mname[0m=[35mtap-oracle-wms[0m [36mproducer[0m=[35mTrue[0m [36mrun_id[0m=[35m5138f0b9-bb51-46fd-a1b4-17f942c9433e[0m [36mstdio[0m=[35mstderr[0m [36mstring_id[0m=[35mtap-oracle-wms[0m
[2m2025-07-02T13:01:20.852051Z[0m [[32m[1minfo     [0m] [1mDiscovered stream: order_hdr with 119 properties[0m [36mcmd_type[0m=[35melb[0m [36mconsumer[0m=[35mFalse[0m [36mjob_name[0m=[35mdev:tap-oracle-wms-to-target-oracle[0m [36mname[0m=[35mtap-oracle-wms[0m [36mproducer[0m=[35mTrue[0m [36mrun_id[0m=[35m5138f0b9-bb51-46fd-a1b4-17f942c9433e[0m [36mstdio[0m=[35mstderr[0m [36mstring_id[0m=[35mtap-oracle-wms[0m
[2m2025-07-02T13:01:20.857263Z[0m [[32m[1minfo     [0m] [1mBeginning incremental sync of 'allocation'[0m [36mcmd_type[0m=[35melb[0m [36mconsumer[0m=[35mFalse[0m [36mjob_name[0m=[35mdev:tap-oracle-wms-to-target-oracle[0m [36mname[0m=[35mtap-oracle-wms[0m [36mproducer[0m=[35mTrue[0m [36mrun_id[0m=[35m5138f0b9-bb51-46fd-a1b4-17f942c9433e[0m [36mstdio[0m=[35mstderr[0m [36mstring_id[0m=[35mtap-oracle-wms[0m
[2m2025-07-02T13:01:20.857610Z[0m [[32m[1minfo     [0m] [1mStarting incremental sync with bookmark value: None[0m [36mcmd_type[0m=[35melb[0m [36mconsumer[0m=[35mFalse[0m [36mjob_name[0m=[35mdev:tap-oracle-wms-to-target-oracle[0m [36mname[0m=[35mtap-oracle-wms[0m [36mproducer[0m=[35mTrue[0m [36mrun_id[0m=[35m5138f0b9-bb51-46fd-a1b4-17f942c9433e[0m [36mstdio[0m=[35mstderr[0m [36mstring_id[0m=[35mtap-oracle-wms[0m
[2m2025-07-02T13:01:20.893489Z[0m [[32m[1minfo     [0m] [1mIncremental state has been updated at 2025-07-02 13:01:20.893467+00:00.[0m
[2m2025-07-02T13:01:20.893694Z[0m [[32m[1minfo     [0m] [1mCreating sink for stream      [0m [36mcmd_type[0m=[35melb[0m [36mconsumer[0m=[35mTrue[0m [36mjob_name[0m=[35mdev:tap-oracle-wms-to-target-oracle[0m [36mname[0m=[35mtarget-oracle[0m [36mproducer[0m=[35mFalse[0m [36mrun_id[0m=[35m5138f0b9-bb51-46fd-a1b4-17f942c9433e[0m [36mstdio[0m=[35mstderr[0m [36mstring_id[0m=[35mtarget-oracle[0m
[2m2025-07-02T13:04:20.865307Z[0m [[32m[1minfo     [0m] [1mMETRIC: {"type": "timer", "metric": "http_request_duration", "value": 180.005761, "tags": {"stream": "allocation", "endpoint": "/wms/lgfapi/v10/entity/allocation", "http_status_code": 200, "status": "succeeded"}}[0m [36mcmd_type[0m=[35melb[0m [36mconsumer[0m=[35mFalse[0m [36mjob_name[0m=[35mdev:tap-oracle-wms-to-target-oracle[0m [36mname[0m=[35mtap-oracle-wms[0m [36mproducer[0m=[35mTrue[0m [36mrun_id[0m=[35m5138f0b9-bb51-46fd-a1b4-17f942c9433e[0m [36mstdio[0m=[35mstderr[0m [36mstring_id[0m=[35mtap-oracle-wms[0m
[2m2025-07-02T13:04:20.865535Z[0m [[32m[1minfo     [0m] [1mMETRIC: {"type": "counter", "metric": "http_request_count", "value": 1, "tags": {"stream": "allocation", "endpoint": "/wms/lgfapi/v10/entity/allocation", "pid": 1860336}}[0m [36mcmd_type[0m=[35melb[0m [36mconsumer[0m=[35mFalse[0m [36mjob_name[0m=[35mdev:tap-oracle-wms-to-target-oracle[0m [36mname[0m=[35mtap-oracle-wms[0m [36mproducer[0m=[35mTrue[0m [36mrun_id[0m=[35m5138f0b9-bb51-46fd-a1b4-17f942c9433e[0m [36mstdio[0m=[35mstderr[0m [36mstring_id[0m=[35mtap-oracle-wms[0m
[2m2025-07-02T13:04:20.865667Z[0m [[32m[1minfo     [0m] [1mProperties ('url', '_extracted_at', '_entity') were present in the 'allocation' stream but not found in catalog schema. Ignoring.[0m [36mcmd_type[0m=[35melb[0m [36mconsumer[0m=[35mFalse[0m [36mjob_name[0m=[35mdev:tap-oracle-wms-to-target-oracle[0m [36mname[0m=[35mtap-oracle-wms[0m [36mproducer[0m=[35mTrue[0m [36mrun_id[0m=[35m5138f0b9-bb51-46fd-a1b4-17f942c9433e[0m [36mstdio[0m=[35mstderr[0m [36mstring_id[0m=[35mtap-oracle-wms[0m
[2m2025-07-02T13:04:20.865749Z[0m [[32m[1minfo     [0m] [1mStream is assumed to be unsorted, progress is not resumable if interrupted[0m [36mcmd_type[0m=[35melb[0m [36mconsumer[0m=[35mFalse[0m [36mjob_name[0m=[35mdev:tap-oracle-wms-to-target-oracle[0m [36mname[0m=[35mtap-oracle-wms[0m [36mproducer[0m=[35mTrue[0m [36mrun_id[0m=[35m5138f0b9-bb51-46fd-a1b4-17f942c9433e[0m [36mstdio[0m=[35mstderr[0m [36mstring_id[0m=[35mtap-oracle-wms[0m
[2m2025-07-02T13:04:20.865817Z[0m [[32m[1minfo     [0m] [1mMETRIC: {"type": "counter", "metric": "record_count", "value": 1, "tags": {"stream": "allocation", "pid": 1860336, "context": {}}}[0m [36mcmd_type[0m=[35melb[0m [36mconsumer[0m=[35mFalse[0m [36mjob_name[0m=[35mdev:tap-oracle-wms-to-target-oracle[0m [36mname[0m=[35mtap-oracle-wms[0m [36mproducer[0m=[35mTrue[0m [36mrun_id[0m=[35m5138f0b9-bb51-46fd-a1b4-17f942c9433e[0m [36mstdio[0m=[35mstderr[0m [36mstring_id[0m=[35mtap-oracle-wms[0m
[2m2025-07-02T13:04:20.865952Z[0m [[32m[1minfo     [0m] [1mMETRIC: {"type": "counter", "metric": "http_request_count", "value": 0, "tags": {"stream": "allocation", "endpoint": "/wms/lgfapi/v10/entity/allocation", "pid": 1860336}}[0m [36mcmd_type[0m=[35melb[0m [36mconsumer[0m=[35mFalse[0m [36mjob_name[0m=[35mdev:tap-oracle-wms-to-target-oracle[0m [36mname[0m=[35mtap-oracle-wms[0m [36mproducer[0m=[35mTrue[0m [36mrun_id[0m=[35m5138f0b9-bb51-46fd-a1b4-17f942c9433e[0m [36mstdio[0m=[35mstderr[0m [36mstring_id[0m=[35mtap-oracle-wms[0m
[2m2025-07-02T13:04:20.866037Z[0m [[32m[1minfo     [0m] [1mMETRIC: {"type": "timer", "metric": "sync_duration", "value": 180.008318901062, "tags": {"stream": "allocation", "pid": 1860336, "context": {}, "status": "succeeded"}}[0m [36mcmd_type[0m=[35melb[0m [36mconsumer[0m=[35mFalse[0m [36mjob_name[0m=[35mdev:tap-oracle-wms-to-target-oracle[0m [36mname[0m=[35mtap-oracle-wms[0m [36mproducer[0m=[35mTrue[0m [36mrun_id[0m=[35m5138f0b9-bb51-46fd-a1b4-17f942c9433e[0m [36mstdio[0m=[35mstderr[0m [36mstring_id[0m=[35mtap-oracle-wms[0m
[2m2025-07-02T13:04:20.866111Z[0m [[32m[1minfo     [0m] [1mMETRIC: {"type": "counter", "metric": "record_count", "value": 4, "tags": {"stream": "allocation", "pid": 1860336, "context": {}}}[0m [36mcmd_type[0m=[35melb[0m [36mconsumer[0m=[35mFalse[0m [36mjob_name[0m=[35mdev:tap-oracle-wms-to-target-oracle[0m [36mname[0m=[35mtap-oracle-wms[0m [36mproducer[0m=[35mTrue[0m [36mrun_id[0m=[35m5138f0b9-bb51-46fd-a1b4-17f942c9433e[0m [36mstdio[0m=[35mstderr[0m [36mstring_id[0m=[35mtap-oracle-wms[0m
[2m2025-07-02T13:04:20.866217Z[0m [[32m[1minfo     [0m] [1mBeginning incremental sync of 'order_dtl'[0m [36mcmd_type[0m=[35melb[0m [36mconsumer[0m=[35mFalse[0m [36mjob_name[0m=[35mdev:tap-oracle-wms-to-target-oracle[0m [36mname[0m=[35mtap-oracle-wms[0m [36mproducer[0m=[35mTrue[0m [36mrun_id[0m=[35m5138f0b9-bb51-46fd-a1b4-17f942c9433e[0m [36mstdio[0m=[35mstderr[0m [36mstring_id[0m=[35mtap-oracle-wms[0m
[2m2025-07-02T13:04:20.901982Z[0m [[32m[1minfo     [0m] [1mIncremental state has been updated at 2025-07-02 13:04:20.901948+00:00.[0m
[2m2025-07-02T13:04:20.902197Z[0m [[32m[1minfo     [0m] [1mCreating sink for stream      [0m [36mcmd_type[0m=[35melb[0m [36mconsumer[0m=[35mTrue[0m [36mjob_name[0m=[35mdev:tap-oracle-wms-to-target-oracle[0m [36mname[0m=[35mtarget-oracle[0m [36mproducer[0m=[35mFalse[0m [36mrun_id[0m=[35m5138f0b9-bb51-46fd-a1b4-17f942c9433e[0m [36mstdio[0m=[35mstderr[0m [36mstring_id[0m=[35mtarget-oracle[0m
[2m2025-07-02T13:04:20.916783Z[0m [[32m[1minfo     [0m] [1mStarting incremental sync with bookmark value: None[0m [36mcmd_type[0m=[35melb[0m [36mconsumer[0m=[35mFalse[0m [36mjob_name[0m=[35mdev:tap-oracle-wms-to-target-oracle[0m [36mname[0m=[35mtap-oracle-wms[0m [36mproducer[0m=[35mTrue[0m [36mrun_id[0m=[35m5138f0b9-bb51-46fd-a1b4-17f942c9433e[0m [36mstdio[0m=[35mstderr[0m [36mstring_id[0m=[35mtap-oracle-wms[0m
[2m2025-07-02T13:04:20.917087Z[0m [[32m[1minfo     [0m] [1mRecord validation failed      [0m [36mcmd_type[0m=[35melb[0m [36mconsumer[0m=[35mTrue[0m [36mjob_name[0m=[35mdev:tap-oracle-wms-to-target-oracle[0m [36mname[0m=[35mtarget-oracle[0m [36mproducer[0m=[35mFalse[0m [36mrun_id[0m=[35m5138f0b9-bb51-46fd-a1b4-17f942c9433e[0m [36mstdio[0m=[35mstderr[0m [36mstring_id[0m=[35mtarget-oracle[0m
[2m2025-07-02T13:04:20.917259Z[0m [[32m[1minfo     [0m] [1mTraceback (most recent call last):[0m [36mcmd_type[0m=[35melb[0m [36mconsumer[0m=[35mTrue[0m [36mjob_name[0m=[35mdev:tap-oracle-wms-to-target-oracle[0m [36mname[0m=[35mtarget-oracle[0m [36mproducer[0m=[35mFalse[0m [36mrun_id[0m=[35m5138f0b9-bb51-46fd-a1b4-17f942c9433e[0m [36mstdio[0m=[35mstderr[0m [36mstring_id[0m=[35mtarget-oracle[0m
[2m2025-07-02T13:04:20.917436Z[0m [[32m[1minfo     [0m] [1m  File "/home/marlonsc/flext/.venv/lib/python3.13/site-packages/singer_sdk/sinks/core.py", line 127, in validate[0m [36mcmd_type[0m=[35melb[0m [36mconsumer[0m=[35mTrue[0m [36mjob_name[0m=[35mdev:tap-oracle-wms-to-target-oracle[0m [36mname[0m=[35mtarget-oracle[0m [36mproducer[0m=[35mFalse[0m [36mrun_id[0m=[35m5138f0b9-bb51-46fd-a1b4-17f942c9433e[0m [36mstdio[0m=[35mstderr[0m [36mstring_id[0m=[35mtarget-oracle[0m
[2m2025-07-02T13:04:20.917579Z[0m [[32m[1minfo     [0m] [1m    self.validator.validate(record)[0m [36mcmd_type[0m=[35melb[0m [36mconsumer[0m=[35mTrue[0m [36mjob_name[0m=[35mdev:tap-oracle-wms-to-target-oracle[0m [36mname[0m=[35mtarget-oracle[0m [36mproducer[0m=[35mFalse[0m [36mrun_id[0m=[35m5138f0b9-bb51-46fd-a1b4-17f942c9433e[0m [36mstdio[0m=[35mstderr[0m [36mstring_id[0m=[35mtarget-oracle[0m
[2m2025-07-02T13:04:20.917723Z[0m [[32m[1minfo     [0m] [1m    ~~~~~~~~~~~~~~~~~~~~~~~^^^^^^^^[0m [36mcmd_type[0m=[35melb[0m [36mconsumer[0m=[35mTrue[0m [36mjob_name[0m=[35mdev:tap-oracle-wms-to-target-oracle[0m [36mname[0m=[35mtarget-oracle[0m [36mproducer[0m=[35mFalse[0m [36mrun_id[0m=[35m5138f0b9-bb51-46fd-a1b4-17f942c9433e[0m [36mstdio[0m=[35mstderr[0m [36mstring_id[0m=[35mtarget-oracle[0m
[2m2025-07-02T13:04:20.917863Z[0m [[32m[1minfo     [0m] [1m  File "/home/marlonsc/flext/.venv/lib/python3.13/site-packages/jsonschema/validators.py", line 451, in validate[0m [36mcmd_type[0m=[35melb[0m [36mconsumer[0m=[35mTrue[0m [36mjob_name[0m=[35mdev:tap-oracle-wms-to-target-oracle[0m [36mname[0m=[35mtarget-oracle[0m [36mproducer[0m=[35mFalse[0m [36mrun_id[0m=[35m5138f0b9-bb51-46fd-a1b4-17f942c9433e[0m [36mstdio[0m=[35mstderr[0m [36mstring_id[0m=[35mtarget-oracle[0m
[2m2025-07-02T13:04:20.917999Z[0m [[32m[1minfo     [0m] [1m    raise error               [0m [36mcmd_type[0m=[35melb[0m [36mconsumer[0m=[35mTrue[0m [36mjob_name[0m=[35mdev:tap-oracle-wms-to-target-oracle[0m [36mname[0m=[35mtarget-oracle[0m [36mproducer[0m=[35mFalse[0m [36mrun_id[0m=[35m5138f0b9-bb51-46fd-a1b4-17f942c9433e[0m [36mstdio[0m=[35mstderr[0m [36mstring_id[0m=[35mtarget-oracle[0m
[2m2025-07-02T13:04:20.918134Z[0m [[32m[1minfo     [0m] [1mjsonschema.exceptions.ValidationError: '540' is not of type 'number'[0m [36mcmd_type[0m=[35melb[0m [36mconsumer[0m=[35mTrue[0m [36mjob_name[0m=[35mdev:tap-oracle-wms-to-target-oracle[0m [36mname[0m=[35mtarget-oracle[0m [36mproducer[0m=[35mFalse[0m [36mrun_id[0m=[35m5138f0b9-bb51-46fd-a1b4-17f942c9433e[0m [36mstdio[0m=[35mstderr[0m [36mstring_id[0m=[35mtarget-oracle[0m
[2m2025-07-02T13:04:20.918271Z[0m [[32m[1minfo     [0m] [1m                              [0m [36mcmd_type[0m=[35melb[0m [36mconsumer[0m=[35mTrue[0m [36mjob_name[0m=[35mdev:tap-oracle-wms-to-target-oracle[0m [36mname[0m=[35mtarget-oracle[0m [36mproducer[0m=[35mFalse[0m [36mrun_id[0m=[35m5138f0b9-bb51-46fd-a1b4-17f942c9433e[0m [36mstdio[0m=[35mstderr[0m [36mstring_id[0m=[35mtarget-oracle[0m
[2m2025-07-02T13:04:20.918424Z[0m [[32m[1minfo     [0m] [1mFailed validating 'type' in schema['properties']['alloc_qty']:[0m [36mcmd_type[0m=[35melb[0m [36mconsumer[0m=[35mTrue[0m [36mjob_name[0m=[35mdev:tap-oracle-wms-to-target-oracle[0m [36mname[0m=[35mtarget-oracle[0m [36mproducer[0m=[35mFalse[0m [36mrun_id[0m=[35m5138f0b9-bb51-46fd-a1b4-17f942c9433e[0m [36mstdio[0m=[35mstderr[0m [36mstring_id[0m=[35mtarget-oracle[0m
[2m2025-07-02T13:04:20.918566Z[0m [[32m[1minfo     [0m] [1m    {'type': 'number'}        [0m [36mcmd_type[0m=[35melb[0m [36mconsumer[0m=[35mTrue[0m [36mjob_name[0m=[35mdev:tap-oracle-wms-to-target-oracle[0m [36mname[0m=[35mtarget-oracle[0m [36mproducer[0m=[35mFalse[0m [36mrun_id[0m=[35m5138f0b9-bb51-46fd-a1b4-17f942c9433e[0m [36mstdio[0m=[35mstderr[0m [36mstring_id[0m=[35mtarget-oracle[0m
[2m2025-07-02T13:04:20.918703Z[0m [[32m[1minfo     [0m] [1m                              [0m [36mcmd_type[0m=[35melb[0m [36mconsumer[0m=[35mTrue[0m [36mjob_name[0m=[35mdev:tap-oracle-wms-to-target-oracle[0m [36mname[0m=[35mtarget-oracle[0m [36mproducer[0m=[35mFalse[0m [36mrun_id[0m=[35m5138f0b9-bb51-46fd-a1b4-17f942c9433e[0m [36mstdio[0m=[35mstderr[0m [36mstring_id[0m=[35mtarget-oracle[0m
[2m2025-07-02T13:04:20.918839Z[0m [[32m[1minfo     [0m] [1mOn instance['alloc_qty']:     [0m [36mcmd_type[0m=[35melb[0m [36mconsumer[0m=[35mTrue[0m [36mjob_name[0m=[35mdev:tap-oracle-wms-to-target-oracle[0m [36mname[0m=[35mtarget-oracle[0m [36mproducer[0m=[35mFalse[0m [36mrun_id[0m=[35m5138f0b9-bb51-46fd-a1b4-17f942c9433e[0m [36mstdio[0m=[35mstderr[0m [36mstring_id[0m=[35mtarget-oracle[0m
[2m2025-07-02T13:04:20.918986Z[0m [[32m[1minfo     [0m] [1m    '540'                     [0m [36mcmd_type[0m=[35melb[0m [36mconsumer[0m=[35mTrue[0m [36mjob_name[0m=[35mdev:tap-oracle-wms-to-target-oracle[0m [36mname[0m=[35mtarget-oracle[0m [36mproducer[0m=[35mFalse[0m [36mrun_id[0m=[35m5138f0b9-bb51-46fd-a1b4-17f942c9433e[0m [36mstdio[0m=[35mstderr[0m [36mstring_id[0m=[35mtarget-oracle[0m
[2m2025-07-02T13:04:20.919126Z[0m [[32m[1minfo     [0m] [1m                              [0m [36mcmd_type[0m=[35melb[0m [36mconsumer[0m=[35mTrue[0m [36mjob_name[0m=[35mdev:tap-oracle-wms-to-target-oracle[0m [36mname[0m=[35mtarget-oracle[0m [36mproducer[0m=[35mFalse[0m [36mrun_id[0m=[35m5138f0b9-bb51-46fd-a1b4-17f942c9433e[0m [36mstdio[0m=[35mstderr[0m [36mstring_id[0m=[35mtarget-oracle[0m
[2m2025-07-02T13:04:20.919260Z[0m [[32m[1minfo     [0m] [1mThe above exception was the direct cause of the following exception:[0m [36mcmd_type[0m=[35melb[0m [36mconsumer[0m=[35mTrue[0m [36mjob_name[0m=[35mdev:tap-oracle-wms-to-target-oracle[0m [36mname[0m=[35mtarget-oracle[0m [36mproducer[0m=[35mFalse[0m [36mrun_id[0m=[35m5138f0b9-bb51-46fd-a1b4-17f942c9433e[0m [36mstdio[0m=[35mstderr[0m [36mstring_id[0m=[35mtarget-oracle[0m
[2m2025-07-02T13:04:20.919412Z[0m [[32m[1minfo     [0m] [1m                              [0m [36mcmd_type[0m=[35melb[0m [36mconsumer[0m=[35mTrue[0m [36mjob_name[0m=[35mdev:tap-oracle-wms-to-target-oracle[0m [36mname[0m=[35mtarget-oracle[0m [36mproducer[0m=[35mFalse[0m [36mrun_id[0m=[35m5138f0b9-bb51-46fd-a1b4-17f942c9433e[0m [36mstdio[0m=[35mstderr[0m [36mstring_id[0m=[35mtarget-oracle[0m
[2m2025-07-02T13:04:20.919551Z[0m [[32m[1minfo     [0m] [1mTraceback (most recent call last):[0m [36mcmd_type[0m=[35melb[0m [36mconsumer[0m=[35mTrue[0m [36mjob_name[0m=[35mdev:tap-oracle-wms-to-target-oracle[0m [36mname[0m=[35mtarget-oracle[0m [36mproducer[0m=[35mFalse[0m [36mrun_id[0m=[35m5138f0b9-bb51-46fd-a1b4-17f942c9433e[0m [36mstdio[0m=[35mstderr[0m [36mstring_id[0m=[35mtarget-oracle[0m
[2m2025-07-02T13:04:20.919684Z[0m [[32m[1minfo     [0m] [1m  File "/home/marlonsc/flext/.venv/lib/python3.13/site-packages/singer_sdk/sinks/core.py", line 536, in _validate_and_parse[0m [36mcmd_type[0m=[35melb[0m [36mconsumer[0m=[35mTrue[0m [36mjob_name[0m=[35mdev:tap-oracle-wms-to-target-oracle[0m [36mname[0m=[35mtarget-oracle[0m [36mproducer[0m=[35mFalse[0m [36mrun_id[0m=[35m5138f0b9-bb51-46fd-a1b4-17f942c9433e[0m [36mstdio[0m=[35mstderr[0m [36mstring_id[0m=[35mtarget-oracle[0m
[2m2025-07-02T13:04:20.919817Z[0m [[32m[1minfo     [0m] [1m    self._validator.validate(record)[0m [36mcmd_type[0m=[35melb[0m [36mconsumer[0m=[35mTrue[0m [36mjob_name[0m=[35mdev:tap-oracle-wms-to-target-oracle[0m [36mname[0m=[35mtarget-oracle[0m [36mproducer[0m=[35mFalse[0m [36mrun_id[0m=[35m5138f0b9-bb51-46fd-a1b4-17f942c9433e[0m [36mstdio[0m=[35mstderr[0m [36mstring_id[0m=[35mtarget-oracle[0m
[2m2025-07-02T13:04:20.919949Z[0m [[32m[1minfo     [0m] [1m    ~~~~~~~~~~~~~~~~~~~~~~~~^^^^^^^^[0m [36mcmd_type[0m=[35melb[0m [36mconsumer[0m=[35mTrue[0m [36mjob_name[0m=[35mdev:tap-oracle-wms-to-target-oracle[0m [36mname[0m=[35mtarget-oracle[0m [36mproducer[0m=[35mFalse[0m [36mrun_id[0m=[35m5138f0b9-bb51-46fd-a1b4-17f942c9433e[0m [36mstdio[0m=[35mstderr[0m [36mstring_id[0m=[35mtarget-oracle[0m
[2m2025-07-02T13:04:20.920079Z[0m [[32m[1minfo     [0m] [1m  File "/home/marlonsc/flext/.venv/lib/python3.13/site-packages/singer_sdk/sinks/core.py", line 129, in validate[0m [36mcmd_type[0m=[35melb[0m [36mconsumer[0m=[35mTrue[0m [36mjob_name[0m=[35mdev:tap-oracle-wms-to-target-oracle[0m [36mname[0m=[35mtarget-oracle[0m [36mproducer[0m=[35mFalse[0m [36mrun_id[0m=[35m5138f0b9-bb51-46fd-a1b4-17f942c9433e[0m [36mstdio[0m=[35mstderr[0m [36mstring_id[0m=[35mtarget-oracle[0m
[2m2025-07-02T13:04:20.920217Z[0m [[32m[1minfo     [0m] [1m    raise InvalidRecord(e.message, record) from e[0m [36mcmd_type[0m=[35melb[0m [36mconsumer[0m=[35mTrue[0m [36mjob_name[0m=[35mdev:tap-oracle-wms-to-target-oracle[0m [36mname[0m=[35mtarget-oracle[0m [36mproducer[0m=[35mFalse[0m [36mrun_id[0m=[35m5138f0b9-bb51-46fd-a1b4-17f942c9433e[0m [36mstdio[0m=[35mstderr[0m [36mstring_id[0m=[35mtarget-oracle[0m
[2m2025-07-02T13:04:20.920369Z[0m [[32m[1minfo     [0m] [1msinger_sdk.exceptions.InvalidRecord: Record Message Validation Error: '540' is not of type 'number'[0m [36mcmd_type[0m=[35melb[0m [36mconsumer[0m=[35mTrue[0m [36mjob_name[0m=[35mdev:tap-oracle-wms-to-target-oracle[0m [36mname[0m=[35mtarget-oracle[0m [36mproducer[0m=[35mFalse[0m [36mrun_id[0m=[35m5138f0b9-bb51-46fd-a1b4-17f942c9433e[0m [36mstdio[0m=[35mstderr[0m [36mstring_id[0m=[35mtarget-oracle[0m
[2m2025-07-02T13:04:20.920525Z[0m [[32m[1minfo     [0m] [1mOperation failed              [0m [36mcmd_type[0m=[35melb[0m [36mconsumer[0m=[35mTrue[0m [36mjob_name[0m=[35mdev:tap-oracle-wms-to-target-oracle[0m [36mname[0m=[35mtarget-oracle[0m [36mproducer[0m=[35mFalse[0m [36mrun_id[0m=[35m5138f0b9-bb51-46fd-a1b4-17f942c9433e[0m [36mstdio[0m=[35mstderr[0m [36mstring_id[0m=[35mtarget-oracle[0m
[2m2025-07-02T13:04:20.920684Z[0m [[32m[1minfo     [0m] [1mTraceback (most recent call last):[0m [36mcmd_type[0m=[35melb[0m [36mconsumer[0m=[35mTrue[0m [36mjob_name[0m=[35mdev:tap-oracle-wms-to-target-oracle[0m [36mname[0m=[35mtarget-oracle[0m [36mproducer[0m=[35mFalse[0m [36mrun_id[0m=[35m5138f0b9-bb51-46fd-a1b4-17f942c9433e[0m [36mstdio[0m=[35mstderr[0m [36mstring_id[0m=[35mtarget-oracle[0m
[2m2025-07-02T13:04:20.920829Z[0m [[32m[1minfo     [0m] [1m  File "/home/marlonsc/flext/.venv/lib/python3.13/site-packages/singer_sdk/sinks/core.py", line 127, in validate[0m [36mcmd_type[0m=[35melb[0m [36mconsumer[0m=[35mTrue[0m [36mjob_name[0m=[35mdev:tap-oracle-wms-to-target-oracle[0m [36mname[0m=[35mtarget-oracle[0m [36mproducer[0m=[35mFalse[0m [36mrun_id[0m=[35m5138f0b9-bb51-46fd-a1b4-17f942c9433e[0m [36mstdio[0m=[35mstderr[0m [36mstring_id[0m=[35mtarget-oracle[0m
[2m2025-07-02T13:04:20.920968Z[0m [[32m[1minfo     [0m] [1m    self.validator.validate(record)[0m [36mcmd_type[0m=[35melb[0m [36mconsumer[0m=[35mTrue[0m [36mjob_name[0m=[35mdev:tap-oracle-wms-to-target-oracle[0m [36mname[0m=[35mtarget-oracle[0m [36mproducer[0m=[35mFalse[0m [36mrun_id[0m=[35m5138f0b9-bb51-46fd-a1b4-17f942c9433e[0m [36mstdio[0m=[35mstderr[0m [36mstring_id[0m=[35mtarget-oracle[0m
[2m2025-07-02T13:04:20.921102Z[0m [[32m[1minfo     [0m] [1m    ~~~~~~~~~~~~~~~~~~~~~~~^^^^^^^^[0m [36mcmd_type[0m=[35melb[0m [36mconsumer[0m=[35mTrue[0m [36mjob_name[0m=[35mdev:tap-oracle-wms-to-target-oracle[0m [36mname[0m=[35mtarget-oracle[0m [36mproducer[0m=[35mFalse[0m [36mrun_id[0m=[35m5138f0b9-bb51-46fd-a1b4-17f942c9433e[0m [36mstdio[0m=[35mstderr[0m [36mstring_id[0m=[35mtarget-oracle[0m
[2m2025-07-02T13:04:20.921237Z[0m [[32m[1minfo     [0m] [1m  File "/home/marlonsc/flext/.venv/lib/python3.13/site-packages/jsonschema/validators.py", line 451, in validate[0m [36mcmd_type[0m=[35melb[0m [36mconsumer[0m=[35mTrue[0m [36mjob_name[0m=[35mdev:tap-oracle-wms-to-target-oracle[0m [36mname[0m=[35mtarget-oracle[0m [36mproducer[0m=[35mFalse[0m [36mrun_id[0m=[35m5138f0b9-bb51-46fd-a1b4-17f942c9433e[0m [36mstdio[0m=[35mstderr[0m [36mstring_id[0m=[35mtarget-oracle[0m
[2m2025-07-02T13:04:20.921393Z[0m [[32m[1minfo     [0m] [1m    raise error               [0m [36mcmd_type[0m=[35melb[0m [36mconsumer[0m=[35mTrue[0m [36mjob_name[0m=[35mdev:tap-oracle-wms-to-target-oracle[0m [36mname[0m=[35mtarget-oracle[0m [36mproducer[0m=[35mFalse[0m [36mrun_id[0m=[35m5138f0b9-bb51-46fd-a1b4-17f942c9433e[0m [36mstdio[0m=[35mstderr[0m [36mstring_id[0m=[35mtarget-oracle[0m
[2m2025-07-02T13:04:20.921551Z[0m [[32m[1minfo     [0m] [1mjsonschema.exceptions.ValidationError: '540' is not of type 'number'[0m [36mcmd_type[0m=[35melb[0m [36mconsumer[0m=[35mTrue[0m [36mjob_name[0m=[35mdev:tap-oracle-wms-to-target-oracle[0m [36mname[0m=[35mtarget-oracle[0m [36mproducer[0m=[35mFalse[0m [36mrun_id[0m=[35m5138f0b9-bb51-46fd-a1b4-17f942c9433e[0m [36mstdio[0m=[35mstderr[0m [36mstring_id[0m=[35mtarget-oracle[0m
[2m2025-07-02T13:04:20.921775Z[0m [[32m[1minfo     [0m] [1m                              [0m [36mcmd_type[0m=[35melb[0m [36mconsumer[0m=[35mTrue[0m [36mjob_name[0m=[35mdev:tap-oracle-wms-to-target-oracle[0m [36mname[0m=[35mtarget-oracle[0m [36mproducer[0m=[35mFalse[0m [36mrun_id[0m=[35m5138f0b9-bb51-46fd-a1b4-17f942c9433e[0m [36mstdio[0m=[35mstderr[0m [36mstring_id[0m=[35mtarget-oracle[0m
[2m2025-07-02T13:04:20.921884Z[0m [[32m[1minfo     [0m] [1mFailed validating 'type' in schema['properties']['alloc_qty']:[0m [36mcmd_type[0m=[35melb[0m [36mconsumer[0m=[35mTrue[0m [36mjob_name[0m=[35mdev:tap-oracle-wms-to-target-oracle[0m [36mname[0m=[35mtarget-oracle[0m [36mproducer[0m=[35mFalse[0m [36mrun_id[0m=[35m5138f0b9-bb51-46fd-a1b4-17f942c9433e[0m [36mstdio[0m=[35mstderr[0m [36mstring_id[0m=[35mtarget-oracle[0m
[2m2025-07-02T13:04:20.921962Z[0m [[32m[1minfo     [0m] [1m    {'type': 'number'}        [0m [36mcmd_type[0m=[35melb[0m [36mconsumer[0m=[35mTrue[0m [36mjob_name[0m=[35mdev:tap-oracle-wms-to-target-oracle[0m [36mname[0m=[35mtarget-oracle[0m [36mproducer[0m=[35mFalse[0m [36mrun_id[0m=[35m5138f0b9-bb51-46fd-a1b4-17f942c9433e[0m [36mstdio[0m=[35mstderr[0m [36mstring_id[0m=[35mtarget-oracle[0m
[2m2025-07-02T13:04:20.922036Z[0m [[32m[1minfo     [0m] [1m                              [0m [36mcmd_type[0m=[35melb[0m [36mconsumer[0m=[35mTrue[0m [36mjob_name[0m=[35mdev:tap-oracle-wms-to-target-oracle[0m [36mname[0m=[35mtarget-oracle[0m [36mproducer[0m=[35mFalse[0m [36mrun_id[0m=[35m5138f0b9-bb51-46fd-a1b4-17f942c9433e[0m [36mstdio[0m=[35mstderr[0m [36mstring_id[0m=[35mtarget-oracle[0m
[2m2025-07-02T13:04:20.922106Z[0m [[32m[1minfo     [0m] [1mOn instance['alloc_qty']:     [0m [36mcmd_type[0m=[35melb[0m [36mconsumer[0m=[35mTrue[0m [36mjob_name[0m=[35mdev:tap-oracle-wms-to-target-oracle[0m [36mname[0m=[35mtarget-oracle[0m [36mproducer[0m=[35mFalse[0m [36mrun_id[0m=[35m5138f0b9-bb51-46fd-a1b4-17f942c9433e[0m [36mstdio[0m=[35mstderr[0m [36mstring_id[0m=[35mtarget-oracle[0m
[2m2025-07-02T13:04:20.922177Z[0m [[32m[1minfo     [0m] [1m    '540'                     [0m [36mcmd_type[0m=[35melb[0m [36mconsumer[0m=[35mTrue[0m [36mjob_name[0m=[35mdev:tap-oracle-wms-to-target-oracle[0m [36mname[0m=[35mtarget-oracle[0m [36mproducer[0m=[35mFalse[0m [36mrun_id[0m=[35m5138f0b9-bb51-46fd-a1b4-17f942c9433e[0m [36mstdio[0m=[35mstderr[0m [36mstring_id[0m=[35mtarget-oracle[0m
[2m2025-07-02T13:04:20.922249Z[0m [[32m[1minfo     [0m] [1m                              [0m [36mcmd_type[0m=[35melb[0m [36mconsumer[0m=[35mTrue[0m [36mjob_name[0m=[35mdev:tap-oracle-wms-to-target-oracle[0m [36mname[0m=[35mtarget-oracle[0m [36mproducer[0m=[35mFalse[0m [36mrun_id[0m=[35m5138f0b9-bb51-46fd-a1b4-17f942c9433e[0m [36mstdio[0m=[35mstderr[0m [36mstring_id[0m=[35mtarget-oracle[0m
[2m2025-07-02T13:04:20.922335Z[0m [[32m[1minfo     [0m] [1mThe above exception was the direct cause of the following exception:[0m [36mcmd_type[0m=[35melb[0m [36mconsumer[0m=[35mTrue[0m [36mjob_name[0m=[35mdev:tap-oracle-wms-to-target-oracle[0m [36mname[0m=[35mtarget-oracle[0m [36mproducer[0m=[35mFalse[0m [36mrun_id[0m=[35m5138f0b9-bb51-46fd-a1b4-17f942c9433e[0m [36mstdio[0m=[35mstderr[0m [36mstring_id[0m=[35mtarget-oracle[0m
[2m2025-07-02T13:04:20.922420Z[0m [[32m[1minfo     [0m] [1m                              [0m [36mcmd_type[0m=[35melb[0m [36mconsumer[0m=[35mTrue[0m [36mjob_name[0m=[35mdev:tap-oracle-wms-to-target-oracle[0m [36mname[0m=[35mtarget-oracle[0m [36mproducer[0m=[35mFalse[0m [36mrun_id[0m=[35m5138f0b9-bb51-46fd-a1b4-17f942c9433e[0m [36mstdio[0m=[35mstderr[0m [36mstring_id[0m=[35mtarget-oracle[0m
[2m2025-07-02T13:04:20.922498Z[0m [[32m[1minfo     [0m] [1mTraceback (most recent call last):[0m [36mcmd_type[0m=[35melb[0m [36mconsumer[0m=[35mTrue[0m [36mjob_name[0m=[35mdev:tap-oracle-wms-to-target-oracle[0m [36mname[0m=[35mtarget-oracle[0m [36mproducer[0m=[35mFalse[0m [36mrun_id[0m=[35m5138f0b9-bb51-46fd-a1b4-17f942c9433e[0m [36mstdio[0m=[35mstderr[0m [36mstring_id[0m=[35mtarget-oracle[0m
[2m2025-07-02T13:04:20.922571Z[0m [[32m[1minfo     [0m] [1m  File "/home/marlonsc/flext/flext-target-oracle/flext_target_oracle/logging_config.py", line 236, in operation_context[0m [36mcmd_type[0m=[35melb[0m [36mconsumer[0m=[35mTrue[0m [36mjob_name[0m=[35mdev:tap-oracle-wms-to-target-oracle[0m [36mname[0m=[35mtarget-oracle[0m [36mproducer[0m=[35mFalse[0m [36mrun_id[0m=[35m5138f0b9-bb51-46fd-a1b4-17f942c9433e[0m [36mstdio[0m=[35mstderr[0m [36mstring_id[0m=[35mtarget-oracle[0m
[2m2025-07-02T13:04:20.922644Z[0m [[32m[1minfo     [0m] [1m    yield context             [0m [36mcmd_type[0m=[35melb[0m [36mconsumer[0m=[35mTrue[0m [36mjob_name[0m=[35mdev:tap-oracle-wms-to-target-oracle[0m [36mname[0m=[35mtarget-oracle[0m [36mproducer[0m=[35mFalse[0m [36mrun_id[0m=[35m5138f0b9-bb51-46fd-a1b4-17f942c9433e[0m [36mstdio[0m=[35mstderr[0m [36mstring_id[0m=[35mtarget-oracle[0m
[2m2025-07-02T13:04:20.922714Z[0m [[32m[1minfo     [0m] [1m  File "/home/marlonsc/flext/flext-target-oracle/flext_target_oracle/target.py", line 1133, in process_lines[0m [36mcmd_type[0m=[35melb[0m [36mconsumer[0m=[35mTrue[0m [36mjob_name[0m=[35mdev:tap-oracle-wms-to-target-oracle[0m [36mname[0m=[35mtarget-oracle[0m [36mproducer[0m=[35mFalse[0m [36mrun_id[0m=[35m5138f0b9-bb51-46fd-a1b4-17f942c9433e[0m [36mstdio[0m=[35mstderr[0m [36mstring_id[0m=[35mtarget-oracle[0m
[2m2025-07-02T13:04:20.922785Z[0m [[32m[1minfo     [0m] [1m    result = super().process_lines(file_input)[0m [36mcmd_type[0m=[35melb[0m [36mconsumer[0m=[35mTrue[0m [36mjob_name[0m=[35mdev:tap-oracle-wms-to-target-oracle[0m [36mname[0m=[35mtarget-oracle[0m [36mproducer[0m=[35mFalse[0m [36mrun_id[0m=[35m5138f0b9-bb51-46fd-a1b4-17f942c9433e[0m [36mstdio[0m=[35mstderr[0m [36mstring_id[0m=[35mtarget-oracle[0m
[2m2025-07-02T13:04:20.922860Z[0m [[32m[1minfo     [0m] [1m  File "/home/marlonsc/flext/.venv/lib/python3.13/site-packages/singer_sdk/plugin_base.py", line 801, in process_lines[0m [36mcmd_type[0m=[35melb[0m [36mconsumer[0m=[35mTrue[0m [36mjob_name[0m=[35mdev:tap-oracle-wms-to-target-oracle[0m [36mname[0m=[35mtarget-oracle[0m [36mproducer[0m=[35mFalse[0m [36mrun_id[0m=[35m5138f0b9-bb51-46fd-a1b4-17f942c9433e[0m [36mstdio[0m=[35mstderr[0m [36mstring_id[0m=[35mtarget-oracle[0m
[2m2025-07-02T13:04:20.922932Z[0m [[32m[1minfo     [0m] [1m    return self.message_reader.process_lines([0m [36mcmd_type[0m=[35melb[0m [36mconsumer[0m=[35mTrue[0m [36mjob_name[0m=[35mdev:tap-oracle-wms-to-target-oracle[0m [36mname[0m=[35mtarget-oracle[0m [36mproducer[0m=[35mFalse[0m [36mrun_id[0m=[35m5138f0b9-bb51-46fd-a1b4-17f942c9433e[0m [36mstdio[0m=[35mstderr[0m [36mstring_id[0m=[35mtarget-oracle[0m
[2m2025-07-02T13:04:20.923008Z[0m [[32m[1minfo     [0m] [1m           ~~~~~~~~~~~~~~~~~~~~~~~~~~~~~~~~~^[0m [36mcmd_type[0m=[35melb[0m [36mconsumer[0m=[35mTrue[0m [36mjob_name[0m=[35mdev:tap-oracle-wms-to-target-oracle[0m [36mname[0m=[35mtarget-oracle[0m [36mproducer[0m=[35mFalse[0m [36mrun_id[0m=[35m5138f0b9-bb51-46fd-a1b4-17f942c9433e[0m [36mstdio[0m=[35mstderr[0m [36mstring_id[0m=[35mtarget-oracle[0m
[2m2025-07-02T13:04:20.923085Z[0m [[32m[1minfo     [0m] [1m        file_input,           [0m [36mcmd_type[0m=[35melb[0m [36mconsumer[0m=[35mTrue[0m [36mjob_name[0m=[35mdev:tap-oracle-wms-to-target-oracle[0m [36mname[0m=[35mtarget-oracle[0m [36mproducer[0m=[35mFalse[0m [36mrun_id[0m=[35m5138f0b9-bb51-46fd-a1b4-17f942c9433e[0m [36mstdio[0m=[35mstderr[0m [36mstring_id[0m=[35mtarget-oracle[0m
[2m2025-07-02T13:04:20.923161Z[0m [[32m[1minfo     [0m] [1m        ^^^^^^^^^^^           [0m [36mcmd_type[0m=[35melb[0m [36mconsumer[0m=[35mTrue[0m [36mjob_name[0m=[35mdev:tap-oracle-wms-to-target-oracle[0m [36mname[0m=[35mtarget-oracle[0m [36mproducer[0m=[35mFalse[0m [36mrun_id[0m=[35m5138f0b9-bb51-46fd-a1b4-17f942c9433e[0m [36mstdio[0m=[35mstderr[0m [36mstring_id[0m=[35mtarget-oracle[0m
[2m2025-07-02T13:04:20.923233Z[0m [[32m[1minfo     [0m] [1m    ...<6 lines>...           [0m [36mcmd_type[0m=[35melb[0m [36mconsumer[0m=[35mTrue[0m [36mjob_name[0m=[35mdev:tap-oracle-wms-to-target-oracle[0m [36mname[0m=[35mtarget-oracle[0m [36mproducer[0m=[35mFalse[0m [36mrun_id[0m=[35m5138f0b9-bb51-46fd-a1b4-17f942c9433e[0m [36mstdio[0m=[35mstderr[0m [36mstring_id[0m=[35mtarget-oracle[0m
[2m2025-07-02T13:04:20.923323Z[0m [[32m[1minfo     [0m] [1m        },                    [0m [36mcmd_type[0m=[35melb[0m [36mconsumer[0m=[35mTrue[0m [36mjob_name[0m=[35mdev:tap-oracle-wms-to-target-oracle[0m [36mname[0m=[35mtarget-oracle[0m [36mproducer[0m=[35mFalse[0m [36mrun_id[0m=[35m5138f0b9-bb51-46fd-a1b4-17f942c9433e[0m [36mstdio[0m=[35mstderr[0m [36mstring_id[0m=[35mtarget-oracle[0m
[2m2025-07-02T13:04:20.923402Z[0m [[32m[1minfo     [0m] [1m        ^^                    [0m [36mcmd_type[0m=[35melb[0m [36mconsumer[0m=[35mTrue[0m [36mjob_name[0m=[35mdev:tap-oracle-wms-to-target-oracle[0m [36mname[0m=[35mtarget-oracle[0m [36mproducer[0m=[35mFalse[0m [36mrun_id[0m=[35m5138f0b9-bb51-46fd-a1b4-17f942c9433e[0m [36mstdio[0m=[35mstderr[0m [36mstring_id[0m=[35mtarget-oracle[0m
[2m2025-07-02T13:04:20.923478Z[0m [[32m[1minfo     [0m] [1m    )                         [0m [36mcmd_type[0m=[35melb[0m [36mconsumer[0m=[35mTrue[0m [36mjob_name[0m=[35mdev:tap-oracle-wms-to-target-oracle[0m [36mname[0m=[35mtarget-oracle[0m [36mproducer[0m=[35mFalse[0m [36mrun_id[0m=[35m5138f0b9-bb51-46fd-a1b4-17f942c9433e[0m [36mstdio[0m=[35mstderr[0m [36mstring_id[0m=[35mtarget-oracle[0m
[2m2025-07-02T13:04:20.923557Z[0m [[32m[1minfo     [0m] [1m    ^                         [0m [36mcmd_type[0m=[35melb[0m [36mconsumer[0m=[35mTrue[0m [36mjob_name[0m=[35mdev:tap-oracle-wms-to-target-oracle[0m [36mname[0m=[35mtarget-oracle[0m [36mproducer[0m=[35mFalse[0m [36mrun_id[0m=[35m5138f0b9-bb51-46fd-a1b4-17f942c9433e[0m [36mstdio[0m=[35mstderr[0m [36mstring_id[0m=[35mtarget-oracle[0m
[2m2025-07-02T13:04:20.923635Z[0m [[32m[1minfo     [0m] [1m  File "/home/marlonsc/flext/.venv/lib/python3.13/site-packages/singer_sdk/singerlib/encoding/base.py", line 70, in process_lines[0m [36mcmd_type[0m=[35melb[0m [36mconsumer[0m=[35mTrue[0m [36mjob_name[0m=[35mdev:tap-oracle-wms-to-target-oracle[0m [36mname[0m=[35mtarget-oracle[0m [36mproducer[0m=[35mFalse[0m [36mrun_id[0m=[35m5138f0b9-bb51-46fd-a1b4-17f942c9433e[0m [36mstdio[0m=[35mstderr[0m [36mstring_id[0m=[35mtarget-oracle[0m
[2m2025-07-02T13:04:20.923712Z[0m [[32m[1minfo     [0m] [1m    callback(line_dict)       [0m [36mcmd_type[0m=[35melb[0m [36mconsumer[0m=[35mTrue[0m [36mjob_name[0m=[35mdev:tap-oracle-wms-to-target-oracle[0m [36mname[0m=[35mtarget-oracle[0m [36mproducer[0m=[35mFalse[0m [36mrun_id[0m=[35m5138f0b9-bb51-46fd-a1b4-17f942c9433e[0m [36mstdio[0m=[35mstderr[0m [36mstring_id[0m=[35mtarget-oracle[0m
[2m2025-07-02T13:04:20.923852Z[0m [[32m[1minfo     [0m] [1m    ~~~~~~~~^^^^^^^^^^^       [0m [36mcmd_type[0m=[35melb[0m [36mconsumer[0m=[35mTrue[0m [36mjob_name[0m=[35mdev:tap-oracle-wms-to-target-oracle[0m [36mname[0m=[35mtarget-oracle[0m [36mproducer[0m=[35mFalse[0m [36mrun_id[0m=[35m5138f0b9-bb51-46fd-a1b4-17f942c9433e[0m [36mstdio[0m=[35mstderr[0m [36mstring_id[0m=[35mtarget-oracle[0m
[2m2025-07-02T13:04:20.923940Z[0m [[32m[1minfo     [0m] [1m  File "/home/marlonsc/flext/.venv/lib/python3.13/site-packages/singer_sdk/target_base.py", line 339, in _process_record_message[0m [36mcmd_type[0m=[35melb[0m [36mconsumer[0m=[35mTrue[0m [36mjob_name[0m=[35mdev:tap-oracle-wms-to-target-oracle[0m [36mname[0m=[35mtarget-oracle[0m [36mproducer[0m=[35mFalse[0m [36mrun_id[0m=[35m5138f0b9-bb51-46fd-a1b4-17f942c9433e[0m [36mstdio[0m=[35mstderr[0m [36mstring_id[0m=[35mtarget-oracle[0m
[2m2025-07-02T13:04:20.924019Z[0m [[32m[1minfo     [0m] [1m    sink._validate_and_parse(transformed_record)  # noqa: SLF001[0m [36mcmd_type[0m=[35melb[0m [36mconsumer[0m=[35mTrue[0m [36mjob_name[0m=[35mdev:tap-oracle-wms-to-target-oracle[0m [36mname[0m=[35mtarget-oracle[0m [36mproducer[0m=[35mFalse[0m [36mrun_id[0m=[35m5138f0b9-bb51-46fd-a1b4-17f942c9433e[0m [36mstdio[0m=[35mstderr[0m [36mstring_id[0m=[35mtarget-oracle[0m
[2m2025-07-02T13:04:20.924096Z[0m [[32m[1minfo     [0m] [1m    ~~~~~~~~~~~~~~~~~~~~~~~~^^^^^^^^^^^^^^^^^^^^[0m [36mcmd_type[0m=[35melb[0m [36mconsumer[0m=[35mTrue[0m [36mjob_name[0m=[35mdev:tap-oracle-wms-to-target-oracle[0m [36mname[0m=[35mtarget-oracle[0m [36mproducer[0m=[35mFalse[0m [36mrun_id[0m=[35m5138f0b9-bb51-46fd-a1b4-17f942c9433e[0m [36mstdio[0m=[35mstderr[0m [36mstring_id[0m=[35mtarget-oracle[0m
[2m2025-07-02T13:04:20.924172Z[0m [[32m[1minfo     [0m] [1m  File "/home/marlonsc/flext/.venv/lib/python3.13/site-packages/singer_sdk/sinks/core.py", line 536, in _validate_and_parse[0m [36mcmd_type[0m=[35melb[0m [36mconsumer[0m=[35mTrue[0m [36mjob_name[0m=[35mdev:tap-oracle-wms-to-target-oracle[0m [36mname[0m=[35mtarget-oracle[0m [36mproducer[0m=[35mFalse[0m [36mrun_id[0m=[35m5138f0b9-bb51-46fd-a1b4-17f942c9433e[0m [36mstdio[0m=[35mstderr[0m [36mstring_id[0m=[35mtarget-oracle[0m
[2m2025-07-02T13:04:20.924239Z[0m [[32m[1minfo     [0m] [1m    self._validator.validate(record)[0m [36mcmd_type[0m=[35melb[0m [36mconsumer[0m=[35mTrue[0m [36mjob_name[0m=[35mdev:tap-oracle-wms-to-target-oracle[0m [36mname[0m=[35mtarget-oracle[0m [36mproducer[0m=[35mFalse[0m [36mrun_id[0m=[35m5138f0b9-bb51-46fd-a1b4-17f942c9433e[0m [36mstdio[0m=[35mstderr[0m [36mstring_id[0m=[35mtarget-oracle[0m
[2m2025-07-02T13:04:20.924342Z[0m [[32m[1minfo     [0m] [1m    ~~~~~~~~~~~~~~~~~~~~~~~~^^^^^^^^[0m [36mcmd_type[0m=[35melb[0m [36mconsumer[0m=[35mTrue[0m [36mjob_name[0m=[35mdev:tap-oracle-wms-to-target-oracle[0m [36mname[0m=[35mtarget-oracle[0m [36mproducer[0m=[35mFalse[0m [36mrun_id[0m=[35m5138f0b9-bb51-46fd-a1b4-17f942c9433e[0m [36mstdio[0m=[35mstderr[0m [36mstring_id[0m=[35mtarget-oracle[0m
[2m2025-07-02T13:04:20.924415Z[0m [[32m[1minfo     [0m] [1m  File "/home/marlonsc/flext/.venv/lib/python3.13/site-packages/singer_sdk/sinks/core.py", line 129, in validate[0m [36mcmd_type[0m=[35melb[0m [36mconsumer[0m=[35mTrue[0m [36mjob_name[0m=[35mdev:tap-oracle-wms-to-target-oracle[0m [36mname[0m=[35mtarget-oracle[0m [36mproducer[0m=[35mFalse[0m [36mrun_id[0m=[35m5138f0b9-bb51-46fd-a1b4-17f942c9433e[0m [36mstdio[0m=[35mstderr[0m [36mstring_id[0m=[35mtarget-oracle[0m
[2m2025-07-02T13:04:20.924484Z[0m [[32m[1minfo     [0m] [1m    raise InvalidRecord(e.message, record) from e[0m [36mcmd_type[0m=[35melb[0m [36mconsumer[0m=[35mTrue[0m [36mjob_name[0m=[35mdev:tap-oracle-wms-to-target-oracle[0m [36mname[0m=[35mtarget-oracle[0m [36mproducer[0m=[35mFalse[0m [36mrun_id[0m=[35m5138f0b9-bb51-46fd-a1b4-17f942c9433e[0m [36mstdio[0m=[35mstderr[0m [36mstring_id[0m=[35mtarget-oracle[0m
[2m2025-07-02T13:04:20.924556Z[0m [[32m[1minfo     [0m] [1msinger_sdk.exceptions.InvalidRecord: Record Message Validation Error: '540' is not of type 'number'[0m [36mcmd_type[0m=[35melb[0m [36mconsumer[0m=[35mTrue[0m [36mjob_name[0m=[35mdev:tap-oracle-wms-to-target-oracle[0m [36mname[0m=[35mtarget-oracle[0m [36mproducer[0m=[35mFalse[0m [36mrun_id[0m=[35m5138f0b9-bb51-46fd-a1b4-17f942c9433e[0m [36mstdio[0m=[35mstderr[0m [36mstring_id[0m=[35mtarget-oracle[0m
[2m2025-07-02T13:04:20.924628Z[0m [[32m[1minfo     [0m] [1mTraceback (most recent call last):[0m [36mcmd_type[0m=[35melb[0m [36mconsumer[0m=[35mTrue[0m [36mjob_name[0m=[35mdev:tap-oracle-wms-to-target-oracle[0m [36mname[0m=[35mtarget-oracle[0m [36mproducer[0m=[35mFalse[0m [36mrun_id[0m=[35m5138f0b9-bb51-46fd-a1b4-17f942c9433e[0m [36mstdio[0m=[35mstderr[0m [36mstring_id[0m=[35mtarget-oracle[0m
[2m2025-07-02T13:04:20.924699Z[0m [[32m[1minfo     [0m] [1m  File "/home/marlonsc/flext/.venv/lib/python3.13/site-packages/singer_sdk/sinks/core.py", line 127, in validate[0m [36mcmd_type[0m=[35melb[0m [36mconsumer[0m=[35mTrue[0m [36mjob_name[0m=[35mdev:tap-oracle-wms-to-target-oracle[0m [36mname[0m=[35mtarget-oracle[0m [36mproducer[0m=[35mFalse[0m [36mrun_id[0m=[35m5138f0b9-bb51-46fd-a1b4-17f942c9433e[0m [36mstdio[0m=[35mstderr[0m [36mstring_id[0m=[35mtarget-oracle[0m
[2m2025-07-02T13:04:20.924767Z[0m [[32m[1minfo     [0m] [1m    self.validator.validate(record)[0m [36mcmd_type[0m=[35melb[0m [36mconsumer[0m=[35mTrue[0m [36mjob_name[0m=[35mdev:tap-oracle-wms-to-target-oracle[0m [36mname[0m=[35mtarget-oracle[0m [36mproducer[0m=[35mFalse[0m [36mrun_id[0m=[35m5138f0b9-bb51-46fd-a1b4-17f942c9433e[0m [36mstdio[0m=[35mstderr[0m [36mstring_id[0m=[35mtarget-oracle[0m
[2m2025-07-02T13:04:20.924835Z[0m [[32m[1minfo     [0m] [1m    ~~~~~~~~~~~~~~~~~~~~~~~^^^^^^^^[0m [36mcmd_type[0m=[35melb[0m [36mconsumer[0m=[35mTrue[0m [36mjob_name[0m=[35mdev:tap-oracle-wms-to-target-oracle[0m [36mname[0m=[35mtarget-oracle[0m [36mproducer[0m=[35mFalse[0m [36mrun_id[0m=[35m5138f0b9-bb51-46fd-a1b4-17f942c9433e[0m [36mstdio[0m=[35mstderr[0m [36mstring_id[0m=[35mtarget-oracle[0m
[2m2025-07-02T13:04:20.924905Z[0m [[32m[1minfo     [0m] [1m  File "/home/marlonsc/flext/.venv/lib/python3.13/site-packages/jsonschema/validators.py", line 451, in validate[0m [36mcmd_type[0m=[35melb[0m [36mconsumer[0m=[35mTrue[0m [36mjob_name[0m=[35mdev:tap-oracle-wms-to-target-oracle[0m [36mname[0m=[35mtarget-oracle[0m [36mproducer[0m=[35mFalse[0m [36mrun_id[0m=[35m5138f0b9-bb51-46fd-a1b4-17f942c9433e[0m [36mstdio[0m=[35mstderr[0m [36mstring_id[0m=[35mtarget-oracle[0m
[2m2025-07-02T13:04:20.924975Z[0m [[32m[1minfo     [0m] [1m    raise error               [0m [36mcmd_type[0m=[35melb[0m [36mconsumer[0m=[35mTrue[0m [36mjob_name[0m=[35mdev:tap-oracle-wms-to-target-oracle[0m [36mname[0m=[35mtarget-oracle[0m [36mproducer[0m=[35mFalse[0m [36mrun_id[0m=[35m5138f0b9-bb51-46fd-a1b4-17f942c9433e[0m [36mstdio[0m=[35mstderr[0m [36mstring_id[0m=[35mtarget-oracle[0m
[2m2025-07-02T13:04:20.925048Z[0m [[32m[1minfo     [0m] [1mjsonschema.exceptions.ValidationError: '540' is not of type 'number'[0m [36mcmd_type[0m=[35melb[0m [36mconsumer[0m=[35mTrue[0m [36mjob_name[0m=[35mdev:tap-oracle-wms-to-target-oracle[0m [36mname[0m=[35mtarget-oracle[0m [36mproducer[0m=[35mFalse[0m [36mrun_id[0m=[35m5138f0b9-bb51-46fd-a1b4-17f942c9433e[0m [36mstdio[0m=[35mstderr[0m [36mstring_id[0m=[35mtarget-oracle[0m
[2m2025-07-02T13:04:20.925120Z[0m [[32m[1minfo     [0m] [1m                              [0m [36mcmd_type[0m=[35melb[0m [36mconsumer[0m=[35mTrue[0m [36mjob_name[0m=[35mdev:tap-oracle-wms-to-target-oracle[0m [36mname[0m=[35mtarget-oracle[0m [36mproducer[0m=[35mFalse[0m [36mrun_id[0m=[35m5138f0b9-bb51-46fd-a1b4-17f942c9433e[0m [36mstdio[0m=[35mstderr[0m [36mstring_id[0m=[35mtarget-oracle[0m
[2m2025-07-02T13:04:20.925197Z[0m [[32m[1minfo     [0m] [1mFailed validating 'type' in schema['properties']['alloc_qty']:[0m [36mcmd_type[0m=[35melb[0m [36mconsumer[0m=[35mTrue[0m [36mjob_name[0m=[35mdev:tap-oracle-wms-to-target-oracle[0m [36mname[0m=[35mtarget-oracle[0m [36mproducer[0m=[35mFalse[0m [36mrun_id[0m=[35m5138f0b9-bb51-46fd-a1b4-17f942c9433e[0m [36mstdio[0m=[35mstderr[0m [36mstring_id[0m=[35mtarget-oracle[0m
[2m2025-07-02T13:04:20.925268Z[0m [[32m[1minfo     [0m] [1m    {'type': 'number'}        [0m [36mcmd_type[0m=[35melb[0m [36mconsumer[0m=[35mTrue[0m [36mjob_name[0m=[35mdev:tap-oracle-wms-to-target-oracle[0m [36mname[0m=[35mtarget-oracle[0m [36mproducer[0m=[35mFalse[0m [36mrun_id[0m=[35m5138f0b9-bb51-46fd-a1b4-17f942c9433e[0m [36mstdio[0m=[35mstderr[0m [36mstring_id[0m=[35mtarget-oracle[0m
[2m2025-07-02T13:04:20.925350Z[0m [[32m[1minfo     [0m] [1m                              [0m [36mcmd_type[0m=[35melb[0m [36mconsumer[0m=[35mTrue[0m [36mjob_name[0m=[35mdev:tap-oracle-wms-to-target-oracle[0m [36mname[0m=[35mtarget-oracle[0m [36mproducer[0m=[35mFalse[0m [36mrun_id[0m=[35m5138f0b9-bb51-46fd-a1b4-17f942c9433e[0m [36mstdio[0m=[35mstderr[0m [36mstring_id[0m=[35mtarget-oracle[0m
[2m2025-07-02T13:04:20.925425Z[0m [[32m[1minfo     [0m] [1mOn instance['alloc_qty']:     [0m [36mcmd_type[0m=[35melb[0m [36mconsumer[0m=[35mTrue[0m [36mjob_name[0m=[35mdev:tap-oracle-wms-to-target-oracle[0m [36mname[0m=[35mtarget-oracle[0m [36mproducer[0m=[35mFalse[0m [36mrun_id[0m=[35m5138f0b9-bb51-46fd-a1b4-17f942c9433e[0m [36mstdio[0m=[35mstderr[0m [36mstring_id[0m=[35mtarget-oracle[0m
[2m2025-07-02T13:04:20.925497Z[0m [[32m[1minfo     [0m] [1m    '540'                     [0m [36mcmd_type[0m=[35melb[0m [36mconsumer[0m=[35mTrue[0m [36mjob_name[0m=[35mdev:tap-oracle-wms-to-target-oracle[0m [36mname[0m=[35mtarget-oracle[0m [36mproducer[0m=[35mFalse[0m [36mrun_id[0m=[35m5138f0b9-bb51-46fd-a1b4-17f942c9433e[0m [36mstdio[0m=[35mstderr[0m [36mstring_id[0m=[35mtarget-oracle[0m
[2m2025-07-02T13:04:20.925563Z[0m [[32m[1minfo     [0m] [1m                              [0m [36mcmd_type[0m=[35melb[0m [36mconsumer[0m=[35mTrue[0m [36mjob_name[0m=[35mdev:tap-oracle-wms-to-target-oracle[0m [36mname[0m=[35mtarget-oracle[0m [36mproducer[0m=[35mFalse[0m [36mrun_id[0m=[35m5138f0b9-bb51-46fd-a1b4-17f942c9433e[0m [36mstdio[0m=[35mstderr[0m [36mstring_id[0m=[35mtarget-oracle[0m
[2m2025-07-02T13:04:20.925632Z[0m [[32m[1minfo     [0m] [1mThe above exception was the direct cause of the following exception:[0m [36mcmd_type[0m=[35melb[0m [36mconsumer[0m=[35mTrue[0m [36mjob_name[0m=[35mdev:tap-oracle-wms-to-target-oracle[0m [36mname[0m=[35mtarget-oracle[0m [36mproducer[0m=[35mFalse[0m [36mrun_id[0m=[35m5138f0b9-bb51-46fd-a1b4-17f942c9433e[0m [36mstdio[0m=[35mstderr[0m [36mstring_id[0m=[35mtarget-oracle[0m
[2m2025-07-02T13:04:20.925698Z[0m [[32m[1minfo     [0m] [1m                              [0m [36mcmd_type[0m=[35melb[0m [36mconsumer[0m=[35mTrue[0m [36mjob_name[0m=[35mdev:tap-oracle-wms-to-target-oracle[0m [36mname[0m=[35mtarget-oracle[0m [36mproducer[0m=[35mFalse[0m [36mrun_id[0m=[35m5138f0b9-bb51-46fd-a1b4-17f942c9433e[0m [36mstdio[0m=[35mstderr[0m [36mstring_id[0m=[35mtarget-oracle[0m
[2m2025-07-02T13:04:20.925767Z[0m [[32m[1minfo     [0m] [1mTraceback (most recent call last):[0m [36mcmd_type[0m=[35melb[0m [36mconsumer[0m=[35mTrue[0m [36mjob_name[0m=[35mdev:tap-oracle-wms-to-target-oracle[0m [36mname[0m=[35mtarget-oracle[0m [36mproducer[0m=[35mFalse[0m [36mrun_id[0m=[35m5138f0b9-bb51-46fd-a1b4-17f942c9433e[0m [36mstdio[0m=[35mstderr[0m [36mstring_id[0m=[35mtarget-oracle[0m
[2m2025-07-02T13:04:20.925842Z[0m [[32m[1minfo     [0m] [1m  File "/home/marlonsc/flext/.venv/bin/flext-target-oracle", line 8, in <module>[0m [36mcmd_type[0m=[35melb[0m [36mconsumer[0m=[35mTrue[0m [36mjob_name[0m=[35mdev:tap-oracle-wms-to-target-oracle[0m [36mname[0m=[35mtarget-oracle[0m [36mproducer[0m=[35mFalse[0m [36mrun_id[0m=[35m5138f0b9-bb51-46fd-a1b4-17f942c9433e[0m [36mstdio[0m=[35mstderr[0m [36mstring_id[0m=[35mtarget-oracle[0m
[2m2025-07-02T13:04:20.925911Z[0m [[32m[1minfo     [0m] [1m    sys.exit(main())          [0m [36mcmd_type[0m=[35melb[0m [36mconsumer[0m=[35mTrue[0m [36mjob_name[0m=[35mdev:tap-oracle-wms-to-target-oracle[0m [36mname[0m=[35mtarget-oracle[0m [36mproducer[0m=[35mFalse[0m [36mrun_id[0m=[35m5138f0b9-bb51-46fd-a1b4-17f942c9433e[0m [36mstdio[0m=[35mstderr[0m [36mstring_id[0m=[35mtarget-oracle[0m
[2m2025-07-02T13:04:20.925978Z[0m [[32m[1minfo     [0m] [1m             ~~~~^^           [0m [36mcmd_type[0m=[35melb[0m [36mconsumer[0m=[35mTrue[0m [36mjob_name[0m=[35mdev:tap-oracle-wms-to-target-oracle[0m [36mname[0m=[35mtarget-oracle[0m [36mproducer[0m=[35mFalse[0m [36mrun_id[0m=[35m5138f0b9-bb51-46fd-a1b4-17f942c9433e[0m [36mstdio[0m=[35mstderr[0m [36mstring_id[0m=[35mtarget-oracle[0m
[2m2025-07-02T13:04:20.926046Z[0m [[32m[1minfo     [0m] [1m  File "/home/marlonsc/flext/flext-target-oracle/flext_target_oracle/cli.py", line 14, in main[0m [36mcmd_type[0m=[35melb[0m [36mconsumer[0m=[35mTrue[0m [36mjob_name[0m=[35mdev:tap-oracle-wms-to-target-oracle[0m [36mname[0m=[35mtarget-oracle[0m [36mproducer[0m=[35mFalse[0m [36mrun_id[0m=[35m5138f0b9-bb51-46fd-a1b4-17f942c9433e[0m [36mstdio[0m=[35mstderr[0m [36mstring_id[0m=[35mtarget-oracle[0m
[2m2025-07-02T13:04:20.926114Z[0m [[32m[1minfo     [0m] [1m    OracleTarget.cli()        [0m [36mcmd_type[0m=[35melb[0m [36mconsumer[0m=[35mTrue[0m [36mjob_name[0m=[35mdev:tap-oracle-wms-to-target-oracle[0m [36mname[0m=[35mtarget-oracle[0m [36mproducer[0m=[35mFalse[0m [36mrun_id[0m=[35m5138f0b9-bb51-46fd-a1b4-17f942c9433e[0m [36mstdio[0m=[35mstderr[0m [36mstring_id[0m=[35mtarget-oracle[0m
[2m2025-07-02T13:04:20.926204Z[0m [[32m[1minfo     [0m] [1m    ~~~~~~~~~~~~~~~~^^        [0m [36mcmd_type[0m=[35melb[0m [36mconsumer[0m=[35mTrue[0m [36mjob_name[0m=[35mdev:tap-oracle-wms-to-target-oracle[0m [36mname[0m=[35mtarget-oracle[0m [36mproducer[0m=[35mFalse[0m [36mrun_id[0m=[35m5138f0b9-bb51-46fd-a1b4-17f942c9433e[0m [36mstdio[0m=[35mstderr[0m [36mstring_id[0m=[35mtarget-oracle[0m
[2m2025-07-02T13:04:20.926270Z[0m [[32m[1minfo     [0m] [1m  File "/home/marlonsc/flext/.venv/lib/python3.13/site-packages/click/core.py", line 1442, in __call__[0m [36mcmd_type[0m=[35melb[0m [36mconsumer[0m=[35mTrue[0m [36mjob_name[0m=[35mdev:tap-oracle-wms-to-target-oracle[0m [36mname[0m=[35mtarget-oracle[0m [36mproducer[0m=[35mFalse[0m [36mrun_id[0m=[35m5138f0b9-bb51-46fd-a1b4-17f942c9433e[0m [36mstdio[0m=[35mstderr[0m [36mstring_id[0m=[35mtarget-oracle[0m
[2m2025-07-02T13:04:20.926342Z[0m [[32m[1minfo     [0m] [1m    return self.main(*args, **kwargs)[0m [36mcmd_type[0m=[35melb[0m [36mconsumer[0m=[35mTrue[0m [36mjob_name[0m=[35mdev:tap-oracle-wms-to-target-oracle[0m [36mname[0m=[35mtarget-oracle[0m [36mproducer[0m=[35mFalse[0m [36mrun_id[0m=[35m5138f0b9-bb51-46fd-a1b4-17f942c9433e[0m [36mstdio[0m=[35mstderr[0m [36mstring_id[0m=[35mtarget-oracle[0m
[2m2025-07-02T13:04:20.926410Z[0m [[32m[1minfo     [0m] [1m           ~~~~~~~~~^^^^^^^^^^^^^^^^^[0m [36mcmd_type[0m=[35melb[0m [36mconsumer[0m=[35mTrue[0m [36mjob_name[0m=[35mdev:tap-oracle-wms-to-target-oracle[0m [36mname[0m=[35mtarget-oracle[0m [36mproducer[0m=[35mFalse[0m [36mrun_id[0m=[35m5138f0b9-bb51-46fd-a1b4-17f942c9433e[0m [36mstdio[0m=[35mstderr[0m [36mstring_id[0m=[35mtarget-oracle[0m
[2m2025-07-02T13:04:20.926479Z[0m [[32m[1minfo     [0m] [1m  File "/home/marlonsc/flext/.venv/lib/python3.13/site-packages/click/core.py", line 1363, in main[0m [36mcmd_type[0m=[35melb[0m [36mconsumer[0m=[35mTrue[0m [36mjob_name[0m=[35mdev:tap-oracle-wms-to-target-oracle[0m [36mname[0m=[35mtarget-oracle[0m [36mproducer[0m=[35mFalse[0m [36mrun_id[0m=[35m5138f0b9-bb51-46fd-a1b4-17f942c9433e[0m [36mstdio[0m=[35mstderr[0m [36mstring_id[0m=[35mtarget-oracle[0m
[2m2025-07-02T13:04:20.926545Z[0m [[32m[1minfo     [0m] [1m    rv = self.invoke(ctx)     [0m [36mcmd_type[0m=[35melb[0m [36mconsumer[0m=[35mTrue[0m [36mjob_name[0m=[35mdev:tap-oracle-wms-to-target-oracle[0m [36mname[0m=[35mtarget-oracle[0m [36mproducer[0m=[35mFalse[0m [36mrun_id[0m=[35m5138f0b9-bb51-46fd-a1b4-17f942c9433e[0m [36mstdio[0m=[35mstderr[0m [36mstring_id[0m=[35mtarget-oracle[0m
[2m2025-07-02T13:04:20.926612Z[0m [[32m[1minfo     [0m] [1m  File "/home/marlonsc/flext/.venv/lib/python3.13/site-packages/singer_sdk/plugin_base.py", line 98, in invoke[0m [36mcmd_type[0m=[35melb[0m [36mconsumer[0m=[35mTrue[0m [36mjob_name[0m=[35mdev:tap-oracle-wms-to-target-oracle[0m [36mname[0m=[35mtarget-oracle[0m [36mproducer[0m=[35mFalse[0m [36mrun_id[0m=[35m5138f0b9-bb51-46fd-a1b4-17f942c9433e[0m [36mstdio[0m=[35mstderr[0m [36mstring_id[0m=[35mtarget-oracle[0m
[2m2025-07-02T13:04:20.926678Z[0m [[32m[1minfo     [0m] [1m    return super().invoke(ctx)[0m [36mcmd_type[0m=[35melb[0m [36mconsumer[0m=[35mTrue[0m [36mjob_name[0m=[35mdev:tap-oracle-wms-to-target-oracle[0m [36mname[0m=[35mtarget-oracle[0m [36mproducer[0m=[35mFalse[0m [36mrun_id[0m=[35m5138f0b9-bb51-46fd-a1b4-17f942c9433e[0m [36mstdio[0m=[35mstderr[0m [36mstring_id[0m=[35mtarget-oracle[0m
[2m2025-07-02T13:04:20.926744Z[0m [[32m[1minfo     [0m] [1m           ~~~~~~~~~~~~~~^^^^^[0m [36mcmd_type[0m=[35melb[0m [36mconsumer[0m=[35mTrue[0m [36mjob_name[0m=[35mdev:tap-oracle-wms-to-target-oracle[0m [36mname[0m=[35mtarget-oracle[0m [36mproducer[0m=[35mFalse[0m [36mrun_id[0m=[35m5138f0b9-bb51-46fd-a1b4-17f942c9433e[0m [36mstdio[0m=[35mstderr[0m [36mstring_id[0m=[35mtarget-oracle[0m
[2m2025-07-02T13:04:20.926809Z[0m [[32m[1minfo     [0m] [1m  File "/home/marlonsc/flext/.venv/lib/python3.13/site-packages/click/core.py", line 1226, in invoke[0m [36mcmd_type[0m=[35melb[0m [36mconsumer[0m=[35mTrue[0m [36mjob_name[0m=[35mdev:tap-oracle-wms-to-target-oracle[0m [36mname[0m=[35mtarget-oracle[0m [36mproducer[0m=[35mFalse[0m [36mrun_id[0m=[35m5138f0b9-bb51-46fd-a1b4-17f942c9433e[0m [36mstdio[0m=[35mstderr[0m [36mstring_id[0m=[35mtarget-oracle[0m
[2m2025-07-02T13:04:20.926876Z[0m [[32m[1minfo     [0m] [1m    return ctx.invoke(self.callback, **ctx.params)[0m [36mcmd_type[0m=[35melb[0m [36mconsumer[0m=[35mTrue[0m [36mjob_name[0m=[35mdev:tap-oracle-wms-to-target-oracle[0m [36mname[0m=[35mtarget-oracle[0m [36mproducer[0m=[35mFalse[0m [36mrun_id[0m=[35m5138f0b9-bb51-46fd-a1b4-17f942c9433e[0m [36mstdio[0m=[35mstderr[0m [36mstring_id[0m=[35mtarget-oracle[0m
[2m2025-07-02T13:04:20.926944Z[0m [[32m[1minfo     [0m] [1m           ~~~~~~~~~~^^^^^^^^^^^^^^^^^^^^^^^^^^^^^[0m [36mcmd_type[0m=[35melb[0m [36mconsumer[0m=[35mTrue[0m [36mjob_name[0m=[35mdev:tap-oracle-wms-to-target-oracle[0m [36mname[0m=[35mtarget-oracle[0m [36mproducer[0m=[35mFalse[0m [36mrun_id[0m=[35m5138f0b9-bb51-46fd-a1b4-17f942c9433e[0m [36mstdio[0m=[35mstderr[0m [36mstring_id[0m=[35mtarget-oracle[0m
[2m2025-07-02T13:04:20.927013Z[0m [[32m[1minfo     [0m] [1m  File "/home/marlonsc/flext/.venv/lib/python3.13/site-packages/click/core.py", line 794, in invoke[0m [36mcmd_type[0m=[35melb[0m [36mconsumer[0m=[35mTrue[0m [36mjob_name[0m=[35mdev:tap-oracle-wms-to-target-oracle[0m [36mname[0m=[35mtarget-oracle[0m [36mproducer[0m=[35mFalse[0m [36mrun_id[0m=[35m5138f0b9-bb51-46fd-a1b4-17f942c9433e[0m [36mstdio[0m=[35mstderr[0m [36mstring_id[0m=[35mtarget-oracle[0m
[2m2025-07-02T13:04:20.927083Z[0m [[32m[1minfo     [0m] [1m    return callback(*args, **kwargs)[0m [36mcmd_type[0m=[35melb[0m [36mconsumer[0m=[35mTrue[0m [36mjob_name[0m=[35mdev:tap-oracle-wms-to-target-oracle[0m [36mname[0m=[35mtarget-oracle[0m [36mproducer[0m=[35mFalse[0m [36mrun_id[0m=[35m5138f0b9-bb51-46fd-a1b4-17f942c9433e[0m [36mstdio[0m=[35mstderr[0m [36mstring_id[0m=[35mtarget-oracle[0m
[2m2025-07-02T13:04:20.927155Z[0m [[32m[1minfo     [0m] [1m  File "/home/marlonsc/flext/.venv/lib/python3.13/site-packages/singer_sdk/target_base.py", line 588, in invoke[0m [36mcmd_type[0m=[35melb[0m [36mconsumer[0m=[35mTrue[0m [36mjob_name[0m=[35mdev:tap-oracle-wms-to-target-oracle[0m [36mname[0m=[35mtarget-oracle[0m [36mproducer[0m=[35mFalse[0m [36mrun_id[0m=[35m5138f0b9-bb51-46fd-a1b4-17f942c9433e[0m [36mstdio[0m=[35mstderr[0m [36mstring_id[0m=[35mtarget-oracle[0m
[2m2025-07-02T13:04:20.927222Z[0m [[32m[1minfo     [0m] [1m    target.listen(file_input) [0m [36mcmd_type[0m=[35melb[0m [36mconsumer[0m=[35mTrue[0m [36mjob_name[0m=[35mdev:tap-oracle-wms-to-target-oracle[0m [36mname[0m=[35mtarget-oracle[0m [36mproducer[0m=[35mFalse[0m [36mrun_id[0m=[35m5138f0b9-bb51-46fd-a1b4-17f942c9433e[0m [36mstdio[0m=[35mstderr[0m [36mstring_id[0m=[35mtarget-oracle[0m
[2m2025-07-02T13:04:20.927295Z[0m [[32m[1minfo     [0m] [1m    ~~~~~~~~~~~~~^^^^^^^^^^^^ [0m [36mcmd_type[0m=[35melb[0m [36mconsumer[0m=[35mTrue[0m [36mjob_name[0m=[35mdev:tap-oracle-wms-to-target-oracle[0m [36mname[0m=[35mtarget-oracle[0m [36mproducer[0m=[35mFalse[0m [36mrun_id[0m=[35m5138f0b9-bb51-46fd-a1b4-17f942c9433e[0m [36mstdio[0m=[35mstderr[0m [36mstring_id[0m=[35mtarget-oracle[0m
[2m2025-07-02T13:04:20.927364Z[0m [[32m[1minfo     [0m] [1m  File "/home/marlonsc/flext/.venv/lib/python3.13/site-packages/singer_sdk/plugin_base.py", line 775, in listen[0m [36mcmd_type[0m=[35melb[0m [36mconsumer[0m=[35mTrue[0m [36mjob_name[0m=[35mdev:tap-oracle-wms-to-target-oracle[0m [36mname[0m=[35mtarget-oracle[0m [36mproducer[0m=[35mFalse[0m [36mrun_id[0m=[35m5138f0b9-bb51-46fd-a1b4-17f942c9433e[0m [36mstdio[0m=[35mstderr[0m [36mstring_id[0m=[35mtarget-oracle[0m
[2m2025-07-02T13:04:20.927430Z[0m [[32m[1minfo     [0m] [1m    counter = self.process_lines(file_input)[0m [36mcmd_type[0m=[35melb[0m [36mconsumer[0m=[35mTrue[0m [36mjob_name[0m=[35mdev:tap-oracle-wms-to-target-oracle[0m [36mname[0m=[35mtarget-oracle[0m [36mproducer[0m=[35mFalse[0m [36mrun_id[0m=[35m5138f0b9-bb51-46fd-a1b4-17f942c9433e[0m [36mstdio[0m=[35mstderr[0m [36mstring_id[0m=[35mtarget-oracle[0m
[2m2025-07-02T13:04:20.927498Z[0m [[32m[1minfo     [0m] [1m  File "/home/marlonsc/flext/flext-target-oracle/flext_target_oracle/target.py", line 1133, in process_lines[0m [36mcmd_type[0m=[35melb[0m [36mconsumer[0m=[35mTrue[0m [36mjob_name[0m=[35mdev:tap-oracle-wms-to-target-oracle[0m [36mname[0m=[35mtarget-oracle[0m [36mproducer[0m=[35mFalse[0m [36mrun_id[0m=[35m5138f0b9-bb51-46fd-a1b4-17f942c9433e[0m [36mstdio[0m=[35mstderr[0m [36mstring_id[0m=[35mtarget-oracle[0m
[2m2025-07-02T13:04:20.927563Z[0m [[32m[1minfo     [0m] [1m    result = super().process_lines(file_input)[0m [36mcmd_type[0m=[35melb[0m [36mconsumer[0m=[35mTrue[0m [36mjob_name[0m=[35mdev:tap-oracle-wms-to-target-oracle[0m [36mname[0m=[35mtarget-oracle[0m [36mproducer[0m=[35mFalse[0m [36mrun_id[0m=[35m5138f0b9-bb51-46fd-a1b4-17f942c9433e[0m [36mstdio[0m=[35mstderr[0m [36mstring_id[0m=[35mtarget-oracle[0m
[2m2025-07-02T13:04:20.927631Z[0m [[32m[1minfo     [0m] [1m  File "/home/marlonsc/flext/.venv/lib/python3.13/site-packages/singer_sdk/plugin_base.py", line 801, in process_lines[0m [36mcmd_type[0m=[35melb[0m [36mconsumer[0m=[35mTrue[0m [36mjob_name[0m=[35mdev:tap-oracle-wms-to-target-oracle[0m [36mname[0m=[35mtarget-oracle[0m [36mproducer[0m=[35mFalse[0m [36mrun_id[0m=[35m5138f0b9-bb51-46fd-a1b4-17f942c9433e[0m [36mstdio[0m=[35mstderr[0m [36mstring_id[0m=[35mtarget-oracle[0m
[2m2025-07-02T13:04:20.927699Z[0m [[32m[1minfo     [0m] [1m    return self.message_reader.process_lines([0m [36mcmd_type[0m=[35melb[0m [36mconsumer[0m=[35mTrue[0m [36mjob_name[0m=[35mdev:tap-oracle-wms-to-target-oracle[0m [36mname[0m=[35mtarget-oracle[0m [36mproducer[0m=[35mFalse[0m [36mrun_id[0m=[35m5138f0b9-bb51-46fd-a1b4-17f942c9433e[0m [36mstdio[0m=[35mstderr[0m [36mstring_id[0m=[35mtarget-oracle[0m
[2m2025-07-02T13:04:20.927766Z[0m [[32m[1minfo     [0m] [1m           ~~~~~~~~~~~~~~~~~~~~~~~~~~~~~~~~~^[0m [36mcmd_type[0m=[35melb[0m [36mconsumer[0m=[35mTrue[0m [36mjob_name[0m=[35mdev:tap-oracle-wms-to-target-oracle[0m [36mname[0m=[35mtarget-oracle[0m [36mproducer[0m=[35mFalse[0m [36mrun_id[0m=[35m5138f0b9-bb51-46fd-a1b4-17f942c9433e[0m [36mstdio[0m=[35mstderr[0m [36mstring_id[0m=[35mtarget-oracle[0m
[2m2025-07-02T13:04:20.927832Z[0m [[32m[1minfo     [0m] [1m        file_input,           [0m [36mcmd_type[0m=[35melb[0m [36mconsumer[0m=[35mTrue[0m [36mjob_name[0m=[35mdev:tap-oracle-wms-to-target-oracle[0m [36mname[0m=[35mtarget-oracle[0m [36mproducer[0m=[35mFalse[0m [36mrun_id[0m=[35m5138f0b9-bb51-46fd-a1b4-17f942c9433e[0m [36mstdio[0m=[35mstderr[0m [36mstring_id[0m=[35mtarget-oracle[0m
[2m2025-07-02T13:04:20.927898Z[0m [[32m[1minfo     [0m] [1m        ^^^^^^^^^^^           [0m [36mcmd_type[0m=[35melb[0m [36mconsumer[0m=[35mTrue[0m [36mjob_name[0m=[35mdev:tap-oracle-wms-to-target-oracle[0m [36mname[0m=[35mtarget-oracle[0m [36mproducer[0m=[35mFalse[0m [36mrun_id[0m=[35m5138f0b9-bb51-46fd-a1b4-17f942c9433e[0m [36mstdio[0m=[35mstderr[0m [36mstring_id[0m=[35mtarget-oracle[0m
[2m2025-07-02T13:04:20.927966Z[0m [[32m[1minfo     [0m] [1m    ...<6 lines>...           [0m [36mcmd_type[0m=[35melb[0m [36mconsumer[0m=[35mTrue[0m [36mjob_name[0m=[35mdev:tap-oracle-wms-to-target-oracle[0m [36mname[0m=[35mtarget-oracle[0m [36mproducer[0m=[35mFalse[0m [36mrun_id[0m=[35m5138f0b9-bb51-46fd-a1b4-17f942c9433e[0m [36mstdio[0m=[35mstderr[0m [36mstring_id[0m=[35mtarget-oracle[0m
[2m2025-07-02T13:04:20.928035Z[0m [[32m[1minfo     [0m] [1m        },                    [0m [36mcmd_type[0m=[35melb[0m [36mconsumer[0m=[35mTrue[0m [36mjob_name[0m=[35mdev:tap-oracle-wms-to-target-oracle[0m [36mname[0m=[35mtarget-oracle[0m [36mproducer[0m=[35mFalse[0m [36mrun_id[0m=[35m5138f0b9-bb51-46fd-a1b4-17f942c9433e[0m [36mstdio[0m=[35mstderr[0m [36mstring_id[0m=[35mtarget-oracle[0m
[2m2025-07-02T13:04:20.928103Z[0m [[32m[1minfo     [0m] [1m        ^^                    [0m [36mcmd_type[0m=[35melb[0m [36mconsumer[0m=[35mTrue[0m [36mjob_name[0m=[35mdev:tap-oracle-wms-to-target-oracle[0m [36mname[0m=[35mtarget-oracle[0m [36mproducer[0m=[35mFalse[0m [36mrun_id[0m=[35m5138f0b9-bb51-46fd-a1b4-17f942c9433e[0m [36mstdio[0m=[35mstderr[0m [36mstring_id[0m=[35mtarget-oracle[0m
[2m2025-07-02T13:04:20.928170Z[0m [[32m[1minfo     [0m] [1m    )                         [0m [36mcmd_type[0m=[35melb[0m [36mconsumer[0m=[35mTrue[0m [36mjob_name[0m=[35mdev:tap-oracle-wms-to-target-oracle[0m [36mname[0m=[35mtarget-oracle[0m [36mproducer[0m=[35mFalse[0m [36mrun_id[0m=[35m5138f0b9-bb51-46fd-a1b4-17f942c9433e[0m [36mstdio[0m=[35mstderr[0m [36mstring_id[0m=[35mtarget-oracle[0m
[2m2025-07-02T13:04:20.928238Z[0m [[32m[1minfo     [0m] [1m    ^                         [0m [36mcmd_type[0m=[35melb[0m [36mconsumer[0m=[35mTrue[0m [36mjob_name[0m=[35mdev:tap-oracle-wms-to-target-oracle[0m [36mname[0m=[35mtarget-oracle[0m [36mproducer[0m=[35mFalse[0m [36mrun_id[0m=[35m5138f0b9-bb51-46fd-a1b4-17f942c9433e[0m [36mstdio[0m=[35mstderr[0m [36mstring_id[0m=[35mtarget-oracle[0m
[2m2025-07-02T13:04:20.928318Z[0m [[32m[1minfo     [0m] [1m  File "/home/marlonsc/flext/.venv/lib/python3.13/site-packages/singer_sdk/singerlib/encoding/base.py", line 70, in process_lines[0m [36mcmd_type[0m=[35melb[0m [36mconsumer[0m=[35mTrue[0m [36mjob_name[0m=[35mdev:tap-oracle-wms-to-target-oracle[0m [36mname[0m=[35mtarget-oracle[0m [36mproducer[0m=[35mFalse[0m [36mrun_id[0m=[35m5138f0b9-bb51-46fd-a1b4-17f942c9433e[0m [36mstdio[0m=[35mstderr[0m [36mstring_id[0m=[35mtarget-oracle[0m
[2m2025-07-02T13:04:20.928393Z[0m [[32m[1minfo     [0m] [1m    callback(line_dict)       [0m [36mcmd_type[0m=[35melb[0m [36mconsumer[0m=[35mTrue[0m [36mjob_name[0m=[35mdev:tap-oracle-wms-to-target-oracle[0m [36mname[0m=[35mtarget-oracle[0m [36mproducer[0m=[35mFalse[0m [36mrun_id[0m=[35m5138f0b9-bb51-46fd-a1b4-17f942c9433e[0m [36mstdio[0m=[35mstderr[0m [36mstring_id[0m=[35mtarget-oracle[0m
[2m2025-07-02T13:04:20.928462Z[0m [[32m[1minfo     [0m] [1m    ~~~~~~~~^^^^^^^^^^^       [0m [36mcmd_type[0m=[35melb[0m [36mconsumer[0m=[35mTrue[0m [36mjob_name[0m=[35mdev:tap-oracle-wms-to-target-oracle[0m [36mname[0m=[35mtarget-oracle[0m [36mproducer[0m=[35mFalse[0m [36mrun_id[0m=[35m5138f0b9-bb51-46fd-a1b4-17f942c9433e[0m [36mstdio[0m=[35mstderr[0m [36mstring_id[0m=[35mtarget-oracle[0m
[2m2025-07-02T13:04:20.928528Z[0m [[32m[1minfo     [0m] [1m  File "/home/marlonsc/flext/.venv/lib/python3.13/site-packages/singer_sdk/target_base.py", line 339, in _process_record_message[0m [36mcmd_type[0m=[35melb[0m [36mconsumer[0m=[35mTrue[0m [36mjob_name[0m=[35mdev:tap-oracle-wms-to-target-oracle[0m [36mname[0m=[35mtarget-oracle[0m [36mproducer[0m=[35mFalse[0m [36mrun_id[0m=[35m5138f0b9-bb51-46fd-a1b4-17f942c9433e[0m [36mstdio[0m=[35mstderr[0m [36mstring_id[0m=[35mtarget-oracle[0m
[2m2025-07-02T13:04:20.928597Z[0m [[32m[1minfo     [0m] [1m    sink._validate_and_parse(transformed_record)  # noqa: SLF001[0m [36mcmd_type[0m=[35melb[0m [36mconsumer[0m=[35mTrue[0m [36mjob_name[0m=[35mdev:tap-oracle-wms-to-target-oracle[0m [36mname[0m=[35mtarget-oracle[0m [36mproducer[0m=[35mFalse[0m [36mrun_id[0m=[35m5138f0b9-bb51-46fd-a1b4-17f942c9433e[0m [36mstdio[0m=[35mstderr[0m [36mstring_id[0m=[35mtarget-oracle[0m
[2m2025-07-02T13:04:20.928663Z[0m [[32m[1minfo     [0m] [1m    ~~~~~~~~~~~~~~~~~~~~~~~~^^^^^^^^^^^^^^^^^^^^[0m [36mcmd_type[0m=[35melb[0m [36mconsumer[0m=[35mTrue[0m [36mjob_name[0m=[35mdev:tap-oracle-wms-to-target-oracle[0m [36mname[0m=[35mtarget-oracle[0m [36mproducer[0m=[35mFalse[0m [36mrun_id[0m=[35m5138f0b9-bb51-46fd-a1b4-17f942c9433e[0m [36mstdio[0m=[35mstderr[0m [36mstring_id[0m=[35mtarget-oracle[0m
[2m2025-07-02T13:04:20.928732Z[0m [[32m[1minfo     [0m] [1m  File "/home/marlonsc/flext/.venv/lib/python3.13/site-packages/singer_sdk/sinks/core.py", line 536, in _validate_and_parse[0m [36mcmd_type[0m=[35melb[0m [36mconsumer[0m=[35mTrue[0m [36mjob_name[0m=[35mdev:tap-oracle-wms-to-target-oracle[0m [36mname[0m=[35mtarget-oracle[0m [36mproducer[0m=[35mFalse[0m [36mrun_id[0m=[35m5138f0b9-bb51-46fd-a1b4-17f942c9433e[0m [36mstdio[0m=[35mstderr[0m [36mstring_id[0m=[35mtarget-oracle[0m
[2m2025-07-02T13:04:20.928798Z[0m [[32m[1minfo     [0m] [1m    self._validator.validate(record)[0m [36mcmd_type[0m=[35melb[0m [36mconsumer[0m=[35mTrue[0m [36mjob_name[0m=[35mdev:tap-oracle-wms-to-target-oracle[0m [36mname[0m=[35mtarget-oracle[0m [36mproducer[0m=[35mFalse[0m [36mrun_id[0m=[35m5138f0b9-bb51-46fd-a1b4-17f942c9433e[0m [36mstdio[0m=[35mstderr[0m [36mstring_id[0m=[35mtarget-oracle[0m
[2m2025-07-02T13:04:20.928867Z[0m [[32m[1minfo     [0m] [1m    ~~~~~~~~~~~~~~~~~~~~~~~~^^^^^^^^[0m [36mcmd_type[0m=[35melb[0m [36mconsumer[0m=[35mTrue[0m [36mjob_name[0m=[35mdev:tap-oracle-wms-to-target-oracle[0m [36mname[0m=[35mtarget-oracle[0m [36mproducer[0m=[35mFalse[0m [36mrun_id[0m=[35m5138f0b9-bb51-46fd-a1b4-17f942c9433e[0m [36mstdio[0m=[35mstderr[0m [36mstring_id[0m=[35mtarget-oracle[0m
[2m2025-07-02T13:04:20.928938Z[0m [[32m[1minfo     [0m] [1m  File "/home/marlonsc/flext/.venv/lib/python3.13/site-packages/singer_sdk/sinks/core.py", line 129, in validate[0m [36mcmd_type[0m=[35melb[0m [36mconsumer[0m=[35mTrue[0m [36mjob_name[0m=[35mdev:tap-oracle-wms-to-target-oracle[0m [36mname[0m=[35mtarget-oracle[0m [36mproducer[0m=[35mFalse[0m [36mrun_id[0m=[35m5138f0b9-bb51-46fd-a1b4-17f942c9433e[0m [36mstdio[0m=[35mstderr[0m [36mstring_id[0m=[35mtarget-oracle[0m
[2m2025-07-02T13:04:20.929006Z[0m [[32m[1minfo     [0m] [1m    raise InvalidRecord(e.message, record) from e[0m [36mcmd_type[0m=[35melb[0m [36mconsumer[0m=[35mTrue[0m [36mjob_name[0m=[35mdev:tap-oracle-wms-to-target-oracle[0m [36mname[0m=[35mtarget-oracle[0m [36mproducer[0m=[35mFalse[0m [36mrun_id[0m=[35m5138f0b9-bb51-46fd-a1b4-17f942c9433e[0m [36mstdio[0m=[35mstderr[0m [36mstring_id[0m=[35mtarget-oracle[0m
[2m2025-07-02T13:04:20.929076Z[0m [[32m[1minfo     [0m] [1msinger_sdk.exceptions.InvalidRecord: Record Message Validation Error: '540' is not of type 'number'[0m [36mcmd_type[0m=[35melb[0m [36mconsumer[0m=[35mTrue[0m [36mjob_name[0m=[35mdev:tap-oracle-wms-to-target-oracle[0m [36mname[0m=[35mtarget-oracle[0m [36mproducer[0m=[35mFalse[0m [36mrun_id[0m=[35m5138f0b9-bb51-46fd-a1b4-17f942c9433e[0m [36mstdio[0m=[35mstderr[0m [36mstring_id[0m=[35mtarget-oracle[0m
[2m2025-07-02T13:04:20.961258Z[0m [[32m[1minfo     [0m] [1mIncremental state has been updated at 2025-07-02 13:04:20.961227+00:00.[0m
[2m2025-07-02T13:04:21.094631Z[0m [[31m[1merror    [0m] [1mLoader failed                 [0m
[2m2025-07-02T13:04:21.094817Z[0m [[31m[1merror    [0m] [1mBlock run completed.          [0m [36mblock_type[0m=[35mExtractLoadBlocks[0m [36merr[0m=[35mRunnerError('Loader failed')[0m [36mexit_codes[0m=[35m{<PluginType.LOADERS: 'loaders'>: 1}[0m [36mset_number[0m=[35m0[0m [36msuccess[0m=[35mFalse[0m
Need help fixing this problem? Visit http://melta.no/ for troubleshooting steps, or to
join our friendly Slack community.

Run invocation could not be completed as block failed: Loader failed
2025-07-02 10:01:13 - ERRO: Sincroniza√ß√£o incremental falhou
