2025-07-02T09:02:05.735726Z [info     ] Using systemdb state backend
2025-07-02T09:02:05.737820Z [warning  ] No state was found, complete import.
2025-07-02T09:02:09.693389Z [info     ] /home/marlonsc/flext/.venv/lib/python3.13/site-packages/fs/__init__.py:4: UserWarning: pkg_resources is deprecated as an API. See https://setuptools.pypa.io/en/latest/pkg_resources.html. The pkg_resources package is slated for removal as early as 2025-11-30. Refrain from using this package or pin to Setuptools<81. cmd_type=elb consumer=False job_name=dev:tap-oracle-wms-to-target-oracle name=tap-oracle-wms producer=True run_id=67221539-41fb-4189-98fb-a6bbc97d12f7 stdio=stderr string_id=tap-oracle-wms
2025-07-02T09:02:09.693759Z [info     ]   __import__("pkg_resources").declare_namespace(__name__)  # type: ignore cmd_type=elb consumer=False job_name=dev:tap-oracle-wms-to-target-oracle name=tap-oracle-wms producer=True run_id=67221539-41fb-4189-98fb-a6bbc97d12f7 stdio=stderr string_id=tap-oracle-wms
2025-07-02T09:02:09.728576Z [info     ] /home/marlonsc/flext/.venv/lib/python3.13/site-packages/fs/__init__.py:4: UserWarning: pkg_resources is deprecated as an API. See https://setuptools.pypa.io/en/latest/pkg_resources.html. The pkg_resources package is slated for removal as early as 2025-11-30. Refrain from using this package or pin to Setuptools<81. cmd_type=elb consumer=True job_name=dev:tap-oracle-wms-to-target-oracle name=target-oracle producer=False run_id=67221539-41fb-4189-98fb-a6bbc97d12f7 stdio=stderr string_id=target-oracle
2025-07-02T09:02:09.728918Z [info     ]   __import__("pkg_resources").declare_namespace(__name__)  # type: ignore cmd_type=elb consumer=True job_name=dev:tap-oracle-wms-to-target-oracle name=target-oracle producer=False run_id=67221539-41fb-4189-98fb-a6bbc97d12f7 stdio=stderr string_id=target-oracle
2025-07-02T09:02:10.165247Z [info     ] Testing connection to Oracle WMS API cmd_type=elb consumer=False job_name=dev:tap-oracle-wms-to-target-oracle name=tap-oracle-wms producer=True run_id=67221539-41fb-4189-98fb-a6bbc97d12f7 stdio=stderr string_id=tap-oracle-wms
2025-07-02T09:02:10.165634Z [info     ] Discovering entities from Oracle WMS API cmd_type=elb consumer=False job_name=dev:tap-oracle-wms-to-target-oracle name=tap-oracle-wms producer=True run_id=67221539-41fb-4189-98fb-a6bbc97d12f7 stdio=stderr string_id=tap-oracle-wms
2025-07-02T09:02:10.228522Z [info     ] Initialized flext-target-oracle with max_workers=4, batch_size=1 cmd_type=elb consumer=True job_name=dev:tap-oracle-wms-to-target-oracle name=target-oracle producer=False run_id=67221539-41fb-4189-98fb-a6bbc97d12f7 stdio=stderr string_id=target-oracle
2025-07-02T09:02:10.228897Z [info     ] Target 'flext-target-oracle' is listening for input from tap. cmd_type=elb consumer=True job_name=dev:tap-oracle-wms-to-target-oracle name=target-oracle producer=False run_id=67221539-41fb-4189-98fb-a6bbc97d12f7 stdio=stderr string_id=target-oracle
2025-07-02T09:02:11.476952Z [info     ] HTTP Request: GET https://ta29.wms.ocs.oraclecloud.com/raizen_test/wms/lgfapi/v10/entity/ "HTTP/1.1 200 OK" cmd_type=elb consumer=False job_name=dev:tap-oracle-wms-to-target-oracle name=tap-oracle-wms producer=True run_id=67221539-41fb-4189-98fb-a6bbc97d12f7 stdio=stderr string_id=tap-oracle-wms
2025-07-02T09:02:11.881864Z [info     ] Discovered 311 entities        cmd_type=elb consumer=False job_name=dev:tap-oracle-wms-to-target-oracle name=tap-oracle-wms producer=True run_id=67221539-41fb-4189-98fb-a6bbc97d12f7 stdio=stderr string_id=tap-oracle-wms
2025-07-02T09:02:11.882736Z [info     ] âœ… Connection successful. Found 311 entities. cmd_type=elb consumer=False job_name=dev:tap-oracle-wms-to-target-oracle name=tap-oracle-wms producer=True run_id=67221539-41fb-4189-98fb-a6bbc97d12f7 stdio=stderr string_id=tap-oracle-wms
2025-07-02T09:02:11.883026Z [info     ] Discovering Oracle WMS streams cmd_type=elb consumer=False job_name=dev:tap-oracle-wms-to-target-oracle name=tap-oracle-wms producer=True run_id=67221539-41fb-4189-98fb-a6bbc97d12f7 stdio=stderr string_id=tap-oracle-wms
2025-07-02T09:02:11.883272Z [info     ] Skipping access verification for 3 entities (set verify_entity_access=true to enable) cmd_type=elb consumer=False job_name=dev:tap-oracle-wms-to-target-oracle name=tap-oracle-wms producer=True run_id=67221539-41fb-4189-98fb-a6bbc97d12f7 stdio=stderr string_id=tap-oracle-wms
2025-07-02T09:02:11.883485Z [info     ] Discovered 3 accessible entities cmd_type=elb consumer=False job_name=dev:tap-oracle-wms-to-target-oracle name=tap-oracle-wms producer=True run_id=67221539-41fb-4189-98fb-a6bbc97d12f7 stdio=stderr string_id=tap-oracle-wms
2025-07-02T09:02:12.770789Z [info     ] HTTP Request: GET https://ta29.wms.ocs.oraclecloud.com/raizen_test/wms/lgfapi/v10/entity//order_dtl/describe/ "HTTP/1.1 200 OK" cmd_type=elb consumer=False job_name=dev:tap-oracle-wms-to-target-oracle name=tap-oracle-wms producer=True run_id=67221539-41fb-4189-98fb-a6bbc97d12f7 stdio=stderr string_id=tap-oracle-wms
2025-07-02T09:02:12.774674Z [info     ] HTTP Request: GET https://ta29.wms.ocs.oraclecloud.com/raizen_test/wms/lgfapi/v10/entity//allocation/describe/ "HTTP/1.1 200 OK" cmd_type=elb consumer=False job_name=dev:tap-oracle-wms-to-target-oracle name=tap-oracle-wms producer=True run_id=67221539-41fb-4189-98fb-a6bbc97d12f7 stdio=stderr string_id=tap-oracle-wms
2025-07-02T09:02:12.780816Z [info     ] HTTP Request: GET https://ta29.wms.ocs.oraclecloud.com/raizen_test/wms/lgfapi/v10/entity//order_hdr/describe/ "HTTP/1.1 200 OK" cmd_type=elb consumer=False job_name=dev:tap-oracle-wms-to-target-oracle name=tap-oracle-wms producer=True run_id=67221539-41fb-4189-98fb-a6bbc97d12f7 stdio=stderr string_id=tap-oracle-wms
2025-07-02T09:02:12.784455Z [info     ] âœ… Generated schema for entity allocation cmd_type=elb consumer=False job_name=dev:tap-oracle-wms-to-target-oracle name=tap-oracle-wms producer=True run_id=67221539-41fb-4189-98fb-a6bbc97d12f7 stdio=stderr string_id=tap-oracle-wms
2025-07-02T09:02:12.784821Z [info     ] âœ… Generated schema for entity order_dtl cmd_type=elb consumer=False job_name=dev:tap-oracle-wms-to-target-oracle name=tap-oracle-wms producer=True run_id=67221539-41fb-4189-98fb-a6bbc97d12f7 stdio=stderr string_id=tap-oracle-wms
2025-07-02T09:02:12.785042Z [info     ] âœ… Generated schema for entity order_hdr cmd_type=elb consumer=False job_name=dev:tap-oracle-wms-to-target-oracle name=tap-oracle-wms producer=True run_id=67221539-41fb-4189-98fb-a6bbc97d12f7 stdio=stderr string_id=tap-oracle-wms
2025-07-02T09:02:12.785257Z [info     ] Generated schemas for 3/3 entities cmd_type=elb consumer=False job_name=dev:tap-oracle-wms-to-target-oracle name=tap-oracle-wms producer=True run_id=67221539-41fb-4189-98fb-a6bbc97d12f7 stdio=stderr string_id=tap-oracle-wms
2025-07-02T09:02:12.785527Z [info     ] ðŸ”’ Circuit breaker initialized for allocation: threshold=5, timeout=60s cmd_type=elb consumer=False job_name=dev:tap-oracle-wms-to-target-oracle name=tap-oracle-wms producer=True run_id=67221539-41fb-4189-98fb-a6bbc97d12f7 stdio=stderr string_id=tap-oracle-wms
2025-07-02T09:02:12.785733Z [info     ] [INFO] 2025-07-02 09:02:12.785 | ðŸ”‘ Replication keys for allocation: ['id'] cmd_type=elb consumer=False job_name=dev:tap-oracle-wms-to-target-oracle name=tap-oracle-wms producer=True run_id=67221539-41fb-4189-98fb-a6bbc97d12f7 stdio=stderr string_id=tap-oracle-wms
2025-07-02T09:02:12.785921Z [info     ] ðŸ”‘ Replication keys for allocation: ['id'] cmd_type=elb consumer=False job_name=dev:tap-oracle-wms-to-target-oracle name=tap-oracle-wms producer=True run_id=67221539-41fb-4189-98fb-a6bbc97d12f7 stdio=stderr string_id=tap-oracle-wms
2025-07-02T09:02:12.786148Z [info     ] [INFO] 2025-07-02 09:02:12.785 | ðŸ”’ Circuit breaker initialized for order_dtl: threshold=5, timeout=60s cmd_type=elb consumer=False job_name=dev:tap-oracle-wms-to-target-oracle name=tap-oracle-wms producer=True run_id=67221539-41fb-4189-98fb-a6bbc97d12f7 stdio=stderr string_id=tap-oracle-wms
2025-07-02T09:02:12.786348Z [info     ] ðŸ”’ Circuit breaker initialized for order_dtl: threshold=5, timeout=60s cmd_type=elb consumer=False job_name=dev:tap-oracle-wms-to-target-oracle name=tap-oracle-wms producer=True run_id=67221539-41fb-4189-98fb-a6bbc97d12f7 stdio=stderr string_id=tap-oracle-wms
2025-07-02T09:02:12.786578Z [info     ] [INFO] 2025-07-02 09:02:12.786 | ðŸ”‘ Replication keys for order_dtl: ['id'] cmd_type=elb consumer=False job_name=dev:tap-oracle-wms-to-target-oracle name=tap-oracle-wms producer=True run_id=67221539-41fb-4189-98fb-a6bbc97d12f7 stdio=stderr string_id=tap-oracle-wms
2025-07-02T09:02:12.786775Z [info     ] ðŸ”‘ Replication keys for order_dtl: ['id'] cmd_type=elb consumer=False job_name=dev:tap-oracle-wms-to-target-oracle name=tap-oracle-wms producer=True run_id=67221539-41fb-4189-98fb-a6bbc97d12f7 stdio=stderr string_id=tap-oracle-wms
2025-07-02T09:02:12.786989Z [info     ] [INFO] 2025-07-02 09:02:12.786 | ðŸ”’ Circuit breaker initialized for order_hdr: threshold=5, timeout=60s cmd_type=elb consumer=False job_name=dev:tap-oracle-wms-to-target-oracle name=tap-oracle-wms producer=True run_id=67221539-41fb-4189-98fb-a6bbc97d12f7 stdio=stderr string_id=tap-oracle-wms
2025-07-02T09:02:12.787174Z [info     ] ðŸ”’ Circuit breaker initialized for order_hdr: threshold=5, timeout=60s cmd_type=elb consumer=False job_name=dev:tap-oracle-wms-to-target-oracle name=tap-oracle-wms producer=True run_id=67221539-41fb-4189-98fb-a6bbc97d12f7 stdio=stderr string_id=tap-oracle-wms
2025-07-02T09:02:12.787367Z [info     ] [INFO] 2025-07-02 09:02:12.786 | ðŸ”‘ Replication keys for order_hdr: ['id'] cmd_type=elb consumer=False job_name=dev:tap-oracle-wms-to-target-oracle name=tap-oracle-wms producer=True run_id=67221539-41fb-4189-98fb-a6bbc97d12f7 stdio=stderr string_id=tap-oracle-wms
2025-07-02T09:02:12.787541Z [info     ] ðŸ”‘ Replication keys for order_hdr: ['id'] cmd_type=elb consumer=False job_name=dev:tap-oracle-wms-to-target-oracle name=tap-oracle-wms producer=True run_id=67221539-41fb-4189-98fb-a6bbc97d12f7 stdio=stderr string_id=tap-oracle-wms
2025-07-02T09:02:12.787769Z [info     ] Created 3 streams              cmd_type=elb consumer=False job_name=dev:tap-oracle-wms-to-target-oracle name=tap-oracle-wms producer=True run_id=67221539-41fb-4189-98fb-a6bbc97d12f7 stdio=stderr string_id=tap-oracle-wms
2025-07-02T09:02:12.787946Z [info     ] Beginning incremental sync of 'allocation'... cmd_type=elb consumer=False job_name=dev:tap-oracle-wms-to-target-oracle name=tap-oracle-wms producer=True run_id=67221539-41fb-4189-98fb-a6bbc97d12f7 stdio=stderr string_id=tap-oracle-wms
2025-07-02T09:02:12.788124Z [info     ] Tap has custom mapper. Using 1 provided map(s). cmd_type=elb consumer=False job_name=dev:tap-oracle-wms-to-target-oracle name=tap-oracle-wms producer=True run_id=67221539-41fb-4189-98fb-a6bbc97d12f7 stdio=stderr string_id=tap-oracle-wms
2025-07-02T09:02:12.788424Z [info     ] Starting incremental sync with bookmark value: None cmd_type=elb consumer=False job_name=dev:tap-oracle-wms-to-target-oracle name=tap-oracle-wms producer=True run_id=67221539-41fb-4189-98fb-a6bbc97d12f7 stdio=stderr string_id=tap-oracle-wms
2025-07-02T09:02:12.788617Z [info     ] [INFO] 2025-07-02 09:02:12.788 | ðŸ”— get_url_params called for entity=allocation, next_page_token=None cmd_type=elb consumer=False job_name=dev:tap-oracle-wms-to-target-oracle name=tap-oracle-wms producer=True run_id=67221539-41fb-4189-98fb-a6bbc97d12f7 stdio=stderr string_id=tap-oracle-wms
2025-07-02T09:02:12.788809Z [info     ] ðŸ”— get_url_params called for entity=allocation, next_page_token=None cmd_type=elb consumer=False job_name=dev:tap-oracle-wms-to-target-oracle name=tap-oracle-wms producer=True run_id=67221539-41fb-4189-98fb-a6bbc97d12f7 stdio=stderr string_id=tap-oracle-wms
2025-07-02T09:02:12.789001Z [info     ] [INFO] 2025-07-02 09:02:12.788 | ðŸ”§ Initial params: {'page_mode': 'sequenced', 'page_size': 5} cmd_type=elb consumer=False job_name=dev:tap-oracle-wms-to-target-oracle name=tap-oracle-wms producer=True run_id=67221539-41fb-4189-98fb-a6bbc97d12f7 stdio=stderr string_id=tap-oracle-wms
2025-07-02T09:02:12.789195Z [info     ] ðŸ”§ Initial params: {'page_mode': 'sequenced', 'page_size': 5} cmd_type=elb consumer=False job_name=dev:tap-oracle-wms-to-target-oracle name=tap-oracle-wms producer=True run_id=67221539-41fb-4189-98fb-a6bbc97d12f7 stdio=stderr string_id=tap-oracle-wms
2025-07-02T09:02:12.789415Z [info     ] [INFO] 2025-07-02 09:02:12.788 | ðŸ“Š Default ordering applied for allocation: id cmd_type=elb consumer=False job_name=dev:tap-oracle-wms-to-target-oracle name=tap-oracle-wms producer=True run_id=67221539-41fb-4189-98fb-a6bbc97d12f7 stdio=stderr string_id=tap-oracle-wms
2025-07-02T09:02:12.789619Z [info     ] ðŸ“Š Default ordering applied for allocation: id cmd_type=elb consumer=False job_name=dev:tap-oracle-wms-to-target-oracle name=tap-oracle-wms producer=True run_id=67221539-41fb-4189-98fb-a6bbc97d12f7 stdio=stderr string_id=tap-oracle-wms
2025-07-02T09:02:12.789816Z [info     ] [DEBUG] 2025-07-02 09:02:12.788 | tap_oracle_wms.streams | streams.py:766 | ðŸ”§ Initial URL params for allocation: {'page_mode': 'sequenced', 'page_size': 5, 'ordering': 'id'} cmd_type=elb consumer=False job_name=dev:tap-oracle-wms-to-target-oracle name=tap-oracle-wms producer=True run_id=67221539-41fb-4189-98fb-a6bbc97d12f7 stdio=stderr string_id=tap-oracle-wms
2025-07-02T09:02:12.790063Z [info     ] [INFO] 2025-07-02 09:02:12.788 | ðŸŽ¯ðŸŽ¯ðŸŽ¯ EXTREME TRACE: Final URL params for allocation: {'page_mode': 'sequenced', 'page_size': 5, 'ordering': 'id'} cmd_type=elb consumer=False job_name=dev:tap-oracle-wms-to-target-oracle name=tap-oracle-wms producer=True run_id=67221539-41fb-4189-98fb-a6bbc97d12f7 stdio=stderr string_id=tap-oracle-wms
2025-07-02T09:02:12.790257Z [info     ] ðŸŽ¯ðŸŽ¯ðŸŽ¯ EXTREME TRACE: Final URL params for allocation: {'page_mode': 'sequenced', 'page_size': 5, 'ordering': 'id'} cmd_type=elb consumer=False job_name=dev:tap-oracle-wms-to-target-oracle name=tap-oracle-wms producer=True run_id=67221539-41fb-4189-98fb-a6bbc97d12f7 stdio=stderr string_id=tap-oracle-wms
2025-07-02T09:02:12.790463Z [info     ] Initializing 'flext-target-oracle' target sink... cmd_type=elb consumer=True job_name=dev:tap-oracle-wms-to-target-oracle name=target-oracle producer=False run_id=67221539-41fb-4189-98fb-a6bbc97d12f7 stdio=stderr string_id=target-oracle
2025-07-02T09:02:12.790642Z [info     ] Initializing target sink for stream 'allocation'... cmd_type=elb consumer=True job_name=dev:tap-oracle-wms-to-target-oracle name=target-oracle producer=False run_id=67221539-41fb-4189-98fb-a6bbc97d12f7 stdio=stderr string_id=target-oracle
2025-07-02T09:02:12.815727Z [info     ] Initialized Oracle sink for stream 'allocation' with batch_size=1 cmd_type=elb consumer=True job_name=dev:tap-oracle-wms-to-target-oracle name=target-oracle producer=False run_id=67221539-41fb-4189-98fb-a6bbc97d12f7 stdio=stderr string_id=target-oracle
2025-07-02T09:02:12.902553Z [info     ] Retrying engine creation with fewer arguments due to TypeError. cmd_type=elb consumer=True job_name=dev:tap-oracle-wms-to-target-oracle name=target-oracle producer=False run_id=67221539-41fb-4189-98fb-a6bbc97d12f7 stdio=stderr string_id=target-oracle
2025-07-02T09:02:12.902919Z [info     ] Traceback (most recent call last): cmd_type=elb consumer=True job_name=dev:tap-oracle-wms-to-target-oracle name=target-oracle producer=False run_id=67221539-41fb-4189-98fb-a6bbc97d12f7 stdio=stderr string_id=target-oracle
2025-07-02T09:02:12.903166Z [info     ]   File "/home/marlonsc/flext/.venv/lib/python3.13/site-packages/singer_sdk/connectors/sql.py", line 826, in create_engine cmd_type=elb consumer=True job_name=dev:tap-oracle-wms-to-target-oracle name=target-oracle producer=False run_id=67221539-41fb-4189-98fb-a6bbc97d12f7 stdio=stderr string_id=target-oracle
2025-07-02T09:02:12.903417Z [info     ]     return sa.create_engine(   cmd_type=elb consumer=True job_name=dev:tap-oracle-wms-to-target-oracle name=target-oracle producer=False run_id=67221539-41fb-4189-98fb-a6bbc97d12f7 stdio=stderr string_id=target-oracle
2025-07-02T09:02:12.903636Z [info     ]            ~~~~~~~~~~~~~~~~^   cmd_type=elb consumer=True job_name=dev:tap-oracle-wms-to-target-oracle name=target-oracle producer=False run_id=67221539-41fb-4189-98fb-a6bbc97d12f7 stdio=stderr string_id=target-oracle
2025-07-02T09:02:12.903850Z [info     ]         self.sqlalchemy_url,   cmd_type=elb consumer=True job_name=dev:tap-oracle-wms-to-target-oracle name=target-oracle producer=False run_id=67221539-41fb-4189-98fb-a6bbc97d12f7 stdio=stderr string_id=target-oracle
2025-07-02T09:02:12.904059Z [info     ]         ^^^^^^^^^^^^^^^^^^^^   cmd_type=elb consumer=True job_name=dev:tap-oracle-wms-to-target-oracle name=target-oracle producer=False run_id=67221539-41fb-4189-98fb-a6bbc97d12f7 stdio=stderr string_id=target-oracle
2025-07-02T09:02:12.904248Z [info     ]     ...<3 lines>...            cmd_type=elb consumer=True job_name=dev:tap-oracle-wms-to-target-oracle name=target-oracle producer=False run_id=67221539-41fb-4189-98fb-a6bbc97d12f7 stdio=stderr string_id=target-oracle
2025-07-02T09:02:12.904442Z [info     ]         json_deserializer=self.deserialize_json, cmd_type=elb consumer=True job_name=dev:tap-oracle-wms-to-target-oracle name=target-oracle producer=False run_id=67221539-41fb-4189-98fb-a6bbc97d12f7 stdio=stderr string_id=target-oracle
2025-07-02T09:02:12.904617Z [info     ]         ^^^^^^^^^^^^^^^^^^^^^^^^^^^^^^^^^^^^^^^^ cmd_type=elb consumer=True job_name=dev:tap-oracle-wms-to-target-oracle name=target-oracle producer=False run_id=67221539-41fb-4189-98fb-a6bbc97d12f7 stdio=stderr string_id=target-oracle
2025-07-02T09:02:12.904786Z [info     ]     )                          cmd_type=elb consumer=True job_name=dev:tap-oracle-wms-to-target-oracle name=target-oracle producer=False run_id=67221539-41fb-4189-98fb-a6bbc97d12f7 stdio=stderr string_id=target-oracle
2025-07-02T09:02:12.904954Z [info     ]     ^                          cmd_type=elb consumer=True job_name=dev:tap-oracle-wms-to-target-oracle name=target-oracle producer=False run_id=67221539-41fb-4189-98fb-a6bbc97d12f7 stdio=stderr string_id=target-oracle
2025-07-02T09:02:12.905120Z [info     ]   File "<string>", line 2, in create_engine cmd_type=elb consumer=True job_name=dev:tap-oracle-wms-to-target-oracle name=target-oracle producer=False run_id=67221539-41fb-4189-98fb-a6bbc97d12f7 stdio=stderr string_id=target-oracle
2025-07-02T09:02:12.905335Z [info     ]   File "/home/marlonsc/flext/.venv/lib/python3.13/site-packages/sqlalchemy/util/deprecations.py", line 281, in warned cmd_type=elb consumer=True job_name=dev:tap-oracle-wms-to-target-oracle name=target-oracle producer=False run_id=67221539-41fb-4189-98fb-a6bbc97d12f7 stdio=stderr string_id=target-oracle
2025-07-02T09:02:12.905510Z [info     ]     return fn(*args, **kwargs)  # type: ignore[no-any-return] cmd_type=elb consumer=True job_name=dev:tap-oracle-wms-to-target-oracle name=target-oracle producer=False run_id=67221539-41fb-4189-98fb-a6bbc97d12f7 stdio=stderr string_id=target-oracle
2025-07-02T09:02:12.905674Z [info     ]   File "/home/marlonsc/flext/.venv/lib/python3.13/site-packages/sqlalchemy/engine/create.py", line 700, in create_engine cmd_type=elb consumer=True job_name=dev:tap-oracle-wms-to-target-oracle name=target-oracle producer=False run_id=67221539-41fb-4189-98fb-a6bbc97d12f7 stdio=stderr string_id=target-oracle
2025-07-02T09:02:12.905838Z [info     ]     raise TypeError(           cmd_type=elb consumer=True job_name=dev:tap-oracle-wms-to-target-oracle name=target-oracle producer=False run_id=67221539-41fb-4189-98fb-a6bbc97d12f7 stdio=stderr string_id=target-oracle
2025-07-02T09:02:12.906005Z [info     ]     ...<10 lines>...           cmd_type=elb consumer=True job_name=dev:tap-oracle-wms-to-target-oracle name=target-oracle producer=False run_id=67221539-41fb-4189-98fb-a6bbc97d12f7 stdio=stderr string_id=target-oracle
2025-07-02T09:02:12.906192Z [info     ]     )                          cmd_type=elb consumer=True job_name=dev:tap-oracle-wms-to-target-oracle name=target-oracle producer=False run_id=67221539-41fb-4189-98fb-a6bbc97d12f7 stdio=stderr string_id=target-oracle
2025-07-02T09:02:12.906397Z [info     ] TypeError: Invalid argument(s) 'json_serializer','json_deserializer' sent to create_engine(), using configuration OracleDialect_oracledb/QueuePool/Engine.  Please check that the keyword arguments are appropriate for this combination of components. cmd_type=elb consumer=True job_name=dev:tap-oracle-wms-to-target-oracle name=target-oracle producer=False run_id=67221539-41fb-4189-98fb-a6bbc97d12f7 stdio=stderr string_id=target-oracle
2025-07-02T09:02:12.998516Z [info     ] Error initializing 'flext-target-oracle' target sink cmd_type=elb consumer=True job_name=dev:tap-oracle-wms-to-target-oracle name=target-oracle producer=False run_id=67221539-41fb-4189-98fb-a6bbc97d12f7 stdio=stderr string_id=target-oracle
2025-07-02T09:02:13.005071Z [info     ] Traceback (most recent call last): cmd_type=elb consumer=True job_name=dev:tap-oracle-wms-to-target-oracle name=target-oracle producer=False run_id=67221539-41fb-4189-98fb-a6bbc97d12f7 stdio=stderr string_id=target-oracle
2025-07-02T09:02:13.005395Z [info     ]   File "src/oracledb/impl/thin/transport.pyx", line 345, in oracledb.thin_impl.Transport.read_packet cmd_type=elb consumer=True job_name=dev:tap-oracle-wms-to-target-oracle name=target-oracle producer=False run_id=67221539-41fb-4189-98fb-a6bbc97d12f7 stdio=stderr string_id=target-oracle
2025-07-02T09:02:13.005599Z [info     ] ConnectionResetError: [Errno 104] Connection reset by peer cmd_type=elb consumer=True job_name=dev:tap-oracle-wms-to-target-oracle name=target-oracle producer=False run_id=67221539-41fb-4189-98fb-a6bbc97d12f7 stdio=stderr string_id=target-oracle
2025-07-02T09:02:13.005815Z [info     ]                                cmd_type=elb consumer=True job_name=dev:tap-oracle-wms-to-target-oracle name=target-oracle producer=False run_id=67221539-41fb-4189-98fb-a6bbc97d12f7 stdio=stderr string_id=target-oracle
2025-07-02T09:02:13.006003Z [info     ] The above exception was the direct cause of the following exception: cmd_type=elb consumer=True job_name=dev:tap-oracle-wms-to-target-oracle name=target-oracle producer=False run_id=67221539-41fb-4189-98fb-a6bbc97d12f7 stdio=stderr string_id=target-oracle
2025-07-02T09:02:13.006192Z [info     ]                                cmd_type=elb consumer=True job_name=dev:tap-oracle-wms-to-target-oracle name=target-oracle producer=False run_id=67221539-41fb-4189-98fb-a6bbc97d12f7 stdio=stderr string_id=target-oracle
2025-07-02T09:02:13.006385Z [info     ] Traceback (most recent call last): cmd_type=elb consumer=True job_name=dev:tap-oracle-wms-to-target-oracle name=target-oracle producer=False run_id=67221539-41fb-4189-98fb-a6bbc97d12f7 stdio=stderr string_id=target-oracle
2025-07-02T09:02:13.006600Z [info     ]   File "src/oracledb/impl/thin/connection.pyx", line 363, in oracledb.thin_impl.ThinConnImpl._connect_with_address cmd_type=elb consumer=True job_name=dev:tap-oracle-wms-to-target-oracle name=target-oracle producer=False run_id=67221539-41fb-4189-98fb-a6bbc97d12f7 stdio=stderr string_id=target-oracle
2025-07-02T09:02:13.006785Z [info     ]   File "src/oracledb/impl/thin/protocol.pyx", line 269, in oracledb.thin_impl.Protocol._connect_phase_one cmd_type=elb consumer=True job_name=dev:tap-oracle-wms-to-target-oracle name=target-oracle producer=False run_id=67221539-41fb-4189-98fb-a6bbc97d12f7 stdio=stderr string_id=target-oracle
2025-07-02T09:02:13.006954Z [info     ]   File "src/oracledb/impl/thin/protocol.pyx", line 451, in oracledb.thin_impl.Protocol._process_message cmd_type=elb consumer=True job_name=dev:tap-oracle-wms-to-target-oracle name=target-oracle producer=False run_id=67221539-41fb-4189-98fb-a6bbc97d12f7 stdio=stderr string_id=target-oracle
2025-07-02T09:02:13.007121Z [info     ]   File "src/oracledb/impl/thin/protocol.pyx", line 426, in oracledb.thin_impl.Protocol._process_message cmd_type=elb consumer=True job_name=dev:tap-oracle-wms-to-target-oracle name=target-oracle producer=False run_id=67221539-41fb-4189-98fb-a6bbc97d12f7 stdio=stderr string_id=target-oracle
2025-07-02T09:02:13.007297Z [info     ]   File "src/oracledb/impl/thin/protocol.pyx", line 499, in oracledb.thin_impl.Protocol._receive_packet cmd_type=elb consumer=True job_name=dev:tap-oracle-wms-to-target-oracle name=target-oracle producer=False run_id=67221539-41fb-4189-98fb-a6bbc97d12f7 stdio=stderr string_id=target-oracle
2025-07-02T09:02:13.007474Z [info     ]   File "src/oracledb/impl/thin/packet.pyx", line 759, in oracledb.thin_impl.ReadBuffer.wait_for_packets_sync cmd_type=elb consumer=True job_name=dev:tap-oracle-wms-to-target-oracle name=target-oracle producer=False run_id=67221539-41fb-4189-98fb-a6bbc97d12f7 stdio=stderr string_id=target-oracle
2025-07-02T09:02:13.007652Z [info     ]   File "src/oracledb/impl/thin/transport.pyx", line 350, in oracledb.thin_impl.Transport.read_packet cmd_type=elb consumer=True job_name=dev:tap-oracle-wms-to-target-oracle name=target-oracle producer=False run_id=67221539-41fb-4189-98fb-a6bbc97d12f7 stdio=stderr string_id=target-oracle
2025-07-02T09:02:13.007816Z [info     ]   File "/home/marlonsc/flext/.venv/lib/python3.13/site-packages/oracledb/errors.py", line 199, in _raise_err cmd_type=elb consumer=True job_name=dev:tap-oracle-wms-to-target-oracle name=target-oracle producer=False run_id=67221539-41fb-4189-98fb-a6bbc97d12f7 stdio=stderr string_id=target-oracle
2025-07-02T09:02:13.007978Z [info     ]     raise error.exc_type(error) from cause cmd_type=elb consumer=True job_name=dev:tap-oracle-wms-to-target-oracle name=target-oracle producer=False run_id=67221539-41fb-4189-98fb-a6bbc97d12f7 stdio=stderr string_id=target-oracle
2025-07-02T09:02:13.008145Z [info     ] oracledb.exceptions.DatabaseError: DPY-4011: the database or network closed the connection cmd_type=elb consumer=True job_name=dev:tap-oracle-wms-to-target-oracle name=target-oracle producer=False run_id=67221539-41fb-4189-98fb-a6bbc97d12f7 stdio=stderr string_id=target-oracle
2025-07-02T09:02:13.008321Z [info     ] [Errno 104] Connection reset by peer cmd_type=elb consumer=True job_name=dev:tap-oracle-wms-to-target-oracle name=target-oracle producer=False run_id=67221539-41fb-4189-98fb-a6bbc97d12f7 stdio=stderr string_id=target-oracle
2025-07-02T09:02:13.008494Z [info     ] Help: https://python-oracledb.readthedocs.io/en/latest/user_guide/troubleshooting.html#dpy-4011 cmd_type=elb consumer=True job_name=dev:tap-oracle-wms-to-target-oracle name=target-oracle producer=False run_id=67221539-41fb-4189-98fb-a6bbc97d12f7 stdio=stderr string_id=target-oracle
2025-07-02T09:02:13.008662Z [info     ]                                cmd_type=elb consumer=True job_name=dev:tap-oracle-wms-to-target-oracle name=target-oracle producer=False run_id=67221539-41fb-4189-98fb-a6bbc97d12f7 stdio=stderr string_id=target-oracle
2025-07-02T09:02:13.008828Z [info     ] The above exception was the direct cause of the following exception: cmd_type=elb consumer=True job_name=dev:tap-oracle-wms-to-target-oracle name=target-oracle producer=False run_id=67221539-41fb-4189-98fb-a6bbc97d12f7 stdio=stderr string_id=target-oracle
2025-07-02T09:02:13.008991Z [info     ]                                cmd_type=elb consumer=True job_name=dev:tap-oracle-wms-to-target-oracle name=target-oracle producer=False run_id=67221539-41fb-4189-98fb-a6bbc97d12f7 stdio=stderr string_id=target-oracle
2025-07-02T09:02:13.009153Z [info     ] Traceback (most recent call last): cmd_type=elb consumer=True job_name=dev:tap-oracle-wms-to-target-oracle name=target-oracle producer=False run_id=67221539-41fb-4189-98fb-a6bbc97d12f7 stdio=stderr string_id=target-oracle
2025-07-02T09:02:13.009385Z [info     ]   File "/home/marlonsc/flext/.venv/lib/python3.13/site-packages/sqlalchemy/engine/base.py", line 145, in __init__ cmd_type=elb consumer=True job_name=dev:tap-oracle-wms-to-target-oracle name=target-oracle producer=False run_id=67221539-41fb-4189-98fb-a6bbc97d12f7 stdio=stderr string_id=target-oracle
2025-07-02T09:02:13.009560Z [info     ]     self._dbapi_connection = engine.raw_connection() cmd_type=elb consumer=True job_name=dev:tap-oracle-wms-to-target-oracle name=target-oracle producer=False run_id=67221539-41fb-4189-98fb-a6bbc97d12f7 stdio=stderr string_id=target-oracle
2025-07-02T09:02:13.009727Z [info     ]                              ~~~~~~~~~~~~~~~~~~~~~^^ cmd_type=elb consumer=True job_name=dev:tap-oracle-wms-to-target-oracle name=target-oracle producer=False run_id=67221539-41fb-4189-98fb-a6bbc97d12f7 stdio=stderr string_id=target-oracle
2025-07-02T09:02:13.009892Z [info     ]   File "/home/marlonsc/flext/.venv/lib/python3.13/site-packages/sqlalchemy/engine/base.py", line 3297, in raw_connection cmd_type=elb consumer=True job_name=dev:tap-oracle-wms-to-target-oracle name=target-oracle producer=False run_id=67221539-41fb-4189-98fb-a6bbc97d12f7 stdio=stderr string_id=target-oracle
2025-07-02T09:02:13.010077Z [info     ]     return self.pool.connect() cmd_type=elb consumer=True job_name=dev:tap-oracle-wms-to-target-oracle name=target-oracle producer=False run_id=67221539-41fb-4189-98fb-a6bbc97d12f7 stdio=stderr string_id=target-oracle
2025-07-02T09:02:13.010245Z [info     ]            ~~~~~~~~~~~~~~~~~^^ cmd_type=elb consumer=True job_name=dev:tap-oracle-wms-to-target-oracle name=target-oracle producer=False run_id=67221539-41fb-4189-98fb-a6bbc97d12f7 stdio=stderr string_id=target-oracle
2025-07-02T09:02:13.010422Z [info     ]   File "/home/marlonsc/flext/.venv/lib/python3.13/site-packages/sqlalchemy/pool/base.py", line 449, in connect cmd_type=elb consumer=True job_name=dev:tap-oracle-wms-to-target-oracle name=target-oracle producer=False run_id=67221539-41fb-4189-98fb-a6bbc97d12f7 stdio=stderr string_id=target-oracle
2025-07-02T09:02:13.010586Z [info     ]     return _ConnectionFairy._checkout(self) cmd_type=elb consumer=True job_name=dev:tap-oracle-wms-to-target-oracle name=target-oracle producer=False run_id=67221539-41fb-4189-98fb-a6bbc97d12f7 stdio=stderr string_id=target-oracle
2025-07-02T09:02:13.010749Z [info     ]            ~~~~~~~~~~~~~~~~~~~~~~~~~~^^^^^^ cmd_type=elb consumer=True job_name=dev:tap-oracle-wms-to-target-oracle name=target-oracle producer=False run_id=67221539-41fb-4189-98fb-a6bbc97d12f7 stdio=stderr string_id=target-oracle
2025-07-02T09:02:13.010907Z [info     ]   File "/home/marlonsc/flext/.venv/lib/python3.13/site-packages/sqlalchemy/pool/base.py", line 1264, in _checkout cmd_type=elb consumer=True job_name=dev:tap-oracle-wms-to-target-oracle name=target-oracle producer=False run_id=67221539-41fb-4189-98fb-a6bbc97d12f7 stdio=stderr string_id=target-oracle
2025-07-02T09:02:13.011066Z [info     ]     fairy = _ConnectionRecord.checkout(pool) cmd_type=elb consumer=True job_name=dev:tap-oracle-wms-to-target-oracle name=target-oracle producer=False run_id=67221539-41fb-4189-98fb-a6bbc97d12f7 stdio=stderr string_id=target-oracle
2025-07-02T09:02:13.011231Z [info     ]   File "/home/marlonsc/flext/.venv/lib/python3.13/site-packages/sqlalchemy/pool/base.py", line 713, in checkout cmd_type=elb consumer=True job_name=dev:tap-oracle-wms-to-target-oracle name=target-oracle producer=False run_id=67221539-41fb-4189-98fb-a6bbc97d12f7 stdio=stderr string_id=target-oracle
2025-07-02T09:02:13.011412Z [info     ]     rec = pool._do_get()       cmd_type=elb consumer=True job_name=dev:tap-oracle-wms-to-target-oracle name=target-oracle producer=False run_id=67221539-41fb-4189-98fb-a6bbc97d12f7 stdio=stderr string_id=target-oracle
2025-07-02T09:02:13.011583Z [info     ]   File "/home/marlonsc/flext/.venv/lib/python3.13/site-packages/sqlalchemy/pool/impl.py", line 179, in _do_get cmd_type=elb consumer=True job_name=dev:tap-oracle-wms-to-target-oracle name=target-oracle producer=False run_id=67221539-41fb-4189-98fb-a6bbc97d12f7 stdio=stderr string_id=target-oracle
2025-07-02T09:02:13.011752Z [info     ]     with util.safe_reraise():  cmd_type=elb consumer=True job_name=dev:tap-oracle-wms-to-target-oracle name=target-oracle producer=False run_id=67221539-41fb-4189-98fb-a6bbc97d12f7 stdio=stderr string_id=target-oracle
2025-07-02T09:02:13.011921Z [info     ]          ~~~~~~~~~~~~~~~~~^^   cmd_type=elb consumer=True job_name=dev:tap-oracle-wms-to-target-oracle name=target-oracle producer=False run_id=67221539-41fb-4189-98fb-a6bbc97d12f7 stdio=stderr string_id=target-oracle
2025-07-02T09:02:13.012088Z [info     ]   File "/home/marlonsc/flext/.venv/lib/python3.13/site-packages/sqlalchemy/util/langhelpers.py", line 224, in __exit__ cmd_type=elb consumer=True job_name=dev:tap-oracle-wms-to-target-oracle name=target-oracle producer=False run_id=67221539-41fb-4189-98fb-a6bbc97d12f7 stdio=stderr string_id=target-oracle
2025-07-02T09:02:13.012261Z [info     ]     raise exc_value.with_traceback(exc_tb) cmd_type=elb consumer=True job_name=dev:tap-oracle-wms-to-target-oracle name=target-oracle producer=False run_id=67221539-41fb-4189-98fb-a6bbc97d12f7 stdio=stderr string_id=target-oracle
2025-07-02T09:02:13.012455Z [info     ]   File "/home/marlonsc/flext/.venv/lib/python3.13/site-packages/sqlalchemy/pool/impl.py", line 177, in _do_get cmd_type=elb consumer=True job_name=dev:tap-oracle-wms-to-target-oracle name=target-oracle producer=False run_id=67221539-41fb-4189-98fb-a6bbc97d12f7 stdio=stderr string_id=target-oracle
2025-07-02T09:02:13.012625Z [info     ]     return self._create_connection() cmd_type=elb consumer=True job_name=dev:tap-oracle-wms-to-target-oracle name=target-oracle producer=False run_id=67221539-41fb-4189-98fb-a6bbc97d12f7 stdio=stderr string_id=target-oracle
2025-07-02T09:02:13.012792Z [info     ]            ~~~~~~~~~~~~~~~~~~~~~~~^^ cmd_type=elb consumer=True job_name=dev:tap-oracle-wms-to-target-oracle name=target-oracle producer=False run_id=67221539-41fb-4189-98fb-a6bbc97d12f7 stdio=stderr string_id=target-oracle
2025-07-02T09:02:13.012960Z [info     ]   File "/home/marlonsc/flext/.venv/lib/python3.13/site-packages/sqlalchemy/pool/base.py", line 390, in _create_connection cmd_type=elb consumer=True job_name=dev:tap-oracle-wms-to-target-oracle name=target-oracle producer=False run_id=67221539-41fb-4189-98fb-a6bbc97d12f7 stdio=stderr string_id=target-oracle
2025-07-02T09:02:13.013131Z [info     ]     return _ConnectionRecord(self) cmd_type=elb consumer=True job_name=dev:tap-oracle-wms-to-target-oracle name=target-oracle producer=False run_id=67221539-41fb-4189-98fb-a6bbc97d12f7 stdio=stderr string_id=target-oracle
2025-07-02T09:02:13.013307Z [info     ]   File "/home/marlonsc/flext/.venv/lib/python3.13/site-packages/sqlalchemy/pool/base.py", line 675, in __init__ cmd_type=elb consumer=True job_name=dev:tap-oracle-wms-to-target-oracle name=target-oracle producer=False run_id=67221539-41fb-4189-98fb-a6bbc97d12f7 stdio=stderr string_id=target-oracle
2025-07-02T09:02:13.013476Z [info     ]     self.__connect()           cmd_type=elb consumer=True job_name=dev:tap-oracle-wms-to-target-oracle name=target-oracle producer=False run_id=67221539-41fb-4189-98fb-a6bbc97d12f7 stdio=stderr string_id=target-oracle
2025-07-02T09:02:13.013642Z [info     ]     ~~~~~~~~~~~~~~^^           cmd_type=elb consumer=True job_name=dev:tap-oracle-wms-to-target-oracle name=target-oracle producer=False run_id=67221539-41fb-4189-98fb-a6bbc97d12f7 stdio=stderr string_id=target-oracle
2025-07-02T09:02:13.013811Z [info     ]   File "/home/marlonsc/flext/.venv/lib/python3.13/site-packages/sqlalchemy/pool/base.py", line 901, in __connect cmd_type=elb consumer=True job_name=dev:tap-oracle-wms-to-target-oracle name=target-oracle producer=False run_id=67221539-41fb-4189-98fb-a6bbc97d12f7 stdio=stderr string_id=target-oracle
2025-07-02T09:02:13.013978Z [info     ]     with util.safe_reraise():  cmd_type=elb consumer=True job_name=dev:tap-oracle-wms-to-target-oracle name=target-oracle producer=False run_id=67221539-41fb-4189-98fb-a6bbc97d12f7 stdio=stderr string_id=target-oracle
2025-07-02T09:02:13.014142Z [info     ]          ~~~~~~~~~~~~~~~~~^^   cmd_type=elb consumer=True job_name=dev:tap-oracle-wms-to-target-oracle name=target-oracle producer=False run_id=67221539-41fb-4189-98fb-a6bbc97d12f7 stdio=stderr string_id=target-oracle
2025-07-02T09:02:13.014319Z [info     ]   File "/home/marlonsc/flext/.venv/lib/python3.13/site-packages/sqlalchemy/util/langhelpers.py", line 224, in __exit__ cmd_type=elb consumer=True job_name=dev:tap-oracle-wms-to-target-oracle name=target-oracle producer=False run_id=67221539-41fb-4189-98fb-a6bbc97d12f7 stdio=stderr string_id=target-oracle
2025-07-02T09:02:13.014503Z [info     ]     raise exc_value.with_traceback(exc_tb) cmd_type=elb consumer=True job_name=dev:tap-oracle-wms-to-target-oracle name=target-oracle producer=False run_id=67221539-41fb-4189-98fb-a6bbc97d12f7 stdio=stderr string_id=target-oracle
2025-07-02T09:02:13.014704Z [info     ]   File "/home/marlonsc/flext/.venv/lib/python3.13/site-packages/sqlalchemy/pool/base.py", line 897, in __connect cmd_type=elb consumer=True job_name=dev:tap-oracle-wms-to-target-oracle name=target-oracle producer=False run_id=67221539-41fb-4189-98fb-a6bbc97d12f7 stdio=stderr string_id=target-oracle
2025-07-02T09:02:13.014885Z [info     ]     self.dbapi_connection = connection = pool._invoke_creator(self) cmd_type=elb consumer=True job_name=dev:tap-oracle-wms-to-target-oracle name=target-oracle producer=False run_id=67221539-41fb-4189-98fb-a6bbc97d12f7 stdio=stderr string_id=target-oracle
2025-07-02T09:02:13.015053Z [info     ]                                          ~~~~~~~~~~~~~~~~~~~~^^^^^^ cmd_type=elb consumer=True job_name=dev:tap-oracle-wms-to-target-oracle name=target-oracle producer=False run_id=67221539-41fb-4189-98fb-a6bbc97d12f7 stdio=stderr string_id=target-oracle
2025-07-02T09:02:13.015223Z [info     ]   File "/home/marlonsc/flext/.venv/lib/python3.13/site-packages/sqlalchemy/engine/create.py", line 646, in connect cmd_type=elb consumer=True job_name=dev:tap-oracle-wms-to-target-oracle name=target-oracle producer=False run_id=67221539-41fb-4189-98fb-a6bbc97d12f7 stdio=stderr string_id=target-oracle
2025-07-02T09:02:13.015402Z [info     ]     return dialect.connect(*cargs, **cparams) cmd_type=elb consumer=True job_name=dev:tap-oracle-wms-to-target-oracle name=target-oracle producer=False run_id=67221539-41fb-4189-98fb-a6bbc97d12f7 stdio=stderr string_id=target-oracle
2025-07-02T09:02:13.015575Z [info     ]            ~~~~~~~~~~~~~~~^^^^^^^^^^^^^^^^^^^ cmd_type=elb consumer=True job_name=dev:tap-oracle-wms-to-target-oracle name=target-oracle producer=False run_id=67221539-41fb-4189-98fb-a6bbc97d12f7 stdio=stderr string_id=target-oracle
2025-07-02T09:02:13.015757Z [info     ]   File "/home/marlonsc/flext/.venv/lib/python3.13/site-packages/sqlalchemy/engine/default.py", line 625, in connect cmd_type=elb consumer=True job_name=dev:tap-oracle-wms-to-target-oracle name=target-oracle producer=False run_id=67221539-41fb-4189-98fb-a6bbc97d12f7 stdio=stderr string_id=target-oracle
2025-07-02T09:02:13.015932Z [info     ]     return self.loaded_dbapi.connect(*cargs, **cparams)  # type: ignore[no-any-return]  # NOQA: E501 cmd_type=elb consumer=True job_name=dev:tap-oracle-wms-to-target-oracle name=target-oracle producer=False run_id=67221539-41fb-4189-98fb-a6bbc97d12f7 stdio=stderr string_id=target-oracle
2025-07-02T09:02:13.016112Z [info     ]            ~~~~~~~~~~~~~~~~~~~~~~~~~^^^^^^^^^^^^^^^^^^^ cmd_type=elb consumer=True job_name=dev:tap-oracle-wms-to-target-oracle name=target-oracle producer=False run_id=67221539-41fb-4189-98fb-a6bbc97d12f7 stdio=stderr string_id=target-oracle
2025-07-02T09:02:13.016296Z [info     ]   File "/home/marlonsc/flext/.venv/lib/python3.13/site-packages/oracledb/connection.py", line 1276, in connect cmd_type=elb consumer=True job_name=dev:tap-oracle-wms-to-target-oracle name=target-oracle producer=False run_id=67221539-41fb-4189-98fb-a6bbc97d12f7 stdio=stderr string_id=target-oracle
2025-07-02T09:02:13.016475Z [info     ]     return conn_class(dsn=dsn, pool=pool, params=params, **kwargs) cmd_type=elb consumer=True job_name=dev:tap-oracle-wms-to-target-oracle name=target-oracle producer=False run_id=67221539-41fb-4189-98fb-a6bbc97d12f7 stdio=stderr string_id=target-oracle
2025-07-02T09:02:13.016650Z [info     ]   File "/home/marlonsc/flext/.venv/lib/python3.13/site-packages/oracledb/connection.py", line 650, in __init__ cmd_type=elb consumer=True job_name=dev:tap-oracle-wms-to-target-oracle name=target-oracle producer=False run_id=67221539-41fb-4189-98fb-a6bbc97d12f7 stdio=stderr string_id=target-oracle
2025-07-02T09:02:13.016826Z [info     ]     impl.connect(params_impl)  cmd_type=elb consumer=True job_name=dev:tap-oracle-wms-to-target-oracle name=target-oracle producer=False run_id=67221539-41fb-4189-98fb-a6bbc97d12f7 stdio=stderr string_id=target-oracle
2025-07-02T09:02:13.017013Z [info     ]     ~~~~~~~~~~~~^^^^^^^^^^^^^  cmd_type=elb consumer=True job_name=dev:tap-oracle-wms-to-target-oracle name=target-oracle producer=False run_id=67221539-41fb-4189-98fb-a6bbc97d12f7 stdio=stderr string_id=target-oracle
2025-07-02T09:02:13.017201Z [info     ]   File "src/oracledb/impl/thin/connection.pyx", line 467, in oracledb.thin_impl.ThinConnImpl.connect cmd_type=elb consumer=True job_name=dev:tap-oracle-wms-to-target-oracle name=target-oracle producer=False run_id=67221539-41fb-4189-98fb-a6bbc97d12f7 stdio=stderr string_id=target-oracle
2025-07-02T09:02:13.017396Z [info     ]   File "src/oracledb/impl/thin/connection.pyx", line 463, in oracledb.thin_impl.ThinConnImpl.connect cmd_type=elb consumer=True job_name=dev:tap-oracle-wms-to-target-oracle name=target-oracle producer=False run_id=67221539-41fb-4189-98fb-a6bbc97d12f7 stdio=stderr string_id=target-oracle
2025-07-02T09:02:13.017579Z [info     ]   File "src/oracledb/impl/thin/connection.pyx", line 424, in oracledb.thin_impl.ThinConnImpl._connect_with_params cmd_type=elb consumer=True job_name=dev:tap-oracle-wms-to-target-oracle name=target-oracle producer=False run_id=67221539-41fb-4189-98fb-a6bbc97d12f7 stdio=stderr string_id=target-oracle
2025-07-02T09:02:13.017780Z [info     ]   File "src/oracledb/impl/thin/connection.pyx", line 405, in oracledb.thin_impl.ThinConnImpl._connect_with_description cmd_type=elb consumer=True job_name=dev:tap-oracle-wms-to-target-oracle name=target-oracle producer=False run_id=67221539-41fb-4189-98fb-a6bbc97d12f7 stdio=stderr string_id=target-oracle
2025-07-02T09:02:13.017973Z [info     ]   File "src/oracledb/impl/thin/connection.pyx", line 367, in oracledb.thin_impl.ThinConnImpl._connect_with_address cmd_type=elb consumer=True job_name=dev:tap-oracle-wms-to-target-oracle name=target-oracle producer=False run_id=67221539-41fb-4189-98fb-a6bbc97d12f7 stdio=stderr string_id=target-oracle
2025-07-02T09:02:13.018154Z [info     ]   File "/home/marlonsc/flext/.venv/lib/python3.13/site-packages/oracledb/errors.py", line 199, in _raise_err cmd_type=elb consumer=True job_name=dev:tap-oracle-wms-to-target-oracle name=target-oracle producer=False run_id=67221539-41fb-4189-98fb-a6bbc97d12f7 stdio=stderr string_id=target-oracle
2025-07-02T09:02:13.018344Z [info     ]     raise error.exc_type(error) from cause cmd_type=elb consumer=True job_name=dev:tap-oracle-wms-to-target-oracle name=target-oracle producer=False run_id=67221539-41fb-4189-98fb-a6bbc97d12f7 stdio=stderr string_id=target-oracle
2025-07-02T09:02:13.018530Z [info     ] oracledb.exceptions.OperationalError: DPY-6005: cannot connect to database (CONNECTION_ID=5yPLWpM768dHQ12+C01Ikg==). cmd_type=elb consumer=True job_name=dev:tap-oracle-wms-to-target-oracle name=target-oracle producer=False run_id=67221539-41fb-4189-98fb-a6bbc97d12f7 stdio=stderr string_id=target-oracle
2025-07-02T09:02:13.018724Z [info     ] DPY-4011: the database or network closed the connection cmd_type=elb consumer=True job_name=dev:tap-oracle-wms-to-target-oracle name=target-oracle producer=False run_id=67221539-41fb-4189-98fb-a6bbc97d12f7 stdio=stderr string_id=target-oracle
2025-07-02T09:02:13.018918Z [info     ] [Errno 104] Connection reset by peer cmd_type=elb consumer=True job_name=dev:tap-oracle-wms-to-target-oracle name=target-oracle producer=False run_id=67221539-41fb-4189-98fb-a6bbc97d12f7 stdio=stderr string_id=target-oracle
2025-07-02T09:02:13.019117Z [info     ] Help: https://python-oracledb.readthedocs.io/en/latest/user_guide/troubleshooting.html#dpy-4011 cmd_type=elb consumer=True job_name=dev:tap-oracle-wms-to-target-oracle name=target-oracle producer=False run_id=67221539-41fb-4189-98fb-a6bbc97d12f7 stdio=stderr string_id=target-oracle
2025-07-02T09:02:13.019324Z [info     ]                                cmd_type=elb consumer=True job_name=dev:tap-oracle-wms-to-target-oracle name=target-oracle producer=False run_id=67221539-41fb-4189-98fb-a6bbc97d12f7 stdio=stderr string_id=target-oracle
2025-07-02T09:02:13.019532Z [info     ] The above exception was the direct cause of the following exception: cmd_type=elb consumer=True job_name=dev:tap-oracle-wms-to-target-oracle name=target-oracle producer=False run_id=67221539-41fb-4189-98fb-a6bbc97d12f7 stdio=stderr string_id=target-oracle
2025-07-02T09:02:13.019743Z [info     ]                                cmd_type=elb consumer=True job_name=dev:tap-oracle-wms-to-target-oracle name=target-oracle producer=False run_id=67221539-41fb-4189-98fb-a6bbc97d12f7 stdio=stderr string_id=target-oracle
2025-07-02T09:02:13.019941Z [info     ] Traceback (most recent call last): cmd_type=elb consumer=True job_name=dev:tap-oracle-wms-to-target-oracle name=target-oracle producer=False run_id=67221539-41fb-4189-98fb-a6bbc97d12f7 stdio=stderr string_id=target-oracle
2025-07-02T09:02:13.020247Z [info     ]   File "/home/marlonsc/flext/.venv/bin/target-oracle", line 8, in <module> cmd_type=elb consumer=True job_name=dev:tap-oracle-wms-to-target-oracle name=target-oracle producer=False run_id=67221539-41fb-4189-98fb-a6bbc97d12f7 stdio=stderr string_id=target-oracle
2025-07-02T09:02:13.020490Z [info     ]     sys.exit(TargetOracle.cli()) cmd_type=elb consumer=True job_name=dev:tap-oracle-wms-to-target-oracle name=target-oracle producer=False run_id=67221539-41fb-4189-98fb-a6bbc97d12f7 stdio=stderr string_id=target-oracle
2025-07-02T09:02:13.020687Z [info     ]              ~~~~~~~~~~~~~~~~^^ cmd_type=elb consumer=True job_name=dev:tap-oracle-wms-to-target-oracle name=target-oracle producer=False run_id=67221539-41fb-4189-98fb-a6bbc97d12f7 stdio=stderr string_id=target-oracle
2025-07-02T09:02:13.020872Z [info     ]   File "/home/marlonsc/flext/.venv/lib/python3.13/site-packages/click/core.py", line 1442, in __call__ cmd_type=elb consumer=True job_name=dev:tap-oracle-wms-to-target-oracle name=target-oracle producer=False run_id=67221539-41fb-4189-98fb-a6bbc97d12f7 stdio=stderr string_id=target-oracle
2025-07-02T09:02:13.021056Z [info     ]     return self.main(*args, **kwargs) cmd_type=elb consumer=True job_name=dev:tap-oracle-wms-to-target-oracle name=target-oracle producer=False run_id=67221539-41fb-4189-98fb-a6bbc97d12f7 stdio=stderr string_id=target-oracle
2025-07-02T09:02:13.021239Z [info     ]            ~~~~~~~~~^^^^^^^^^^^^^^^^^ cmd_type=elb consumer=True job_name=dev:tap-oracle-wms-to-target-oracle name=target-oracle producer=False run_id=67221539-41fb-4189-98fb-a6bbc97d12f7 stdio=stderr string_id=target-oracle
2025-07-02T09:02:13.021442Z [info     ]   File "/home/marlonsc/flext/.venv/lib/python3.13/site-packages/click/core.py", line 1363, in main cmd_type=elb consumer=True job_name=dev:tap-oracle-wms-to-target-oracle name=target-oracle producer=False run_id=67221539-41fb-4189-98fb-a6bbc97d12f7 stdio=stderr string_id=target-oracle
2025-07-02T09:02:13.021638Z [info     ]     rv = self.invoke(ctx)      cmd_type=elb consumer=True job_name=dev:tap-oracle-wms-to-target-oracle name=target-oracle producer=False run_id=67221539-41fb-4189-98fb-a6bbc97d12f7 stdio=stderr string_id=target-oracle
2025-07-02T09:02:13.021826Z [info     ]   File "/home/marlonsc/flext/.venv/lib/python3.13/site-packages/singer_sdk/plugin_base.py", line 87, in invoke cmd_type=elb consumer=True job_name=dev:tap-oracle-wms-to-target-oracle name=target-oracle producer=False run_id=67221539-41fb-4189-98fb-a6bbc97d12f7 stdio=stderr string_id=target-oracle
2025-07-02T09:02:13.022009Z [info     ]     return super().invoke(ctx) cmd_type=elb consumer=True job_name=dev:tap-oracle-wms-to-target-oracle name=target-oracle producer=False run_id=67221539-41fb-4189-98fb-a6bbc97d12f7 stdio=stderr string_id=target-oracle
2025-07-02T09:02:13.022185Z [info     ]            ~~~~~~~~~~~~~~^^^^^ cmd_type=elb consumer=True job_name=dev:tap-oracle-wms-to-target-oracle name=target-oracle producer=False run_id=67221539-41fb-4189-98fb-a6bbc97d12f7 stdio=stderr string_id=target-oracle
2025-07-02T09:02:13.022380Z [info     ]   File "/home/marlonsc/flext/.venv/lib/python3.13/site-packages/click/core.py", line 1226, in invoke cmd_type=elb consumer=True job_name=dev:tap-oracle-wms-to-target-oracle name=target-oracle producer=False run_id=67221539-41fb-4189-98fb-a6bbc97d12f7 stdio=stderr string_id=target-oracle
2025-07-02T09:02:13.022584Z [info     ]     return ctx.invoke(self.callback, **ctx.params) cmd_type=elb consumer=True job_name=dev:tap-oracle-wms-to-target-oracle name=target-oracle producer=False run_id=67221539-41fb-4189-98fb-a6bbc97d12f7 stdio=stderr string_id=target-oracle
2025-07-02T09:02:13.022795Z [info     ]            ~~~~~~~~~~^^^^^^^^^^^^^^^^^^^^^^^^^^^^^ cmd_type=elb consumer=True job_name=dev:tap-oracle-wms-to-target-oracle name=target-oracle producer=False run_id=67221539-41fb-4189-98fb-a6bbc97d12f7 stdio=stderr string_id=target-oracle
2025-07-02T09:02:13.022983Z [info     ]   File "/home/marlonsc/flext/.venv/lib/python3.13/site-packages/click/core.py", line 794, in invoke cmd_type=elb consumer=True job_name=dev:tap-oracle-wms-to-target-oracle name=target-oracle producer=False run_id=67221539-41fb-4189-98fb-a6bbc97d12f7 stdio=stderr string_id=target-oracle
2025-07-02T09:02:13.023165Z [info     ]     return callback(*args, **kwargs) cmd_type=elb consumer=True job_name=dev:tap-oracle-wms-to-target-oracle name=target-oracle producer=False run_id=67221539-41fb-4189-98fb-a6bbc97d12f7 stdio=stderr string_id=target-oracle
2025-07-02T09:02:13.023372Z [info     ]   File "/home/marlonsc/flext/.venv/lib/python3.13/site-packages/singer_sdk/target_base.py", line 586, in invoke cmd_type=elb consumer=True job_name=dev:tap-oracle-wms-to-target-oracle name=target-oracle producer=False run_id=67221539-41fb-4189-98fb-a6bbc97d12f7 stdio=stderr string_id=target-oracle
2025-07-02T09:02:13.023559Z [info     ]     target.listen(file_input)  cmd_type=elb consumer=True job_name=dev:tap-oracle-wms-to-target-oracle name=target-oracle producer=False run_id=67221539-41fb-4189-98fb-a6bbc97d12f7 stdio=stderr string_id=target-oracle
2025-07-02T09:02:13.023743Z [info     ]     ~~~~~~~~~~~~~^^^^^^^^^^^^  cmd_type=elb consumer=True job_name=dev:tap-oracle-wms-to-target-oracle name=target-oracle producer=False run_id=67221539-41fb-4189-98fb-a6bbc97d12f7 stdio=stderr string_id=target-oracle
2025-07-02T09:02:13.023940Z [info     ]   File "/home/marlonsc/flext/.venv/lib/python3.13/site-packages/singer_sdk/_singerlib/encoding/_base.py", line 53, in listen cmd_type=elb consumer=True job_name=dev:tap-oracle-wms-to-target-oracle name=target-oracle producer=False run_id=67221539-41fb-4189-98fb-a6bbc97d12f7 stdio=stderr string_id=target-oracle
2025-07-02T09:02:13.024127Z [info     ]     self._process_lines(file_input or self.default_input) cmd_type=elb consumer=True job_name=dev:tap-oracle-wms-to-target-oracle name=target-oracle producer=False run_id=67221539-41fb-4189-98fb-a6bbc97d12f7 stdio=stderr string_id=target-oracle
2025-07-02T09:02:13.024314Z [info     ]     ~~~~~~~~~~~~~~~~~~~^^^^^^^^^^^^^^^^^^^^^^^^^^^^^^^^^^ cmd_type=elb consumer=True job_name=dev:tap-oracle-wms-to-target-oracle name=target-oracle producer=False run_id=67221539-41fb-4189-98fb-a6bbc97d12f7 stdio=stderr string_id=target-oracle
2025-07-02T09:02:13.024487Z [info     ]   File "/home/marlonsc/flext/.venv/lib/python3.13/site-packages/singer_sdk/target_base.py", line 305, in _process_lines cmd_type=elb consumer=True job_name=dev:tap-oracle-wms-to-target-oracle name=target-oracle producer=False run_id=67221539-41fb-4189-98fb-a6bbc97d12f7 stdio=stderr string_id=target-oracle
2025-07-02T09:02:13.024668Z [info     ]     counter = super()._process_lines(file_input) cmd_type=elb consumer=True job_name=dev:tap-oracle-wms-to-target-oracle name=target-oracle producer=False run_id=67221539-41fb-4189-98fb-a6bbc97d12f7 stdio=stderr string_id=target-oracle
2025-07-02T09:02:13.024863Z [info     ]   File "/home/marlonsc/flext/.venv/lib/python3.13/site-packages/singer_sdk/_singerlib/encoding/_base.py", line 80, in _process_lines cmd_type=elb consumer=True job_name=dev:tap-oracle-wms-to-target-oracle name=target-oracle producer=False run_id=67221539-41fb-4189-98fb-a6bbc97d12f7 stdio=stderr string_id=target-oracle
2025-07-02T09:02:13.025091Z [info     ]     self._process_schema_message(line_dict) cmd_type=elb consumer=True job_name=dev:tap-oracle-wms-to-target-oracle name=target-oracle producer=False run_id=67221539-41fb-4189-98fb-a6bbc97d12f7 stdio=stderr string_id=target-oracle
2025-07-02T09:02:13.025294Z [info     ]     ~~~~~~~~~~~~~~~~~~~~~~~~~~~~^^^^^^^^^^^ cmd_type=elb consumer=True job_name=dev:tap-oracle-wms-to-target-oracle name=target-oracle producer=False run_id=67221539-41fb-4189-98fb-a6bbc97d12f7 stdio=stderr string_id=target-oracle
2025-07-02T09:02:13.025492Z [info     ]   File "/home/marlonsc/flext/.venv/lib/python3.13/site-packages/singer_sdk/target_base.py", line 421, in _process_schema_message cmd_type=elb consumer=True job_name=dev:tap-oracle-wms-to-target-oracle name=target-oracle producer=False run_id=67221539-41fb-4189-98fb-a6bbc97d12f7 stdio=stderr string_id=target-oracle
2025-07-02T09:02:13.025684Z [info     ]     _ = self.get_sink(         cmd_type=elb consumer=True job_name=dev:tap-oracle-wms-to-target-oracle name=target-oracle producer=False run_id=67221539-41fb-4189-98fb-a6bbc97d12f7 stdio=stderr string_id=target-oracle
2025-07-02T09:02:13.025868Z [info     ]         stream_map.stream_alias, cmd_type=elb consumer=True job_name=dev:tap-oracle-wms-to-target-oracle name=target-oracle producer=False run_id=67221539-41fb-4189-98fb-a6bbc97d12f7 stdio=stderr string_id=target-oracle
2025-07-02T09:02:13.026043Z [info     ]         schema=stream_map.transformed_schema, cmd_type=elb consumer=True job_name=dev:tap-oracle-wms-to-target-oracle name=target-oracle producer=False run_id=67221539-41fb-4189-98fb-a6bbc97d12f7 stdio=stderr string_id=target-oracle
2025-07-02T09:02:13.026217Z [info     ]         key_properties=stream_map.transformed_key_properties, cmd_type=elb consumer=True job_name=dev:tap-oracle-wms-to-target-oracle name=target-oracle producer=False run_id=67221539-41fb-4189-98fb-a6bbc97d12f7 stdio=stderr string_id=target-oracle
2025-07-02T09:02:13.026404Z [info     ]     )                          cmd_type=elb consumer=True job_name=dev:tap-oracle-wms-to-target-oracle name=target-oracle producer=False run_id=67221539-41fb-4189-98fb-a6bbc97d12f7 stdio=stderr string_id=target-oracle
2025-07-02T09:02:13.026589Z [info     ]   File "/home/marlonsc/flext/.venv/lib/python3.13/site-packages/singer_sdk/target_base.py", line 174, in get_sink cmd_type=elb consumer=True job_name=dev:tap-oracle-wms-to-target-oracle name=target-oracle producer=False run_id=67221539-41fb-4189-98fb-a6bbc97d12f7 stdio=stderr string_id=target-oracle
2025-07-02T09:02:13.026764Z [info     ]     return self.add_sink(stream_name, schema, key_properties) cmd_type=elb consumer=True job_name=dev:tap-oracle-wms-to-target-oracle name=target-oracle producer=False run_id=67221539-41fb-4189-98fb-a6bbc97d12f7 stdio=stderr string_id=target-oracle
2025-07-02T09:02:13.026929Z [info     ]            ~~~~~~~~~~~~~^^^^^^^^^^^^^^^^^^^^^^^^^^^^^^^^^^^^^ cmd_type=elb consumer=True job_name=dev:tap-oracle-wms-to-target-oracle name=target-oracle producer=False run_id=67221539-41fb-4189-98fb-a6bbc97d12f7 stdio=stderr string_id=target-oracle
2025-07-02T09:02:13.027098Z [info     ]   File "/home/marlonsc/flext/.venv/lib/python3.13/site-packages/singer_sdk/target_base.py", line 257, in add_sink cmd_type=elb consumer=True job_name=dev:tap-oracle-wms-to-target-oracle name=target-oracle producer=False run_id=67221539-41fb-4189-98fb-a6bbc97d12f7 stdio=stderr string_id=target-oracle
2025-07-02T09:02:13.027270Z [info     ]     sink.setup()               cmd_type=elb consumer=True job_name=dev:tap-oracle-wms-to-target-oracle name=target-oracle producer=False run_id=67221539-41fb-4189-98fb-a6bbc97d12f7 stdio=stderr string_id=target-oracle
2025-07-02T09:02:13.027471Z [info     ]     ~~~~~~~~~~^^               cmd_type=elb consumer=True job_name=dev:tap-oracle-wms-to-target-oracle name=target-oracle producer=False run_id=67221539-41fb-4189-98fb-a6bbc97d12f7 stdio=stderr string_id=target-oracle
2025-07-02T09:02:13.027642Z [info     ]   File "/home/marlonsc/flext/.venv/lib/python3.13/site-packages/singer_sdk/sinks/sql.py", line 238, in setup cmd_type=elb consumer=True job_name=dev:tap-oracle-wms-to-target-oracle name=target-oracle producer=False run_id=67221539-41fb-4189-98fb-a6bbc97d12f7 stdio=stderr string_id=target-oracle
2025-07-02T09:02:13.027815Z [info     ]     self.connector.prepare_table( cmd_type=elb consumer=True job_name=dev:tap-oracle-wms-to-target-oracle name=target-oracle producer=False run_id=67221539-41fb-4189-98fb-a6bbc97d12f7 stdio=stderr string_id=target-oracle
2025-07-02T09:02:13.027990Z [info     ]     ~~~~~~~~~~~~~~~~~~~~~~~~~~~~^ cmd_type=elb consumer=True job_name=dev:tap-oracle-wms-to-target-oracle name=target-oracle producer=False run_id=67221539-41fb-4189-98fb-a6bbc97d12f7 stdio=stderr string_id=target-oracle
2025-07-02T09:02:13.028154Z [info     ]         full_table_name=self.full_table_name, cmd_type=elb consumer=True job_name=dev:tap-oracle-wms-to-target-oracle name=target-oracle producer=False run_id=67221539-41fb-4189-98fb-a6bbc97d12f7 stdio=stderr string_id=target-oracle
2025-07-02T09:02:13.028331Z [info     ]         ^^^^^^^^^^^^^^^^^^^^^^^^^^^^^^^^^^^^^ cmd_type=elb consumer=True job_name=dev:tap-oracle-wms-to-target-oracle name=target-oracle producer=False run_id=67221539-41fb-4189-98fb-a6bbc97d12f7 stdio=stderr string_id=target-oracle
2025-07-02T09:02:13.028508Z [info     ]     ...<2 lines>...            cmd_type=elb consumer=True job_name=dev:tap-oracle-wms-to-target-oracle name=target-oracle producer=False run_id=67221539-41fb-4189-98fb-a6bbc97d12f7 stdio=stderr string_id=target-oracle
2025-07-02T09:02:13.028680Z [info     ]         as_temp_table=False,   cmd_type=elb consumer=True job_name=dev:tap-oracle-wms-to-target-oracle name=target-oracle producer=False run_id=67221539-41fb-4189-98fb-a6bbc97d12f7 stdio=stderr string_id=target-oracle
2025-07-02T09:02:13.028845Z [info     ]         ^^^^^^^^^^^^^^^^^^^^   cmd_type=elb consumer=True job_name=dev:tap-oracle-wms-to-target-oracle name=target-oracle producer=False run_id=67221539-41fb-4189-98fb-a6bbc97d12f7 stdio=stderr string_id=target-oracle
2025-07-02T09:02:13.029013Z [info     ]     )                          cmd_type=elb consumer=True job_name=dev:tap-oracle-wms-to-target-oracle name=target-oracle producer=False run_id=67221539-41fb-4189-98fb-a6bbc97d12f7 stdio=stderr string_id=target-oracle
2025-07-02T09:02:13.029183Z [info     ]     ^                          cmd_type=elb consumer=True job_name=dev:tap-oracle-wms-to-target-oracle name=target-oracle producer=False run_id=67221539-41fb-4189-98fb-a6bbc97d12f7 stdio=stderr string_id=target-oracle
2025-07-02T09:02:13.029368Z [info     ]   File "/home/marlonsc/flext/.venv/lib/python3.13/site-packages/singer_sdk/connectors/sql.py", line 1319, in prepare_table cmd_type=elb consumer=True job_name=dev:tap-oracle-wms-to-target-oracle name=target-oracle producer=False run_id=67221539-41fb-4189-98fb-a6bbc97d12f7 stdio=stderr string_id=target-oracle
2025-07-02T09:02:13.029539Z [info     ]     if not self.table_exists(full_table_name=full_table_name): cmd_type=elb consumer=True job_name=dev:tap-oracle-wms-to-target-oracle name=target-oracle producer=False run_id=67221539-41fb-4189-98fb-a6bbc97d12f7 stdio=stderr string_id=target-oracle
2025-07-02T09:02:13.029711Z [info     ]            ~~~~~~~~~~~~~~~~~^^^^^^^^^^^^^^^^^^^^^^^^^^^^^^^^^ cmd_type=elb consumer=True job_name=dev:tap-oracle-wms-to-target-oracle name=target-oracle producer=False run_id=67221539-41fb-4189-98fb-a6bbc97d12f7 stdio=stderr string_id=target-oracle
2025-07-02T09:02:13.029884Z [info     ]   File "/home/marlonsc/flext/.venv/lib/python3.13/site-packages/singer_sdk/connectors/sql.py", line 1121, in table_exists cmd_type=elb consumer=True job_name=dev:tap-oracle-wms-to-target-oracle name=target-oracle producer=False run_id=67221539-41fb-4189-98fb-a6bbc97d12f7 stdio=stderr string_id=target-oracle
2025-07-02T09:02:13.030049Z [info     ]     return sa.inspect(self._engine).has_table(table_name, schema_name) cmd_type=elb consumer=True job_name=dev:tap-oracle-wms-to-target-oracle name=target-oracle producer=False run_id=67221539-41fb-4189-98fb-a6bbc97d12f7 stdio=stderr string_id=target-oracle
2025-07-02T09:02:13.030226Z [info     ]            ~~~~~~~~~~^^^^^^^^^^^^^^ cmd_type=elb consumer=True job_name=dev:tap-oracle-wms-to-target-oracle name=target-oracle producer=False run_id=67221539-41fb-4189-98fb-a6bbc97d12f7 stdio=stderr string_id=target-oracle
2025-07-02T09:02:13.030425Z [info     ]   File "/home/marlonsc/flext/.venv/lib/python3.13/site-packages/sqlalchemy/inspection.py", line 140, in inspect cmd_type=elb consumer=True job_name=dev:tap-oracle-wms-to-target-oracle name=target-oracle producer=False run_id=67221539-41fb-4189-98fb-a6bbc97d12f7 stdio=stderr string_id=target-oracle
2025-07-02T09:02:13.030599Z [info     ]     ret = reg(subject)         cmd_type=elb consumer=True job_name=dev:tap-oracle-wms-to-target-oracle name=target-oracle producer=False run_id=67221539-41fb-4189-98fb-a6bbc97d12f7 stdio=stderr string_id=target-oracle
2025-07-02T09:02:13.030778Z [info     ]   File "/home/marlonsc/flext/.venv/lib/python3.13/site-packages/sqlalchemy/engine/reflection.py", line 313, in _engine_insp cmd_type=elb consumer=True job_name=dev:tap-oracle-wms-to-target-oracle name=target-oracle producer=False run_id=67221539-41fb-4189-98fb-a6bbc97d12f7 stdio=stderr string_id=target-oracle
2025-07-02T09:02:13.030952Z [info     ]     return Inspector._construct(Inspector._init_engine, bind) cmd_type=elb consumer=True job_name=dev:tap-oracle-wms-to-target-oracle name=target-oracle producer=False run_id=67221539-41fb-4189-98fb-a6bbc97d12f7 stdio=stderr string_id=target-oracle
2025-07-02T09:02:13.031123Z [info     ]            ~~~~~~~~~~~~~~~~~~~~^^^^^^^^^^^^^^^^^^^^^^^^^^^^^^ cmd_type=elb consumer=True job_name=dev:tap-oracle-wms-to-target-oracle name=target-oracle producer=False run_id=67221539-41fb-4189-98fb-a6bbc97d12f7 stdio=stderr string_id=target-oracle
2025-07-02T09:02:13.031299Z [info     ]   File "/home/marlonsc/flext/.venv/lib/python3.13/site-packages/sqlalchemy/engine/reflection.py", line 246, in _construct cmd_type=elb consumer=True job_name=dev:tap-oracle-wms-to-target-oracle name=target-oracle producer=False run_id=67221539-41fb-4189-98fb-a6bbc97d12f7 stdio=stderr string_id=target-oracle
2025-07-02T09:02:13.031467Z [info     ]     init(self, bind)           cmd_type=elb consumer=True job_name=dev:tap-oracle-wms-to-target-oracle name=target-oracle producer=False run_id=67221539-41fb-4189-98fb-a6bbc97d12f7 stdio=stderr string_id=target-oracle
2025-07-02T09:02:13.031637Z [info     ]     ~~~~^^^^^^^^^^^^           cmd_type=elb consumer=True job_name=dev:tap-oracle-wms-to-target-oracle name=target-oracle producer=False run_id=67221539-41fb-4189-98fb-a6bbc97d12f7 stdio=stderr string_id=target-oracle
2025-07-02T09:02:13.031811Z [info     ]   File "/home/marlonsc/flext/.venv/lib/python3.13/site-packages/sqlalchemy/engine/reflection.py", line 257, in _init_engine cmd_type=elb consumer=True job_name=dev:tap-oracle-wms-to-target-oracle name=target-oracle producer=False run_id=67221539-41fb-4189-98fb-a6bbc97d12f7 stdio=stderr string_id=target-oracle
2025-07-02T09:02:13.031974Z [info     ]     engine.connect().close()   cmd_type=elb consumer=True job_name=dev:tap-oracle-wms-to-target-oracle name=target-oracle producer=False run_id=67221539-41fb-4189-98fb-a6bbc97d12f7 stdio=stderr string_id=target-oracle
2025-07-02T09:02:13.032140Z [info     ]     ~~~~~~~~~~~~~~^^           cmd_type=elb consumer=True job_name=dev:tap-oracle-wms-to-target-oracle name=target-oracle producer=False run_id=67221539-41fb-4189-98fb-a6bbc97d12f7 stdio=stderr string_id=target-oracle
2025-07-02T09:02:13.032321Z [info     ]   File "/home/marlonsc/flext/.venv/lib/python3.13/site-packages/sqlalchemy/engine/base.py", line 3273, in connect cmd_type=elb consumer=True job_name=dev:tap-oracle-wms-to-target-oracle name=target-oracle producer=False run_id=67221539-41fb-4189-98fb-a6bbc97d12f7 stdio=stderr string_id=target-oracle
2025-07-02T09:02:13.032486Z [info     ]     return self._connection_cls(self) cmd_type=elb consumer=True job_name=dev:tap-oracle-wms-to-target-oracle name=target-oracle producer=False run_id=67221539-41fb-4189-98fb-a6bbc97d12f7 stdio=stderr string_id=target-oracle
2025-07-02T09:02:13.032660Z [info     ]            ~~~~~~~~~~~~~~~~~~~~^^^^^^ cmd_type=elb consumer=True job_name=dev:tap-oracle-wms-to-target-oracle name=target-oracle producer=False run_id=67221539-41fb-4189-98fb-a6bbc97d12f7 stdio=stderr string_id=target-oracle
2025-07-02T09:02:13.032839Z [info     ]   File "/home/marlonsc/flext/.venv/lib/python3.13/site-packages/sqlalchemy/engine/base.py", line 147, in __init__ cmd_type=elb consumer=True job_name=dev:tap-oracle-wms-to-target-oracle name=target-oracle producer=False run_id=67221539-41fb-4189-98fb-a6bbc97d12f7 stdio=stderr string_id=target-oracle
2025-07-02T09:02:13.033008Z [info     ]     Connection._handle_dbapi_exception_noconnection( cmd_type=elb consumer=True job_name=dev:tap-oracle-wms-to-target-oracle name=target-oracle producer=False run_id=67221539-41fb-4189-98fb-a6bbc97d12f7 stdio=stderr string_id=target-oracle
2025-07-02T09:02:13.033167Z [info     ]     ~~~~~~~~~~~~~~~~~~~~~~~~~~~~~~~~~~~~~~~~~~~~~~~^ cmd_type=elb consumer=True job_name=dev:tap-oracle-wms-to-target-oracle name=target-oracle producer=False run_id=67221539-41fb-4189-98fb-a6bbc97d12f7 stdio=stderr string_id=target-oracle
2025-07-02T09:02:13.033335Z [info     ]         err, dialect, engine   cmd_type=elb consumer=True job_name=dev:tap-oracle-wms-to-target-oracle name=target-oracle producer=False run_id=67221539-41fb-4189-98fb-a6bbc97d12f7 stdio=stderr string_id=target-oracle
2025-07-02T09:02:13.033513Z [info     ]         ^^^^^^^^^^^^^^^^^^^^   cmd_type=elb consumer=True job_name=dev:tap-oracle-wms-to-target-oracle name=target-oracle producer=False run_id=67221539-41fb-4189-98fb-a6bbc97d12f7 stdio=stderr string_id=target-oracle
2025-07-02T09:02:13.033678Z [info     ]     )                          cmd_type=elb consumer=True job_name=dev:tap-oracle-wms-to-target-oracle name=target-oracle producer=False run_id=67221539-41fb-4189-98fb-a6bbc97d12f7 stdio=stderr string_id=target-oracle
2025-07-02T09:02:13.033859Z [info     ]     ^                          cmd_type=elb consumer=True job_name=dev:tap-oracle-wms-to-target-oracle name=target-oracle producer=False run_id=67221539-41fb-4189-98fb-a6bbc97d12f7 stdio=stderr string_id=target-oracle
2025-07-02T09:02:13.034030Z [info     ]   File "/home/marlonsc/flext/.venv/lib/python3.13/site-packages/sqlalchemy/engine/base.py", line 2436, in _handle_dbapi_exception_noconnection cmd_type=elb consumer=True job_name=dev:tap-oracle-wms-to-target-oracle name=target-oracle producer=False run_id=67221539-41fb-4189-98fb-a6bbc97d12f7 stdio=stderr string_id=target-oracle
2025-07-02T09:02:13.034202Z [info     ]     raise sqlalchemy_exception.with_traceback(exc_info[2]) from e cmd_type=elb consumer=True job_name=dev:tap-oracle-wms-to-target-oracle name=target-oracle producer=False run_id=67221539-41fb-4189-98fb-a6bbc97d12f7 stdio=stderr string_id=target-oracle
2025-07-02T09:02:13.034380Z [info     ]   File "/home/marlonsc/flext/.venv/lib/python3.13/site-packages/sqlalchemy/engine/base.py", line 145, in __init__ cmd_type=elb consumer=True job_name=dev:tap-oracle-wms-to-target-oracle name=target-oracle producer=False run_id=67221539-41fb-4189-98fb-a6bbc97d12f7 stdio=stderr string_id=target-oracle
2025-07-02T09:02:13.034549Z [info     ]     self._dbapi_connection = engine.raw_connection() cmd_type=elb consumer=True job_name=dev:tap-oracle-wms-to-target-oracle name=target-oracle producer=False run_id=67221539-41fb-4189-98fb-a6bbc97d12f7 stdio=stderr string_id=target-oracle
2025-07-02T09:02:13.034715Z [info     ]                              ~~~~~~~~~~~~~~~~~~~~~^^ cmd_type=elb consumer=True job_name=dev:tap-oracle-wms-to-target-oracle name=target-oracle producer=False run_id=67221539-41fb-4189-98fb-a6bbc97d12f7 stdio=stderr string_id=target-oracle
2025-07-02T09:02:13.034888Z [info     ]   File "/home/marlonsc/flext/.venv/lib/python3.13/site-packages/sqlalchemy/engine/base.py", line 3297, in raw_connection cmd_type=elb consumer=True job_name=dev:tap-oracle-wms-to-target-oracle name=target-oracle producer=False run_id=67221539-41fb-4189-98fb-a6bbc97d12f7 stdio=stderr string_id=target-oracle
2025-07-02T09:02:13.035072Z [info     ]     return self.pool.connect() cmd_type=elb consumer=True job_name=dev:tap-oracle-wms-to-target-oracle name=target-oracle producer=False run_id=67221539-41fb-4189-98fb-a6bbc97d12f7 stdio=stderr string_id=target-oracle
2025-07-02T09:02:13.035256Z [info     ]            ~~~~~~~~~~~~~~~~~^^ cmd_type=elb consumer=True job_name=dev:tap-oracle-wms-to-target-oracle name=target-oracle producer=False run_id=67221539-41fb-4189-98fb-a6bbc97d12f7 stdio=stderr string_id=target-oracle
2025-07-02T09:02:13.035427Z [info     ]   File "/home/marlonsc/flext/.venv/lib/python3.13/site-packages/sqlalchemy/pool/base.py", line 449, in connect cmd_type=elb consumer=True job_name=dev:tap-oracle-wms-to-target-oracle name=target-oracle producer=False run_id=67221539-41fb-4189-98fb-a6bbc97d12f7 stdio=stderr string_id=target-oracle
2025-07-02T09:02:13.035586Z [info     ]     return _ConnectionFairy._checkout(self) cmd_type=elb consumer=True job_name=dev:tap-oracle-wms-to-target-oracle name=target-oracle producer=False run_id=67221539-41fb-4189-98fb-a6bbc97d12f7 stdio=stderr string_id=target-oracle
2025-07-02T09:02:13.035742Z [info     ]            ~~~~~~~~~~~~~~~~~~~~~~~~~~^^^^^^ cmd_type=elb consumer=True job_name=dev:tap-oracle-wms-to-target-oracle name=target-oracle producer=False run_id=67221539-41fb-4189-98fb-a6bbc97d12f7 stdio=stderr string_id=target-oracle
2025-07-02T09:02:13.035896Z [info     ]   File "/home/marlonsc/flext/.venv/lib/python3.13/site-packages/sqlalchemy/pool/base.py", line 1264, in _checkout cmd_type=elb consumer=True job_name=dev:tap-oracle-wms-to-target-oracle name=target-oracle producer=False run_id=67221539-41fb-4189-98fb-a6bbc97d12f7 stdio=stderr string_id=target-oracle
2025-07-02T09:02:13.036052Z [info     ]     fairy = _ConnectionRecord.checkout(pool) cmd_type=elb consumer=True job_name=dev:tap-oracle-wms-to-target-oracle name=target-oracle producer=False run_id=67221539-41fb-4189-98fb-a6bbc97d12f7 stdio=stderr string_id=target-oracle
2025-07-02T09:02:13.036207Z [info     ]   File "/home/marlonsc/flext/.venv/lib/python3.13/site-packages/sqlalchemy/pool/base.py", line 713, in checkout cmd_type=elb consumer=True job_name=dev:tap-oracle-wms-to-target-oracle name=target-oracle producer=False run_id=67221539-41fb-4189-98fb-a6bbc97d12f7 stdio=stderr string_id=target-oracle
2025-07-02T09:02:13.036379Z [info     ]     rec = pool._do_get()       cmd_type=elb consumer=True job_name=dev:tap-oracle-wms-to-target-oracle name=target-oracle producer=False run_id=67221539-41fb-4189-98fb-a6bbc97d12f7 stdio=stderr string_id=target-oracle
2025-07-02T09:02:13.036540Z [info     ]   File "/home/marlonsc/flext/.venv/lib/python3.13/site-packages/sqlalchemy/pool/impl.py", line 179, in _do_get cmd_type=elb consumer=True job_name=dev:tap-oracle-wms-to-target-oracle name=target-oracle producer=False run_id=67221539-41fb-4189-98fb-a6bbc97d12f7 stdio=stderr string_id=target-oracle
2025-07-02T09:02:13.036702Z [info     ]     with util.safe_reraise():  cmd_type=elb consumer=True job_name=dev:tap-oracle-wms-to-target-oracle name=target-oracle producer=False run_id=67221539-41fb-4189-98fb-a6bbc97d12f7 stdio=stderr string_id=target-oracle
2025-07-02T09:02:13.036866Z [info     ]          ~~~~~~~~~~~~~~~~~^^   cmd_type=elb consumer=True job_name=dev:tap-oracle-wms-to-target-oracle name=target-oracle producer=False run_id=67221539-41fb-4189-98fb-a6bbc97d12f7 stdio=stderr string_id=target-oracle
2025-07-02T09:02:13.037029Z [info     ]   File "/home/marlonsc/flext/.venv/lib/python3.13/site-packages/sqlalchemy/util/langhelpers.py", line 224, in __exit__ cmd_type=elb consumer=True job_name=dev:tap-oracle-wms-to-target-oracle name=target-oracle producer=False run_id=67221539-41fb-4189-98fb-a6bbc97d12f7 stdio=stderr string_id=target-oracle
2025-07-02T09:02:13.037189Z [info     ]     raise exc_value.with_traceback(exc_tb) cmd_type=elb consumer=True job_name=dev:tap-oracle-wms-to-target-oracle name=target-oracle producer=False run_id=67221539-41fb-4189-98fb-a6bbc97d12f7 stdio=stderr string_id=target-oracle
2025-07-02T09:02:13.037362Z [info     ]   File "/home/marlonsc/flext/.venv/lib/python3.13/site-packages/sqlalchemy/pool/impl.py", line 177, in _do_get cmd_type=elb consumer=True job_name=dev:tap-oracle-wms-to-target-oracle name=target-oracle producer=False run_id=67221539-41fb-4189-98fb-a6bbc97d12f7 stdio=stderr string_id=target-oracle
2025-07-02T09:02:13.037535Z [info     ]     return self._create_connection() cmd_type=elb consumer=True job_name=dev:tap-oracle-wms-to-target-oracle name=target-oracle producer=False run_id=67221539-41fb-4189-98fb-a6bbc97d12f7 stdio=stderr string_id=target-oracle
2025-07-02T09:02:13.037689Z [info     ]            ~~~~~~~~~~~~~~~~~~~~~~~^^ cmd_type=elb consumer=True job_name=dev:tap-oracle-wms-to-target-oracle name=target-oracle producer=False run_id=67221539-41fb-4189-98fb-a6bbc97d12f7 stdio=stderr string_id=target-oracle
2025-07-02T09:02:13.037843Z [info     ]   File "/home/marlonsc/flext/.venv/lib/python3.13/site-packages/sqlalchemy/pool/base.py", line 390, in _create_connection cmd_type=elb consumer=True job_name=dev:tap-oracle-wms-to-target-oracle name=target-oracle producer=False run_id=67221539-41fb-4189-98fb-a6bbc97d12f7 stdio=stderr string_id=target-oracle
2025-07-02T09:02:13.037996Z [info     ]     return _ConnectionRecord(self) cmd_type=elb consumer=True job_name=dev:tap-oracle-wms-to-target-oracle name=target-oracle producer=False run_id=67221539-41fb-4189-98fb-a6bbc97d12f7 stdio=stderr string_id=target-oracle
2025-07-02T09:02:13.038148Z [info     ]   File "/home/marlonsc/flext/.venv/lib/python3.13/site-packages/sqlalchemy/pool/base.py", line 675, in __init__ cmd_type=elb consumer=True job_name=dev:tap-oracle-wms-to-target-oracle name=target-oracle producer=False run_id=67221539-41fb-4189-98fb-a6bbc97d12f7 stdio=stderr string_id=target-oracle
2025-07-02T09:02:13.038305Z [info     ]     self.__connect()           cmd_type=elb consumer=True job_name=dev:tap-oracle-wms-to-target-oracle name=target-oracle producer=False run_id=67221539-41fb-4189-98fb-a6bbc97d12f7 stdio=stderr string_id=target-oracle
2025-07-02T09:02:13.038460Z [info     ]     ~~~~~~~~~~~~~~^^           cmd_type=elb consumer=True job_name=dev:tap-oracle-wms-to-target-oracle name=target-oracle producer=False run_id=67221539-41fb-4189-98fb-a6bbc97d12f7 stdio=stderr string_id=target-oracle
2025-07-02T09:02:13.038617Z [info     ]   File "/home/marlonsc/flext/.venv/lib/python3.13/site-packages/sqlalchemy/pool/base.py", line 901, in __connect cmd_type=elb consumer=True job_name=dev:tap-oracle-wms-to-target-oracle name=target-oracle producer=False run_id=67221539-41fb-4189-98fb-a6bbc97d12f7 stdio=stderr string_id=target-oracle
2025-07-02T09:02:13.038771Z [info     ]     with util.safe_reraise():  cmd_type=elb consumer=True job_name=dev:tap-oracle-wms-to-target-oracle name=target-oracle producer=False run_id=67221539-41fb-4189-98fb-a6bbc97d12f7 stdio=stderr string_id=target-oracle
2025-07-02T09:02:13.038923Z [info     ]          ~~~~~~~~~~~~~~~~~^^   cmd_type=elb consumer=True job_name=dev:tap-oracle-wms-to-target-oracle name=target-oracle producer=False run_id=67221539-41fb-4189-98fb-a6bbc97d12f7 stdio=stderr string_id=target-oracle
2025-07-02T09:02:13.039078Z [info     ]   File "/home/marlonsc/flext/.venv/lib/python3.13/site-packages/sqlalchemy/util/langhelpers.py", line 224, in __exit__ cmd_type=elb consumer=True job_name=dev:tap-oracle-wms-to-target-oracle name=target-oracle producer=False run_id=67221539-41fb-4189-98fb-a6bbc97d12f7 stdio=stderr string_id=target-oracle
2025-07-02T09:02:13.039235Z [info     ]     raise exc_value.with_traceback(exc_tb) cmd_type=elb consumer=True job_name=dev:tap-oracle-wms-to-target-oracle name=target-oracle producer=False run_id=67221539-41fb-4189-98fb-a6bbc97d12f7 stdio=stderr string_id=target-oracle
2025-07-02T09:02:13.039409Z [info     ]   File "/home/marlonsc/flext/.venv/lib/python3.13/site-packages/sqlalchemy/pool/base.py", line 897, in __connect cmd_type=elb consumer=True job_name=dev:tap-oracle-wms-to-target-oracle name=target-oracle producer=False run_id=67221539-41fb-4189-98fb-a6bbc97d12f7 stdio=stderr string_id=target-oracle
2025-07-02T09:02:13.039578Z [info     ]     self.dbapi_connection = connection = pool._invoke_creator(self) cmd_type=elb consumer=True job_name=dev:tap-oracle-wms-to-target-oracle name=target-oracle producer=False run_id=67221539-41fb-4189-98fb-a6bbc97d12f7 stdio=stderr string_id=target-oracle
2025-07-02T09:02:13.039748Z [info     ]                                          ~~~~~~~~~~~~~~~~~~~~^^^^^^ cmd_type=elb consumer=True job_name=dev:tap-oracle-wms-to-target-oracle name=target-oracle producer=False run_id=67221539-41fb-4189-98fb-a6bbc97d12f7 stdio=stderr string_id=target-oracle
2025-07-02T09:02:13.039906Z [info     ]   File "/home/marlonsc/flext/.venv/lib/python3.13/site-packages/sqlalchemy/engine/create.py", line 646, in connect cmd_type=elb consumer=True job_name=dev:tap-oracle-wms-to-target-oracle name=target-oracle producer=False run_id=67221539-41fb-4189-98fb-a6bbc97d12f7 stdio=stderr string_id=target-oracle
2025-07-02T09:02:13.040068Z [info     ]     return dialect.connect(*cargs, **cparams) cmd_type=elb consumer=True job_name=dev:tap-oracle-wms-to-target-oracle name=target-oracle producer=False run_id=67221539-41fb-4189-98fb-a6bbc97d12f7 stdio=stderr string_id=target-oracle
2025-07-02T09:02:13.040224Z [info     ]            ~~~~~~~~~~~~~~~^^^^^^^^^^^^^^^^^^^ cmd_type=elb consumer=True job_name=dev:tap-oracle-wms-to-target-oracle name=target-oracle producer=False run_id=67221539-41fb-4189-98fb-a6bbc97d12f7 stdio=stderr string_id=target-oracle
2025-07-02T09:02:13.040394Z [info     ]   File "/home/marlonsc/flext/.venv/lib/python3.13/site-packages/sqlalchemy/engine/default.py", line 625, in connect cmd_type=elb consumer=True job_name=dev:tap-oracle-wms-to-target-oracle name=target-oracle producer=False run_id=67221539-41fb-4189-98fb-a6bbc97d12f7 stdio=stderr string_id=target-oracle
2025-07-02T09:02:13.040554Z [info     ]     return self.loaded_dbapi.connect(*cargs, **cparams)  # type: ignore[no-any-return]  # NOQA: E501 cmd_type=elb consumer=True job_name=dev:tap-oracle-wms-to-target-oracle name=target-oracle producer=False run_id=67221539-41fb-4189-98fb-a6bbc97d12f7 stdio=stderr string_id=target-oracle
2025-07-02T09:02:13.040713Z [info     ]            ~~~~~~~~~~~~~~~~~~~~~~~~~^^^^^^^^^^^^^^^^^^^ cmd_type=elb consumer=True job_name=dev:tap-oracle-wms-to-target-oracle name=target-oracle producer=False run_id=67221539-41fb-4189-98fb-a6bbc97d12f7 stdio=stderr string_id=target-oracle
2025-07-02T09:02:13.040870Z [info     ]   File "/home/marlonsc/flext/.venv/lib/python3.13/site-packages/oracledb/connection.py", line 1276, in connect cmd_type=elb consumer=True job_name=dev:tap-oracle-wms-to-target-oracle name=target-oracle producer=False run_id=67221539-41fb-4189-98fb-a6bbc97d12f7 stdio=stderr string_id=target-oracle
2025-07-02T09:02:13.041028Z [info     ]     return conn_class(dsn=dsn, pool=pool, params=params, **kwargs) cmd_type=elb consumer=True job_name=dev:tap-oracle-wms-to-target-oracle name=target-oracle producer=False run_id=67221539-41fb-4189-98fb-a6bbc97d12f7 stdio=stderr string_id=target-oracle
2025-07-02T09:02:13.041184Z [info     ]   File "/home/marlonsc/flext/.venv/lib/python3.13/site-packages/oracledb/connection.py", line 650, in __init__ cmd_type=elb consumer=True job_name=dev:tap-oracle-wms-to-target-oracle name=target-oracle producer=False run_id=67221539-41fb-4189-98fb-a6bbc97d12f7 stdio=stderr string_id=target-oracle
2025-07-02T09:02:13.041351Z [info     ]     impl.connect(params_impl)  cmd_type=elb consumer=True job_name=dev:tap-oracle-wms-to-target-oracle name=target-oracle producer=False run_id=67221539-41fb-4189-98fb-a6bbc97d12f7 stdio=stderr string_id=target-oracle
2025-07-02T09:02:13.041518Z [info     ]     ~~~~~~~~~~~~^^^^^^^^^^^^^  cmd_type=elb consumer=True job_name=dev:tap-oracle-wms-to-target-oracle name=target-oracle producer=False run_id=67221539-41fb-4189-98fb-a6bbc97d12f7 stdio=stderr string_id=target-oracle
2025-07-02T09:02:13.041690Z [info     ]   File "src/oracledb/impl/thin/connection.pyx", line 467, in oracledb.thin_impl.ThinConnImpl.connect cmd_type=elb consumer=True job_name=dev:tap-oracle-wms-to-target-oracle name=target-oracle producer=False run_id=67221539-41fb-4189-98fb-a6bbc97d12f7 stdio=stderr string_id=target-oracle
2025-07-02T09:02:13.041864Z [info     ]   File "src/oracledb/impl/thin/connection.pyx", line 463, in oracledb.thin_impl.ThinConnImpl.connect cmd_type=elb consumer=True job_name=dev:tap-oracle-wms-to-target-oracle name=target-oracle producer=False run_id=67221539-41fb-4189-98fb-a6bbc97d12f7 stdio=stderr string_id=target-oracle
2025-07-02T09:02:13.042035Z [info     ]   File "src/oracledb/impl/thin/connection.pyx", line 424, in oracledb.thin_impl.ThinConnImpl._connect_with_params cmd_type=elb consumer=True job_name=dev:tap-oracle-wms-to-target-oracle name=target-oracle producer=False run_id=67221539-41fb-4189-98fb-a6bbc97d12f7 stdio=stderr string_id=target-oracle
2025-07-02T09:02:13.042196Z [info     ]   File "src/oracledb/impl/thin/connection.pyx", line 405, in oracledb.thin_impl.ThinConnImpl._connect_with_description cmd_type=elb consumer=True job_name=dev:tap-oracle-wms-to-target-oracle name=target-oracle producer=False run_id=67221539-41fb-4189-98fb-a6bbc97d12f7 stdio=stderr string_id=target-oracle
2025-07-02T09:02:13.042368Z [info     ]   File "src/oracledb/impl/thin/connection.pyx", line 367, in oracledb.thin_impl.ThinConnImpl._connect_with_address cmd_type=elb consumer=True job_name=dev:tap-oracle-wms-to-target-oracle name=target-oracle producer=False run_id=67221539-41fb-4189-98fb-a6bbc97d12f7 stdio=stderr string_id=target-oracle
2025-07-02T09:02:13.042525Z [info     ]   File "/home/marlonsc/flext/.venv/lib/python3.13/site-packages/oracledb/errors.py", line 199, in _raise_err cmd_type=elb consumer=True job_name=dev:tap-oracle-wms-to-target-oracle name=target-oracle producer=False run_id=67221539-41fb-4189-98fb-a6bbc97d12f7 stdio=stderr string_id=target-oracle
2025-07-02T09:02:13.042681Z [info     ]     raise error.exc_type(error) from cause cmd_type=elb consumer=True job_name=dev:tap-oracle-wms-to-target-oracle name=target-oracle producer=False run_id=67221539-41fb-4189-98fb-a6bbc97d12f7 stdio=stderr string_id=target-oracle
2025-07-02T09:02:13.042842Z [info     ] sqlalchemy.exc.OperationalError: (oracledb.exceptions.OperationalError) DPY-6005: cannot connect to database (CONNECTION_ID=5yPLWpM768dHQ12+C01Ikg==). cmd_type=elb consumer=True job_name=dev:tap-oracle-wms-to-target-oracle name=target-oracle producer=False run_id=67221539-41fb-4189-98fb-a6bbc97d12f7 stdio=stderr string_id=target-oracle
2025-07-02T09:02:13.043003Z [info     ] DPY-4011: the database or network closed the connection cmd_type=elb consumer=True job_name=dev:tap-oracle-wms-to-target-oracle name=target-oracle producer=False run_id=67221539-41fb-4189-98fb-a6bbc97d12f7 stdio=stderr string_id=target-oracle
2025-07-02T09:02:13.043164Z [info     ] [Errno 104] Connection reset by peer cmd_type=elb consumer=True job_name=dev:tap-oracle-wms-to-target-oracle name=target-oracle producer=False run_id=67221539-41fb-4189-98fb-a6bbc97d12f7 stdio=stderr string_id=target-oracle
2025-07-02T09:02:13.043335Z [info     ] Help: https://python-oracledb.readthedocs.io/en/latest/user_guide/troubleshooting.html#dpy-4011 cmd_type=elb consumer=True job_name=dev:tap-oracle-wms-to-target-oracle name=target-oracle producer=False run_id=67221539-41fb-4189-98fb-a6bbc97d12f7 stdio=stderr string_id=target-oracle
2025-07-02T09:02:13.043499Z [info     ] (Background on this error at: https://sqlalche.me/e/20/e3q8) cmd_type=elb consumer=True job_name=dev:tap-oracle-wms-to-target-oracle name=target-oracle producer=False run_id=67221539-41fb-4189-98fb-a6bbc97d12f7 stdio=stderr string_id=target-oracle
2025-07-02T09:02:13.091882Z [info     ] === ORACLE TARGET PERFORMANCE SUMMARY === cmd_type=elb consumer=True job_name=dev:tap-oracle-wms-to-target-oracle name=target-oracle producer=False run_id=67221539-41fb-4189-98fb-a6bbc97d12f7 stdio=stderr string_id=target-oracle
2025-07-02T09:02:13.092130Z [info     ] Records processed: 0           cmd_type=elb consumer=True job_name=dev:tap-oracle-wms-to-target-oracle name=target-oracle producer=False run_id=67221539-41fb-4189-98fb-a6bbc97d12f7 stdio=stderr string_id=target-oracle
2025-07-02T09:02:13.092250Z [info     ] Records failed: 0              cmd_type=elb consumer=True job_name=dev:tap-oracle-wms-to-target-oracle name=target-oracle producer=False run_id=67221539-41fb-4189-98fb-a6bbc97d12f7 stdio=stderr string_id=target-oracle
2025-07-02T09:02:13.092381Z [info     ] Batches processed: 0           cmd_type=elb consumer=True job_name=dev:tap-oracle-wms-to-target-oracle name=target-oracle producer=False run_id=67221539-41fb-4189-98fb-a6bbc97d12f7 stdio=stderr string_id=target-oracle
2025-07-02T09:02:13.092467Z [info     ] Total processing time: 0.00s   cmd_type=elb consumer=True job_name=dev:tap-oracle-wms-to-target-oracle name=target-oracle producer=False run_id=67221539-41fb-4189-98fb-a6bbc97d12f7 stdio=stderr string_id=target-oracle
2025-07-02T09:02:13.092569Z [info     ] Connection errors: 0           cmd_type=elb consumer=True job_name=dev:tap-oracle-wms-to-target-oracle name=target-oracle producer=False run_id=67221539-41fb-4189-98fb-a6bbc97d12f7 stdio=stderr string_id=target-oracle
2025-07-02T09:02:13.092654Z [info     ] Retry attempts: 0              cmd_type=elb consumer=True job_name=dev:tap-oracle-wms-to-target-oracle name=target-oracle producer=False run_id=67221539-41fb-4189-98fb-a6bbc97d12f7 stdio=stderr string_id=target-oracle
2025-07-02T09:02:13.199402Z [error    ] Loader failed
2025-07-02T09:02:13.199637Z [error    ] Block run completed.           block_type=ExtractLoadBlocks err=RunnerError('Loader failed') exit_codes={<PluginType.LOADERS: 'loaders'>: 1} set_number=0 success=False
