2025-07-02T12:43:49.398633Z [warning  ] A catalog file was found, but it will be ignored as the extractor does not advertise the `catalog` or `properties` capability
2025-07-02T12:43:49.858588Z [info     ] tap-oracle-wms v0.1.0, Meltano SDK v0.47.4 cmd_type=elb consumer=False job_name=dev:tap-oracle-wms-to-target-oracle name=tap-oracle-wms producer=True run_id=34a47051-9578-430c-bbd3-40b9503bc52c stdio=stderr string_id=tap-oracle-wms
2025-07-02T12:43:49.860518Z [info     ] /home/marlonsc/flext/.venv/lib/python3.13/site-packages/singer_sdk/plugin_base.py:715: SingerSDKDeprecationWarning: Passing a list of config file paths is deprecated. Please pass the config as a dictionary instead. cmd_type=elb consumer=False job_name=dev:tap-oracle-wms-to-target-oracle name=tap-oracle-wms producer=True run_id=34a47051-9578-430c-bbd3-40b9503bc52c stdio=stderr string_id=tap-oracle-wms
2025-07-02T12:43:49.860684Z [info     ]   super().__init__(            cmd_type=elb consumer=False job_name=dev:tap-oracle-wms-to-target-oracle name=tap-oracle-wms producer=True run_id=34a47051-9578-430c-bbd3-40b9503bc52c stdio=stderr string_id=tap-oracle-wms
2025-07-02T12:43:49.860802Z [info     ]                                cmd_type=elb consumer=False job_name=dev:tap-oracle-wms-to-target-oracle name=tap-oracle-wms producer=True run_id=34a47051-9578-430c-bbd3-40b9503bc52c stdio=stderr string_id=tap-oracle-wms
2025-07-02T12:43:49.860912Z [info     ] Skipping parse of env var settings... cmd_type=elb consumer=False job_name=dev:tap-oracle-wms-to-target-oracle name=tap-oracle-wms producer=True run_id=34a47051-9578-430c-bbd3-40b9503bc52c stdio=stderr string_id=tap-oracle-wms
2025-07-02T12:43:49.861023Z [info     ] Discovering entities from Oracle WMS API cmd_type=elb consumer=False job_name=dev:tap-oracle-wms-to-target-oracle name=tap-oracle-wms producer=True run_id=34a47051-9578-430c-bbd3-40b9503bc52c stdio=stderr string_id=tap-oracle-wms
2025-07-02T12:43:49.956581Z [info     ] flext-target-oracle v1.0.0, Meltano SDK v0.47.4 cmd_type=elb consumer=True job_name=dev:tap-oracle-wms-to-target-oracle name=target-oracle producer=False run_id=34a47051-9578-430c-bbd3-40b9503bc52c stdio=stderr string_id=target-oracle
2025-07-02T12:43:49.956825Z [info     ] /home/marlonsc/flext/.venv/lib/python3.13/site-packages/singer_sdk/plugin_base.py:715: SingerSDKDeprecationWarning: Passing a list of config file paths is deprecated. Please pass the config as a dictionary instead. cmd_type=elb consumer=True job_name=dev:tap-oracle-wms-to-target-oracle name=target-oracle producer=False run_id=34a47051-9578-430c-bbd3-40b9503bc52c stdio=stderr string_id=target-oracle
2025-07-02T12:43:49.956907Z [info     ]   super().__init__(            cmd_type=elb consumer=True job_name=dev:tap-oracle-wms-to-target-oracle name=target-oracle producer=False run_id=34a47051-9578-430c-bbd3-40b9503bc52c stdio=stderr string_id=target-oracle
2025-07-02T12:43:49.956975Z [info     ]                                cmd_type=elb consumer=True job_name=dev:tap-oracle-wms-to-target-oracle name=target-oracle producer=False run_id=34a47051-9578-430c-bbd3-40b9503bc52c stdio=stderr string_id=target-oracle
2025-07-02T12:43:49.957039Z [info     ] Skipping parse of env var settings... cmd_type=elb consumer=True job_name=dev:tap-oracle-wms-to-target-oracle name=target-oracle producer=False run_id=34a47051-9578-430c-bbd3-40b9503bc52c stdio=stderr string_id=target-oracle
2025-07-02T12:43:49.958332Z [info     ] Traceback (most recent call last): cmd_type=elb consumer=True job_name=dev:tap-oracle-wms-to-target-oracle name=target-oracle producer=False run_id=34a47051-9578-430c-bbd3-40b9503bc52c stdio=stderr string_id=target-oracle
2025-07-02T12:43:49.958487Z [info     ]   File "/home/marlonsc/flext/flext-target-oracle/flext_target_oracle/target.py", line 43, in __init__ cmd_type=elb consumer=True job_name=dev:tap-oracle-wms-to-target-oracle name=target-oracle producer=False run_id=34a47051-9578-430c-bbd3-40b9503bc52c stdio=stderr string_id=target-oracle
2025-07-02T12:43:49.958569Z [info     ]     self.logger = create_logger(self.config) cmd_type=elb consumer=True job_name=dev:tap-oracle-wms-to-target-oracle name=target-oracle producer=False run_id=34a47051-9578-430c-bbd3-40b9503bc52c stdio=stderr string_id=target-oracle
2025-07-02T12:43:49.958642Z [info     ]     ^^^^^^^^^^^                cmd_type=elb consumer=True job_name=dev:tap-oracle-wms-to-target-oracle name=target-oracle producer=False run_id=34a47051-9578-430c-bbd3-40b9503bc52c stdio=stderr string_id=target-oracle
2025-07-02T12:43:49.958712Z [info     ]   File "/home/marlonsc/flext/.venv/lib/python3.13/site-packages/singer_sdk/helpers/_classproperty.py", line 13, in __set__ cmd_type=elb consumer=True job_name=dev:tap-oracle-wms-to-target-oracle name=target-oracle producer=False run_id=34a47051-9578-430c-bbd3-40b9503bc52c stdio=stderr string_id=target-oracle
2025-07-02T12:43:49.958774Z [info     ]     super().__set__(type(obj), value) cmd_type=elb consumer=True job_name=dev:tap-oracle-wms-to-target-oracle name=target-oracle producer=False run_id=34a47051-9578-430c-bbd3-40b9503bc52c stdio=stderr string_id=target-oracle
2025-07-02T12:43:49.958836Z [info     ]     ~~~~~~~~~~~~~~~^^^^^^^^^^^^^^^^^^ cmd_type=elb consumer=True job_name=dev:tap-oracle-wms-to-target-oracle name=target-oracle producer=False run_id=34a47051-9578-430c-bbd3-40b9503bc52c stdio=stderr string_id=target-oracle
2025-07-02T12:43:49.958909Z [info     ] AttributeError: property 'logger' of 'ABCMeta' object has no setter cmd_type=elb consumer=True job_name=dev:tap-oracle-wms-to-target-oracle name=target-oracle producer=False run_id=34a47051-9578-430c-bbd3-40b9503bc52c stdio=stderr string_id=target-oracle
2025-07-02T12:43:49.958985Z [info     ]                                cmd_type=elb consumer=True job_name=dev:tap-oracle-wms-to-target-oracle name=target-oracle producer=False run_id=34a47051-9578-430c-bbd3-40b9503bc52c stdio=stderr string_id=target-oracle
2025-07-02T12:43:49.959047Z [info     ] During handling of the above exception, another exception occurred: cmd_type=elb consumer=True job_name=dev:tap-oracle-wms-to-target-oracle name=target-oracle producer=False run_id=34a47051-9578-430c-bbd3-40b9503bc52c stdio=stderr string_id=target-oracle
2025-07-02T12:43:49.959107Z [info     ]                                cmd_type=elb consumer=True job_name=dev:tap-oracle-wms-to-target-oracle name=target-oracle producer=False run_id=34a47051-9578-430c-bbd3-40b9503bc52c stdio=stderr string_id=target-oracle
2025-07-02T12:43:49.959168Z [info     ] Traceback (most recent call last): cmd_type=elb consumer=True job_name=dev:tap-oracle-wms-to-target-oracle name=target-oracle producer=False run_id=34a47051-9578-430c-bbd3-40b9503bc52c stdio=stderr string_id=target-oracle
2025-07-02T12:43:49.959242Z [info     ]   File "/home/marlonsc/flext/.venv/bin/flext-target-oracle", line 8, in <module> cmd_type=elb consumer=True job_name=dev:tap-oracle-wms-to-target-oracle name=target-oracle producer=False run_id=34a47051-9578-430c-bbd3-40b9503bc52c stdio=stderr string_id=target-oracle
2025-07-02T12:43:49.959317Z [info     ]     sys.exit(main())           cmd_type=elb consumer=True job_name=dev:tap-oracle-wms-to-target-oracle name=target-oracle producer=False run_id=34a47051-9578-430c-bbd3-40b9503bc52c stdio=stderr string_id=target-oracle
2025-07-02T12:43:49.959383Z [info     ]              ~~~~^^            cmd_type=elb consumer=True job_name=dev:tap-oracle-wms-to-target-oracle name=target-oracle producer=False run_id=34a47051-9578-430c-bbd3-40b9503bc52c stdio=stderr string_id=target-oracle
2025-07-02T12:43:49.959445Z [info     ]   File "/home/marlonsc/flext/flext-target-oracle/flext_target_oracle/cli.py", line 14, in main cmd_type=elb consumer=True job_name=dev:tap-oracle-wms-to-target-oracle name=target-oracle producer=False run_id=34a47051-9578-430c-bbd3-40b9503bc52c stdio=stderr string_id=target-oracle
2025-07-02T12:43:49.959506Z [info     ]     OracleTarget.cli()         cmd_type=elb consumer=True job_name=dev:tap-oracle-wms-to-target-oracle name=target-oracle producer=False run_id=34a47051-9578-430c-bbd3-40b9503bc52c stdio=stderr string_id=target-oracle
2025-07-02T12:43:49.959570Z [info     ]     ~~~~~~~~~~~~~~~~^^         cmd_type=elb consumer=True job_name=dev:tap-oracle-wms-to-target-oracle name=target-oracle producer=False run_id=34a47051-9578-430c-bbd3-40b9503bc52c stdio=stderr string_id=target-oracle
2025-07-02T12:43:49.959635Z [info     ]   File "/home/marlonsc/flext/.venv/lib/python3.13/site-packages/click/core.py", line 1442, in __call__ cmd_type=elb consumer=True job_name=dev:tap-oracle-wms-to-target-oracle name=target-oracle producer=False run_id=34a47051-9578-430c-bbd3-40b9503bc52c stdio=stderr string_id=target-oracle
2025-07-02T12:43:49.959696Z [info     ]     return self.main(*args, **kwargs) cmd_type=elb consumer=True job_name=dev:tap-oracle-wms-to-target-oracle name=target-oracle producer=False run_id=34a47051-9578-430c-bbd3-40b9503bc52c stdio=stderr string_id=target-oracle
2025-07-02T12:43:49.959756Z [info     ]            ~~~~~~~~~^^^^^^^^^^^^^^^^^ cmd_type=elb consumer=True job_name=dev:tap-oracle-wms-to-target-oracle name=target-oracle producer=False run_id=34a47051-9578-430c-bbd3-40b9503bc52c stdio=stderr string_id=target-oracle
2025-07-02T12:43:49.959815Z [info     ]   File "/home/marlonsc/flext/.venv/lib/python3.13/site-packages/click/core.py", line 1363, in main cmd_type=elb consumer=True job_name=dev:tap-oracle-wms-to-target-oracle name=target-oracle producer=False run_id=34a47051-9578-430c-bbd3-40b9503bc52c stdio=stderr string_id=target-oracle
2025-07-02T12:43:49.959874Z [info     ]     rv = self.invoke(ctx)      cmd_type=elb consumer=True job_name=dev:tap-oracle-wms-to-target-oracle name=target-oracle producer=False run_id=34a47051-9578-430c-bbd3-40b9503bc52c stdio=stderr string_id=target-oracle
2025-07-02T12:43:49.959935Z [info     ]   File "/home/marlonsc/flext/.venv/lib/python3.13/site-packages/singer_sdk/plugin_base.py", line 98, in invoke cmd_type=elb consumer=True job_name=dev:tap-oracle-wms-to-target-oracle name=target-oracle producer=False run_id=34a47051-9578-430c-bbd3-40b9503bc52c stdio=stderr string_id=target-oracle
2025-07-02T12:43:49.959993Z [info     ]     return super().invoke(ctx) cmd_type=elb consumer=True job_name=dev:tap-oracle-wms-to-target-oracle name=target-oracle producer=False run_id=34a47051-9578-430c-bbd3-40b9503bc52c stdio=stderr string_id=target-oracle
2025-07-02T12:43:49.960051Z [info     ]            ~~~~~~~~~~~~~~^^^^^ cmd_type=elb consumer=True job_name=dev:tap-oracle-wms-to-target-oracle name=target-oracle producer=False run_id=34a47051-9578-430c-bbd3-40b9503bc52c stdio=stderr string_id=target-oracle
2025-07-02T12:43:49.960111Z [info     ]   File "/home/marlonsc/flext/.venv/lib/python3.13/site-packages/click/core.py", line 1226, in invoke cmd_type=elb consumer=True job_name=dev:tap-oracle-wms-to-target-oracle name=target-oracle producer=False run_id=34a47051-9578-430c-bbd3-40b9503bc52c stdio=stderr string_id=target-oracle
2025-07-02T12:43:49.960171Z [info     ]     return ctx.invoke(self.callback, **ctx.params) cmd_type=elb consumer=True job_name=dev:tap-oracle-wms-to-target-oracle name=target-oracle producer=False run_id=34a47051-9578-430c-bbd3-40b9503bc52c stdio=stderr string_id=target-oracle
2025-07-02T12:43:49.960236Z [info     ]            ~~~~~~~~~~^^^^^^^^^^^^^^^^^^^^^^^^^^^^^ cmd_type=elb consumer=True job_name=dev:tap-oracle-wms-to-target-oracle name=target-oracle producer=False run_id=34a47051-9578-430c-bbd3-40b9503bc52c stdio=stderr string_id=target-oracle
2025-07-02T12:43:49.960300Z [info     ]   File "/home/marlonsc/flext/.venv/lib/python3.13/site-packages/click/core.py", line 794, in invoke cmd_type=elb consumer=True job_name=dev:tap-oracle-wms-to-target-oracle name=target-oracle producer=False run_id=34a47051-9578-430c-bbd3-40b9503bc52c stdio=stderr string_id=target-oracle
2025-07-02T12:43:49.960359Z [info     ]     return callback(*args, **kwargs) cmd_type=elb consumer=True job_name=dev:tap-oracle-wms-to-target-oracle name=target-oracle producer=False run_id=34a47051-9578-430c-bbd3-40b9503bc52c stdio=stderr string_id=target-oracle
2025-07-02T12:43:49.960418Z [info     ]   File "/home/marlonsc/flext/.venv/lib/python3.13/site-packages/singer_sdk/target_base.py", line 583, in invoke cmd_type=elb consumer=True job_name=dev:tap-oracle-wms-to-target-oracle name=target-oracle producer=False run_id=34a47051-9578-430c-bbd3-40b9503bc52c stdio=stderr string_id=target-oracle
2025-07-02T12:43:49.960479Z [info     ]     target = cls(              cmd_type=elb consumer=True job_name=dev:tap-oracle-wms-to-target-oracle name=target-oracle producer=False run_id=34a47051-9578-430c-bbd3-40b9503bc52c stdio=stderr string_id=target-oracle
2025-07-02T12:43:49.960540Z [info     ]         config=config_files,  # type: ignore[arg-type] cmd_type=elb consumer=True job_name=dev:tap-oracle-wms-to-target-oracle name=target-oracle producer=False run_id=34a47051-9578-430c-bbd3-40b9503bc52c stdio=stderr string_id=target-oracle
2025-07-02T12:43:49.960598Z [info     ]         validate_config=True,  cmd_type=elb consumer=True job_name=dev:tap-oracle-wms-to-target-oracle name=target-oracle producer=False run_id=34a47051-9578-430c-bbd3-40b9503bc52c stdio=stderr string_id=target-oracle
2025-07-02T12:43:49.960658Z [info     ]         parse_env_config=parse_env_config, cmd_type=elb consumer=True job_name=dev:tap-oracle-wms-to-target-oracle name=target-oracle producer=False run_id=34a47051-9578-430c-bbd3-40b9503bc52c stdio=stderr string_id=target-oracle
2025-07-02T12:43:49.960717Z [info     ]     )                          cmd_type=elb consumer=True job_name=dev:tap-oracle-wms-to-target-oracle name=target-oracle producer=False run_id=34a47051-9578-430c-bbd3-40b9503bc52c stdio=stderr string_id=target-oracle
2025-07-02T12:43:49.960777Z [info     ]   File "/home/marlonsc/flext/flext-target-oracle/flext_target_oracle/target.py", line 51, in __init__ cmd_type=elb consumer=True job_name=dev:tap-oracle-wms-to-target-oracle name=target-oracle producer=False run_id=34a47051-9578-430c-bbd3-40b9503bc52c stdio=stderr string_id=target-oracle
2025-07-02T12:43:49.960837Z [info     ]     self.logger = logging.getLogger(self.name) cmd_type=elb consumer=True job_name=dev:tap-oracle-wms-to-target-oracle name=target-oracle producer=False run_id=34a47051-9578-430c-bbd3-40b9503bc52c stdio=stderr string_id=target-oracle
2025-07-02T12:43:49.960897Z [info     ]     ^^^^^^^^^^^                cmd_type=elb consumer=True job_name=dev:tap-oracle-wms-to-target-oracle name=target-oracle producer=False run_id=34a47051-9578-430c-bbd3-40b9503bc52c stdio=stderr string_id=target-oracle
2025-07-02T12:43:49.960965Z [info     ]   File "/home/marlonsc/flext/.venv/lib/python3.13/site-packages/singer_sdk/helpers/_classproperty.py", line 13, in __set__ cmd_type=elb consumer=True job_name=dev:tap-oracle-wms-to-target-oracle name=target-oracle producer=False run_id=34a47051-9578-430c-bbd3-40b9503bc52c stdio=stderr string_id=target-oracle
2025-07-02T12:43:49.961033Z [info     ]     super().__set__(type(obj), value) cmd_type=elb consumer=True job_name=dev:tap-oracle-wms-to-target-oracle name=target-oracle producer=False run_id=34a47051-9578-430c-bbd3-40b9503bc52c stdio=stderr string_id=target-oracle
2025-07-02T12:43:49.961106Z [info     ]     ~~~~~~~~~~~~~~~^^^^^^^^^^^^^^^^^^ cmd_type=elb consumer=True job_name=dev:tap-oracle-wms-to-target-oracle name=target-oracle producer=False run_id=34a47051-9578-430c-bbd3-40b9503bc52c stdio=stderr string_id=target-oracle
2025-07-02T12:43:49.961170Z [info     ] AttributeError: property 'logger' of 'ABCMeta' object has no setter cmd_type=elb consumer=True job_name=dev:tap-oracle-wms-to-target-oracle name=target-oracle producer=False run_id=34a47051-9578-430c-bbd3-40b9503bc52c stdio=stderr string_id=target-oracle
2025-07-02T12:43:50.070832Z [error    ] Loader failed
2025-07-02T12:43:50.070969Z [error    ] Block run completed.           block_type=ExtractLoadBlocks err=RunnerError('Loader failed') exit_codes={<PluginType.LOADERS: 'loaders'>: 1} set_number=0 success=False
