2025-07-02T01:50:30.150025Z [warning  ] Force option is enabled, ignoring stale job check.
2025-07-02T01:50:30.314211Z [info     ] Using systemdb state backend
2025-07-02T01:50:30.315905Z [warning  ] No state was found, complete import.
2025-07-02T01:50:33.743027Z [info     ] üéµ Starting Singer message processing cmd_type=elb consumer=True job_name=dev:tap-oracle-wms-to-target-oracle name=target-oracle producer=False run_id=45c9847b-be8d-403a-bd15-c7e9887003ac stdio=stderr string_id=target-oracle
2025-07-02T01:50:33.743497Z [info     ] üîå Connecting to Oracle: 10.93.10.114:1522/gbe8f3f2dbbc562_dwpdb_low.adb.oraclecloud.com cmd_type=elb consumer=True job_name=dev:tap-oracle-wms-to-target-oracle name=target-oracle producer=False run_id=45c9847b-be8d-403a-bd15-c7e9887003ac stdio=stderr string_id=target-oracle
2025-07-02T01:50:33.743768Z [info     ] üîê Protocol: tcps, User: oic    cmd_type=elb consumer=True job_name=dev:tap-oracle-wms-to-target-oracle name=target-oracle producer=False run_id=45c9847b-be8d-403a-bd15-c7e9887003ac stdio=stderr string_id=target-oracle
2025-07-02T01:50:33.832010Z [info     ] ‚ùå Oracle connection failed: DPY-6005: cannot connect to database (CONNECTION_ID=SlebvBFfy9yqj38iRKMgow==). cmd_type=elb consumer=True job_name=dev:tap-oracle-wms-to-target-oracle name=target-oracle producer=False run_id=45c9847b-be8d-403a-bd15-c7e9887003ac stdio=stderr string_id=target-oracle
2025-07-02T01:50:33.832238Z [info     ] DPY-4011: the database or network closed the connection cmd_type=elb consumer=True job_name=dev:tap-oracle-wms-to-target-oracle name=target-oracle producer=False run_id=45c9847b-be8d-403a-bd15-c7e9887003ac stdio=stderr string_id=target-oracle
2025-07-02T01:50:33.832353Z [info     ] [Errno 104] Connection reset by peer cmd_type=elb consumer=True job_name=dev:tap-oracle-wms-to-target-oracle name=target-oracle producer=False run_id=45c9847b-be8d-403a-bd15-c7e9887003ac stdio=stderr string_id=target-oracle
2025-07-02T01:50:33.832438Z [info     ] Help: https://python-oracledb.readthedocs.io/en/latest/user_guide/troubleshooting.html#dpy-4011 cmd_type=elb consumer=True job_name=dev:tap-oracle-wms-to-target-oracle name=target-oracle producer=False run_id=45c9847b-be8d-403a-bd15-c7e9887003ac stdio=stderr string_id=target-oracle
2025-07-02T01:50:33.839568Z [info     ] Traceback (most recent call last): cmd_type=elb consumer=True job_name=dev:tap-oracle-wms-to-target-oracle name=target-oracle producer=False run_id=45c9847b-be8d-403a-bd15-c7e9887003ac stdio=stderr string_id=target-oracle
2025-07-02T01:50:33.839813Z [info     ]   File "src/oracledb/impl/thin/transport.pyx", line 328, in oracledb.thin_impl.Transport.read_packet cmd_type=elb consumer=True job_name=dev:tap-oracle-wms-to-target-oracle name=target-oracle producer=False run_id=45c9847b-be8d-403a-bd15-c7e9887003ac stdio=stderr string_id=target-oracle
2025-07-02T01:50:33.839920Z [info     ] ConnectionResetError: [Errno 104] Connection reset by peer cmd_type=elb consumer=True job_name=dev:tap-oracle-wms-to-target-oracle name=target-oracle producer=False run_id=45c9847b-be8d-403a-bd15-c7e9887003ac stdio=stderr string_id=target-oracle
2025-07-02T01:50:33.840007Z [info     ]                                cmd_type=elb consumer=True job_name=dev:tap-oracle-wms-to-target-oracle name=target-oracle producer=False run_id=45c9847b-be8d-403a-bd15-c7e9887003ac stdio=stderr string_id=target-oracle
2025-07-02T01:50:33.840088Z [info     ] The above exception was the direct cause of the following exception: cmd_type=elb consumer=True job_name=dev:tap-oracle-wms-to-target-oracle name=target-oracle producer=False run_id=45c9847b-be8d-403a-bd15-c7e9887003ac stdio=stderr string_id=target-oracle
2025-07-02T01:50:33.840165Z [info     ]                                cmd_type=elb consumer=True job_name=dev:tap-oracle-wms-to-target-oracle name=target-oracle producer=False run_id=45c9847b-be8d-403a-bd15-c7e9887003ac stdio=stderr string_id=target-oracle
2025-07-02T01:50:33.840239Z [info     ] Traceback (most recent call last): cmd_type=elb consumer=True job_name=dev:tap-oracle-wms-to-target-oracle name=target-oracle producer=False run_id=45c9847b-be8d-403a-bd15-c7e9887003ac stdio=stderr string_id=target-oracle
2025-07-02T01:50:33.840376Z [info     ]   File "src/oracledb/impl/thin/connection.pyx", line 332, in oracledb.thin_impl.ThinConnImpl._connect_with_address cmd_type=elb consumer=True job_name=dev:tap-oracle-wms-to-target-oracle name=target-oracle producer=False run_id=45c9847b-be8d-403a-bd15-c7e9887003ac stdio=stderr string_id=target-oracle
2025-07-02T01:50:33.840464Z [info     ]   File "src/oracledb/impl/thin/protocol.pyx", line 245, in oracledb.thin_impl.Protocol._connect_phase_one cmd_type=elb consumer=True job_name=dev:tap-oracle-wms-to-target-oracle name=target-oracle producer=False run_id=45c9847b-be8d-403a-bd15-c7e9887003ac stdio=stderr string_id=target-oracle
2025-07-02T01:50:33.840545Z [info     ]   File "src/oracledb/impl/thin/protocol.pyx", line 408, in oracledb.thin_impl.Protocol._process_message cmd_type=elb consumer=True job_name=dev:tap-oracle-wms-to-target-oracle name=target-oracle producer=False run_id=45c9847b-be8d-403a-bd15-c7e9887003ac stdio=stderr string_id=target-oracle
2025-07-02T01:50:33.840622Z [info     ]   File "src/oracledb/impl/thin/protocol.pyx", line 386, in oracledb.thin_impl.Protocol._process_message cmd_type=elb consumer=True job_name=dev:tap-oracle-wms-to-target-oracle name=target-oracle producer=False run_id=45c9847b-be8d-403a-bd15-c7e9887003ac stdio=stderr string_id=target-oracle
2025-07-02T01:50:33.840695Z [info     ]   File "src/oracledb/impl/thin/protocol.pyx", line 456, in oracledb.thin_impl.Protocol._receive_packet cmd_type=elb consumer=True job_name=dev:tap-oracle-wms-to-target-oracle name=target-oracle producer=False run_id=45c9847b-be8d-403a-bd15-c7e9887003ac stdio=stderr string_id=target-oracle
2025-07-02T01:50:33.840771Z [info     ]   File "src/oracledb/impl/thin/packet.pyx", line 750, in oracledb.thin_impl.ReadBuffer.wait_for_packets_sync cmd_type=elb consumer=True job_name=dev:tap-oracle-wms-to-target-oracle name=target-oracle producer=False run_id=45c9847b-be8d-403a-bd15-c7e9887003ac stdio=stderr string_id=target-oracle
2025-07-02T01:50:33.840843Z [info     ]   File "src/oracledb/impl/thin/transport.pyx", line 330, in oracledb.thin_impl.Transport.read_packet cmd_type=elb consumer=True job_name=dev:tap-oracle-wms-to-target-oracle name=target-oracle producer=False run_id=45c9847b-be8d-403a-bd15-c7e9887003ac stdio=stderr string_id=target-oracle
2025-07-02T01:50:33.840918Z [info     ]   File "/home/marlonsc/flext/.venv/lib/python3.13/site-packages/oracledb/errors.py", line 195, in _raise_err cmd_type=elb consumer=True job_name=dev:tap-oracle-wms-to-target-oracle name=target-oracle producer=False run_id=45c9847b-be8d-403a-bd15-c7e9887003ac stdio=stderr string_id=target-oracle
2025-07-02T01:50:33.840992Z [info     ]     raise error.exc_type(error) from cause cmd_type=elb consumer=True job_name=dev:tap-oracle-wms-to-target-oracle name=target-oracle producer=False run_id=45c9847b-be8d-403a-bd15-c7e9887003ac stdio=stderr string_id=target-oracle
2025-07-02T01:50:33.841068Z [info     ] oracledb.exceptions.DatabaseError: DPY-4011: the database or network closed the connection cmd_type=elb consumer=True job_name=dev:tap-oracle-wms-to-target-oracle name=target-oracle producer=False run_id=45c9847b-be8d-403a-bd15-c7e9887003ac stdio=stderr string_id=target-oracle
2025-07-02T01:50:33.841145Z [info     ] [Errno 104] Connection reset by peer cmd_type=elb consumer=True job_name=dev:tap-oracle-wms-to-target-oracle name=target-oracle producer=False run_id=45c9847b-be8d-403a-bd15-c7e9887003ac stdio=stderr string_id=target-oracle
2025-07-02T01:50:33.841218Z [info     ] Help: https://python-oracledb.readthedocs.io/en/latest/user_guide/troubleshooting.html#dpy-4011 cmd_type=elb consumer=True job_name=dev:tap-oracle-wms-to-target-oracle name=target-oracle producer=False run_id=45c9847b-be8d-403a-bd15-c7e9887003ac stdio=stderr string_id=target-oracle
2025-07-02T01:50:33.841303Z [info     ]                                cmd_type=elb consumer=True job_name=dev:tap-oracle-wms-to-target-oracle name=target-oracle producer=False run_id=45c9847b-be8d-403a-bd15-c7e9887003ac stdio=stderr string_id=target-oracle
2025-07-02T01:50:33.841385Z [info     ] The above exception was the direct cause of the following exception: cmd_type=elb consumer=True job_name=dev:tap-oracle-wms-to-target-oracle name=target-oracle producer=False run_id=45c9847b-be8d-403a-bd15-c7e9887003ac stdio=stderr string_id=target-oracle
2025-07-02T01:50:33.841463Z [info     ]                                cmd_type=elb consumer=True job_name=dev:tap-oracle-wms-to-target-oracle name=target-oracle producer=False run_id=45c9847b-be8d-403a-bd15-c7e9887003ac stdio=stderr string_id=target-oracle
2025-07-02T01:50:33.841543Z [info     ] Traceback (most recent call last): cmd_type=elb consumer=True job_name=dev:tap-oracle-wms-to-target-oracle name=target-oracle producer=False run_id=45c9847b-be8d-403a-bd15-c7e9887003ac stdio=stderr string_id=target-oracle
2025-07-02T01:50:33.841643Z [info     ]   File "/home/marlonsc/flext/gruponos-meltano-native/simple_target_oracle_fixed.py", line 44, in get_oracle_connection cmd_type=elb consumer=True job_name=dev:tap-oracle-wms-to-target-oracle name=target-oracle producer=False run_id=45c9847b-be8d-403a-bd15-c7e9887003ac stdio=stderr string_id=target-oracle
2025-07-02T01:50:33.841723Z [info     ]     connection = oracledb.connect( cmd_type=elb consumer=True job_name=dev:tap-oracle-wms-to-target-oracle name=target-oracle producer=False run_id=45c9847b-be8d-403a-bd15-c7e9887003ac stdio=stderr string_id=target-oracle
2025-07-02T01:50:33.841797Z [info     ]         user=username,         cmd_type=elb consumer=True job_name=dev:tap-oracle-wms-to-target-oracle name=target-oracle producer=False run_id=45c9847b-be8d-403a-bd15-c7e9887003ac stdio=stderr string_id=target-oracle
2025-07-02T01:50:33.841873Z [info     ]         password=password,     cmd_type=elb consumer=True job_name=dev:tap-oracle-wms-to-target-oracle name=target-oracle producer=False run_id=45c9847b-be8d-403a-bd15-c7e9887003ac stdio=stderr string_id=target-oracle
2025-07-02T01:50:33.841946Z [info     ]         dsn=dsn                cmd_type=elb consumer=True job_name=dev:tap-oracle-wms-to-target-oracle name=target-oracle producer=False run_id=45c9847b-be8d-403a-bd15-c7e9887003ac stdio=stderr string_id=target-oracle
2025-07-02T01:50:33.842021Z [info     ]     )                          cmd_type=elb consumer=True job_name=dev:tap-oracle-wms-to-target-oracle name=target-oracle producer=False run_id=45c9847b-be8d-403a-bd15-c7e9887003ac stdio=stderr string_id=target-oracle
2025-07-02T01:50:33.842096Z [info     ]   File "/home/marlonsc/flext/.venv/lib/python3.13/site-packages/oracledb/connection.py", line 1194, in connect cmd_type=elb consumer=True job_name=dev:tap-oracle-wms-to-target-oracle name=target-oracle producer=False run_id=45c9847b-be8d-403a-bd15-c7e9887003ac stdio=stderr string_id=target-oracle
2025-07-02T01:50:33.842177Z [info     ]     return conn_class(dsn=dsn, pool=pool, params=params, **kwargs) cmd_type=elb consumer=True job_name=dev:tap-oracle-wms-to-target-oracle name=target-oracle producer=False run_id=45c9847b-be8d-403a-bd15-c7e9887003ac stdio=stderr string_id=target-oracle
2025-07-02T01:50:33.842252Z [info     ]   File "/home/marlonsc/flext/.venv/lib/python3.13/site-packages/oracledb/connection.py", line 576, in __init__ cmd_type=elb consumer=True job_name=dev:tap-oracle-wms-to-target-oracle name=target-oracle producer=False run_id=45c9847b-be8d-403a-bd15-c7e9887003ac stdio=stderr string_id=target-oracle
2025-07-02T01:50:33.842335Z [info     ]     impl.connect(params_impl)  cmd_type=elb consumer=True job_name=dev:tap-oracle-wms-to-target-oracle name=target-oracle producer=False run_id=45c9847b-be8d-403a-bd15-c7e9887003ac stdio=stderr string_id=target-oracle
2025-07-02T01:50:33.842414Z [info     ]     ~~~~~~~~~~~~^^^^^^^^^^^^^  cmd_type=elb consumer=True job_name=dev:tap-oracle-wms-to-target-oracle name=target-oracle producer=False run_id=45c9847b-be8d-403a-bd15-c7e9887003ac stdio=stderr string_id=target-oracle
2025-07-02T01:50:33.842485Z [info     ]   File "src/oracledb/impl/thin/connection.pyx", line 433, in oracledb.thin_impl.ThinConnImpl.connect cmd_type=elb consumer=True job_name=dev:tap-oracle-wms-to-target-oracle name=target-oracle producer=False run_id=45c9847b-be8d-403a-bd15-c7e9887003ac stdio=stderr string_id=target-oracle
2025-07-02T01:50:33.842564Z [info     ]   File "src/oracledb/impl/thin/connection.pyx", line 429, in oracledb.thin_impl.ThinConnImpl.connect cmd_type=elb consumer=True job_name=dev:tap-oracle-wms-to-target-oracle name=target-oracle producer=False run_id=45c9847b-be8d-403a-bd15-c7e9887003ac stdio=stderr string_id=target-oracle
2025-07-02T01:50:33.842642Z [info     ]   File "src/oracledb/impl/thin/connection.pyx", line 389, in oracledb.thin_impl.ThinConnImpl._connect_with_params cmd_type=elb consumer=True job_name=dev:tap-oracle-wms-to-target-oracle name=target-oracle producer=False run_id=45c9847b-be8d-403a-bd15-c7e9887003ac stdio=stderr string_id=target-oracle
2025-07-02T01:50:33.842716Z [info     ]   File "src/oracledb/impl/thin/connection.pyx", line 370, in oracledb.thin_impl.ThinConnImpl._connect_with_description cmd_type=elb consumer=True job_name=dev:tap-oracle-wms-to-target-oracle name=target-oracle producer=False run_id=45c9847b-be8d-403a-bd15-c7e9887003ac stdio=stderr string_id=target-oracle
2025-07-02T01:50:33.842792Z [info     ]   File "src/oracledb/impl/thin/connection.pyx", line 336, in oracledb.thin_impl.ThinConnImpl._connect_with_address cmd_type=elb consumer=True job_name=dev:tap-oracle-wms-to-target-oracle name=target-oracle producer=False run_id=45c9847b-be8d-403a-bd15-c7e9887003ac stdio=stderr string_id=target-oracle
2025-07-02T01:50:33.842865Z [info     ]   File "/home/marlonsc/flext/.venv/lib/python3.13/site-packages/oracledb/errors.py", line 195, in _raise_err cmd_type=elb consumer=True job_name=dev:tap-oracle-wms-to-target-oracle name=target-oracle producer=False run_id=45c9847b-be8d-403a-bd15-c7e9887003ac stdio=stderr string_id=target-oracle
2025-07-02T01:50:33.842944Z [info     ]     raise error.exc_type(error) from cause cmd_type=elb consumer=True job_name=dev:tap-oracle-wms-to-target-oracle name=target-oracle producer=False run_id=45c9847b-be8d-403a-bd15-c7e9887003ac stdio=stderr string_id=target-oracle
2025-07-02T01:50:33.843018Z [info     ] oracledb.exceptions.OperationalError: DPY-6005: cannot connect to database (CONNECTION_ID=SlebvBFfy9yqj38iRKMgow==). cmd_type=elb consumer=True job_name=dev:tap-oracle-wms-to-target-oracle name=target-oracle producer=False run_id=45c9847b-be8d-403a-bd15-c7e9887003ac stdio=stderr string_id=target-oracle
2025-07-02T01:50:33.843093Z [info     ] DPY-4011: the database or network closed the connection cmd_type=elb consumer=True job_name=dev:tap-oracle-wms-to-target-oracle name=target-oracle producer=False run_id=45c9847b-be8d-403a-bd15-c7e9887003ac stdio=stderr string_id=target-oracle
2025-07-02T01:50:33.843175Z [info     ] [Errno 104] Connection reset by peer cmd_type=elb consumer=True job_name=dev:tap-oracle-wms-to-target-oracle name=target-oracle producer=False run_id=45c9847b-be8d-403a-bd15-c7e9887003ac stdio=stderr string_id=target-oracle
2025-07-02T01:50:33.843252Z [info     ] Help: https://python-oracledb.readthedocs.io/en/latest/user_guide/troubleshooting.html#dpy-4011 cmd_type=elb consumer=True job_name=dev:tap-oracle-wms-to-target-oracle name=target-oracle producer=False run_id=45c9847b-be8d-403a-bd15-c7e9887003ac stdio=stderr string_id=target-oracle
2025-07-02T01:50:33.843337Z [info     ] ‚ùå Failed to get Oracle connection cmd_type=elb consumer=True job_name=dev:tap-oracle-wms-to-target-oracle name=target-oracle producer=False run_id=45c9847b-be8d-403a-bd15-c7e9887003ac stdio=stderr string_id=target-oracle
2025-07-02T01:50:33.880289Z [error    ] Loader failed
2025-07-02T01:50:33.880446Z [error    ] Block run completed.           block_type=ExtractLoadBlocks err=RunnerError('Loader failed') exit_codes={<PluginType.LOADERS: 'loaders'>: 1} set_number=0 success=False
