2025-07-02T13:01:14.558041Z [warning  ] A catalog file was found, but it will be ignored as the extractor does not advertise the `catalog` or `properties` capability
2025-07-02T13:01:15.047759Z [info     ] tap-oracle-wms v0.1.0, Meltano SDK v0.47.4 cmd_type=elb consumer=False job_name=dev:tap-oracle-wms-to-target-oracle name=tap-oracle-wms producer=True run_id=5138f0b9-bb51-46fd-a1b4-17f942c9433e stdio=stderr string_id=tap-oracle-wms
2025-07-02T13:01:15.048187Z [info     ] /home/marlonsc/flext/.venv/lib/python3.13/site-packages/singer_sdk/plugin_base.py:715: SingerSDKDeprecationWarning: Passing a list of config file paths is deprecated. Please pass the config as a dictionary instead. cmd_type=elb consumer=False job_name=dev:tap-oracle-wms-to-target-oracle name=tap-oracle-wms producer=True run_id=5138f0b9-bb51-46fd-a1b4-17f942c9433e stdio=stderr string_id=tap-oracle-wms
2025-07-02T13:01:15.048393Z [info     ]   super().__init__(            cmd_type=elb consumer=False job_name=dev:tap-oracle-wms-to-target-oracle name=tap-oracle-wms producer=True run_id=5138f0b9-bb51-46fd-a1b4-17f942c9433e stdio=stderr string_id=tap-oracle-wms
2025-07-02T13:01:15.048553Z [info     ]                                cmd_type=elb consumer=False job_name=dev:tap-oracle-wms-to-target-oracle name=tap-oracle-wms producer=True run_id=5138f0b9-bb51-46fd-a1b4-17f942c9433e stdio=stderr string_id=tap-oracle-wms
2025-07-02T13:01:15.048736Z [info     ] Skipping parse of env var settings... cmd_type=elb consumer=False job_name=dev:tap-oracle-wms-to-target-oracle name=tap-oracle-wms producer=True run_id=5138f0b9-bb51-46fd-a1b4-17f942c9433e stdio=stderr string_id=tap-oracle-wms
2025-07-02T13:01:15.048928Z [info     ] Discovering entities from Oracle WMS API cmd_type=elb consumer=False job_name=dev:tap-oracle-wms-to-target-oracle name=tap-oracle-wms producer=True run_id=5138f0b9-bb51-46fd-a1b4-17f942c9433e stdio=stderr string_id=tap-oracle-wms
2025-07-02T13:01:15.131646Z [info     ] flext-target-oracle v1.0.0, Meltano SDK v0.47.4 cmd_type=elb consumer=True job_name=dev:tap-oracle-wms-to-target-oracle name=target-oracle producer=False run_id=5138f0b9-bb51-46fd-a1b4-17f942c9433e stdio=stderr string_id=target-oracle
2025-07-02T13:01:15.131936Z [info     ] /home/marlonsc/flext/.venv/lib/python3.13/site-packages/singer_sdk/plugin_base.py:715: SingerSDKDeprecationWarning: Passing a list of config file paths is deprecated. Please pass the config as a dictionary instead. cmd_type=elb consumer=True job_name=dev:tap-oracle-wms-to-target-oracle name=target-oracle producer=False run_id=5138f0b9-bb51-46fd-a1b4-17f942c9433e stdio=stderr string_id=target-oracle
2025-07-02T13:01:15.132072Z [info     ]   super().__init__(            cmd_type=elb consumer=True job_name=dev:tap-oracle-wms-to-target-oracle name=target-oracle producer=False run_id=5138f0b9-bb51-46fd-a1b4-17f942c9433e stdio=stderr string_id=target-oracle
2025-07-02T13:01:15.132185Z [info     ]                                cmd_type=elb consumer=True job_name=dev:tap-oracle-wms-to-target-oracle name=target-oracle producer=False run_id=5138f0b9-bb51-46fd-a1b4-17f942c9433e stdio=stderr string_id=target-oracle
2025-07-02T13:01:15.132279Z [info     ] Skipping parse of env var settings... cmd_type=elb consumer=True job_name=dev:tap-oracle-wms-to-target-oracle name=target-oracle producer=False run_id=5138f0b9-bb51-46fd-a1b4-17f942c9433e stdio=stderr string_id=target-oracle
2025-07-02T13:01:15.150806Z [info     ] Using systemdb state backend
2025-07-02T13:01:15.165270Z [info     ] Incremental state has been updated at 2025-07-02 13:01:15.165252+00:00.
2025-07-02T13:01:15.165499Z [info     ] Oracle Target initialized      cmd_type=elb consumer=True job_name=dev:tap-oracle-wms-to-target-oracle name=target-oracle producer=False run_id=5138f0b9-bb51-46fd-a1b4-17f942c9433e stdio=stderr string_id=target-oracle
2025-07-02T13:01:15.192990Z [info     ] Incremental state has been updated at 2025-07-02 13:01:15.192973+00:00.
2025-07-02T13:01:15.222599Z [info     ] Incremental state has been updated at 2025-07-02 13:01:15.222569+00:00.
2025-07-02T13:01:15.222809Z [info     ] Initializing Oracle Target monitoring cmd_type=elb consumer=True job_name=dev:tap-oracle-wms-to-target-oracle name=target-oracle producer=False run_id=5138f0b9-bb51-46fd-a1b4-17f942c9433e stdio=stderr string_id=target-oracle
2025-07-02T13:01:15.222925Z [info     ] Operation started              cmd_type=elb consumer=True job_name=dev:tap-oracle-wms-to-target-oracle name=target-oracle producer=False run_id=5138f0b9-bb51-46fd-a1b4-17f942c9433e stdio=stderr string_id=target-oracle
2025-07-02T13:01:16.184021Z [info     ] HTTP Request: GET https://a29.wms.ocs.oraclecloud.com/raizen/wms/lgfapi/v10/entity/ "HTTP/1.1 200 OK" cmd_type=elb consumer=False job_name=dev:tap-oracle-wms-to-target-oracle name=tap-oracle-wms producer=True run_id=5138f0b9-bb51-46fd-a1b4-17f942c9433e stdio=stderr string_id=tap-oracle-wms
2025-07-02T13:01:16.382958Z [info     ] Discovered 311 entities        cmd_type=elb consumer=False job_name=dev:tap-oracle-wms-to-target-oracle name=tap-oracle-wms producer=True run_id=5138f0b9-bb51-46fd-a1b4-17f942c9433e stdio=stderr string_id=tap-oracle-wms
2025-07-02T13:01:16.383351Z [info     ] Discovered 3 entities from WMS API cmd_type=elb consumer=False job_name=dev:tap-oracle-wms-to-target-oracle name=tap-oracle-wms producer=True run_id=5138f0b9-bb51-46fd-a1b4-17f942c9433e stdio=stderr string_id=tap-oracle-wms
2025-07-02T13:01:17.347025Z [info     ] HTTP Request: GET https://a29.wms.ocs.oraclecloud.com/raizen/wms/lgfapi/v10/entity//allocation/describe/ "HTTP/1.1 200 OK" cmd_type=elb consumer=False job_name=dev:tap-oracle-wms-to-target-oracle name=tap-oracle-wms producer=True run_id=5138f0b9-bb51-46fd-a1b4-17f942c9433e stdio=stderr string_id=tap-oracle-wms
2025-07-02T13:01:17.348432Z [info     ] Discovered stream: allocation with 24 properties cmd_type=elb consumer=False job_name=dev:tap-oracle-wms-to-target-oracle name=tap-oracle-wms producer=True run_id=5138f0b9-bb51-46fd-a1b4-17f942c9433e stdio=stderr string_id=tap-oracle-wms
2025-07-02T13:01:18.190940Z [info     ] HTTP Request: GET https://a29.wms.ocs.oraclecloud.com/raizen/wms/lgfapi/v10/entity//order_dtl/describe/ "HTTP/1.1 200 OK" cmd_type=elb consumer=False job_name=dev:tap-oracle-wms-to-target-oracle name=tap-oracle-wms producer=True run_id=5138f0b9-bb51-46fd-a1b4-17f942c9433e stdio=stderr string_id=tap-oracle-wms
2025-07-02T13:01:18.192161Z [info     ] Discovered stream: order_dtl with 87 properties cmd_type=elb consumer=False job_name=dev:tap-oracle-wms-to-target-oracle name=tap-oracle-wms producer=True run_id=5138f0b9-bb51-46fd-a1b4-17f942c9433e stdio=stderr string_id=tap-oracle-wms
2025-07-02T13:01:20.848324Z [info     ] HTTP Request: GET https://a29.wms.ocs.oraclecloud.com/raizen/wms/lgfapi/v10/entity//order_hdr/describe/ "HTTP/1.1 200 OK" cmd_type=elb consumer=False job_name=dev:tap-oracle-wms-to-target-oracle name=tap-oracle-wms producer=True run_id=5138f0b9-bb51-46fd-a1b4-17f942c9433e stdio=stderr string_id=tap-oracle-wms
2025-07-02T13:01:20.852051Z [info     ] Discovered stream: order_hdr with 119 properties cmd_type=elb consumer=False job_name=dev:tap-oracle-wms-to-target-oracle name=tap-oracle-wms producer=True run_id=5138f0b9-bb51-46fd-a1b4-17f942c9433e stdio=stderr string_id=tap-oracle-wms
2025-07-02T13:01:20.857263Z [info     ] Beginning incremental sync of 'allocation' cmd_type=elb consumer=False job_name=dev:tap-oracle-wms-to-target-oracle name=tap-oracle-wms producer=True run_id=5138f0b9-bb51-46fd-a1b4-17f942c9433e stdio=stderr string_id=tap-oracle-wms
2025-07-02T13:01:20.857610Z [info     ] Starting incremental sync with bookmark value: None cmd_type=elb consumer=False job_name=dev:tap-oracle-wms-to-target-oracle name=tap-oracle-wms producer=True run_id=5138f0b9-bb51-46fd-a1b4-17f942c9433e stdio=stderr string_id=tap-oracle-wms
2025-07-02T13:01:20.893489Z [info     ] Incremental state has been updated at 2025-07-02 13:01:20.893467+00:00.
2025-07-02T13:01:20.893694Z [info     ] Creating sink for stream       cmd_type=elb consumer=True job_name=dev:tap-oracle-wms-to-target-oracle name=target-oracle producer=False run_id=5138f0b9-bb51-46fd-a1b4-17f942c9433e stdio=stderr string_id=target-oracle
2025-07-02T13:04:20.865307Z [info     ] METRIC: {"type": "timer", "metric": "http_request_duration", "value": 180.005761, "tags": {"stream": "allocation", "endpoint": "/wms/lgfapi/v10/entity/allocation", "http_status_code": 200, "status": "succeeded"}} cmd_type=elb consumer=False job_name=dev:tap-oracle-wms-to-target-oracle name=tap-oracle-wms producer=True run_id=5138f0b9-bb51-46fd-a1b4-17f942c9433e stdio=stderr string_id=tap-oracle-wms
2025-07-02T13:04:20.865535Z [info     ] METRIC: {"type": "counter", "metric": "http_request_count", "value": 1, "tags": {"stream": "allocation", "endpoint": "/wms/lgfapi/v10/entity/allocation", "pid": 1860336}} cmd_type=elb consumer=False job_name=dev:tap-oracle-wms-to-target-oracle name=tap-oracle-wms producer=True run_id=5138f0b9-bb51-46fd-a1b4-17f942c9433e stdio=stderr string_id=tap-oracle-wms
2025-07-02T13:04:20.865667Z [info     ] Properties ('url', '_extracted_at', '_entity') were present in the 'allocation' stream but not found in catalog schema. Ignoring. cmd_type=elb consumer=False job_name=dev:tap-oracle-wms-to-target-oracle name=tap-oracle-wms producer=True run_id=5138f0b9-bb51-46fd-a1b4-17f942c9433e stdio=stderr string_id=tap-oracle-wms
2025-07-02T13:04:20.865749Z [info     ] Stream is assumed to be unsorted, progress is not resumable if interrupted cmd_type=elb consumer=False job_name=dev:tap-oracle-wms-to-target-oracle name=tap-oracle-wms producer=True run_id=5138f0b9-bb51-46fd-a1b4-17f942c9433e stdio=stderr string_id=tap-oracle-wms
2025-07-02T13:04:20.865817Z [info     ] METRIC: {"type": "counter", "metric": "record_count", "value": 1, "tags": {"stream": "allocation", "pid": 1860336, "context": {}}} cmd_type=elb consumer=False job_name=dev:tap-oracle-wms-to-target-oracle name=tap-oracle-wms producer=True run_id=5138f0b9-bb51-46fd-a1b4-17f942c9433e stdio=stderr string_id=tap-oracle-wms
2025-07-02T13:04:20.865952Z [info     ] METRIC: {"type": "counter", "metric": "http_request_count", "value": 0, "tags": {"stream": "allocation", "endpoint": "/wms/lgfapi/v10/entity/allocation", "pid": 1860336}} cmd_type=elb consumer=False job_name=dev:tap-oracle-wms-to-target-oracle name=tap-oracle-wms producer=True run_id=5138f0b9-bb51-46fd-a1b4-17f942c9433e stdio=stderr string_id=tap-oracle-wms
2025-07-02T13:04:20.866037Z [info     ] METRIC: {"type": "timer", "metric": "sync_duration", "value": 180.008318901062, "tags": {"stream": "allocation", "pid": 1860336, "context": {}, "status": "succeeded"}} cmd_type=elb consumer=False job_name=dev:tap-oracle-wms-to-target-oracle name=tap-oracle-wms producer=True run_id=5138f0b9-bb51-46fd-a1b4-17f942c9433e stdio=stderr string_id=tap-oracle-wms
2025-07-02T13:04:20.866111Z [info     ] METRIC: {"type": "counter", "metric": "record_count", "value": 4, "tags": {"stream": "allocation", "pid": 1860336, "context": {}}} cmd_type=elb consumer=False job_name=dev:tap-oracle-wms-to-target-oracle name=tap-oracle-wms producer=True run_id=5138f0b9-bb51-46fd-a1b4-17f942c9433e stdio=stderr string_id=tap-oracle-wms
2025-07-02T13:04:20.866217Z [info     ] Beginning incremental sync of 'order_dtl' cmd_type=elb consumer=False job_name=dev:tap-oracle-wms-to-target-oracle name=tap-oracle-wms producer=True run_id=5138f0b9-bb51-46fd-a1b4-17f942c9433e stdio=stderr string_id=tap-oracle-wms
2025-07-02T13:04:20.901982Z [info     ] Incremental state has been updated at 2025-07-02 13:04:20.901948+00:00.
2025-07-02T13:04:20.902197Z [info     ] Creating sink for stream       cmd_type=elb consumer=True job_name=dev:tap-oracle-wms-to-target-oracle name=target-oracle producer=False run_id=5138f0b9-bb51-46fd-a1b4-17f942c9433e stdio=stderr string_id=target-oracle
2025-07-02T13:04:20.916783Z [info     ] Starting incremental sync with bookmark value: None cmd_type=elb consumer=False job_name=dev:tap-oracle-wms-to-target-oracle name=tap-oracle-wms producer=True run_id=5138f0b9-bb51-46fd-a1b4-17f942c9433e stdio=stderr string_id=tap-oracle-wms
2025-07-02T13:04:20.917087Z [info     ] Record validation failed       cmd_type=elb consumer=True job_name=dev:tap-oracle-wms-to-target-oracle name=target-oracle producer=False run_id=5138f0b9-bb51-46fd-a1b4-17f942c9433e stdio=stderr string_id=target-oracle
2025-07-02T13:04:20.917259Z [info     ] Traceback (most recent call last): cmd_type=elb consumer=True job_name=dev:tap-oracle-wms-to-target-oracle name=target-oracle producer=False run_id=5138f0b9-bb51-46fd-a1b4-17f942c9433e stdio=stderr string_id=target-oracle
2025-07-02T13:04:20.917436Z [info     ]   File "/home/marlonsc/flext/.venv/lib/python3.13/site-packages/singer_sdk/sinks/core.py", line 127, in validate cmd_type=elb consumer=True job_name=dev:tap-oracle-wms-to-target-oracle name=target-oracle producer=False run_id=5138f0b9-bb51-46fd-a1b4-17f942c9433e stdio=stderr string_id=target-oracle
2025-07-02T13:04:20.917579Z [info     ]     self.validator.validate(record) cmd_type=elb consumer=True job_name=dev:tap-oracle-wms-to-target-oracle name=target-oracle producer=False run_id=5138f0b9-bb51-46fd-a1b4-17f942c9433e stdio=stderr string_id=target-oracle
2025-07-02T13:04:20.917723Z [info     ]     ~~~~~~~~~~~~~~~~~~~~~~~^^^^^^^^ cmd_type=elb consumer=True job_name=dev:tap-oracle-wms-to-target-oracle name=target-oracle producer=False run_id=5138f0b9-bb51-46fd-a1b4-17f942c9433e stdio=stderr string_id=target-oracle
2025-07-02T13:04:20.917863Z [info     ]   File "/home/marlonsc/flext/.venv/lib/python3.13/site-packages/jsonschema/validators.py", line 451, in validate cmd_type=elb consumer=True job_name=dev:tap-oracle-wms-to-target-oracle name=target-oracle producer=False run_id=5138f0b9-bb51-46fd-a1b4-17f942c9433e stdio=stderr string_id=target-oracle
2025-07-02T13:04:20.917999Z [info     ]     raise error                cmd_type=elb consumer=True job_name=dev:tap-oracle-wms-to-target-oracle name=target-oracle producer=False run_id=5138f0b9-bb51-46fd-a1b4-17f942c9433e stdio=stderr string_id=target-oracle
2025-07-02T13:04:20.918134Z [info     ] jsonschema.exceptions.ValidationError: '540' is not of type 'number' cmd_type=elb consumer=True job_name=dev:tap-oracle-wms-to-target-oracle name=target-oracle producer=False run_id=5138f0b9-bb51-46fd-a1b4-17f942c9433e stdio=stderr string_id=target-oracle
2025-07-02T13:04:20.918271Z [info     ]                                cmd_type=elb consumer=True job_name=dev:tap-oracle-wms-to-target-oracle name=target-oracle producer=False run_id=5138f0b9-bb51-46fd-a1b4-17f942c9433e stdio=stderr string_id=target-oracle
2025-07-02T13:04:20.918424Z [info     ] Failed validating 'type' in schema['properties']['alloc_qty']: cmd_type=elb consumer=True job_name=dev:tap-oracle-wms-to-target-oracle name=target-oracle producer=False run_id=5138f0b9-bb51-46fd-a1b4-17f942c9433e stdio=stderr string_id=target-oracle
2025-07-02T13:04:20.918566Z [info     ]     {'type': 'number'}         cmd_type=elb consumer=True job_name=dev:tap-oracle-wms-to-target-oracle name=target-oracle producer=False run_id=5138f0b9-bb51-46fd-a1b4-17f942c9433e stdio=stderr string_id=target-oracle
2025-07-02T13:04:20.918703Z [info     ]                                cmd_type=elb consumer=True job_name=dev:tap-oracle-wms-to-target-oracle name=target-oracle producer=False run_id=5138f0b9-bb51-46fd-a1b4-17f942c9433e stdio=stderr string_id=target-oracle
2025-07-02T13:04:20.918839Z [info     ] On instance['alloc_qty']:      cmd_type=elb consumer=True job_name=dev:tap-oracle-wms-to-target-oracle name=target-oracle producer=False run_id=5138f0b9-bb51-46fd-a1b4-17f942c9433e stdio=stderr string_id=target-oracle
2025-07-02T13:04:20.918986Z [info     ]     '540'                      cmd_type=elb consumer=True job_name=dev:tap-oracle-wms-to-target-oracle name=target-oracle producer=False run_id=5138f0b9-bb51-46fd-a1b4-17f942c9433e stdio=stderr string_id=target-oracle
2025-07-02T13:04:20.919126Z [info     ]                                cmd_type=elb consumer=True job_name=dev:tap-oracle-wms-to-target-oracle name=target-oracle producer=False run_id=5138f0b9-bb51-46fd-a1b4-17f942c9433e stdio=stderr string_id=target-oracle
2025-07-02T13:04:20.919260Z [info     ] The above exception was the direct cause of the following exception: cmd_type=elb consumer=True job_name=dev:tap-oracle-wms-to-target-oracle name=target-oracle producer=False run_id=5138f0b9-bb51-46fd-a1b4-17f942c9433e stdio=stderr string_id=target-oracle
2025-07-02T13:04:20.919412Z [info     ]                                cmd_type=elb consumer=True job_name=dev:tap-oracle-wms-to-target-oracle name=target-oracle producer=False run_id=5138f0b9-bb51-46fd-a1b4-17f942c9433e stdio=stderr string_id=target-oracle
2025-07-02T13:04:20.919551Z [info     ] Traceback (most recent call last): cmd_type=elb consumer=True job_name=dev:tap-oracle-wms-to-target-oracle name=target-oracle producer=False run_id=5138f0b9-bb51-46fd-a1b4-17f942c9433e stdio=stderr string_id=target-oracle
2025-07-02T13:04:20.919684Z [info     ]   File "/home/marlonsc/flext/.venv/lib/python3.13/site-packages/singer_sdk/sinks/core.py", line 536, in _validate_and_parse cmd_type=elb consumer=True job_name=dev:tap-oracle-wms-to-target-oracle name=target-oracle producer=False run_id=5138f0b9-bb51-46fd-a1b4-17f942c9433e stdio=stderr string_id=target-oracle
2025-07-02T13:04:20.919817Z [info     ]     self._validator.validate(record) cmd_type=elb consumer=True job_name=dev:tap-oracle-wms-to-target-oracle name=target-oracle producer=False run_id=5138f0b9-bb51-46fd-a1b4-17f942c9433e stdio=stderr string_id=target-oracle
2025-07-02T13:04:20.919949Z [info     ]     ~~~~~~~~~~~~~~~~~~~~~~~~^^^^^^^^ cmd_type=elb consumer=True job_name=dev:tap-oracle-wms-to-target-oracle name=target-oracle producer=False run_id=5138f0b9-bb51-46fd-a1b4-17f942c9433e stdio=stderr string_id=target-oracle
2025-07-02T13:04:20.920079Z [info     ]   File "/home/marlonsc/flext/.venv/lib/python3.13/site-packages/singer_sdk/sinks/core.py", line 129, in validate cmd_type=elb consumer=True job_name=dev:tap-oracle-wms-to-target-oracle name=target-oracle producer=False run_id=5138f0b9-bb51-46fd-a1b4-17f942c9433e stdio=stderr string_id=target-oracle
2025-07-02T13:04:20.920217Z [info     ]     raise InvalidRecord(e.message, record) from e cmd_type=elb consumer=True job_name=dev:tap-oracle-wms-to-target-oracle name=target-oracle producer=False run_id=5138f0b9-bb51-46fd-a1b4-17f942c9433e stdio=stderr string_id=target-oracle
2025-07-02T13:04:20.920369Z [info     ] singer_sdk.exceptions.InvalidRecord: Record Message Validation Error: '540' is not of type 'number' cmd_type=elb consumer=True job_name=dev:tap-oracle-wms-to-target-oracle name=target-oracle producer=False run_id=5138f0b9-bb51-46fd-a1b4-17f942c9433e stdio=stderr string_id=target-oracle
2025-07-02T13:04:20.920525Z [info     ] Operation failed               cmd_type=elb consumer=True job_name=dev:tap-oracle-wms-to-target-oracle name=target-oracle producer=False run_id=5138f0b9-bb51-46fd-a1b4-17f942c9433e stdio=stderr string_id=target-oracle
2025-07-02T13:04:20.920684Z [info     ] Traceback (most recent call last): cmd_type=elb consumer=True job_name=dev:tap-oracle-wms-to-target-oracle name=target-oracle producer=False run_id=5138f0b9-bb51-46fd-a1b4-17f942c9433e stdio=stderr string_id=target-oracle
2025-07-02T13:04:20.920829Z [info     ]   File "/home/marlonsc/flext/.venv/lib/python3.13/site-packages/singer_sdk/sinks/core.py", line 127, in validate cmd_type=elb consumer=True job_name=dev:tap-oracle-wms-to-target-oracle name=target-oracle producer=False run_id=5138f0b9-bb51-46fd-a1b4-17f942c9433e stdio=stderr string_id=target-oracle
2025-07-02T13:04:20.920968Z [info     ]     self.validator.validate(record) cmd_type=elb consumer=True job_name=dev:tap-oracle-wms-to-target-oracle name=target-oracle producer=False run_id=5138f0b9-bb51-46fd-a1b4-17f942c9433e stdio=stderr string_id=target-oracle
2025-07-02T13:04:20.921102Z [info     ]     ~~~~~~~~~~~~~~~~~~~~~~~^^^^^^^^ cmd_type=elb consumer=True job_name=dev:tap-oracle-wms-to-target-oracle name=target-oracle producer=False run_id=5138f0b9-bb51-46fd-a1b4-17f942c9433e stdio=stderr string_id=target-oracle
2025-07-02T13:04:20.921237Z [info     ]   File "/home/marlonsc/flext/.venv/lib/python3.13/site-packages/jsonschema/validators.py", line 451, in validate cmd_type=elb consumer=True job_name=dev:tap-oracle-wms-to-target-oracle name=target-oracle producer=False run_id=5138f0b9-bb51-46fd-a1b4-17f942c9433e stdio=stderr string_id=target-oracle
2025-07-02T13:04:20.921393Z [info     ]     raise error                cmd_type=elb consumer=True job_name=dev:tap-oracle-wms-to-target-oracle name=target-oracle producer=False run_id=5138f0b9-bb51-46fd-a1b4-17f942c9433e stdio=stderr string_id=target-oracle
2025-07-02T13:04:20.921551Z [info     ] jsonschema.exceptions.ValidationError: '540' is not of type 'number' cmd_type=elb consumer=True job_name=dev:tap-oracle-wms-to-target-oracle name=target-oracle producer=False run_id=5138f0b9-bb51-46fd-a1b4-17f942c9433e stdio=stderr string_id=target-oracle
2025-07-02T13:04:20.921775Z [info     ]                                cmd_type=elb consumer=True job_name=dev:tap-oracle-wms-to-target-oracle name=target-oracle producer=False run_id=5138f0b9-bb51-46fd-a1b4-17f942c9433e stdio=stderr string_id=target-oracle
2025-07-02T13:04:20.921884Z [info     ] Failed validating 'type' in schema['properties']['alloc_qty']: cmd_type=elb consumer=True job_name=dev:tap-oracle-wms-to-target-oracle name=target-oracle producer=False run_id=5138f0b9-bb51-46fd-a1b4-17f942c9433e stdio=stderr string_id=target-oracle
2025-07-02T13:04:20.921962Z [info     ]     {'type': 'number'}         cmd_type=elb consumer=True job_name=dev:tap-oracle-wms-to-target-oracle name=target-oracle producer=False run_id=5138f0b9-bb51-46fd-a1b4-17f942c9433e stdio=stderr string_id=target-oracle
2025-07-02T13:04:20.922036Z [info     ]                                cmd_type=elb consumer=True job_name=dev:tap-oracle-wms-to-target-oracle name=target-oracle producer=False run_id=5138f0b9-bb51-46fd-a1b4-17f942c9433e stdio=stderr string_id=target-oracle
2025-07-02T13:04:20.922106Z [info     ] On instance['alloc_qty']:      cmd_type=elb consumer=True job_name=dev:tap-oracle-wms-to-target-oracle name=target-oracle producer=False run_id=5138f0b9-bb51-46fd-a1b4-17f942c9433e stdio=stderr string_id=target-oracle
2025-07-02T13:04:20.922177Z [info     ]     '540'                      cmd_type=elb consumer=True job_name=dev:tap-oracle-wms-to-target-oracle name=target-oracle producer=False run_id=5138f0b9-bb51-46fd-a1b4-17f942c9433e stdio=stderr string_id=target-oracle
2025-07-02T13:04:20.922249Z [info     ]                                cmd_type=elb consumer=True job_name=dev:tap-oracle-wms-to-target-oracle name=target-oracle producer=False run_id=5138f0b9-bb51-46fd-a1b4-17f942c9433e stdio=stderr string_id=target-oracle
2025-07-02T13:04:20.922335Z [info     ] The above exception was the direct cause of the following exception: cmd_type=elb consumer=True job_name=dev:tap-oracle-wms-to-target-oracle name=target-oracle producer=False run_id=5138f0b9-bb51-46fd-a1b4-17f942c9433e stdio=stderr string_id=target-oracle
2025-07-02T13:04:20.922420Z [info     ]                                cmd_type=elb consumer=True job_name=dev:tap-oracle-wms-to-target-oracle name=target-oracle producer=False run_id=5138f0b9-bb51-46fd-a1b4-17f942c9433e stdio=stderr string_id=target-oracle
2025-07-02T13:04:20.922498Z [info     ] Traceback (most recent call last): cmd_type=elb consumer=True job_name=dev:tap-oracle-wms-to-target-oracle name=target-oracle producer=False run_id=5138f0b9-bb51-46fd-a1b4-17f942c9433e stdio=stderr string_id=target-oracle
2025-07-02T13:04:20.922571Z [info     ]   File "/home/marlonsc/flext/flext-target-oracle/flext_target_oracle/logging_config.py", line 236, in operation_context cmd_type=elb consumer=True job_name=dev:tap-oracle-wms-to-target-oracle name=target-oracle producer=False run_id=5138f0b9-bb51-46fd-a1b4-17f942c9433e stdio=stderr string_id=target-oracle
2025-07-02T13:04:20.922644Z [info     ]     yield context              cmd_type=elb consumer=True job_name=dev:tap-oracle-wms-to-target-oracle name=target-oracle producer=False run_id=5138f0b9-bb51-46fd-a1b4-17f942c9433e stdio=stderr string_id=target-oracle
2025-07-02T13:04:20.922714Z [info     ]   File "/home/marlonsc/flext/flext-target-oracle/flext_target_oracle/target.py", line 1133, in process_lines cmd_type=elb consumer=True job_name=dev:tap-oracle-wms-to-target-oracle name=target-oracle producer=False run_id=5138f0b9-bb51-46fd-a1b4-17f942c9433e stdio=stderr string_id=target-oracle
2025-07-02T13:04:20.922785Z [info     ]     result = super().process_lines(file_input) cmd_type=elb consumer=True job_name=dev:tap-oracle-wms-to-target-oracle name=target-oracle producer=False run_id=5138f0b9-bb51-46fd-a1b4-17f942c9433e stdio=stderr string_id=target-oracle
2025-07-02T13:04:20.922860Z [info     ]   File "/home/marlonsc/flext/.venv/lib/python3.13/site-packages/singer_sdk/plugin_base.py", line 801, in process_lines cmd_type=elb consumer=True job_name=dev:tap-oracle-wms-to-target-oracle name=target-oracle producer=False run_id=5138f0b9-bb51-46fd-a1b4-17f942c9433e stdio=stderr string_id=target-oracle
2025-07-02T13:04:20.922932Z [info     ]     return self.message_reader.process_lines( cmd_type=elb consumer=True job_name=dev:tap-oracle-wms-to-target-oracle name=target-oracle producer=False run_id=5138f0b9-bb51-46fd-a1b4-17f942c9433e stdio=stderr string_id=target-oracle
2025-07-02T13:04:20.923008Z [info     ]            ~~~~~~~~~~~~~~~~~~~~~~~~~~~~~~~~~^ cmd_type=elb consumer=True job_name=dev:tap-oracle-wms-to-target-oracle name=target-oracle producer=False run_id=5138f0b9-bb51-46fd-a1b4-17f942c9433e stdio=stderr string_id=target-oracle
2025-07-02T13:04:20.923085Z [info     ]         file_input,            cmd_type=elb consumer=True job_name=dev:tap-oracle-wms-to-target-oracle name=target-oracle producer=False run_id=5138f0b9-bb51-46fd-a1b4-17f942c9433e stdio=stderr string_id=target-oracle
2025-07-02T13:04:20.923161Z [info     ]         ^^^^^^^^^^^            cmd_type=elb consumer=True job_name=dev:tap-oracle-wms-to-target-oracle name=target-oracle producer=False run_id=5138f0b9-bb51-46fd-a1b4-17f942c9433e stdio=stderr string_id=target-oracle
2025-07-02T13:04:20.923233Z [info     ]     ...<6 lines>...            cmd_type=elb consumer=True job_name=dev:tap-oracle-wms-to-target-oracle name=target-oracle producer=False run_id=5138f0b9-bb51-46fd-a1b4-17f942c9433e stdio=stderr string_id=target-oracle
2025-07-02T13:04:20.923323Z [info     ]         },                     cmd_type=elb consumer=True job_name=dev:tap-oracle-wms-to-target-oracle name=target-oracle producer=False run_id=5138f0b9-bb51-46fd-a1b4-17f942c9433e stdio=stderr string_id=target-oracle
2025-07-02T13:04:20.923402Z [info     ]         ^^                     cmd_type=elb consumer=True job_name=dev:tap-oracle-wms-to-target-oracle name=target-oracle producer=False run_id=5138f0b9-bb51-46fd-a1b4-17f942c9433e stdio=stderr string_id=target-oracle
2025-07-02T13:04:20.923478Z [info     ]     )                          cmd_type=elb consumer=True job_name=dev:tap-oracle-wms-to-target-oracle name=target-oracle producer=False run_id=5138f0b9-bb51-46fd-a1b4-17f942c9433e stdio=stderr string_id=target-oracle
2025-07-02T13:04:20.923557Z [info     ]     ^                          cmd_type=elb consumer=True job_name=dev:tap-oracle-wms-to-target-oracle name=target-oracle producer=False run_id=5138f0b9-bb51-46fd-a1b4-17f942c9433e stdio=stderr string_id=target-oracle
2025-07-02T13:04:20.923635Z [info     ]   File "/home/marlonsc/flext/.venv/lib/python3.13/site-packages/singer_sdk/singerlib/encoding/base.py", line 70, in process_lines cmd_type=elb consumer=True job_name=dev:tap-oracle-wms-to-target-oracle name=target-oracle producer=False run_id=5138f0b9-bb51-46fd-a1b4-17f942c9433e stdio=stderr string_id=target-oracle
2025-07-02T13:04:20.923712Z [info     ]     callback(line_dict)        cmd_type=elb consumer=True job_name=dev:tap-oracle-wms-to-target-oracle name=target-oracle producer=False run_id=5138f0b9-bb51-46fd-a1b4-17f942c9433e stdio=stderr string_id=target-oracle
2025-07-02T13:04:20.923852Z [info     ]     ~~~~~~~~^^^^^^^^^^^        cmd_type=elb consumer=True job_name=dev:tap-oracle-wms-to-target-oracle name=target-oracle producer=False run_id=5138f0b9-bb51-46fd-a1b4-17f942c9433e stdio=stderr string_id=target-oracle
2025-07-02T13:04:20.923940Z [info     ]   File "/home/marlonsc/flext/.venv/lib/python3.13/site-packages/singer_sdk/target_base.py", line 339, in _process_record_message cmd_type=elb consumer=True job_name=dev:tap-oracle-wms-to-target-oracle name=target-oracle producer=False run_id=5138f0b9-bb51-46fd-a1b4-17f942c9433e stdio=stderr string_id=target-oracle
2025-07-02T13:04:20.924019Z [info     ]     sink._validate_and_parse(transformed_record)  # noqa: SLF001 cmd_type=elb consumer=True job_name=dev:tap-oracle-wms-to-target-oracle name=target-oracle producer=False run_id=5138f0b9-bb51-46fd-a1b4-17f942c9433e stdio=stderr string_id=target-oracle
2025-07-02T13:04:20.924096Z [info     ]     ~~~~~~~~~~~~~~~~~~~~~~~~^^^^^^^^^^^^^^^^^^^^ cmd_type=elb consumer=True job_name=dev:tap-oracle-wms-to-target-oracle name=target-oracle producer=False run_id=5138f0b9-bb51-46fd-a1b4-17f942c9433e stdio=stderr string_id=target-oracle
2025-07-02T13:04:20.924172Z [info     ]   File "/home/marlonsc/flext/.venv/lib/python3.13/site-packages/singer_sdk/sinks/core.py", line 536, in _validate_and_parse cmd_type=elb consumer=True job_name=dev:tap-oracle-wms-to-target-oracle name=target-oracle producer=False run_id=5138f0b9-bb51-46fd-a1b4-17f942c9433e stdio=stderr string_id=target-oracle
2025-07-02T13:04:20.924239Z [info     ]     self._validator.validate(record) cmd_type=elb consumer=True job_name=dev:tap-oracle-wms-to-target-oracle name=target-oracle producer=False run_id=5138f0b9-bb51-46fd-a1b4-17f942c9433e stdio=stderr string_id=target-oracle
2025-07-02T13:04:20.924342Z [info     ]     ~~~~~~~~~~~~~~~~~~~~~~~~^^^^^^^^ cmd_type=elb consumer=True job_name=dev:tap-oracle-wms-to-target-oracle name=target-oracle producer=False run_id=5138f0b9-bb51-46fd-a1b4-17f942c9433e stdio=stderr string_id=target-oracle
2025-07-02T13:04:20.924415Z [info     ]   File "/home/marlonsc/flext/.venv/lib/python3.13/site-packages/singer_sdk/sinks/core.py", line 129, in validate cmd_type=elb consumer=True job_name=dev:tap-oracle-wms-to-target-oracle name=target-oracle producer=False run_id=5138f0b9-bb51-46fd-a1b4-17f942c9433e stdio=stderr string_id=target-oracle
2025-07-02T13:04:20.924484Z [info     ]     raise InvalidRecord(e.message, record) from e cmd_type=elb consumer=True job_name=dev:tap-oracle-wms-to-target-oracle name=target-oracle producer=False run_id=5138f0b9-bb51-46fd-a1b4-17f942c9433e stdio=stderr string_id=target-oracle
2025-07-02T13:04:20.924556Z [info     ] singer_sdk.exceptions.InvalidRecord: Record Message Validation Error: '540' is not of type 'number' cmd_type=elb consumer=True job_name=dev:tap-oracle-wms-to-target-oracle name=target-oracle producer=False run_id=5138f0b9-bb51-46fd-a1b4-17f942c9433e stdio=stderr string_id=target-oracle
2025-07-02T13:04:20.924628Z [info     ] Traceback (most recent call last): cmd_type=elb consumer=True job_name=dev:tap-oracle-wms-to-target-oracle name=target-oracle producer=False run_id=5138f0b9-bb51-46fd-a1b4-17f942c9433e stdio=stderr string_id=target-oracle
2025-07-02T13:04:20.924699Z [info     ]   File "/home/marlonsc/flext/.venv/lib/python3.13/site-packages/singer_sdk/sinks/core.py", line 127, in validate cmd_type=elb consumer=True job_name=dev:tap-oracle-wms-to-target-oracle name=target-oracle producer=False run_id=5138f0b9-bb51-46fd-a1b4-17f942c9433e stdio=stderr string_id=target-oracle
2025-07-02T13:04:20.924767Z [info     ]     self.validator.validate(record) cmd_type=elb consumer=True job_name=dev:tap-oracle-wms-to-target-oracle name=target-oracle producer=False run_id=5138f0b9-bb51-46fd-a1b4-17f942c9433e stdio=stderr string_id=target-oracle
2025-07-02T13:04:20.924835Z [info     ]     ~~~~~~~~~~~~~~~~~~~~~~~^^^^^^^^ cmd_type=elb consumer=True job_name=dev:tap-oracle-wms-to-target-oracle name=target-oracle producer=False run_id=5138f0b9-bb51-46fd-a1b4-17f942c9433e stdio=stderr string_id=target-oracle
2025-07-02T13:04:20.924905Z [info     ]   File "/home/marlonsc/flext/.venv/lib/python3.13/site-packages/jsonschema/validators.py", line 451, in validate cmd_type=elb consumer=True job_name=dev:tap-oracle-wms-to-target-oracle name=target-oracle producer=False run_id=5138f0b9-bb51-46fd-a1b4-17f942c9433e stdio=stderr string_id=target-oracle
2025-07-02T13:04:20.924975Z [info     ]     raise error                cmd_type=elb consumer=True job_name=dev:tap-oracle-wms-to-target-oracle name=target-oracle producer=False run_id=5138f0b9-bb51-46fd-a1b4-17f942c9433e stdio=stderr string_id=target-oracle
2025-07-02T13:04:20.925048Z [info     ] jsonschema.exceptions.ValidationError: '540' is not of type 'number' cmd_type=elb consumer=True job_name=dev:tap-oracle-wms-to-target-oracle name=target-oracle producer=False run_id=5138f0b9-bb51-46fd-a1b4-17f942c9433e stdio=stderr string_id=target-oracle
2025-07-02T13:04:20.925120Z [info     ]                                cmd_type=elb consumer=True job_name=dev:tap-oracle-wms-to-target-oracle name=target-oracle producer=False run_id=5138f0b9-bb51-46fd-a1b4-17f942c9433e stdio=stderr string_id=target-oracle
2025-07-02T13:04:20.925197Z [info     ] Failed validating 'type' in schema['properties']['alloc_qty']: cmd_type=elb consumer=True job_name=dev:tap-oracle-wms-to-target-oracle name=target-oracle producer=False run_id=5138f0b9-bb51-46fd-a1b4-17f942c9433e stdio=stderr string_id=target-oracle
2025-07-02T13:04:20.925268Z [info     ]     {'type': 'number'}         cmd_type=elb consumer=True job_name=dev:tap-oracle-wms-to-target-oracle name=target-oracle producer=False run_id=5138f0b9-bb51-46fd-a1b4-17f942c9433e stdio=stderr string_id=target-oracle
2025-07-02T13:04:20.925350Z [info     ]                                cmd_type=elb consumer=True job_name=dev:tap-oracle-wms-to-target-oracle name=target-oracle producer=False run_id=5138f0b9-bb51-46fd-a1b4-17f942c9433e stdio=stderr string_id=target-oracle
2025-07-02T13:04:20.925425Z [info     ] On instance['alloc_qty']:      cmd_type=elb consumer=True job_name=dev:tap-oracle-wms-to-target-oracle name=target-oracle producer=False run_id=5138f0b9-bb51-46fd-a1b4-17f942c9433e stdio=stderr string_id=target-oracle
2025-07-02T13:04:20.925497Z [info     ]     '540'                      cmd_type=elb consumer=True job_name=dev:tap-oracle-wms-to-target-oracle name=target-oracle producer=False run_id=5138f0b9-bb51-46fd-a1b4-17f942c9433e stdio=stderr string_id=target-oracle
2025-07-02T13:04:20.925563Z [info     ]                                cmd_type=elb consumer=True job_name=dev:tap-oracle-wms-to-target-oracle name=target-oracle producer=False run_id=5138f0b9-bb51-46fd-a1b4-17f942c9433e stdio=stderr string_id=target-oracle
2025-07-02T13:04:20.925632Z [info     ] The above exception was the direct cause of the following exception: cmd_type=elb consumer=True job_name=dev:tap-oracle-wms-to-target-oracle name=target-oracle producer=False run_id=5138f0b9-bb51-46fd-a1b4-17f942c9433e stdio=stderr string_id=target-oracle
2025-07-02T13:04:20.925698Z [info     ]                                cmd_type=elb consumer=True job_name=dev:tap-oracle-wms-to-target-oracle name=target-oracle producer=False run_id=5138f0b9-bb51-46fd-a1b4-17f942c9433e stdio=stderr string_id=target-oracle
2025-07-02T13:04:20.925767Z [info     ] Traceback (most recent call last): cmd_type=elb consumer=True job_name=dev:tap-oracle-wms-to-target-oracle name=target-oracle producer=False run_id=5138f0b9-bb51-46fd-a1b4-17f942c9433e stdio=stderr string_id=target-oracle
2025-07-02T13:04:20.925842Z [info     ]   File "/home/marlonsc/flext/.venv/bin/flext-target-oracle", line 8, in <module> cmd_type=elb consumer=True job_name=dev:tap-oracle-wms-to-target-oracle name=target-oracle producer=False run_id=5138f0b9-bb51-46fd-a1b4-17f942c9433e stdio=stderr string_id=target-oracle
2025-07-02T13:04:20.925911Z [info     ]     sys.exit(main())           cmd_type=elb consumer=True job_name=dev:tap-oracle-wms-to-target-oracle name=target-oracle producer=False run_id=5138f0b9-bb51-46fd-a1b4-17f942c9433e stdio=stderr string_id=target-oracle
2025-07-02T13:04:20.925978Z [info     ]              ~~~~^^            cmd_type=elb consumer=True job_name=dev:tap-oracle-wms-to-target-oracle name=target-oracle producer=False run_id=5138f0b9-bb51-46fd-a1b4-17f942c9433e stdio=stderr string_id=target-oracle
2025-07-02T13:04:20.926046Z [info     ]   File "/home/marlonsc/flext/flext-target-oracle/flext_target_oracle/cli.py", line 14, in main cmd_type=elb consumer=True job_name=dev:tap-oracle-wms-to-target-oracle name=target-oracle producer=False run_id=5138f0b9-bb51-46fd-a1b4-17f942c9433e stdio=stderr string_id=target-oracle
2025-07-02T13:04:20.926114Z [info     ]     OracleTarget.cli()         cmd_type=elb consumer=True job_name=dev:tap-oracle-wms-to-target-oracle name=target-oracle producer=False run_id=5138f0b9-bb51-46fd-a1b4-17f942c9433e stdio=stderr string_id=target-oracle
2025-07-02T13:04:20.926204Z [info     ]     ~~~~~~~~~~~~~~~~^^         cmd_type=elb consumer=True job_name=dev:tap-oracle-wms-to-target-oracle name=target-oracle producer=False run_id=5138f0b9-bb51-46fd-a1b4-17f942c9433e stdio=stderr string_id=target-oracle
2025-07-02T13:04:20.926270Z [info     ]   File "/home/marlonsc/flext/.venv/lib/python3.13/site-packages/click/core.py", line 1442, in __call__ cmd_type=elb consumer=True job_name=dev:tap-oracle-wms-to-target-oracle name=target-oracle producer=False run_id=5138f0b9-bb51-46fd-a1b4-17f942c9433e stdio=stderr string_id=target-oracle
2025-07-02T13:04:20.926342Z [info     ]     return self.main(*args, **kwargs) cmd_type=elb consumer=True job_name=dev:tap-oracle-wms-to-target-oracle name=target-oracle producer=False run_id=5138f0b9-bb51-46fd-a1b4-17f942c9433e stdio=stderr string_id=target-oracle
2025-07-02T13:04:20.926410Z [info     ]            ~~~~~~~~~^^^^^^^^^^^^^^^^^ cmd_type=elb consumer=True job_name=dev:tap-oracle-wms-to-target-oracle name=target-oracle producer=False run_id=5138f0b9-bb51-46fd-a1b4-17f942c9433e stdio=stderr string_id=target-oracle
2025-07-02T13:04:20.926479Z [info     ]   File "/home/marlonsc/flext/.venv/lib/python3.13/site-packages/click/core.py", line 1363, in main cmd_type=elb consumer=True job_name=dev:tap-oracle-wms-to-target-oracle name=target-oracle producer=False run_id=5138f0b9-bb51-46fd-a1b4-17f942c9433e stdio=stderr string_id=target-oracle
2025-07-02T13:04:20.926545Z [info     ]     rv = self.invoke(ctx)      cmd_type=elb consumer=True job_name=dev:tap-oracle-wms-to-target-oracle name=target-oracle producer=False run_id=5138f0b9-bb51-46fd-a1b4-17f942c9433e stdio=stderr string_id=target-oracle
2025-07-02T13:04:20.926612Z [info     ]   File "/home/marlonsc/flext/.venv/lib/python3.13/site-packages/singer_sdk/plugin_base.py", line 98, in invoke cmd_type=elb consumer=True job_name=dev:tap-oracle-wms-to-target-oracle name=target-oracle producer=False run_id=5138f0b9-bb51-46fd-a1b4-17f942c9433e stdio=stderr string_id=target-oracle
2025-07-02T13:04:20.926678Z [info     ]     return super().invoke(ctx) cmd_type=elb consumer=True job_name=dev:tap-oracle-wms-to-target-oracle name=target-oracle producer=False run_id=5138f0b9-bb51-46fd-a1b4-17f942c9433e stdio=stderr string_id=target-oracle
2025-07-02T13:04:20.926744Z [info     ]            ~~~~~~~~~~~~~~^^^^^ cmd_type=elb consumer=True job_name=dev:tap-oracle-wms-to-target-oracle name=target-oracle producer=False run_id=5138f0b9-bb51-46fd-a1b4-17f942c9433e stdio=stderr string_id=target-oracle
2025-07-02T13:04:20.926809Z [info     ]   File "/home/marlonsc/flext/.venv/lib/python3.13/site-packages/click/core.py", line 1226, in invoke cmd_type=elb consumer=True job_name=dev:tap-oracle-wms-to-target-oracle name=target-oracle producer=False run_id=5138f0b9-bb51-46fd-a1b4-17f942c9433e stdio=stderr string_id=target-oracle
2025-07-02T13:04:20.926876Z [info     ]     return ctx.invoke(self.callback, **ctx.params) cmd_type=elb consumer=True job_name=dev:tap-oracle-wms-to-target-oracle name=target-oracle producer=False run_id=5138f0b9-bb51-46fd-a1b4-17f942c9433e stdio=stderr string_id=target-oracle
2025-07-02T13:04:20.926944Z [info     ]            ~~~~~~~~~~^^^^^^^^^^^^^^^^^^^^^^^^^^^^^ cmd_type=elb consumer=True job_name=dev:tap-oracle-wms-to-target-oracle name=target-oracle producer=False run_id=5138f0b9-bb51-46fd-a1b4-17f942c9433e stdio=stderr string_id=target-oracle
2025-07-02T13:04:20.927013Z [info     ]   File "/home/marlonsc/flext/.venv/lib/python3.13/site-packages/click/core.py", line 794, in invoke cmd_type=elb consumer=True job_name=dev:tap-oracle-wms-to-target-oracle name=target-oracle producer=False run_id=5138f0b9-bb51-46fd-a1b4-17f942c9433e stdio=stderr string_id=target-oracle
2025-07-02T13:04:20.927083Z [info     ]     return callback(*args, **kwargs) cmd_type=elb consumer=True job_name=dev:tap-oracle-wms-to-target-oracle name=target-oracle producer=False run_id=5138f0b9-bb51-46fd-a1b4-17f942c9433e stdio=stderr string_id=target-oracle
2025-07-02T13:04:20.927155Z [info     ]   File "/home/marlonsc/flext/.venv/lib/python3.13/site-packages/singer_sdk/target_base.py", line 588, in invoke cmd_type=elb consumer=True job_name=dev:tap-oracle-wms-to-target-oracle name=target-oracle producer=False run_id=5138f0b9-bb51-46fd-a1b4-17f942c9433e stdio=stderr string_id=target-oracle
2025-07-02T13:04:20.927222Z [info     ]     target.listen(file_input)  cmd_type=elb consumer=True job_name=dev:tap-oracle-wms-to-target-oracle name=target-oracle producer=False run_id=5138f0b9-bb51-46fd-a1b4-17f942c9433e stdio=stderr string_id=target-oracle
2025-07-02T13:04:20.927295Z [info     ]     ~~~~~~~~~~~~~^^^^^^^^^^^^  cmd_type=elb consumer=True job_name=dev:tap-oracle-wms-to-target-oracle name=target-oracle producer=False run_id=5138f0b9-bb51-46fd-a1b4-17f942c9433e stdio=stderr string_id=target-oracle
2025-07-02T13:04:20.927364Z [info     ]   File "/home/marlonsc/flext/.venv/lib/python3.13/site-packages/singer_sdk/plugin_base.py", line 775, in listen cmd_type=elb consumer=True job_name=dev:tap-oracle-wms-to-target-oracle name=target-oracle producer=False run_id=5138f0b9-bb51-46fd-a1b4-17f942c9433e stdio=stderr string_id=target-oracle
2025-07-02T13:04:20.927430Z [info     ]     counter = self.process_lines(file_input) cmd_type=elb consumer=True job_name=dev:tap-oracle-wms-to-target-oracle name=target-oracle producer=False run_id=5138f0b9-bb51-46fd-a1b4-17f942c9433e stdio=stderr string_id=target-oracle
2025-07-02T13:04:20.927498Z [info     ]   File "/home/marlonsc/flext/flext-target-oracle/flext_target_oracle/target.py", line 1133, in process_lines cmd_type=elb consumer=True job_name=dev:tap-oracle-wms-to-target-oracle name=target-oracle producer=False run_id=5138f0b9-bb51-46fd-a1b4-17f942c9433e stdio=stderr string_id=target-oracle
2025-07-02T13:04:20.927563Z [info     ]     result = super().process_lines(file_input) cmd_type=elb consumer=True job_name=dev:tap-oracle-wms-to-target-oracle name=target-oracle producer=False run_id=5138f0b9-bb51-46fd-a1b4-17f942c9433e stdio=stderr string_id=target-oracle
2025-07-02T13:04:20.927631Z [info     ]   File "/home/marlonsc/flext/.venv/lib/python3.13/site-packages/singer_sdk/plugin_base.py", line 801, in process_lines cmd_type=elb consumer=True job_name=dev:tap-oracle-wms-to-target-oracle name=target-oracle producer=False run_id=5138f0b9-bb51-46fd-a1b4-17f942c9433e stdio=stderr string_id=target-oracle
2025-07-02T13:04:20.927699Z [info     ]     return self.message_reader.process_lines( cmd_type=elb consumer=True job_name=dev:tap-oracle-wms-to-target-oracle name=target-oracle producer=False run_id=5138f0b9-bb51-46fd-a1b4-17f942c9433e stdio=stderr string_id=target-oracle
2025-07-02T13:04:20.927766Z [info     ]            ~~~~~~~~~~~~~~~~~~~~~~~~~~~~~~~~~^ cmd_type=elb consumer=True job_name=dev:tap-oracle-wms-to-target-oracle name=target-oracle producer=False run_id=5138f0b9-bb51-46fd-a1b4-17f942c9433e stdio=stderr string_id=target-oracle
2025-07-02T13:04:20.927832Z [info     ]         file_input,            cmd_type=elb consumer=True job_name=dev:tap-oracle-wms-to-target-oracle name=target-oracle producer=False run_id=5138f0b9-bb51-46fd-a1b4-17f942c9433e stdio=stderr string_id=target-oracle
2025-07-02T13:04:20.927898Z [info     ]         ^^^^^^^^^^^            cmd_type=elb consumer=True job_name=dev:tap-oracle-wms-to-target-oracle name=target-oracle producer=False run_id=5138f0b9-bb51-46fd-a1b4-17f942c9433e stdio=stderr string_id=target-oracle
2025-07-02T13:04:20.927966Z [info     ]     ...<6 lines>...            cmd_type=elb consumer=True job_name=dev:tap-oracle-wms-to-target-oracle name=target-oracle producer=False run_id=5138f0b9-bb51-46fd-a1b4-17f942c9433e stdio=stderr string_id=target-oracle
2025-07-02T13:04:20.928035Z [info     ]         },                     cmd_type=elb consumer=True job_name=dev:tap-oracle-wms-to-target-oracle name=target-oracle producer=False run_id=5138f0b9-bb51-46fd-a1b4-17f942c9433e stdio=stderr string_id=target-oracle
2025-07-02T13:04:20.928103Z [info     ]         ^^                     cmd_type=elb consumer=True job_name=dev:tap-oracle-wms-to-target-oracle name=target-oracle producer=False run_id=5138f0b9-bb51-46fd-a1b4-17f942c9433e stdio=stderr string_id=target-oracle
2025-07-02T13:04:20.928170Z [info     ]     )                          cmd_type=elb consumer=True job_name=dev:tap-oracle-wms-to-target-oracle name=target-oracle producer=False run_id=5138f0b9-bb51-46fd-a1b4-17f942c9433e stdio=stderr string_id=target-oracle
2025-07-02T13:04:20.928238Z [info     ]     ^                          cmd_type=elb consumer=True job_name=dev:tap-oracle-wms-to-target-oracle name=target-oracle producer=False run_id=5138f0b9-bb51-46fd-a1b4-17f942c9433e stdio=stderr string_id=target-oracle
2025-07-02T13:04:20.928318Z [info     ]   File "/home/marlonsc/flext/.venv/lib/python3.13/site-packages/singer_sdk/singerlib/encoding/base.py", line 70, in process_lines cmd_type=elb consumer=True job_name=dev:tap-oracle-wms-to-target-oracle name=target-oracle producer=False run_id=5138f0b9-bb51-46fd-a1b4-17f942c9433e stdio=stderr string_id=target-oracle
2025-07-02T13:04:20.928393Z [info     ]     callback(line_dict)        cmd_type=elb consumer=True job_name=dev:tap-oracle-wms-to-target-oracle name=target-oracle producer=False run_id=5138f0b9-bb51-46fd-a1b4-17f942c9433e stdio=stderr string_id=target-oracle
2025-07-02T13:04:20.928462Z [info     ]     ~~~~~~~~^^^^^^^^^^^        cmd_type=elb consumer=True job_name=dev:tap-oracle-wms-to-target-oracle name=target-oracle producer=False run_id=5138f0b9-bb51-46fd-a1b4-17f942c9433e stdio=stderr string_id=target-oracle
2025-07-02T13:04:20.928528Z [info     ]   File "/home/marlonsc/flext/.venv/lib/python3.13/site-packages/singer_sdk/target_base.py", line 339, in _process_record_message cmd_type=elb consumer=True job_name=dev:tap-oracle-wms-to-target-oracle name=target-oracle producer=False run_id=5138f0b9-bb51-46fd-a1b4-17f942c9433e stdio=stderr string_id=target-oracle
2025-07-02T13:04:20.928597Z [info     ]     sink._validate_and_parse(transformed_record)  # noqa: SLF001 cmd_type=elb consumer=True job_name=dev:tap-oracle-wms-to-target-oracle name=target-oracle producer=False run_id=5138f0b9-bb51-46fd-a1b4-17f942c9433e stdio=stderr string_id=target-oracle
2025-07-02T13:04:20.928663Z [info     ]     ~~~~~~~~~~~~~~~~~~~~~~~~^^^^^^^^^^^^^^^^^^^^ cmd_type=elb consumer=True job_name=dev:tap-oracle-wms-to-target-oracle name=target-oracle producer=False run_id=5138f0b9-bb51-46fd-a1b4-17f942c9433e stdio=stderr string_id=target-oracle
2025-07-02T13:04:20.928732Z [info     ]   File "/home/marlonsc/flext/.venv/lib/python3.13/site-packages/singer_sdk/sinks/core.py", line 536, in _validate_and_parse cmd_type=elb consumer=True job_name=dev:tap-oracle-wms-to-target-oracle name=target-oracle producer=False run_id=5138f0b9-bb51-46fd-a1b4-17f942c9433e stdio=stderr string_id=target-oracle
2025-07-02T13:04:20.928798Z [info     ]     self._validator.validate(record) cmd_type=elb consumer=True job_name=dev:tap-oracle-wms-to-target-oracle name=target-oracle producer=False run_id=5138f0b9-bb51-46fd-a1b4-17f942c9433e stdio=stderr string_id=target-oracle
2025-07-02T13:04:20.928867Z [info     ]     ~~~~~~~~~~~~~~~~~~~~~~~~^^^^^^^^ cmd_type=elb consumer=True job_name=dev:tap-oracle-wms-to-target-oracle name=target-oracle producer=False run_id=5138f0b9-bb51-46fd-a1b4-17f942c9433e stdio=stderr string_id=target-oracle
2025-07-02T13:04:20.928938Z [info     ]   File "/home/marlonsc/flext/.venv/lib/python3.13/site-packages/singer_sdk/sinks/core.py", line 129, in validate cmd_type=elb consumer=True job_name=dev:tap-oracle-wms-to-target-oracle name=target-oracle producer=False run_id=5138f0b9-bb51-46fd-a1b4-17f942c9433e stdio=stderr string_id=target-oracle
2025-07-02T13:04:20.929006Z [info     ]     raise InvalidRecord(e.message, record) from e cmd_type=elb consumer=True job_name=dev:tap-oracle-wms-to-target-oracle name=target-oracle producer=False run_id=5138f0b9-bb51-46fd-a1b4-17f942c9433e stdio=stderr string_id=target-oracle
2025-07-02T13:04:20.929076Z [info     ] singer_sdk.exceptions.InvalidRecord: Record Message Validation Error: '540' is not of type 'number' cmd_type=elb consumer=True job_name=dev:tap-oracle-wms-to-target-oracle name=target-oracle producer=False run_id=5138f0b9-bb51-46fd-a1b4-17f942c9433e stdio=stderr string_id=target-oracle
2025-07-02T13:04:20.961258Z [info     ] Incremental state has been updated at 2025-07-02 13:04:20.961227+00:00.
2025-07-02T13:04:21.094699Z [error    ] Loader failed
2025-07-02T13:04:21.094817Z [error    ] Block run completed.           block_type=ExtractLoadBlocks err=RunnerError('Loader failed') exit_codes={<PluginType.LOADERS: 'loaders'>: 1} set_number=0 success=False
