2025-07-02T13:27:21.041080Z [warning  ] A catalog file was found, but it will be ignored as the extractor does not advertise the `catalog` or `properties` capability
2025-07-02T13:27:21.548811Z [info     ] tap-oracle-wms v0.1.0, Meltano SDK v0.47.4 cmd_type=elb consumer=False job_name=dev:tap-oracle-wms-to-target-oracle name=tap-oracle-wms producer=True run_id=90c0ebde-00d6-4e29-b78d-860586759860 stdio=stderr string_id=tap-oracle-wms
2025-07-02T13:27:21.549083Z [info     ] /home/marlonsc/flext/.venv/lib/python3.13/site-packages/singer_sdk/plugin_base.py:715: SingerSDKDeprecationWarning: Passing a list of config file paths is deprecated. Please pass the config as a dictionary instead. cmd_type=elb consumer=False job_name=dev:tap-oracle-wms-to-target-oracle name=tap-oracle-wms producer=True run_id=90c0ebde-00d6-4e29-b78d-860586759860 stdio=stderr string_id=tap-oracle-wms
2025-07-02T13:27:21.549177Z [info     ]   super().__init__(            cmd_type=elb consumer=False job_name=dev:tap-oracle-wms-to-target-oracle name=tap-oracle-wms producer=True run_id=90c0ebde-00d6-4e29-b78d-860586759860 stdio=stderr string_id=tap-oracle-wms
2025-07-02T13:27:21.549250Z [info     ]                                cmd_type=elb consumer=False job_name=dev:tap-oracle-wms-to-target-oracle name=tap-oracle-wms producer=True run_id=90c0ebde-00d6-4e29-b78d-860586759860 stdio=stderr string_id=tap-oracle-wms
2025-07-02T13:27:21.549328Z [info     ] Skipping parse of env var settings... cmd_type=elb consumer=False job_name=dev:tap-oracle-wms-to-target-oracle name=tap-oracle-wms producer=True run_id=90c0ebde-00d6-4e29-b78d-860586759860 stdio=stderr string_id=tap-oracle-wms
2025-07-02T13:27:21.549416Z [info     ] Discovering entities from Oracle WMS API cmd_type=elb consumer=False job_name=dev:tap-oracle-wms-to-target-oracle name=tap-oracle-wms producer=True run_id=90c0ebde-00d6-4e29-b78d-860586759860 stdio=stderr string_id=tap-oracle-wms
2025-07-02T13:27:21.623988Z [info     ] flext-target-oracle v1.0.0, Meltano SDK v0.47.4 cmd_type=elb consumer=True job_name=dev:tap-oracle-wms-to-target-oracle name=target-oracle producer=False run_id=90c0ebde-00d6-4e29-b78d-860586759860 stdio=stderr string_id=target-oracle
2025-07-02T13:27:21.624207Z [info     ] /home/marlonsc/flext/.venv/lib/python3.13/site-packages/singer_sdk/plugin_base.py:715: SingerSDKDeprecationWarning: Passing a list of config file paths is deprecated. Please pass the config as a dictionary instead. cmd_type=elb consumer=True job_name=dev:tap-oracle-wms-to-target-oracle name=target-oracle producer=False run_id=90c0ebde-00d6-4e29-b78d-860586759860 stdio=stderr string_id=target-oracle
2025-07-02T13:27:21.624307Z [info     ]   super().__init__(            cmd_type=elb consumer=True job_name=dev:tap-oracle-wms-to-target-oracle name=target-oracle producer=False run_id=90c0ebde-00d6-4e29-b78d-860586759860 stdio=stderr string_id=target-oracle
2025-07-02T13:27:21.624385Z [info     ]                                cmd_type=elb consumer=True job_name=dev:tap-oracle-wms-to-target-oracle name=target-oracle producer=False run_id=90c0ebde-00d6-4e29-b78d-860586759860 stdio=stderr string_id=target-oracle
2025-07-02T13:27:21.624453Z [info     ] Skipping parse of env var settings... cmd_type=elb consumer=True job_name=dev:tap-oracle-wms-to-target-oracle name=target-oracle producer=False run_id=90c0ebde-00d6-4e29-b78d-860586759860 stdio=stderr string_id=target-oracle
2025-07-02T13:27:21.639732Z [info     ] Using systemdb state backend
2025-07-02T13:27:21.654028Z [info     ] Incremental state has been updated at 2025-07-02 13:27:21.654013+00:00.
2025-07-02T13:27:21.682181Z [info     ] Incremental state has been updated at 2025-07-02 13:27:21.682164+00:00.
2025-07-02T13:27:21.708278Z [info     ] Incremental state has been updated at 2025-07-02 13:27:21.708262+00:00.
2025-07-02T13:27:21.708451Z [info     ] Oracle Target initialized      cmd_type=elb consumer=True job_name=dev:tap-oracle-wms-to-target-oracle name=target-oracle producer=False run_id=90c0ebde-00d6-4e29-b78d-860586759860 stdio=stderr string_id=target-oracle
2025-07-02T13:27:21.708552Z [info     ] Initializing Oracle Target monitoring cmd_type=elb consumer=True job_name=dev:tap-oracle-wms-to-target-oracle name=target-oracle producer=False run_id=90c0ebde-00d6-4e29-b78d-860586759860 stdio=stderr string_id=target-oracle
2025-07-02T13:27:21.708632Z [info     ] Operation started              cmd_type=elb consumer=True job_name=dev:tap-oracle-wms-to-target-oracle name=target-oracle producer=False run_id=90c0ebde-00d6-4e29-b78d-860586759860 stdio=stderr string_id=target-oracle
2025-07-02T13:27:22.868000Z [info     ] HTTP Request: GET https://a29.wms.ocs.oraclecloud.com/raizen/wms/lgfapi/v10/entity/ "HTTP/1.1 200 OK" cmd_type=elb consumer=False job_name=dev:tap-oracle-wms-to-target-oracle name=tap-oracle-wms producer=True run_id=90c0ebde-00d6-4e29-b78d-860586759860 stdio=stderr string_id=tap-oracle-wms
2025-07-02T13:27:23.370967Z [info     ] Discovered 311 entities        cmd_type=elb consumer=False job_name=dev:tap-oracle-wms-to-target-oracle name=tap-oracle-wms producer=True run_id=90c0ebde-00d6-4e29-b78d-860586759860 stdio=stderr string_id=tap-oracle-wms
2025-07-02T13:27:23.371271Z [info     ] Discovered 3 entities from WMS API cmd_type=elb consumer=False job_name=dev:tap-oracle-wms-to-target-oracle name=tap-oracle-wms producer=True run_id=90c0ebde-00d6-4e29-b78d-860586759860 stdio=stderr string_id=tap-oracle-wms
2025-07-02T13:27:24.380655Z [info     ] HTTP Request: GET https://a29.wms.ocs.oraclecloud.com/raizen/wms/lgfapi/v10/entity//allocation/describe/ "HTTP/1.1 200 OK" cmd_type=elb consumer=False job_name=dev:tap-oracle-wms-to-target-oracle name=tap-oracle-wms producer=True run_id=90c0ebde-00d6-4e29-b78d-860586759860 stdio=stderr string_id=tap-oracle-wms
2025-07-02T13:27:24.381849Z [info     ] Discovered stream: allocation with 24 properties cmd_type=elb consumer=False job_name=dev:tap-oracle-wms-to-target-oracle name=tap-oracle-wms producer=True run_id=90c0ebde-00d6-4e29-b78d-860586759860 stdio=stderr string_id=tap-oracle-wms
2025-07-02T13:27:25.294635Z [info     ] HTTP Request: GET https://a29.wms.ocs.oraclecloud.com/raizen/wms/lgfapi/v10/entity//order_dtl/describe/ "HTTP/1.1 200 OK" cmd_type=elb consumer=False job_name=dev:tap-oracle-wms-to-target-oracle name=tap-oracle-wms producer=True run_id=90c0ebde-00d6-4e29-b78d-860586759860 stdio=stderr string_id=tap-oracle-wms
2025-07-02T13:27:25.296128Z [info     ] Discovered stream: order_dtl with 87 properties cmd_type=elb consumer=False job_name=dev:tap-oracle-wms-to-target-oracle name=tap-oracle-wms producer=True run_id=90c0ebde-00d6-4e29-b78d-860586759860 stdio=stderr string_id=tap-oracle-wms
2025-07-02T13:27:26.212673Z [info     ] HTTP Request: GET https://a29.wms.ocs.oraclecloud.com/raizen/wms/lgfapi/v10/entity//order_hdr/describe/ "HTTP/1.1 200 OK" cmd_type=elb consumer=False job_name=dev:tap-oracle-wms-to-target-oracle name=tap-oracle-wms producer=True run_id=90c0ebde-00d6-4e29-b78d-860586759860 stdio=stderr string_id=tap-oracle-wms
2025-07-02T13:27:26.215946Z [info     ] Discovered stream: order_hdr with 119 properties cmd_type=elb consumer=False job_name=dev:tap-oracle-wms-to-target-oracle name=tap-oracle-wms producer=True run_id=90c0ebde-00d6-4e29-b78d-860586759860 stdio=stderr string_id=tap-oracle-wms
2025-07-02T13:27:26.220224Z [info     ] Beginning incremental sync of 'allocation' cmd_type=elb consumer=False job_name=dev:tap-oracle-wms-to-target-oracle name=tap-oracle-wms producer=True run_id=90c0ebde-00d6-4e29-b78d-860586759860 stdio=stderr string_id=tap-oracle-wms
2025-07-02T13:27:26.220481Z [info     ] Starting incremental sync with bookmark value: None cmd_type=elb consumer=False job_name=dev:tap-oracle-wms-to-target-oracle name=tap-oracle-wms producer=True run_id=90c0ebde-00d6-4e29-b78d-860586759860 stdio=stderr string_id=tap-oracle-wms
2025-07-02T13:27:26.249468Z [info     ] Incremental state has been updated at 2025-07-02 13:27:26.249445+00:00.
2025-07-02T13:27:26.249712Z [info     ] Creating sink for stream       cmd_type=elb consumer=True job_name=dev:tap-oracle-wms-to-target-oracle name=target-oracle producer=False run_id=90c0ebde-00d6-4e29-b78d-860586759860 stdio=stderr string_id=target-oracle
2025-07-02T13:30:28.840806Z [info     ] METRIC: {"type": "timer", "metric": "http_request_duration", "value": 182.618894, "tags": {"stream": "allocation", "endpoint": "/wms/lgfapi/v10/entity/allocation", "http_status_code": 200, "status": "succeeded"}} cmd_type=elb consumer=False job_name=dev:tap-oracle-wms-to-target-oracle name=tap-oracle-wms producer=True run_id=90c0ebde-00d6-4e29-b78d-860586759860 stdio=stderr string_id=tap-oracle-wms
2025-07-02T13:30:28.840982Z [info     ] METRIC: {"type": "counter", "metric": "http_request_count", "value": 1, "tags": {"stream": "allocation", "endpoint": "/wms/lgfapi/v10/entity/allocation", "pid": 1886414}} cmd_type=elb consumer=False job_name=dev:tap-oracle-wms-to-target-oracle name=tap-oracle-wms producer=True run_id=90c0ebde-00d6-4e29-b78d-860586759860 stdio=stderr string_id=tap-oracle-wms
2025-07-02T13:30:28.841092Z [info     ] Properties ('url', '_extracted_at', '_entity') were present in the 'allocation' stream but not found in catalog schema. Ignoring. cmd_type=elb consumer=False job_name=dev:tap-oracle-wms-to-target-oracle name=tap-oracle-wms producer=True run_id=90c0ebde-00d6-4e29-b78d-860586759860 stdio=stderr string_id=tap-oracle-wms
2025-07-02T13:30:28.841167Z [info     ] Stream is assumed to be unsorted, progress is not resumable if interrupted cmd_type=elb consumer=False job_name=dev:tap-oracle-wms-to-target-oracle name=tap-oracle-wms producer=True run_id=90c0ebde-00d6-4e29-b78d-860586759860 stdio=stderr string_id=tap-oracle-wms
2025-07-02T13:30:28.841228Z [info     ] METRIC: {"type": "counter", "metric": "record_count", "value": 1, "tags": {"stream": "allocation", "pid": 1886414, "context": {}}} cmd_type=elb consumer=False job_name=dev:tap-oracle-wms-to-target-oracle name=tap-oracle-wms producer=True run_id=90c0ebde-00d6-4e29-b78d-860586759860 stdio=stderr string_id=tap-oracle-wms
2025-07-02T13:30:28.841361Z [info     ] METRIC: {"type": "counter", "metric": "http_request_count", "value": 0, "tags": {"stream": "allocation", "endpoint": "/wms/lgfapi/v10/entity/allocation", "pid": 1886414}} cmd_type=elb consumer=False job_name=dev:tap-oracle-wms-to-target-oracle name=tap-oracle-wms producer=True run_id=90c0ebde-00d6-4e29-b78d-860586759860 stdio=stderr string_id=tap-oracle-wms
2025-07-02T13:30:28.841440Z [info     ] METRIC: {"type": "timer", "metric": "sync_duration", "value": 182.62087202072144, "tags": {"stream": "allocation", "pid": 1886414, "context": {}, "status": "succeeded"}} cmd_type=elb consumer=False job_name=dev:tap-oracle-wms-to-target-oracle name=tap-oracle-wms producer=True run_id=90c0ebde-00d6-4e29-b78d-860586759860 stdio=stderr string_id=tap-oracle-wms
2025-07-02T13:30:28.841534Z [info     ] METRIC: {"type": "counter", "metric": "record_count", "value": 4, "tags": {"stream": "allocation", "pid": 1886414, "context": {}}} cmd_type=elb consumer=False job_name=dev:tap-oracle-wms-to-target-oracle name=tap-oracle-wms producer=True run_id=90c0ebde-00d6-4e29-b78d-860586759860 stdio=stderr string_id=tap-oracle-wms
2025-07-02T13:30:28.841621Z [info     ] Beginning incremental sync of 'order_dtl' cmd_type=elb consumer=False job_name=dev:tap-oracle-wms-to-target-oracle name=tap-oracle-wms producer=True run_id=90c0ebde-00d6-4e29-b78d-860586759860 stdio=stderr string_id=tap-oracle-wms
2025-07-02T13:30:28.867253Z [info     ] Incremental state has been updated at 2025-07-02 13:30:28.867236+00:00.
2025-07-02T13:30:28.867415Z [info     ] Creating sink for stream       cmd_type=elb consumer=True job_name=dev:tap-oracle-wms-to-target-oracle name=target-oracle producer=False run_id=90c0ebde-00d6-4e29-b78d-860586759860 stdio=stderr string_id=target-oracle
2025-07-02T13:30:28.867587Z [info     ] METRIC: {"type": "counter", "metric": "record_count", "value": 1, "tags": {"stream": "allocation", "pid": 1886415}} cmd_type=elb consumer=True job_name=dev:tap-oracle-wms-to-target-oracle name=target-oracle producer=False run_id=90c0ebde-00d6-4e29-b78d-860586759860 stdio=stderr string_id=target-oracle
2025-07-02T13:30:28.867681Z [info     ] Creating sink for stream       cmd_type=elb consumer=True job_name=dev:tap-oracle-wms-to-target-oracle name=target-oracle producer=False run_id=90c0ebde-00d6-4e29-b78d-860586759860 stdio=stderr string_id=target-oracle
2025-07-02T13:30:28.867754Z [info     ] Creating sink for stream       cmd_type=elb consumer=True job_name=dev:tap-oracle-wms-to-target-oracle name=target-oracle producer=False run_id=90c0ebde-00d6-4e29-b78d-860586759860 stdio=stderr string_id=target-oracle
2025-07-02T13:30:28.867818Z [info     ] Creating sink for stream       cmd_type=elb consumer=True job_name=dev:tap-oracle-wms-to-target-oracle name=target-oracle producer=False run_id=90c0ebde-00d6-4e29-b78d-860586759860 stdio=stderr string_id=target-oracle
2025-07-02T13:30:28.867882Z [info     ] Creating sink for stream       cmd_type=elb consumer=True job_name=dev:tap-oracle-wms-to-target-oracle name=target-oracle producer=False run_id=90c0ebde-00d6-4e29-b78d-860586759860 stdio=stderr string_id=target-oracle
2025-07-02T13:30:28.893494Z [info     ] Incremental state has been updated at 2025-07-02 13:30:28.893481+00:00.
2025-07-02T13:30:28.919535Z [info     ] Incremental state has been updated at 2025-07-02 13:30:28.919521+00:00.
2025-07-02T13:30:28.946105Z [info     ] Incremental state has been updated at 2025-07-02 13:30:28.946089+00:00.
2025-07-02T13:30:28.972126Z [info     ] Incremental state has been updated at 2025-07-02 13:30:28.972113+00:00.
2025-07-02T13:30:28.972290Z [info     ] Starting incremental sync with bookmark value: None cmd_type=elb consumer=False job_name=dev:tap-oracle-wms-to-target-oracle name=tap-oracle-wms producer=True run_id=90c0ebde-00d6-4e29-b78d-860586759860 stdio=stderr string_id=tap-oracle-wms
2025-07-02T13:30:28.998729Z [info     ] Incremental state has been updated at 2025-07-02 13:30:28.998706+00:00.
2025-07-02T13:30:28.998949Z [info     ] Creating sink for stream       cmd_type=elb consumer=True job_name=dev:tap-oracle-wms-to-target-oracle name=target-oracle producer=False run_id=90c0ebde-00d6-4e29-b78d-860586759860 stdio=stderr string_id=target-oracle
2025-07-02T13:35:29.380249Z [info     ] Backing off _request(...) for 2.5s (requests.exceptions.ReadTimeout: HTTPSConnectionPool(host='a29.wms.ocs.oraclecloud.com', port=443): Read timed out. (read timeout=300)) cmd_type=elb consumer=False job_name=dev:tap-oracle-wms-to-target-oracle name=tap-oracle-wms producer=True run_id=90c0ebde-00d6-4e29-b78d-860586759860 stdio=stderr string_id=tap-oracle-wms
2025-07-02T13:35:29.380443Z [info     ] Backing off 2.55 seconds after 1 tries calling function <bound method _HTTPStream._request of <tap_oracle_wms.streams.WMSStream object at 0x7f6f21155450>> with args (<PreparedRequest [GET]>, None) and kwargs {} cmd_type=elb consumer=False job_name=dev:tap-oracle-wms-to-target-oracle name=tap-oracle-wms producer=True run_id=90c0ebde-00d6-4e29-b78d-860586759860 stdio=stderr string_id=tap-oracle-wms
2025-07-02T13:40:32.491702Z [info     ] Backing off _request(...) for 4.5s (requests.exceptions.ReadTimeout: HTTPSConnectionPool(host='a29.wms.ocs.oraclecloud.com', port=443): Read timed out. (read timeout=300)) cmd_type=elb consumer=False job_name=dev:tap-oracle-wms-to-target-oracle name=tap-oracle-wms producer=True run_id=90c0ebde-00d6-4e29-b78d-860586759860 stdio=stderr string_id=tap-oracle-wms
2025-07-02T13:40:32.491941Z [info     ] Backing off 4.49 seconds after 2 tries calling function <bound method _HTTPStream._request of <tap_oracle_wms.streams.WMSStream object at 0x7f6f21155450>> with args (<PreparedRequest [GET]>, None) and kwargs {} cmd_type=elb consumer=False job_name=dev:tap-oracle-wms-to-target-oracle name=tap-oracle-wms producer=True run_id=90c0ebde-00d6-4e29-b78d-860586759860 stdio=stderr string_id=tap-oracle-wms
2025-07-02T13:45:37.517220Z [info     ] Backing off _request(...) for 9.0s (requests.exceptions.ReadTimeout: HTTPSConnectionPool(host='a29.wms.ocs.oraclecloud.com', port=443): Read timed out. (read timeout=300)) cmd_type=elb consumer=False job_name=dev:tap-oracle-wms-to-target-oracle name=tap-oracle-wms producer=True run_id=90c0ebde-00d6-4e29-b78d-860586759860 stdio=stderr string_id=tap-oracle-wms
2025-07-02T13:45:37.517444Z [info     ] Backing off 8.95 seconds after 3 tries calling function <bound method _HTTPStream._request of <tap_oracle_wms.streams.WMSStream object at 0x7f6f21155450>> with args (<PreparedRequest [GET]>, None) and kwargs {} cmd_type=elb consumer=False job_name=dev:tap-oracle-wms-to-target-oracle name=tap-oracle-wms producer=True run_id=90c0ebde-00d6-4e29-b78d-860586759860 stdio=stderr string_id=tap-oracle-wms
2025-07-02T13:50:47.059348Z [info     ] Backing off _request(...) for 16.2s (requests.exceptions.ReadTimeout: HTTPSConnectionPool(host='a29.wms.ocs.oraclecloud.com', port=443): Read timed out. (read timeout=300)) cmd_type=elb consumer=False job_name=dev:tap-oracle-wms-to-target-oracle name=tap-oracle-wms producer=True run_id=90c0ebde-00d6-4e29-b78d-860586759860 stdio=stderr string_id=tap-oracle-wms
2025-07-02T13:50:47.059568Z [info     ] Backing off 16.22 seconds after 4 tries calling function <bound method _HTTPStream._request of <tap_oracle_wms.streams.WMSStream object at 0x7f6f21155450>> with args (<PreparedRequest [GET]>, None) and kwargs {} cmd_type=elb consumer=False job_name=dev:tap-oracle-wms-to-target-oracle name=tap-oracle-wms producer=True run_id=90c0ebde-00d6-4e29-b78d-860586759860 stdio=stderr string_id=tap-oracle-wms
2025-07-02T13:56:03.868978Z [info     ] Giving up _request(...) after 5 tries (requests.exceptions.ReadTimeout: HTTPSConnectionPool(host='a29.wms.ocs.oraclecloud.com', port=443): Read timed out. (read timeout=300)) cmd_type=elb consumer=False job_name=dev:tap-oracle-wms-to-target-oracle name=tap-oracle-wms producer=True run_id=90c0ebde-00d6-4e29-b78d-860586759860 stdio=stderr string_id=tap-oracle-wms
2025-07-02T13:56:03.869183Z [info     ] METRIC: {"type": "counter", "metric": "http_request_count", "value": 0, "tags": {"stream": "order_dtl", "endpoint": "/wms/lgfapi/v10/entity/order_dtl", "pid": 1886414}} cmd_type=elb consumer=False job_name=dev:tap-oracle-wms-to-target-oracle name=tap-oracle-wms producer=True run_id=90c0ebde-00d6-4e29-b78d-860586759860 stdio=stderr string_id=tap-oracle-wms
2025-07-02T13:56:03.869266Z [info     ] Unexpected error for order_dtl: HTTPSConnectionPool(host='a29.wms.ocs.oraclecloud.com', port=443): Read timed out. (read timeout=300) cmd_type=elb consumer=False job_name=dev:tap-oracle-wms-to-target-oracle name=tap-oracle-wms producer=True run_id=90c0ebde-00d6-4e29-b78d-860586759860 stdio=stderr string_id=tap-oracle-wms
2025-07-02T13:56:03.869379Z [info     ] METRIC: {"type": "timer", "metric": "sync_duration", "value": 1535.0268940925598, "tags": {"stream": "order_dtl", "pid": 1886414, "context": {}, "status": "failed"}} cmd_type=elb consumer=False job_name=dev:tap-oracle-wms-to-target-oracle name=tap-oracle-wms producer=True run_id=90c0ebde-00d6-4e29-b78d-860586759860 stdio=stderr string_id=tap-oracle-wms
2025-07-02T13:56:03.869468Z [info     ] METRIC: {"type": "counter", "metric": "record_count", "value": 0, "tags": {"stream": "order_dtl", "pid": 1886414, "context": {}}} cmd_type=elb consumer=False job_name=dev:tap-oracle-wms-to-target-oracle name=tap-oracle-wms producer=True run_id=90c0ebde-00d6-4e29-b78d-860586759860 stdio=stderr string_id=tap-oracle-wms
2025-07-02T13:56:03.880762Z [info     ] An unhandled error occurred while syncing 'order_dtl' cmd_type=elb consumer=False job_name=dev:tap-oracle-wms-to-target-oracle name=tap-oracle-wms producer=True run_id=90c0ebde-00d6-4e29-b78d-860586759860 stdio=stderr string_id=tap-oracle-wms
2025-07-02T13:56:03.880904Z [info     ] Traceback (most recent call last): cmd_type=elb consumer=False job_name=dev:tap-oracle-wms-to-target-oracle name=tap-oracle-wms producer=True run_id=90c0ebde-00d6-4e29-b78d-860586759860 stdio=stderr string_id=tap-oracle-wms
2025-07-02T13:56:03.880985Z [info     ]   File "/home/marlonsc/flext/.venv/lib/python3.13/site-packages/urllib3/connectionpool.py", line 534, in _make_request cmd_type=elb consumer=False job_name=dev:tap-oracle-wms-to-target-oracle name=tap-oracle-wms producer=True run_id=90c0ebde-00d6-4e29-b78d-860586759860 stdio=stderr string_id=tap-oracle-wms
2025-07-02T13:56:03.881061Z [info     ]     response = conn.getresponse() cmd_type=elb consumer=False job_name=dev:tap-oracle-wms-to-target-oracle name=tap-oracle-wms producer=True run_id=90c0ebde-00d6-4e29-b78d-860586759860 stdio=stderr string_id=tap-oracle-wms
2025-07-02T13:56:03.881133Z [info     ]   File "/home/marlonsc/flext/.venv/lib/python3.13/site-packages/urllib3/connection.py", line 565, in getresponse cmd_type=elb consumer=False job_name=dev:tap-oracle-wms-to-target-oracle name=tap-oracle-wms producer=True run_id=90c0ebde-00d6-4e29-b78d-860586759860 stdio=stderr string_id=tap-oracle-wms
2025-07-02T13:56:03.881198Z [info     ]     httplib_response = super().getresponse() cmd_type=elb consumer=False job_name=dev:tap-oracle-wms-to-target-oracle name=tap-oracle-wms producer=True run_id=90c0ebde-00d6-4e29-b78d-860586759860 stdio=stderr string_id=tap-oracle-wms
2025-07-02T13:56:03.881263Z [info     ]   File "/usr/lib/python3.13/http/client.py", line 1430, in getresponse cmd_type=elb consumer=False job_name=dev:tap-oracle-wms-to-target-oracle name=tap-oracle-wms producer=True run_id=90c0ebde-00d6-4e29-b78d-860586759860 stdio=stderr string_id=tap-oracle-wms
2025-07-02T13:56:03.881332Z [info     ]     response.begin()           cmd_type=elb consumer=False job_name=dev:tap-oracle-wms-to-target-oracle name=tap-oracle-wms producer=True run_id=90c0ebde-00d6-4e29-b78d-860586759860 stdio=stderr string_id=tap-oracle-wms
2025-07-02T13:56:03.881396Z [info     ]     ~~~~~~~~~~~~~~^^           cmd_type=elb consumer=False job_name=dev:tap-oracle-wms-to-target-oracle name=tap-oracle-wms producer=True run_id=90c0ebde-00d6-4e29-b78d-860586759860 stdio=stderr string_id=tap-oracle-wms
2025-07-02T13:56:03.881457Z [info     ]   File "/usr/lib/python3.13/http/client.py", line 331, in begin cmd_type=elb consumer=False job_name=dev:tap-oracle-wms-to-target-oracle name=tap-oracle-wms producer=True run_id=90c0ebde-00d6-4e29-b78d-860586759860 stdio=stderr string_id=tap-oracle-wms
2025-07-02T13:56:03.881519Z [info     ]     version, status, reason = self._read_status() cmd_type=elb consumer=False job_name=dev:tap-oracle-wms-to-target-oracle name=tap-oracle-wms producer=True run_id=90c0ebde-00d6-4e29-b78d-860586759860 stdio=stderr string_id=tap-oracle-wms
2025-07-02T13:56:03.881581Z [info     ]                               ~~~~~~~~~~~~~~~~~^^ cmd_type=elb consumer=False job_name=dev:tap-oracle-wms-to-target-oracle name=tap-oracle-wms producer=True run_id=90c0ebde-00d6-4e29-b78d-860586759860 stdio=stderr string_id=tap-oracle-wms
2025-07-02T13:56:03.881643Z [info     ]   File "/usr/lib/python3.13/http/client.py", line 292, in _read_status cmd_type=elb consumer=False job_name=dev:tap-oracle-wms-to-target-oracle name=tap-oracle-wms producer=True run_id=90c0ebde-00d6-4e29-b78d-860586759860 stdio=stderr string_id=tap-oracle-wms
2025-07-02T13:56:03.881704Z [info     ]     line = str(self.fp.readline(_MAXLINE + 1), "iso-8859-1") cmd_type=elb consumer=False job_name=dev:tap-oracle-wms-to-target-oracle name=tap-oracle-wms producer=True run_id=90c0ebde-00d6-4e29-b78d-860586759860 stdio=stderr string_id=tap-oracle-wms
2025-07-02T13:56:03.881766Z [info     ]                ~~~~~~~~~~~~~~~~^^^^^^^^^^^^^^ cmd_type=elb consumer=False job_name=dev:tap-oracle-wms-to-target-oracle name=tap-oracle-wms producer=True run_id=90c0ebde-00d6-4e29-b78d-860586759860 stdio=stderr string_id=tap-oracle-wms
2025-07-02T13:56:03.881827Z [info     ]   File "/usr/lib/python3.13/socket.py", line 719, in readinto cmd_type=elb consumer=False job_name=dev:tap-oracle-wms-to-target-oracle name=tap-oracle-wms producer=True run_id=90c0ebde-00d6-4e29-b78d-860586759860 stdio=stderr string_id=tap-oracle-wms
2025-07-02T13:56:03.881890Z [info     ]     return self._sock.recv_into(b) cmd_type=elb consumer=False job_name=dev:tap-oracle-wms-to-target-oracle name=tap-oracle-wms producer=True run_id=90c0ebde-00d6-4e29-b78d-860586759860 stdio=stderr string_id=tap-oracle-wms
2025-07-02T13:56:03.881957Z [info     ]            ~~~~~~~~~~~~~~~~~~~~^^^ cmd_type=elb consumer=False job_name=dev:tap-oracle-wms-to-target-oracle name=tap-oracle-wms producer=True run_id=90c0ebde-00d6-4e29-b78d-860586759860 stdio=stderr string_id=tap-oracle-wms
2025-07-02T13:56:03.882019Z [info     ]   File "/usr/lib/python3.13/ssl.py", line 1304, in recv_into cmd_type=elb consumer=False job_name=dev:tap-oracle-wms-to-target-oracle name=tap-oracle-wms producer=True run_id=90c0ebde-00d6-4e29-b78d-860586759860 stdio=stderr string_id=tap-oracle-wms
2025-07-02T13:56:03.882080Z [info     ]     return self.read(nbytes, buffer) cmd_type=elb consumer=False job_name=dev:tap-oracle-wms-to-target-oracle name=tap-oracle-wms producer=True run_id=90c0ebde-00d6-4e29-b78d-860586759860 stdio=stderr string_id=tap-oracle-wms
2025-07-02T13:56:03.882141Z [info     ]            ~~~~~~~~~^^^^^^^^^^^^^^^^ cmd_type=elb consumer=False job_name=dev:tap-oracle-wms-to-target-oracle name=tap-oracle-wms producer=True run_id=90c0ebde-00d6-4e29-b78d-860586759860 stdio=stderr string_id=tap-oracle-wms
2025-07-02T13:56:03.882201Z [info     ]   File "/usr/lib/python3.13/ssl.py", line 1138, in read cmd_type=elb consumer=False job_name=dev:tap-oracle-wms-to-target-oracle name=tap-oracle-wms producer=True run_id=90c0ebde-00d6-4e29-b78d-860586759860 stdio=stderr string_id=tap-oracle-wms
2025-07-02T13:56:03.882262Z [info     ]     return self._sslobj.read(len, buffer) cmd_type=elb consumer=False job_name=dev:tap-oracle-wms-to-target-oracle name=tap-oracle-wms producer=True run_id=90c0ebde-00d6-4e29-b78d-860586759860 stdio=stderr string_id=tap-oracle-wms
2025-07-02T13:56:03.882329Z [info     ]            ~~~~~~~~~~~~~~~~~^^^^^^^^^^^^^ cmd_type=elb consumer=False job_name=dev:tap-oracle-wms-to-target-oracle name=tap-oracle-wms producer=True run_id=90c0ebde-00d6-4e29-b78d-860586759860 stdio=stderr string_id=tap-oracle-wms
2025-07-02T13:56:03.882389Z [info     ] TimeoutError: The read operation timed out cmd_type=elb consumer=False job_name=dev:tap-oracle-wms-to-target-oracle name=tap-oracle-wms producer=True run_id=90c0ebde-00d6-4e29-b78d-860586759860 stdio=stderr string_id=tap-oracle-wms
2025-07-02T13:56:03.882449Z [info     ]                                cmd_type=elb consumer=False job_name=dev:tap-oracle-wms-to-target-oracle name=tap-oracle-wms producer=True run_id=90c0ebde-00d6-4e29-b78d-860586759860 stdio=stderr string_id=tap-oracle-wms
2025-07-02T13:56:03.882511Z [info     ] The above exception was the direct cause of the following exception: cmd_type=elb consumer=False job_name=dev:tap-oracle-wms-to-target-oracle name=tap-oracle-wms producer=True run_id=90c0ebde-00d6-4e29-b78d-860586759860 stdio=stderr string_id=tap-oracle-wms
2025-07-02T13:56:03.882574Z [info     ]                                cmd_type=elb consumer=False job_name=dev:tap-oracle-wms-to-target-oracle name=tap-oracle-wms producer=True run_id=90c0ebde-00d6-4e29-b78d-860586759860 stdio=stderr string_id=tap-oracle-wms
2025-07-02T13:56:03.882635Z [info     ] Traceback (most recent call last): cmd_type=elb consumer=False job_name=dev:tap-oracle-wms-to-target-oracle name=tap-oracle-wms producer=True run_id=90c0ebde-00d6-4e29-b78d-860586759860 stdio=stderr string_id=tap-oracle-wms
2025-07-02T13:56:03.882697Z [info     ]   File "/home/marlonsc/flext/.venv/lib/python3.13/site-packages/requests/adapters.py", line 667, in send cmd_type=elb consumer=False job_name=dev:tap-oracle-wms-to-target-oracle name=tap-oracle-wms producer=True run_id=90c0ebde-00d6-4e29-b78d-860586759860 stdio=stderr string_id=tap-oracle-wms
2025-07-02T13:56:03.882759Z [info     ]     resp = conn.urlopen(       cmd_type=elb consumer=False job_name=dev:tap-oracle-wms-to-target-oracle name=tap-oracle-wms producer=True run_id=90c0ebde-00d6-4e29-b78d-860586759860 stdio=stderr string_id=tap-oracle-wms
2025-07-02T13:56:03.882820Z [info     ]         method=request.method, cmd_type=elb consumer=False job_name=dev:tap-oracle-wms-to-target-oracle name=tap-oracle-wms producer=True run_id=90c0ebde-00d6-4e29-b78d-860586759860 stdio=stderr string_id=tap-oracle-wms
2025-07-02T13:56:03.882883Z [info     ]     ...<9 lines>...            cmd_type=elb consumer=False job_name=dev:tap-oracle-wms-to-target-oracle name=tap-oracle-wms producer=True run_id=90c0ebde-00d6-4e29-b78d-860586759860 stdio=stderr string_id=tap-oracle-wms
2025-07-02T13:56:03.882945Z [info     ]         chunked=chunked,       cmd_type=elb consumer=False job_name=dev:tap-oracle-wms-to-target-oracle name=tap-oracle-wms producer=True run_id=90c0ebde-00d6-4e29-b78d-860586759860 stdio=stderr string_id=tap-oracle-wms
2025-07-02T13:56:03.883006Z [info     ]     )                          cmd_type=elb consumer=False job_name=dev:tap-oracle-wms-to-target-oracle name=tap-oracle-wms producer=True run_id=90c0ebde-00d6-4e29-b78d-860586759860 stdio=stderr string_id=tap-oracle-wms
2025-07-02T13:56:03.883070Z [info     ]   File "/home/marlonsc/flext/.venv/lib/python3.13/site-packages/urllib3/connectionpool.py", line 841, in urlopen cmd_type=elb consumer=False job_name=dev:tap-oracle-wms-to-target-oracle name=tap-oracle-wms producer=True run_id=90c0ebde-00d6-4e29-b78d-860586759860 stdio=stderr string_id=tap-oracle-wms
2025-07-02T13:56:03.883129Z [info     ]     retries = retries.increment( cmd_type=elb consumer=False job_name=dev:tap-oracle-wms-to-target-oracle name=tap-oracle-wms producer=True run_id=90c0ebde-00d6-4e29-b78d-860586759860 stdio=stderr string_id=tap-oracle-wms
2025-07-02T13:56:03.883190Z [info     ]         method, url, error=new_e, _pool=self, _stacktrace=sys.exc_info()[2] cmd_type=elb consumer=False job_name=dev:tap-oracle-wms-to-target-oracle name=tap-oracle-wms producer=True run_id=90c0ebde-00d6-4e29-b78d-860586759860 stdio=stderr string_id=tap-oracle-wms
2025-07-02T13:56:03.883254Z [info     ]     )                          cmd_type=elb consumer=False job_name=dev:tap-oracle-wms-to-target-oracle name=tap-oracle-wms producer=True run_id=90c0ebde-00d6-4e29-b78d-860586759860 stdio=stderr string_id=tap-oracle-wms
2025-07-02T13:56:03.883320Z [info     ]   File "/home/marlonsc/flext/.venv/lib/python3.13/site-packages/urllib3/util/retry.py", line 474, in increment cmd_type=elb consumer=False job_name=dev:tap-oracle-wms-to-target-oracle name=tap-oracle-wms producer=True run_id=90c0ebde-00d6-4e29-b78d-860586759860 stdio=stderr string_id=tap-oracle-wms
2025-07-02T13:56:03.883382Z [info     ]     raise reraise(type(error), error, _stacktrace) cmd_type=elb consumer=False job_name=dev:tap-oracle-wms-to-target-oracle name=tap-oracle-wms producer=True run_id=90c0ebde-00d6-4e29-b78d-860586759860 stdio=stderr string_id=tap-oracle-wms
2025-07-02T13:56:03.883442Z [info     ]           ~~~~~~~^^^^^^^^^^^^^^^^^^^^^^^^^^^^^^^^^ cmd_type=elb consumer=False job_name=dev:tap-oracle-wms-to-target-oracle name=tap-oracle-wms producer=True run_id=90c0ebde-00d6-4e29-b78d-860586759860 stdio=stderr string_id=tap-oracle-wms
2025-07-02T13:56:03.883502Z [info     ]   File "/home/marlonsc/flext/.venv/lib/python3.13/site-packages/urllib3/util/util.py", line 39, in reraise cmd_type=elb consumer=False job_name=dev:tap-oracle-wms-to-target-oracle name=tap-oracle-wms producer=True run_id=90c0ebde-00d6-4e29-b78d-860586759860 stdio=stderr string_id=tap-oracle-wms
2025-07-02T13:56:03.883563Z [info     ]     raise value                cmd_type=elb consumer=False job_name=dev:tap-oracle-wms-to-target-oracle name=tap-oracle-wms producer=True run_id=90c0ebde-00d6-4e29-b78d-860586759860 stdio=stderr string_id=tap-oracle-wms
2025-07-02T13:56:03.883626Z [info     ]   File "/home/marlonsc/flext/.venv/lib/python3.13/site-packages/urllib3/connectionpool.py", line 787, in urlopen cmd_type=elb consumer=False job_name=dev:tap-oracle-wms-to-target-oracle name=tap-oracle-wms producer=True run_id=90c0ebde-00d6-4e29-b78d-860586759860 stdio=stderr string_id=tap-oracle-wms
2025-07-02T13:56:03.883685Z [info     ]     response = self._make_request( cmd_type=elb consumer=False job_name=dev:tap-oracle-wms-to-target-oracle name=tap-oracle-wms producer=True run_id=90c0ebde-00d6-4e29-b78d-860586759860 stdio=stderr string_id=tap-oracle-wms
2025-07-02T13:56:03.883747Z [info     ]         conn,                  cmd_type=elb consumer=False job_name=dev:tap-oracle-wms-to-target-oracle name=tap-oracle-wms producer=True run_id=90c0ebde-00d6-4e29-b78d-860586759860 stdio=stderr string_id=tap-oracle-wms
2025-07-02T13:56:03.883810Z [info     ]     ...<10 lines>...           cmd_type=elb consumer=False job_name=dev:tap-oracle-wms-to-target-oracle name=tap-oracle-wms producer=True run_id=90c0ebde-00d6-4e29-b78d-860586759860 stdio=stderr string_id=tap-oracle-wms
2025-07-02T13:56:03.883871Z [info     ]         **response_kw,         cmd_type=elb consumer=False job_name=dev:tap-oracle-wms-to-target-oracle name=tap-oracle-wms producer=True run_id=90c0ebde-00d6-4e29-b78d-860586759860 stdio=stderr string_id=tap-oracle-wms
2025-07-02T13:56:03.883931Z [info     ]     )                          cmd_type=elb consumer=False job_name=dev:tap-oracle-wms-to-target-oracle name=tap-oracle-wms producer=True run_id=90c0ebde-00d6-4e29-b78d-860586759860 stdio=stderr string_id=tap-oracle-wms
2025-07-02T13:56:03.883996Z [info     ]   File "/home/marlonsc/flext/.venv/lib/python3.13/site-packages/urllib3/connectionpool.py", line 536, in _make_request cmd_type=elb consumer=False job_name=dev:tap-oracle-wms-to-target-oracle name=tap-oracle-wms producer=True run_id=90c0ebde-00d6-4e29-b78d-860586759860 stdio=stderr string_id=tap-oracle-wms
2025-07-02T13:56:03.884059Z [info     ]     self._raise_timeout(err=e, url=url, timeout_value=read_timeout) cmd_type=elb consumer=False job_name=dev:tap-oracle-wms-to-target-oracle name=tap-oracle-wms producer=True run_id=90c0ebde-00d6-4e29-b78d-860586759860 stdio=stderr string_id=tap-oracle-wms
2025-07-02T13:56:03.884120Z [info     ]     ~~~~~~~~~~~~~~~~~~~^^^^^^^^^^^^^^^^^^^^^^^^^^^^^^^^^^^^^^^^^^^^ cmd_type=elb consumer=False job_name=dev:tap-oracle-wms-to-target-oracle name=tap-oracle-wms producer=True run_id=90c0ebde-00d6-4e29-b78d-860586759860 stdio=stderr string_id=tap-oracle-wms
2025-07-02T13:56:03.884179Z [info     ]   File "/home/marlonsc/flext/.venv/lib/python3.13/site-packages/urllib3/connectionpool.py", line 367, in _raise_timeout cmd_type=elb consumer=False job_name=dev:tap-oracle-wms-to-target-oracle name=tap-oracle-wms producer=True run_id=90c0ebde-00d6-4e29-b78d-860586759860 stdio=stderr string_id=tap-oracle-wms
2025-07-02T13:56:03.884238Z [info     ]     raise ReadTimeoutError(    cmd_type=elb consumer=False job_name=dev:tap-oracle-wms-to-target-oracle name=tap-oracle-wms producer=True run_id=90c0ebde-00d6-4e29-b78d-860586759860 stdio=stderr string_id=tap-oracle-wms
2025-07-02T13:56:03.884302Z [info     ]         self, url, f"Read timed out. (read timeout={timeout_value})" cmd_type=elb consumer=False job_name=dev:tap-oracle-wms-to-target-oracle name=tap-oracle-wms producer=True run_id=90c0ebde-00d6-4e29-b78d-860586759860 stdio=stderr string_id=tap-oracle-wms
2025-07-02T13:56:03.884364Z [info     ]     ) from err                 cmd_type=elb consumer=False job_name=dev:tap-oracle-wms-to-target-oracle name=tap-oracle-wms producer=True run_id=90c0ebde-00d6-4e29-b78d-860586759860 stdio=stderr string_id=tap-oracle-wms
2025-07-02T13:56:03.884426Z [info     ] urllib3.exceptions.ReadTimeoutError: HTTPSConnectionPool(host='a29.wms.ocs.oraclecloud.com', port=443): Read timed out. (read timeout=300) cmd_type=elb consumer=False job_name=dev:tap-oracle-wms-to-target-oracle name=tap-oracle-wms producer=True run_id=90c0ebde-00d6-4e29-b78d-860586759860 stdio=stderr string_id=tap-oracle-wms
2025-07-02T13:56:03.884487Z [info     ]                                cmd_type=elb consumer=False job_name=dev:tap-oracle-wms-to-target-oracle name=tap-oracle-wms producer=True run_id=90c0ebde-00d6-4e29-b78d-860586759860 stdio=stderr string_id=tap-oracle-wms
2025-07-02T13:56:03.884550Z [info     ] During handling of the above exception, another exception occurred: cmd_type=elb consumer=False job_name=dev:tap-oracle-wms-to-target-oracle name=tap-oracle-wms producer=True run_id=90c0ebde-00d6-4e29-b78d-860586759860 stdio=stderr string_id=tap-oracle-wms
2025-07-02T13:56:03.884613Z [info     ]                                cmd_type=elb consumer=False job_name=dev:tap-oracle-wms-to-target-oracle name=tap-oracle-wms producer=True run_id=90c0ebde-00d6-4e29-b78d-860586759860 stdio=stderr string_id=tap-oracle-wms
2025-07-02T13:56:03.884676Z [info     ] Traceback (most recent call last): cmd_type=elb consumer=False job_name=dev:tap-oracle-wms-to-target-oracle name=tap-oracle-wms producer=True run_id=90c0ebde-00d6-4e29-b78d-860586759860 stdio=stderr string_id=tap-oracle-wms
2025-07-02T13:56:03.884740Z [info     ]   File "/home/marlonsc/flext/.venv/lib/python3.13/site-packages/singer_sdk/streams/core.py", line 1329, in sync cmd_type=elb consumer=False job_name=dev:tap-oracle-wms-to-target-oracle name=tap-oracle-wms producer=True run_id=90c0ebde-00d6-4e29-b78d-860586759860 stdio=stderr string_id=tap-oracle-wms
2025-07-02T13:56:03.884801Z [info     ]     for _ in self._sync_records(context=context): cmd_type=elb consumer=False job_name=dev:tap-oracle-wms-to-target-oracle name=tap-oracle-wms producer=True run_id=90c0ebde-00d6-4e29-b78d-860586759860 stdio=stderr string_id=tap-oracle-wms
2025-07-02T13:56:03.884860Z [info     ]              ~~~~~~~~~~~~~~~~~~^^^^^^^^^^^^^^^^^ cmd_type=elb consumer=False job_name=dev:tap-oracle-wms-to-target-oracle name=tap-oracle-wms producer=True run_id=90c0ebde-00d6-4e29-b78d-860586759860 stdio=stderr string_id=tap-oracle-wms
2025-07-02T13:56:03.884921Z [info     ]   File "/home/marlonsc/flext/.venv/lib/python3.13/site-packages/singer_sdk/streams/core.py", line 1204, in _sync_records cmd_type=elb consumer=False job_name=dev:tap-oracle-wms-to-target-oracle name=tap-oracle-wms producer=True run_id=90c0ebde-00d6-4e29-b78d-860586759860 stdio=stderr string_id=tap-oracle-wms
2025-07-02T13:56:03.884980Z [info     ]     for idx, record_result in enumerate(self.get_records(current_context)): cmd_type=elb consumer=False job_name=dev:tap-oracle-wms-to-target-oracle name=tap-oracle-wms producer=True run_id=90c0ebde-00d6-4e29-b78d-860586759860 stdio=stderr string_id=tap-oracle-wms
2025-07-02T13:56:03.885041Z [info     ]                               ~~~~~~~~~^^^^^^^^^^^^^^^^^^^^^^^^^^^^^^^^^^^ cmd_type=elb consumer=False job_name=dev:tap-oracle-wms-to-target-oracle name=tap-oracle-wms producer=True run_id=90c0ebde-00d6-4e29-b78d-860586759860 stdio=stderr string_id=tap-oracle-wms
2025-07-02T13:56:03.885100Z [info     ]   File "/home/marlonsc/flext/flext-tap-oracle-wms/src/tap_oracle_wms/streams.py", line 247, in get_records cmd_type=elb consumer=False job_name=dev:tap-oracle-wms-to-target-oracle name=tap-oracle-wms producer=True run_id=90c0ebde-00d6-4e29-b78d-860586759860 stdio=stderr string_id=tap-oracle-wms
2025-07-02T13:56:03.885163Z [info     ]     yield from super().get_records(context) cmd_type=elb consumer=False job_name=dev:tap-oracle-wms-to-target-oracle name=tap-oracle-wms producer=True run_id=90c0ebde-00d6-4e29-b78d-860586759860 stdio=stderr string_id=tap-oracle-wms
2025-07-02T13:56:03.885223Z [info     ]   File "/home/marlonsc/flext/.venv/lib/python3.13/site-packages/singer_sdk/streams/rest.py", line 626, in get_records cmd_type=elb consumer=False job_name=dev:tap-oracle-wms-to-target-oracle name=tap-oracle-wms producer=True run_id=90c0ebde-00d6-4e29-b78d-860586759860 stdio=stderr string_id=tap-oracle-wms
2025-07-02T13:56:03.885287Z [info     ]     yield from self.request_records(context) cmd_type=elb consumer=False job_name=dev:tap-oracle-wms-to-target-oracle name=tap-oracle-wms producer=True run_id=90c0ebde-00d6-4e29-b78d-860586759860 stdio=stderr string_id=tap-oracle-wms
2025-07-02T13:56:03.885348Z [info     ]   File "/home/marlonsc/flext/.venv/lib/python3.13/site-packages/singer_sdk/streams/rest.py", line 459, in request_records cmd_type=elb consumer=False job_name=dev:tap-oracle-wms-to-target-oracle name=tap-oracle-wms producer=True run_id=90c0ebde-00d6-4e29-b78d-860586759860 stdio=stderr string_id=tap-oracle-wms
2025-07-02T13:56:03.885406Z [info     ]     resp = decorated_request(prepared_request, context) cmd_type=elb consumer=False job_name=dev:tap-oracle-wms-to-target-oracle name=tap-oracle-wms producer=True run_id=90c0ebde-00d6-4e29-b78d-860586759860 stdio=stderr string_id=tap-oracle-wms
2025-07-02T13:56:03.885467Z [info     ]   File "/home/marlonsc/flext/.venv/lib/python3.13/site-packages/backoff/_sync.py", line 105, in retry cmd_type=elb consumer=False job_name=dev:tap-oracle-wms-to-target-oracle name=tap-oracle-wms producer=True run_id=90c0ebde-00d6-4e29-b78d-860586759860 stdio=stderr string_id=tap-oracle-wms
2025-07-02T13:56:03.885527Z [info     ]     ret = target(*args, **kwargs) cmd_type=elb consumer=False job_name=dev:tap-oracle-wms-to-target-oracle name=tap-oracle-wms producer=True run_id=90c0ebde-00d6-4e29-b78d-860586759860 stdio=stderr string_id=tap-oracle-wms
2025-07-02T13:56:03.885590Z [info     ]   File "/home/marlonsc/flext/.venv/lib/python3.13/site-packages/singer_sdk/streams/rest.py", line 324, in _request cmd_type=elb consumer=False job_name=dev:tap-oracle-wms-to-target-oracle name=tap-oracle-wms producer=True run_id=90c0ebde-00d6-4e29-b78d-860586759860 stdio=stderr string_id=tap-oracle-wms
2025-07-02T13:56:03.885652Z [info     ]     response = self.requests_session.send( cmd_type=elb consumer=False job_name=dev:tap-oracle-wms-to-target-oracle name=tap-oracle-wms producer=True run_id=90c0ebde-00d6-4e29-b78d-860586759860 stdio=stderr string_id=tap-oracle-wms
2025-07-02T13:56:03.885711Z [info     ]         prepared_request,      cmd_type=elb consumer=False job_name=dev:tap-oracle-wms-to-target-oracle name=tap-oracle-wms producer=True run_id=90c0ebde-00d6-4e29-b78d-860586759860 stdio=stderr string_id=tap-oracle-wms
2025-07-02T13:56:03.885773Z [info     ]         timeout=self.timeout,  cmd_type=elb consumer=False job_name=dev:tap-oracle-wms-to-target-oracle name=tap-oracle-wms producer=True run_id=90c0ebde-00d6-4e29-b78d-860586759860 stdio=stderr string_id=tap-oracle-wms
2025-07-02T13:56:03.885832Z [info     ]         allow_redirects=self.allow_redirects, cmd_type=elb consumer=False job_name=dev:tap-oracle-wms-to-target-oracle name=tap-oracle-wms producer=True run_id=90c0ebde-00d6-4e29-b78d-860586759860 stdio=stderr string_id=tap-oracle-wms
2025-07-02T13:56:03.885892Z [info     ]     )                          cmd_type=elb consumer=False job_name=dev:tap-oracle-wms-to-target-oracle name=tap-oracle-wms producer=True run_id=90c0ebde-00d6-4e29-b78d-860586759860 stdio=stderr string_id=tap-oracle-wms
2025-07-02T13:56:03.885953Z [info     ]   File "/home/marlonsc/flext/.venv/lib/python3.13/site-packages/requests/sessions.py", line 703, in send cmd_type=elb consumer=False job_name=dev:tap-oracle-wms-to-target-oracle name=tap-oracle-wms producer=True run_id=90c0ebde-00d6-4e29-b78d-860586759860 stdio=stderr string_id=tap-oracle-wms
2025-07-02T13:56:03.886014Z [info     ]     r = adapter.send(request, **kwargs) cmd_type=elb consumer=False job_name=dev:tap-oracle-wms-to-target-oracle name=tap-oracle-wms producer=True run_id=90c0ebde-00d6-4e29-b78d-860586759860 stdio=stderr string_id=tap-oracle-wms
2025-07-02T13:56:03.886072Z [info     ]   File "/home/marlonsc/flext/.venv/lib/python3.13/site-packages/requests/adapters.py", line 713, in send cmd_type=elb consumer=False job_name=dev:tap-oracle-wms-to-target-oracle name=tap-oracle-wms producer=True run_id=90c0ebde-00d6-4e29-b78d-860586759860 stdio=stderr string_id=tap-oracle-wms
2025-07-02T13:56:03.886132Z [info     ]     raise ReadTimeout(e, request=request) cmd_type=elb consumer=False job_name=dev:tap-oracle-wms-to-target-oracle name=tap-oracle-wms producer=True run_id=90c0ebde-00d6-4e29-b78d-860586759860 stdio=stderr string_id=tap-oracle-wms
2025-07-02T13:56:03.886195Z [info     ] requests.exceptions.ReadTimeout: HTTPSConnectionPool(host='a29.wms.ocs.oraclecloud.com', port=443): Read timed out. (read timeout=300) cmd_type=elb consumer=False job_name=dev:tap-oracle-wms-to-target-oracle name=tap-oracle-wms producer=True run_id=90c0ebde-00d6-4e29-b78d-860586759860 stdio=stderr string_id=tap-oracle-wms
2025-07-02T13:56:03.886294Z [info     ] Traceback (most recent call last): cmd_type=elb consumer=False job_name=dev:tap-oracle-wms-to-target-oracle name=tap-oracle-wms producer=True run_id=90c0ebde-00d6-4e29-b78d-860586759860 stdio=stderr string_id=tap-oracle-wms
2025-07-02T13:56:03.886370Z [info     ]   File "/home/marlonsc/flext/.venv/lib/python3.13/site-packages/urllib3/connectionpool.py", line 534, in _make_request cmd_type=elb consumer=False job_name=dev:tap-oracle-wms-to-target-oracle name=tap-oracle-wms producer=True run_id=90c0ebde-00d6-4e29-b78d-860586759860 stdio=stderr string_id=tap-oracle-wms
2025-07-02T13:56:03.886435Z [info     ]     response = conn.getresponse() cmd_type=elb consumer=False job_name=dev:tap-oracle-wms-to-target-oracle name=tap-oracle-wms producer=True run_id=90c0ebde-00d6-4e29-b78d-860586759860 stdio=stderr string_id=tap-oracle-wms
2025-07-02T13:56:03.886499Z [info     ]   File "/home/marlonsc/flext/.venv/lib/python3.13/site-packages/urllib3/connection.py", line 565, in getresponse cmd_type=elb consumer=False job_name=dev:tap-oracle-wms-to-target-oracle name=tap-oracle-wms producer=True run_id=90c0ebde-00d6-4e29-b78d-860586759860 stdio=stderr string_id=tap-oracle-wms
2025-07-02T13:56:03.886559Z [info     ]     httplib_response = super().getresponse() cmd_type=elb consumer=False job_name=dev:tap-oracle-wms-to-target-oracle name=tap-oracle-wms producer=True run_id=90c0ebde-00d6-4e29-b78d-860586759860 stdio=stderr string_id=tap-oracle-wms
2025-07-02T13:56:03.886620Z [info     ]   File "/usr/lib/python3.13/http/client.py", line 1430, in getresponse cmd_type=elb consumer=False job_name=dev:tap-oracle-wms-to-target-oracle name=tap-oracle-wms producer=True run_id=90c0ebde-00d6-4e29-b78d-860586759860 stdio=stderr string_id=tap-oracle-wms
2025-07-02T13:56:03.886681Z [info     ]     response.begin()           cmd_type=elb consumer=False job_name=dev:tap-oracle-wms-to-target-oracle name=tap-oracle-wms producer=True run_id=90c0ebde-00d6-4e29-b78d-860586759860 stdio=stderr string_id=tap-oracle-wms
2025-07-02T13:56:03.886744Z [info     ]     ~~~~~~~~~~~~~~^^           cmd_type=elb consumer=False job_name=dev:tap-oracle-wms-to-target-oracle name=tap-oracle-wms producer=True run_id=90c0ebde-00d6-4e29-b78d-860586759860 stdio=stderr string_id=tap-oracle-wms
2025-07-02T13:56:03.886807Z [info     ]   File "/usr/lib/python3.13/http/client.py", line 331, in begin cmd_type=elb consumer=False job_name=dev:tap-oracle-wms-to-target-oracle name=tap-oracle-wms producer=True run_id=90c0ebde-00d6-4e29-b78d-860586759860 stdio=stderr string_id=tap-oracle-wms
2025-07-02T13:56:03.886870Z [info     ]     version, status, reason = self._read_status() cmd_type=elb consumer=False job_name=dev:tap-oracle-wms-to-target-oracle name=tap-oracle-wms producer=True run_id=90c0ebde-00d6-4e29-b78d-860586759860 stdio=stderr string_id=tap-oracle-wms
2025-07-02T13:56:03.886930Z [info     ]                               ~~~~~~~~~~~~~~~~~^^ cmd_type=elb consumer=False job_name=dev:tap-oracle-wms-to-target-oracle name=tap-oracle-wms producer=True run_id=90c0ebde-00d6-4e29-b78d-860586759860 stdio=stderr string_id=tap-oracle-wms
2025-07-02T13:56:03.886990Z [info     ]   File "/usr/lib/python3.13/http/client.py", line 292, in _read_status cmd_type=elb consumer=False job_name=dev:tap-oracle-wms-to-target-oracle name=tap-oracle-wms producer=True run_id=90c0ebde-00d6-4e29-b78d-860586759860 stdio=stderr string_id=tap-oracle-wms
2025-07-02T13:56:03.887051Z [info     ]     line = str(self.fp.readline(_MAXLINE + 1), "iso-8859-1") cmd_type=elb consumer=False job_name=dev:tap-oracle-wms-to-target-oracle name=tap-oracle-wms producer=True run_id=90c0ebde-00d6-4e29-b78d-860586759860 stdio=stderr string_id=tap-oracle-wms
2025-07-02T13:56:03.887111Z [info     ]                ~~~~~~~~~~~~~~~~^^^^^^^^^^^^^^ cmd_type=elb consumer=False job_name=dev:tap-oracle-wms-to-target-oracle name=tap-oracle-wms producer=True run_id=90c0ebde-00d6-4e29-b78d-860586759860 stdio=stderr string_id=tap-oracle-wms
2025-07-02T13:56:03.887194Z [info     ]   File "/usr/lib/python3.13/socket.py", line 719, in readinto cmd_type=elb consumer=False job_name=dev:tap-oracle-wms-to-target-oracle name=tap-oracle-wms producer=True run_id=90c0ebde-00d6-4e29-b78d-860586759860 stdio=stderr string_id=tap-oracle-wms
2025-07-02T13:56:03.887257Z [info     ]     return self._sock.recv_into(b) cmd_type=elb consumer=False job_name=dev:tap-oracle-wms-to-target-oracle name=tap-oracle-wms producer=True run_id=90c0ebde-00d6-4e29-b78d-860586759860 stdio=stderr string_id=tap-oracle-wms
2025-07-02T13:56:03.887321Z [info     ]            ~~~~~~~~~~~~~~~~~~~~^^^ cmd_type=elb consumer=False job_name=dev:tap-oracle-wms-to-target-oracle name=tap-oracle-wms producer=True run_id=90c0ebde-00d6-4e29-b78d-860586759860 stdio=stderr string_id=tap-oracle-wms
2025-07-02T13:56:03.887383Z [info     ]   File "/usr/lib/python3.13/ssl.py", line 1304, in recv_into cmd_type=elb consumer=False job_name=dev:tap-oracle-wms-to-target-oracle name=tap-oracle-wms producer=True run_id=90c0ebde-00d6-4e29-b78d-860586759860 stdio=stderr string_id=tap-oracle-wms
2025-07-02T13:56:03.887445Z [info     ]     return self.read(nbytes, buffer) cmd_type=elb consumer=False job_name=dev:tap-oracle-wms-to-target-oracle name=tap-oracle-wms producer=True run_id=90c0ebde-00d6-4e29-b78d-860586759860 stdio=stderr string_id=tap-oracle-wms
2025-07-02T13:56:03.887505Z [info     ]            ~~~~~~~~~^^^^^^^^^^^^^^^^ cmd_type=elb consumer=False job_name=dev:tap-oracle-wms-to-target-oracle name=tap-oracle-wms producer=True run_id=90c0ebde-00d6-4e29-b78d-860586759860 stdio=stderr string_id=tap-oracle-wms
2025-07-02T13:56:03.887564Z [info     ]   File "/usr/lib/python3.13/ssl.py", line 1138, in read cmd_type=elb consumer=False job_name=dev:tap-oracle-wms-to-target-oracle name=tap-oracle-wms producer=True run_id=90c0ebde-00d6-4e29-b78d-860586759860 stdio=stderr string_id=tap-oracle-wms
2025-07-02T13:56:03.887627Z [info     ]     return self._sslobj.read(len, buffer) cmd_type=elb consumer=False job_name=dev:tap-oracle-wms-to-target-oracle name=tap-oracle-wms producer=True run_id=90c0ebde-00d6-4e29-b78d-860586759860 stdio=stderr string_id=tap-oracle-wms
2025-07-02T13:56:03.887686Z [info     ]            ~~~~~~~~~~~~~~~~~^^^^^^^^^^^^^ cmd_type=elb consumer=False job_name=dev:tap-oracle-wms-to-target-oracle name=tap-oracle-wms producer=True run_id=90c0ebde-00d6-4e29-b78d-860586759860 stdio=stderr string_id=tap-oracle-wms
2025-07-02T13:56:03.887744Z [info     ] TimeoutError: The read operation timed out cmd_type=elb consumer=False job_name=dev:tap-oracle-wms-to-target-oracle name=tap-oracle-wms producer=True run_id=90c0ebde-00d6-4e29-b78d-860586759860 stdio=stderr string_id=tap-oracle-wms
2025-07-02T13:56:03.887801Z [info     ]                                cmd_type=elb consumer=False job_name=dev:tap-oracle-wms-to-target-oracle name=tap-oracle-wms producer=True run_id=90c0ebde-00d6-4e29-b78d-860586759860 stdio=stderr string_id=tap-oracle-wms
2025-07-02T13:56:03.887863Z [info     ] The above exception was the direct cause of the following exception: cmd_type=elb consumer=False job_name=dev:tap-oracle-wms-to-target-oracle name=tap-oracle-wms producer=True run_id=90c0ebde-00d6-4e29-b78d-860586759860 stdio=stderr string_id=tap-oracle-wms
2025-07-02T13:56:03.887925Z [info     ]                                cmd_type=elb consumer=False job_name=dev:tap-oracle-wms-to-target-oracle name=tap-oracle-wms producer=True run_id=90c0ebde-00d6-4e29-b78d-860586759860 stdio=stderr string_id=tap-oracle-wms
2025-07-02T13:56:03.887989Z [info     ] Traceback (most recent call last): cmd_type=elb consumer=False job_name=dev:tap-oracle-wms-to-target-oracle name=tap-oracle-wms producer=True run_id=90c0ebde-00d6-4e29-b78d-860586759860 stdio=stderr string_id=tap-oracle-wms
2025-07-02T13:56:03.888050Z [info     ]   File "/home/marlonsc/flext/.venv/lib/python3.13/site-packages/requests/adapters.py", line 667, in send cmd_type=elb consumer=False job_name=dev:tap-oracle-wms-to-target-oracle name=tap-oracle-wms producer=True run_id=90c0ebde-00d6-4e29-b78d-860586759860 stdio=stderr string_id=tap-oracle-wms
2025-07-02T13:56:03.888109Z [info     ]     resp = conn.urlopen(       cmd_type=elb consumer=False job_name=dev:tap-oracle-wms-to-target-oracle name=tap-oracle-wms producer=True run_id=90c0ebde-00d6-4e29-b78d-860586759860 stdio=stderr string_id=tap-oracle-wms
2025-07-02T13:56:03.888172Z [info     ]         method=request.method, cmd_type=elb consumer=False job_name=dev:tap-oracle-wms-to-target-oracle name=tap-oracle-wms producer=True run_id=90c0ebde-00d6-4e29-b78d-860586759860 stdio=stderr string_id=tap-oracle-wms
2025-07-02T13:56:03.888233Z [info     ]     ...<9 lines>...            cmd_type=elb consumer=False job_name=dev:tap-oracle-wms-to-target-oracle name=tap-oracle-wms producer=True run_id=90c0ebde-00d6-4e29-b78d-860586759860 stdio=stderr string_id=tap-oracle-wms
2025-07-02T13:56:03.888295Z [info     ]         chunked=chunked,       cmd_type=elb consumer=False job_name=dev:tap-oracle-wms-to-target-oracle name=tap-oracle-wms producer=True run_id=90c0ebde-00d6-4e29-b78d-860586759860 stdio=stderr string_id=tap-oracle-wms
2025-07-02T13:56:03.888380Z [info     ]     )                          cmd_type=elb consumer=False job_name=dev:tap-oracle-wms-to-target-oracle name=tap-oracle-wms producer=True run_id=90c0ebde-00d6-4e29-b78d-860586759860 stdio=stderr string_id=tap-oracle-wms
2025-07-02T13:56:03.888443Z [info     ]   File "/home/marlonsc/flext/.venv/lib/python3.13/site-packages/urllib3/connectionpool.py", line 841, in urlopen cmd_type=elb consumer=False job_name=dev:tap-oracle-wms-to-target-oracle name=tap-oracle-wms producer=True run_id=90c0ebde-00d6-4e29-b78d-860586759860 stdio=stderr string_id=tap-oracle-wms
2025-07-02T13:56:03.888505Z [info     ]     retries = retries.increment( cmd_type=elb consumer=False job_name=dev:tap-oracle-wms-to-target-oracle name=tap-oracle-wms producer=True run_id=90c0ebde-00d6-4e29-b78d-860586759860 stdio=stderr string_id=tap-oracle-wms
2025-07-02T13:56:03.888564Z [info     ]         method, url, error=new_e, _pool=self, _stacktrace=sys.exc_info()[2] cmd_type=elb consumer=False job_name=dev:tap-oracle-wms-to-target-oracle name=tap-oracle-wms producer=True run_id=90c0ebde-00d6-4e29-b78d-860586759860 stdio=stderr string_id=tap-oracle-wms
2025-07-02T13:56:03.888622Z [info     ]     )                          cmd_type=elb consumer=False job_name=dev:tap-oracle-wms-to-target-oracle name=tap-oracle-wms producer=True run_id=90c0ebde-00d6-4e29-b78d-860586759860 stdio=stderr string_id=tap-oracle-wms
2025-07-02T13:56:03.888683Z [info     ]   File "/home/marlonsc/flext/.venv/lib/python3.13/site-packages/urllib3/util/retry.py", line 474, in increment cmd_type=elb consumer=False job_name=dev:tap-oracle-wms-to-target-oracle name=tap-oracle-wms producer=True run_id=90c0ebde-00d6-4e29-b78d-860586759860 stdio=stderr string_id=tap-oracle-wms
2025-07-02T13:56:03.888742Z [info     ]     raise reraise(type(error), error, _stacktrace) cmd_type=elb consumer=False job_name=dev:tap-oracle-wms-to-target-oracle name=tap-oracle-wms producer=True run_id=90c0ebde-00d6-4e29-b78d-860586759860 stdio=stderr string_id=tap-oracle-wms
2025-07-02T13:56:03.888801Z [info     ]           ~~~~~~~^^^^^^^^^^^^^^^^^^^^^^^^^^^^^^^^^ cmd_type=elb consumer=False job_name=dev:tap-oracle-wms-to-target-oracle name=tap-oracle-wms producer=True run_id=90c0ebde-00d6-4e29-b78d-860586759860 stdio=stderr string_id=tap-oracle-wms
2025-07-02T13:56:03.888858Z [info     ]   File "/home/marlonsc/flext/.venv/lib/python3.13/site-packages/urllib3/util/util.py", line 39, in reraise cmd_type=elb consumer=False job_name=dev:tap-oracle-wms-to-target-oracle name=tap-oracle-wms producer=True run_id=90c0ebde-00d6-4e29-b78d-860586759860 stdio=stderr string_id=tap-oracle-wms
2025-07-02T13:56:03.888916Z [info     ]     raise value                cmd_type=elb consumer=False job_name=dev:tap-oracle-wms-to-target-oracle name=tap-oracle-wms producer=True run_id=90c0ebde-00d6-4e29-b78d-860586759860 stdio=stderr string_id=tap-oracle-wms
2025-07-02T13:56:03.888974Z [info     ]   File "/home/marlonsc/flext/.venv/lib/python3.13/site-packages/urllib3/connectionpool.py", line 787, in urlopen cmd_type=elb consumer=False job_name=dev:tap-oracle-wms-to-target-oracle name=tap-oracle-wms producer=True run_id=90c0ebde-00d6-4e29-b78d-860586759860 stdio=stderr string_id=tap-oracle-wms
2025-07-02T13:56:03.889035Z [info     ]     response = self._make_request( cmd_type=elb consumer=False job_name=dev:tap-oracle-wms-to-target-oracle name=tap-oracle-wms producer=True run_id=90c0ebde-00d6-4e29-b78d-860586759860 stdio=stderr string_id=tap-oracle-wms
2025-07-02T13:56:03.889095Z [info     ]         conn,                  cmd_type=elb consumer=False job_name=dev:tap-oracle-wms-to-target-oracle name=tap-oracle-wms producer=True run_id=90c0ebde-00d6-4e29-b78d-860586759860 stdio=stderr string_id=tap-oracle-wms
2025-07-02T13:56:03.889156Z [info     ]     ...<10 lines>...           cmd_type=elb consumer=False job_name=dev:tap-oracle-wms-to-target-oracle name=tap-oracle-wms producer=True run_id=90c0ebde-00d6-4e29-b78d-860586759860 stdio=stderr string_id=tap-oracle-wms
2025-07-02T13:56:03.889216Z [info     ]         **response_kw,         cmd_type=elb consumer=False job_name=dev:tap-oracle-wms-to-target-oracle name=tap-oracle-wms producer=True run_id=90c0ebde-00d6-4e29-b78d-860586759860 stdio=stderr string_id=tap-oracle-wms
2025-07-02T13:56:03.889275Z [info     ]     )                          cmd_type=elb consumer=False job_name=dev:tap-oracle-wms-to-target-oracle name=tap-oracle-wms producer=True run_id=90c0ebde-00d6-4e29-b78d-860586759860 stdio=stderr string_id=tap-oracle-wms
2025-07-02T13:56:03.889341Z [info     ]   File "/home/marlonsc/flext/.venv/lib/python3.13/site-packages/urllib3/connectionpool.py", line 536, in _make_request cmd_type=elb consumer=False job_name=dev:tap-oracle-wms-to-target-oracle name=tap-oracle-wms producer=True run_id=90c0ebde-00d6-4e29-b78d-860586759860 stdio=stderr string_id=tap-oracle-wms
2025-07-02T13:56:03.889401Z [info     ]     self._raise_timeout(err=e, url=url, timeout_value=read_timeout) cmd_type=elb consumer=False job_name=dev:tap-oracle-wms-to-target-oracle name=tap-oracle-wms producer=True run_id=90c0ebde-00d6-4e29-b78d-860586759860 stdio=stderr string_id=tap-oracle-wms
2025-07-02T13:56:03.889463Z [info     ]     ~~~~~~~~~~~~~~~~~~~^^^^^^^^^^^^^^^^^^^^^^^^^^^^^^^^^^^^^^^^^^^^ cmd_type=elb consumer=False job_name=dev:tap-oracle-wms-to-target-oracle name=tap-oracle-wms producer=True run_id=90c0ebde-00d6-4e29-b78d-860586759860 stdio=stderr string_id=tap-oracle-wms
2025-07-02T13:56:03.889522Z [info     ]   File "/home/marlonsc/flext/.venv/lib/python3.13/site-packages/urllib3/connectionpool.py", line 367, in _raise_timeout cmd_type=elb consumer=False job_name=dev:tap-oracle-wms-to-target-oracle name=tap-oracle-wms producer=True run_id=90c0ebde-00d6-4e29-b78d-860586759860 stdio=stderr string_id=tap-oracle-wms
2025-07-02T13:56:03.889580Z [info     ]     raise ReadTimeoutError(    cmd_type=elb consumer=False job_name=dev:tap-oracle-wms-to-target-oracle name=tap-oracle-wms producer=True run_id=90c0ebde-00d6-4e29-b78d-860586759860 stdio=stderr string_id=tap-oracle-wms
2025-07-02T13:56:03.889642Z [info     ]         self, url, f"Read timed out. (read timeout={timeout_value})" cmd_type=elb consumer=False job_name=dev:tap-oracle-wms-to-target-oracle name=tap-oracle-wms producer=True run_id=90c0ebde-00d6-4e29-b78d-860586759860 stdio=stderr string_id=tap-oracle-wms
2025-07-02T13:56:03.889700Z [info     ]     ) from err                 cmd_type=elb consumer=False job_name=dev:tap-oracle-wms-to-target-oracle name=tap-oracle-wms producer=True run_id=90c0ebde-00d6-4e29-b78d-860586759860 stdio=stderr string_id=tap-oracle-wms
2025-07-02T13:56:03.889763Z [info     ] urllib3.exceptions.ReadTimeoutError: HTTPSConnectionPool(host='a29.wms.ocs.oraclecloud.com', port=443): Read timed out. (read timeout=300) cmd_type=elb consumer=False job_name=dev:tap-oracle-wms-to-target-oracle name=tap-oracle-wms producer=True run_id=90c0ebde-00d6-4e29-b78d-860586759860 stdio=stderr string_id=tap-oracle-wms
2025-07-02T13:56:03.889827Z [info     ]                                cmd_type=elb consumer=False job_name=dev:tap-oracle-wms-to-target-oracle name=tap-oracle-wms producer=True run_id=90c0ebde-00d6-4e29-b78d-860586759860 stdio=stderr string_id=tap-oracle-wms
2025-07-02T13:56:03.889895Z [info     ] During handling of the above exception, another exception occurred: cmd_type=elb consumer=False job_name=dev:tap-oracle-wms-to-target-oracle name=tap-oracle-wms producer=True run_id=90c0ebde-00d6-4e29-b78d-860586759860 stdio=stderr string_id=tap-oracle-wms
2025-07-02T13:56:03.889961Z [info     ]                                cmd_type=elb consumer=False job_name=dev:tap-oracle-wms-to-target-oracle name=tap-oracle-wms producer=True run_id=90c0ebde-00d6-4e29-b78d-860586759860 stdio=stderr string_id=tap-oracle-wms
2025-07-02T13:56:03.890026Z [info     ] Traceback (most recent call last): cmd_type=elb consumer=False job_name=dev:tap-oracle-wms-to-target-oracle name=tap-oracle-wms producer=True run_id=90c0ebde-00d6-4e29-b78d-860586759860 stdio=stderr string_id=tap-oracle-wms
2025-07-02T13:56:03.890095Z [info     ]   File "/home/marlonsc/flext/.venv/bin/tap-oracle-wms", line 8, in <module> cmd_type=elb consumer=False job_name=dev:tap-oracle-wms-to-target-oracle name=tap-oracle-wms producer=True run_id=90c0ebde-00d6-4e29-b78d-860586759860 stdio=stderr string_id=tap-oracle-wms
2025-07-02T13:56:03.890159Z [info     ]     sys.exit(main())           cmd_type=elb consumer=False job_name=dev:tap-oracle-wms-to-target-oracle name=tap-oracle-wms producer=True run_id=90c0ebde-00d6-4e29-b78d-860586759860 stdio=stderr string_id=tap-oracle-wms
2025-07-02T13:56:03.890225Z [info     ]              ~~~~^^            cmd_type=elb consumer=False job_name=dev:tap-oracle-wms-to-target-oracle name=tap-oracle-wms producer=True run_id=90c0ebde-00d6-4e29-b78d-860586759860 stdio=stderr string_id=tap-oracle-wms
2025-07-02T13:56:03.890291Z [info     ]   File "/home/marlonsc/flext/flext-tap-oracle-wms/src/tap_oracle_wms/cli.py", line 10, in main cmd_type=elb consumer=False job_name=dev:tap-oracle-wms-to-target-oracle name=tap-oracle-wms producer=True run_id=90c0ebde-00d6-4e29-b78d-860586759860 stdio=stderr string_id=tap-oracle-wms
2025-07-02T13:56:03.890357Z [info     ]     TapOracleWMS.cli()         cmd_type=elb consumer=False job_name=dev:tap-oracle-wms-to-target-oracle name=tap-oracle-wms producer=True run_id=90c0ebde-00d6-4e29-b78d-860586759860 stdio=stderr string_id=tap-oracle-wms
2025-07-02T13:56:03.890421Z [info     ]     ~~~~~~~~~~~~~~~~^^         cmd_type=elb consumer=False job_name=dev:tap-oracle-wms-to-target-oracle name=tap-oracle-wms producer=True run_id=90c0ebde-00d6-4e29-b78d-860586759860 stdio=stderr string_id=tap-oracle-wms
2025-07-02T13:56:03.890485Z [info     ]   File "/home/marlonsc/flext/.venv/lib/python3.13/site-packages/click/core.py", line 1442, in __call__ cmd_type=elb consumer=False job_name=dev:tap-oracle-wms-to-target-oracle name=tap-oracle-wms producer=True run_id=90c0ebde-00d6-4e29-b78d-860586759860 stdio=stderr string_id=tap-oracle-wms
2025-07-02T13:56:03.890550Z [info     ]     return self.main(*args, **kwargs) cmd_type=elb consumer=False job_name=dev:tap-oracle-wms-to-target-oracle name=tap-oracle-wms producer=True run_id=90c0ebde-00d6-4e29-b78d-860586759860 stdio=stderr string_id=tap-oracle-wms
2025-07-02T13:56:03.890615Z [info     ]            ~~~~~~~~~^^^^^^^^^^^^^^^^^ cmd_type=elb consumer=False job_name=dev:tap-oracle-wms-to-target-oracle name=tap-oracle-wms producer=True run_id=90c0ebde-00d6-4e29-b78d-860586759860 stdio=stderr string_id=tap-oracle-wms
2025-07-02T13:56:03.890678Z [info     ]   File "/home/marlonsc/flext/.venv/lib/python3.13/site-packages/click/core.py", line 1363, in main cmd_type=elb consumer=False job_name=dev:tap-oracle-wms-to-target-oracle name=tap-oracle-wms producer=True run_id=90c0ebde-00d6-4e29-b78d-860586759860 stdio=stderr string_id=tap-oracle-wms
2025-07-02T13:56:03.890745Z [info     ]     rv = self.invoke(ctx)      cmd_type=elb consumer=False job_name=dev:tap-oracle-wms-to-target-oracle name=tap-oracle-wms producer=True run_id=90c0ebde-00d6-4e29-b78d-860586759860 stdio=stderr string_id=tap-oracle-wms
2025-07-02T13:56:03.890810Z [info     ]   File "/home/marlonsc/flext/.venv/lib/python3.13/site-packages/singer_sdk/plugin_base.py", line 98, in invoke cmd_type=elb consumer=False job_name=dev:tap-oracle-wms-to-target-oracle name=tap-oracle-wms producer=True run_id=90c0ebde-00d6-4e29-b78d-860586759860 stdio=stderr string_id=tap-oracle-wms
2025-07-02T13:56:03.890876Z [info     ]     return super().invoke(ctx) cmd_type=elb consumer=False job_name=dev:tap-oracle-wms-to-target-oracle name=tap-oracle-wms producer=True run_id=90c0ebde-00d6-4e29-b78d-860586759860 stdio=stderr string_id=tap-oracle-wms
2025-07-02T13:56:03.890942Z [info     ]            ~~~~~~~~~~~~~~^^^^^ cmd_type=elb consumer=False job_name=dev:tap-oracle-wms-to-target-oracle name=tap-oracle-wms producer=True run_id=90c0ebde-00d6-4e29-b78d-860586759860 stdio=stderr string_id=tap-oracle-wms
2025-07-02T13:56:03.891005Z [info     ]   File "/home/marlonsc/flext/.venv/lib/python3.13/site-packages/click/core.py", line 1226, in invoke cmd_type=elb consumer=False job_name=dev:tap-oracle-wms-to-target-oracle name=tap-oracle-wms producer=True run_id=90c0ebde-00d6-4e29-b78d-860586759860 stdio=stderr string_id=tap-oracle-wms
2025-07-02T13:56:03.891070Z [info     ]     return ctx.invoke(self.callback, **ctx.params) cmd_type=elb consumer=False job_name=dev:tap-oracle-wms-to-target-oracle name=tap-oracle-wms producer=True run_id=90c0ebde-00d6-4e29-b78d-860586759860 stdio=stderr string_id=tap-oracle-wms
2025-07-02T13:56:03.891133Z [info     ]            ~~~~~~~~~~^^^^^^^^^^^^^^^^^^^^^^^^^^^^^ cmd_type=elb consumer=False job_name=dev:tap-oracle-wms-to-target-oracle name=tap-oracle-wms producer=True run_id=90c0ebde-00d6-4e29-b78d-860586759860 stdio=stderr string_id=tap-oracle-wms
2025-07-02T13:56:03.891196Z [info     ]   File "/home/marlonsc/flext/.venv/lib/python3.13/site-packages/click/core.py", line 794, in invoke cmd_type=elb consumer=False job_name=dev:tap-oracle-wms-to-target-oracle name=tap-oracle-wms producer=True run_id=90c0ebde-00d6-4e29-b78d-860586759860 stdio=stderr string_id=tap-oracle-wms
2025-07-02T13:56:03.891261Z [info     ]     return callback(*args, **kwargs) cmd_type=elb consumer=False job_name=dev:tap-oracle-wms-to-target-oracle name=tap-oracle-wms producer=True run_id=90c0ebde-00d6-4e29-b78d-860586759860 stdio=stderr string_id=tap-oracle-wms
2025-07-02T13:56:03.891331Z [info     ]   File "/home/marlonsc/flext/.venv/lib/python3.13/site-packages/singer_sdk/tap_base.py", line 553, in invoke cmd_type=elb consumer=False job_name=dev:tap-oracle-wms-to-target-oracle name=tap-oracle-wms producer=True run_id=90c0ebde-00d6-4e29-b78d-860586759860 stdio=stderr string_id=tap-oracle-wms
2025-07-02T13:56:03.891394Z [info     ]     tap.sync_all()             cmd_type=elb consumer=False job_name=dev:tap-oracle-wms-to-target-oracle name=tap-oracle-wms producer=True run_id=90c0ebde-00d6-4e29-b78d-860586759860 stdio=stderr string_id=tap-oracle-wms
2025-07-02T13:56:03.891457Z [info     ]     ~~~~~~~~~~~~^^             cmd_type=elb consumer=False job_name=dev:tap-oracle-wms-to-target-oracle name=tap-oracle-wms producer=True run_id=90c0ebde-00d6-4e29-b78d-860586759860 stdio=stderr string_id=tap-oracle-wms
2025-07-02T13:56:03.891523Z [info     ]   File "/home/marlonsc/flext/.venv/lib/python3.13/site-packages/singer_sdk/tap_base.py", line 494, in sync_all cmd_type=elb consumer=False job_name=dev:tap-oracle-wms-to-target-oracle name=tap-oracle-wms producer=True run_id=90c0ebde-00d6-4e29-b78d-860586759860 stdio=stderr string_id=tap-oracle-wms
2025-07-02T13:56:03.891586Z [info     ]     stream.sync()              cmd_type=elb consumer=False job_name=dev:tap-oracle-wms-to-target-oracle name=tap-oracle-wms producer=True run_id=90c0ebde-00d6-4e29-b78d-860586759860 stdio=stderr string_id=tap-oracle-wms
2025-07-02T13:56:03.891647Z [info     ]     ~~~~~~~~~~~^^              cmd_type=elb consumer=False job_name=dev:tap-oracle-wms-to-target-oracle name=tap-oracle-wms producer=True run_id=90c0ebde-00d6-4e29-b78d-860586759860 stdio=stderr string_id=tap-oracle-wms
2025-07-02T13:56:03.891708Z [info     ]   File "/home/marlonsc/flext/.venv/lib/python3.13/site-packages/singer_sdk/streams/core.py", line 1329, in sync cmd_type=elb consumer=False job_name=dev:tap-oracle-wms-to-target-oracle name=tap-oracle-wms producer=True run_id=90c0ebde-00d6-4e29-b78d-860586759860 stdio=stderr string_id=tap-oracle-wms
2025-07-02T13:56:03.891773Z [info     ]     for _ in self._sync_records(context=context): cmd_type=elb consumer=False job_name=dev:tap-oracle-wms-to-target-oracle name=tap-oracle-wms producer=True run_id=90c0ebde-00d6-4e29-b78d-860586759860 stdio=stderr string_id=tap-oracle-wms
2025-07-02T13:56:03.891839Z [info     ]              ~~~~~~~~~~~~~~~~~~^^^^^^^^^^^^^^^^^ cmd_type=elb consumer=False job_name=dev:tap-oracle-wms-to-target-oracle name=tap-oracle-wms producer=True run_id=90c0ebde-00d6-4e29-b78d-860586759860 stdio=stderr string_id=tap-oracle-wms
2025-07-02T13:56:03.891902Z [info     ]   File "/home/marlonsc/flext/.venv/lib/python3.13/site-packages/singer_sdk/streams/core.py", line 1204, in _sync_records cmd_type=elb consumer=False job_name=dev:tap-oracle-wms-to-target-oracle name=tap-oracle-wms producer=True run_id=90c0ebde-00d6-4e29-b78d-860586759860 stdio=stderr string_id=tap-oracle-wms
2025-07-02T13:56:03.891964Z [info     ]     for idx, record_result in enumerate(self.get_records(current_context)): cmd_type=elb consumer=False job_name=dev:tap-oracle-wms-to-target-oracle name=tap-oracle-wms producer=True run_id=90c0ebde-00d6-4e29-b78d-860586759860 stdio=stderr string_id=tap-oracle-wms
2025-07-02T13:56:03.892027Z [info     ]                               ~~~~~~~~~^^^^^^^^^^^^^^^^^^^^^^^^^^^^^^^^^^^ cmd_type=elb consumer=False job_name=dev:tap-oracle-wms-to-target-oracle name=tap-oracle-wms producer=True run_id=90c0ebde-00d6-4e29-b78d-860586759860 stdio=stderr string_id=tap-oracle-wms
2025-07-02T13:56:03.892090Z [info     ]   File "/home/marlonsc/flext/flext-tap-oracle-wms/src/tap_oracle_wms/streams.py", line 247, in get_records cmd_type=elb consumer=False job_name=dev:tap-oracle-wms-to-target-oracle name=tap-oracle-wms producer=True run_id=90c0ebde-00d6-4e29-b78d-860586759860 stdio=stderr string_id=tap-oracle-wms
2025-07-02T13:56:03.892153Z [info     ]     yield from super().get_records(context) cmd_type=elb consumer=False job_name=dev:tap-oracle-wms-to-target-oracle name=tap-oracle-wms producer=True run_id=90c0ebde-00d6-4e29-b78d-860586759860 stdio=stderr string_id=tap-oracle-wms
2025-07-02T13:56:03.892215Z [info     ]   File "/home/marlonsc/flext/.venv/lib/python3.13/site-packages/singer_sdk/streams/rest.py", line 626, in get_records cmd_type=elb consumer=False job_name=dev:tap-oracle-wms-to-target-oracle name=tap-oracle-wms producer=True run_id=90c0ebde-00d6-4e29-b78d-860586759860 stdio=stderr string_id=tap-oracle-wms
2025-07-02T13:56:03.892276Z [info     ]     yield from self.request_records(context) cmd_type=elb consumer=False job_name=dev:tap-oracle-wms-to-target-oracle name=tap-oracle-wms producer=True run_id=90c0ebde-00d6-4e29-b78d-860586759860 stdio=stderr string_id=tap-oracle-wms
2025-07-02T13:56:03.892353Z [info     ]   File "/home/marlonsc/flext/.venv/lib/python3.13/site-packages/singer_sdk/streams/rest.py", line 459, in request_records cmd_type=elb consumer=False job_name=dev:tap-oracle-wms-to-target-oracle name=tap-oracle-wms producer=True run_id=90c0ebde-00d6-4e29-b78d-860586759860 stdio=stderr string_id=tap-oracle-wms
2025-07-02T13:56:03.892416Z [info     ]     resp = decorated_request(prepared_request, context) cmd_type=elb consumer=False job_name=dev:tap-oracle-wms-to-target-oracle name=tap-oracle-wms producer=True run_id=90c0ebde-00d6-4e29-b78d-860586759860 stdio=stderr string_id=tap-oracle-wms
2025-07-02T13:56:03.892482Z [info     ]   File "/home/marlonsc/flext/.venv/lib/python3.13/site-packages/backoff/_sync.py", line 105, in retry cmd_type=elb consumer=False job_name=dev:tap-oracle-wms-to-target-oracle name=tap-oracle-wms producer=True run_id=90c0ebde-00d6-4e29-b78d-860586759860 stdio=stderr string_id=tap-oracle-wms
2025-07-02T13:56:03.892543Z [info     ]     ret = target(*args, **kwargs) cmd_type=elb consumer=False job_name=dev:tap-oracle-wms-to-target-oracle name=tap-oracle-wms producer=True run_id=90c0ebde-00d6-4e29-b78d-860586759860 stdio=stderr string_id=tap-oracle-wms
2025-07-02T13:56:03.892612Z [info     ]   File "/home/marlonsc/flext/.venv/lib/python3.13/site-packages/singer_sdk/streams/rest.py", line 324, in _request cmd_type=elb consumer=False job_name=dev:tap-oracle-wms-to-target-oracle name=tap-oracle-wms producer=True run_id=90c0ebde-00d6-4e29-b78d-860586759860 stdio=stderr string_id=tap-oracle-wms
2025-07-02T13:56:03.892674Z [info     ]     response = self.requests_session.send( cmd_type=elb consumer=False job_name=dev:tap-oracle-wms-to-target-oracle name=tap-oracle-wms producer=True run_id=90c0ebde-00d6-4e29-b78d-860586759860 stdio=stderr string_id=tap-oracle-wms
2025-07-02T13:56:03.892738Z [info     ]         prepared_request,      cmd_type=elb consumer=False job_name=dev:tap-oracle-wms-to-target-oracle name=tap-oracle-wms producer=True run_id=90c0ebde-00d6-4e29-b78d-860586759860 stdio=stderr string_id=tap-oracle-wms
2025-07-02T13:56:03.892799Z [info     ]         timeout=self.timeout,  cmd_type=elb consumer=False job_name=dev:tap-oracle-wms-to-target-oracle name=tap-oracle-wms producer=True run_id=90c0ebde-00d6-4e29-b78d-860586759860 stdio=stderr string_id=tap-oracle-wms
2025-07-02T13:56:03.892860Z [info     ]         allow_redirects=self.allow_redirects, cmd_type=elb consumer=False job_name=dev:tap-oracle-wms-to-target-oracle name=tap-oracle-wms producer=True run_id=90c0ebde-00d6-4e29-b78d-860586759860 stdio=stderr string_id=tap-oracle-wms
2025-07-02T13:56:03.892920Z [info     ]     )                          cmd_type=elb consumer=False job_name=dev:tap-oracle-wms-to-target-oracle name=tap-oracle-wms producer=True run_id=90c0ebde-00d6-4e29-b78d-860586759860 stdio=stderr string_id=tap-oracle-wms
2025-07-02T13:56:03.892984Z [info     ]   File "/home/marlonsc/flext/.venv/lib/python3.13/site-packages/requests/sessions.py", line 703, in send cmd_type=elb consumer=False job_name=dev:tap-oracle-wms-to-target-oracle name=tap-oracle-wms producer=True run_id=90c0ebde-00d6-4e29-b78d-860586759860 stdio=stderr string_id=tap-oracle-wms
2025-07-02T13:56:03.893048Z [info     ]     r = adapter.send(request, **kwargs) cmd_type=elb consumer=False job_name=dev:tap-oracle-wms-to-target-oracle name=tap-oracle-wms producer=True run_id=90c0ebde-00d6-4e29-b78d-860586759860 stdio=stderr string_id=tap-oracle-wms
2025-07-02T13:56:03.893110Z [info     ]   File "/home/marlonsc/flext/.venv/lib/python3.13/site-packages/requests/adapters.py", line 713, in send cmd_type=elb consumer=False job_name=dev:tap-oracle-wms-to-target-oracle name=tap-oracle-wms producer=True run_id=90c0ebde-00d6-4e29-b78d-860586759860 stdio=stderr string_id=tap-oracle-wms
2025-07-02T13:56:03.893174Z [info     ]     raise ReadTimeout(e, request=request) cmd_type=elb consumer=False job_name=dev:tap-oracle-wms-to-target-oracle name=tap-oracle-wms producer=True run_id=90c0ebde-00d6-4e29-b78d-860586759860 stdio=stderr string_id=tap-oracle-wms
2025-07-02T13:56:03.893236Z [info     ] requests.exceptions.ReadTimeout: HTTPSConnectionPool(host='a29.wms.ocs.oraclecloud.com', port=443): Read timed out. (read timeout=300) cmd_type=elb consumer=False job_name=dev:tap-oracle-wms-to-target-oracle name=tap-oracle-wms producer=True run_id=90c0ebde-00d6-4e29-b78d-860586759860 stdio=stderr string_id=tap-oracle-wms
2025-07-02T13:56:04.008864Z [info     ] Incremental state has been updated at 2025-07-02 13:56:04.008845+00:00.
2025-07-02T13:56:04.009036Z [info     ] Performance statistics         cmd_type=elb consumer=True job_name=dev:tap-oracle-wms-to-target-oracle name=target-oracle producer=False run_id=90c0ebde-00d6-4e29-b78d-860586759860 stdio=stderr string_id=target-oracle
2025-07-02T13:56:04.018999Z [info     ] Incremental state has been updated at 2025-07-02 13:56:04.018984+00:00.
2025-07-02T13:56:04.026157Z [info     ] Incremental state has been updated at 2025-07-02 13:56:04.026144+00:00.
2025-07-02T13:56:04.034923Z [info     ] Incremental state has been updated at 2025-07-02 13:56:04.034908+00:00.
2025-07-02T13:56:04.035080Z [info     ] Operation completed            cmd_type=elb consumer=True job_name=dev:tap-oracle-wms-to-target-oracle name=target-oracle producer=False run_id=90c0ebde-00d6-4e29-b78d-860586759860 stdio=stderr string_id=target-oracle
2025-07-02T13:56:04.035190Z [info     ] Reader 'flext-target-oracle' completed processing 8 lines of input (2 schemas, 5 records, 0 batch manifests, 1 state messages, 0 activate version messages). cmd_type=elb consumer=True job_name=dev:tap-oracle-wms-to-target-oracle name=target-oracle producer=False run_id=90c0ebde-00d6-4e29-b78d-860586759860 stdio=stderr string_id=target-oracle
2025-07-02T13:56:04.035288Z [info     ] Batch processed                cmd_type=elb consumer=True job_name=dev:tap-oracle-wms-to-target-oracle name=target-oracle producer=False run_id=90c0ebde-00d6-4e29-b78d-860586759860 stdio=stderr string_id=target-oracle
2025-07-02T13:56:04.035364Z [info     ] Operation started              cmd_type=elb consumer=True job_name=dev:tap-oracle-wms-to-target-oracle name=target-oracle producer=False run_id=90c0ebde-00d6-4e29-b78d-860586759860 stdio=stderr string_id=target-oracle
2025-07-02T13:56:04.035443Z [info     ] Inserting with SQL: INSERT INTO allocation (alloc_qty, alloc_uom_id, cartonize_uom_id, create_ts, create_user, final_oblpn_nbr, from_inventory_id, id, is_picking_flg, mhe_system_id, mod_ts, mod_user, ob_lpn_type_id, order_dtl_id, packed_qty, pick_locn_str, pick_user, picked_ts, status_id, task_id, task_seq_nbr, to_inventory_id, type_id, wave_id) VALUES (:alloc_qty, :alloc_uom_id, :cartonize_uom_id, :create_ts, :create_user, :final_oblpn_nbr, :from_inventory_id, :id, :is_picking_flg, :mhe_system_id, :mod_ts, :mod_user, :ob_lpn_type_id, :order_dtl_id, :packed_qty, :pick_locn_str, :pick_user, :picked_ts, :status_id, :task_id, :task_seq_nbr, :to_inventory_id, :type_id, :wave_id) cmd_type=elb consumer=True job_name=dev:tap-oracle-wms-to-target-oracle name=target-oracle producer=False run_id=90c0ebde-00d6-4e29-b78d-860586759860 stdio=stderr string_id=target-oracle
2025-07-02T13:56:04.430638Z [info     ] Incremental state has been updated at 2025-07-02 13:56:04.430616+00:00.
2025-07-02T13:56:04.430981Z [info     ] Operation failed               cmd_type=elb consumer=True job_name=dev:tap-oracle-wms-to-target-oracle name=target-oracle producer=False run_id=90c0ebde-00d6-4e29-b78d-860586759860 stdio=stderr string_id=target-oracle
2025-07-02T13:56:04.431167Z [info     ] Traceback (most recent call last): cmd_type=elb consumer=True job_name=dev:tap-oracle-wms-to-target-oracle name=target-oracle producer=False run_id=90c0ebde-00d6-4e29-b78d-860586759860 stdio=stderr string_id=target-oracle
2025-07-02T13:56:04.431384Z [info     ]   File "/home/marlonsc/flext/.venv/lib/python3.13/site-packages/sqlalchemy/engine/base.py", line 1932, in _exec_single_context cmd_type=elb consumer=True job_name=dev:tap-oracle-wms-to-target-oracle name=target-oracle producer=False run_id=90c0ebde-00d6-4e29-b78d-860586759860 stdio=stderr string_id=target-oracle
2025-07-02T13:56:04.431522Z [info     ]     self.dialect.do_executemany( cmd_type=elb consumer=True job_name=dev:tap-oracle-wms-to-target-oracle name=target-oracle producer=False run_id=90c0ebde-00d6-4e29-b78d-860586759860 stdio=stderr string_id=target-oracle
2025-07-02T13:56:04.431605Z [info     ]     ~~~~~~~~~~~~~~~~~~~~~~~~~~~^ cmd_type=elb consumer=True job_name=dev:tap-oracle-wms-to-target-oracle name=target-oracle producer=False run_id=90c0ebde-00d6-4e29-b78d-860586759860 stdio=stderr string_id=target-oracle
2025-07-02T13:56:04.431674Z [info     ]         cursor,                cmd_type=elb consumer=True job_name=dev:tap-oracle-wms-to-target-oracle name=target-oracle producer=False run_id=90c0ebde-00d6-4e29-b78d-860586759860 stdio=stderr string_id=target-oracle
2025-07-02T13:56:04.431739Z [info     ]         ^^^^^^^                cmd_type=elb consumer=True job_name=dev:tap-oracle-wms-to-target-oracle name=target-oracle producer=False run_id=90c0ebde-00d6-4e29-b78d-860586759860 stdio=stderr string_id=target-oracle
2025-07-02T13:56:04.431803Z [info     ]     ...<2 lines>...            cmd_type=elb consumer=True job_name=dev:tap-oracle-wms-to-target-oracle name=target-oracle producer=False run_id=90c0ebde-00d6-4e29-b78d-860586759860 stdio=stderr string_id=target-oracle
2025-07-02T13:56:04.431870Z [info     ]         context,               cmd_type=elb consumer=True job_name=dev:tap-oracle-wms-to-target-oracle name=target-oracle producer=False run_id=90c0ebde-00d6-4e29-b78d-860586759860 stdio=stderr string_id=target-oracle
2025-07-02T13:56:04.431934Z [info     ]         ^^^^^^^^               cmd_type=elb consumer=True job_name=dev:tap-oracle-wms-to-target-oracle name=target-oracle producer=False run_id=90c0ebde-00d6-4e29-b78d-860586759860 stdio=stderr string_id=target-oracle
2025-07-02T13:56:04.431995Z [info     ]     )                          cmd_type=elb consumer=True job_name=dev:tap-oracle-wms-to-target-oracle name=target-oracle producer=False run_id=90c0ebde-00d6-4e29-b78d-860586759860 stdio=stderr string_id=target-oracle
2025-07-02T13:56:04.432060Z [info     ]     ^                          cmd_type=elb consumer=True job_name=dev:tap-oracle-wms-to-target-oracle name=target-oracle producer=False run_id=90c0ebde-00d6-4e29-b78d-860586759860 stdio=stderr string_id=target-oracle
2025-07-02T13:56:04.432122Z [info     ]   File "/home/marlonsc/flext/.venv/lib/python3.13/site-packages/sqlalchemy/dialects/oracle/cx_oracle.py", line 1499, in do_executemany cmd_type=elb consumer=True job_name=dev:tap-oracle-wms-to-target-oracle name=target-oracle producer=False run_id=90c0ebde-00d6-4e29-b78d-860586759860 stdio=stderr string_id=target-oracle
2025-07-02T13:56:04.432189Z [info     ]     cursor.executemany(statement, parameters) cmd_type=elb consumer=True job_name=dev:tap-oracle-wms-to-target-oracle name=target-oracle producer=False run_id=90c0ebde-00d6-4e29-b78d-860586759860 stdio=stderr string_id=target-oracle
2025-07-02T13:56:04.432252Z [info     ]     ~~~~~~~~~~~~~~~~~~^^^^^^^^^^^^^^^^^^^^^^^ cmd_type=elb consumer=True job_name=dev:tap-oracle-wms-to-target-oracle name=target-oracle producer=False run_id=90c0ebde-00d6-4e29-b78d-860586759860 stdio=stderr string_id=target-oracle
2025-07-02T13:56:04.432317Z [info     ]   File "/home/marlonsc/flext/.venv/lib/python3.13/site-packages/oracledb/cursor.py", line 757, in executemany cmd_type=elb consumer=True job_name=dev:tap-oracle-wms-to-target-oracle name=target-oracle producer=False run_id=90c0ebde-00d6-4e29-b78d-860586759860 stdio=stderr string_id=target-oracle
2025-07-02T13:56:04.432379Z [info     ]     num_execs = self._impl._prepare_for_executemany( cmd_type=elb consumer=True job_name=dev:tap-oracle-wms-to-target-oracle name=target-oracle producer=False run_id=90c0ebde-00d6-4e29-b78d-860586759860 stdio=stderr string_id=target-oracle
2025-07-02T13:56:04.432439Z [info     ]         self, statement, parameters cmd_type=elb consumer=True job_name=dev:tap-oracle-wms-to-target-oracle name=target-oracle producer=False run_id=90c0ebde-00d6-4e29-b78d-860586759860 stdio=stderr string_id=target-oracle
2025-07-02T13:56:04.432502Z [info     ]     )                          cmd_type=elb consumer=True job_name=dev:tap-oracle-wms-to-target-oracle name=target-oracle producer=False run_id=90c0ebde-00d6-4e29-b78d-860586759860 stdio=stderr string_id=target-oracle
2025-07-02T13:56:04.432565Z [info     ]   File "src/oracledb/impl/base/cursor.pyx", line 438, in oracledb.base_impl.BaseCursorImpl._prepare_for_executemany cmd_type=elb consumer=True job_name=dev:tap-oracle-wms-to-target-oracle name=target-oracle producer=False run_id=90c0ebde-00d6-4e29-b78d-860586759860 stdio=stderr string_id=target-oracle
2025-07-02T13:56:04.432625Z [info     ]   File "src/oracledb/impl/base/cursor.pyx", line 493, in oracledb.base_impl.BaseCursorImpl.bind_many cmd_type=elb consumer=True job_name=dev:tap-oracle-wms-to-target-oracle name=target-oracle producer=False run_id=90c0ebde-00d6-4e29-b78d-860586759860 stdio=stderr string_id=target-oracle
2025-07-02T13:56:04.432688Z [info     ]   File "src/oracledb/impl/base/cursor.pyx", line 59, in oracledb.base_impl.BaseCursorImpl._bind_values cmd_type=elb consumer=True job_name=dev:tap-oracle-wms-to-target-oracle name=target-oracle producer=False run_id=90c0ebde-00d6-4e29-b78d-860586759860 stdio=stderr string_id=target-oracle
2025-07-02T13:56:04.432749Z [info     ]   File "src/oracledb/impl/base/cursor.pyx", line 100, in oracledb.base_impl.BaseCursorImpl._bind_values_by_name cmd_type=elb consumer=True job_name=dev:tap-oracle-wms-to-target-oracle name=target-oracle producer=False run_id=90c0ebde-00d6-4e29-b78d-860586759860 stdio=stderr string_id=target-oracle
2025-07-02T13:56:04.432809Z [info     ]   File "src/oracledb/impl/base/bind_var.pyx", line 160, in oracledb.base_impl.BindVar._set_by_value cmd_type=elb consumer=True job_name=dev:tap-oracle-wms-to-target-oracle name=target-oracle producer=False run_id=90c0ebde-00d6-4e29-b78d-860586759860 stdio=stderr string_id=target-oracle
2025-07-02T13:56:04.432871Z [info     ]   File "src/oracledb/impl/base/bind_var.pyx", line 75, in oracledb.base_impl.BindVar._create_var_from_value cmd_type=elb consumer=True job_name=dev:tap-oracle-wms-to-target-oracle name=target-oracle producer=False run_id=90c0ebde-00d6-4e29-b78d-860586759860 stdio=stderr string_id=target-oracle
2025-07-02T13:56:04.432931Z [info     ]   File "src/oracledb/impl/base/var.pyx", line 258, in oracledb.base_impl.BaseVarImpl._set_type_info_from_value cmd_type=elb consumer=True job_name=dev:tap-oracle-wms-to-target-oracle name=target-oracle producer=False run_id=90c0ebde-00d6-4e29-b78d-860586759860 stdio=stderr string_id=target-oracle
2025-07-02T13:56:04.432989Z [info     ]   File "/home/marlonsc/flext/.venv/lib/python3.13/site-packages/oracledb/errors.py", line 195, in _raise_err cmd_type=elb consumer=True job_name=dev:tap-oracle-wms-to-target-oracle name=target-oracle producer=False run_id=90c0ebde-00d6-4e29-b78d-860586759860 stdio=stderr string_id=target-oracle
2025-07-02T13:56:04.433048Z [info     ]     raise error.exc_type(error) from cause cmd_type=elb consumer=True job_name=dev:tap-oracle-wms-to-target-oracle name=target-oracle producer=False run_id=90c0ebde-00d6-4e29-b78d-860586759860 stdio=stderr string_id=target-oracle
2025-07-02T13:56:04.433109Z [info     ] oracledb.exceptions.NotSupportedError: DPY-3002: Python value of type "dict" is not supported cmd_type=elb consumer=True job_name=dev:tap-oracle-wms-to-target-oracle name=target-oracle producer=False run_id=90c0ebde-00d6-4e29-b78d-860586759860 stdio=stderr string_id=target-oracle
2025-07-02T13:56:04.433170Z [info     ]                                cmd_type=elb consumer=True job_name=dev:tap-oracle-wms-to-target-oracle name=target-oracle producer=False run_id=90c0ebde-00d6-4e29-b78d-860586759860 stdio=stderr string_id=target-oracle
2025-07-02T13:56:04.433235Z [info     ] The above exception was the direct cause of the following exception: cmd_type=elb consumer=True job_name=dev:tap-oracle-wms-to-target-oracle name=target-oracle producer=False run_id=90c0ebde-00d6-4e29-b78d-860586759860 stdio=stderr string_id=target-oracle
2025-07-02T13:56:04.433306Z [info     ]                                cmd_type=elb consumer=True job_name=dev:tap-oracle-wms-to-target-oracle name=target-oracle producer=False run_id=90c0ebde-00d6-4e29-b78d-860586759860 stdio=stderr string_id=target-oracle
2025-07-02T13:56:04.433369Z [info     ] Traceback (most recent call last): cmd_type=elb consumer=True job_name=dev:tap-oracle-wms-to-target-oracle name=target-oracle producer=False run_id=90c0ebde-00d6-4e29-b78d-860586759860 stdio=stderr string_id=target-oracle
2025-07-02T13:56:04.433433Z [info     ]   File "/home/marlonsc/flext/flext-target-oracle/flext_target_oracle/logging_config.py", line 236, in operation_context cmd_type=elb consumer=True job_name=dev:tap-oracle-wms-to-target-oracle name=target-oracle producer=False run_id=90c0ebde-00d6-4e29-b78d-860586759860 stdio=stderr string_id=target-oracle
2025-07-02T13:56:04.433495Z [info     ]     yield context              cmd_type=elb consumer=True job_name=dev:tap-oracle-wms-to-target-oracle name=target-oracle producer=False run_id=90c0ebde-00d6-4e29-b78d-860586759860 stdio=stderr string_id=target-oracle
2025-07-02T13:56:04.433557Z [info     ]   File "/home/marlonsc/flext/flext-target-oracle/flext_target_oracle/sinks.py", line 336, in process_batch cmd_type=elb consumer=True job_name=dev:tap-oracle-wms-to-target-oracle name=target-oracle producer=False run_id=90c0ebde-00d6-4e29-b78d-860586759860 stdio=stderr string_id=target-oracle
2025-07-02T13:56:04.433617Z [info     ]     self._process_batch_internal(records) cmd_type=elb consumer=True job_name=dev:tap-oracle-wms-to-target-oracle name=target-oracle producer=False run_id=90c0ebde-00d6-4e29-b78d-860586759860 stdio=stderr string_id=target-oracle
2025-07-02T13:56:04.433676Z [info     ]     ~~~~~~~~~~~~~~~~~~~~~~~~~~~~^^^^^^^^^ cmd_type=elb consumer=True job_name=dev:tap-oracle-wms-to-target-oracle name=target-oracle producer=False run_id=90c0ebde-00d6-4e29-b78d-860586759860 stdio=stderr string_id=target-oracle
2025-07-02T13:56:04.433737Z [info     ]   File "/home/marlonsc/flext/flext-target-oracle/flext_target_oracle/sinks.py", line 363, in _process_batch_internal cmd_type=elb consumer=True job_name=dev:tap-oracle-wms-to-target-oracle name=target-oracle producer=False run_id=90c0ebde-00d6-4e29-b78d-860586759860 stdio=stderr string_id=target-oracle
2025-07-02T13:56:04.433802Z [info     ]     super().process_batch(context) cmd_type=elb consumer=True job_name=dev:tap-oracle-wms-to-target-oracle name=target-oracle producer=False run_id=90c0ebde-00d6-4e29-b78d-860586759860 stdio=stderr string_id=target-oracle
2025-07-02T13:56:04.433864Z [info     ]     ~~~~~~~~~~~~~~~~~~~~~^^^^^^^^^ cmd_type=elb consumer=True job_name=dev:tap-oracle-wms-to-target-oracle name=target-oracle producer=False run_id=90c0ebde-00d6-4e29-b78d-860586759860 stdio=stderr string_id=target-oracle
2025-07-02T13:56:04.433923Z [info     ]   File "/home/marlonsc/flext/.venv/lib/python3.13/site-packages/singer_sdk/sinks/sql.py", line 272, in process_batch cmd_type=elb consumer=True job_name=dev:tap-oracle-wms-to-target-oracle name=target-oracle producer=False run_id=90c0ebde-00d6-4e29-b78d-860586759860 stdio=stderr string_id=target-oracle
2025-07-02T13:56:04.433983Z [info     ]     self.bulk_insert_records(  cmd_type=elb consumer=True job_name=dev:tap-oracle-wms-to-target-oracle name=target-oracle producer=False run_id=90c0ebde-00d6-4e29-b78d-860586759860 stdio=stderr string_id=target-oracle
2025-07-02T13:56:04.434043Z [info     ]     ~~~~~~~~~~~~~~~~~~~~~~~~^  cmd_type=elb consumer=True job_name=dev:tap-oracle-wms-to-target-oracle name=target-oracle producer=False run_id=90c0ebde-00d6-4e29-b78d-860586759860 stdio=stderr string_id=target-oracle
2025-07-02T13:56:04.434102Z [info     ]         full_table_name=self.full_table_name, cmd_type=elb consumer=True job_name=dev:tap-oracle-wms-to-target-oracle name=target-oracle producer=False run_id=90c0ebde-00d6-4e29-b78d-860586759860 stdio=stderr string_id=target-oracle
2025-07-02T13:56:04.434164Z [info     ]         ^^^^^^^^^^^^^^^^^^^^^^^^^^^^^^^^^^^^^ cmd_type=elb consumer=True job_name=dev:tap-oracle-wms-to-target-oracle name=target-oracle producer=False run_id=90c0ebde-00d6-4e29-b78d-860586759860 stdio=stderr string_id=target-oracle
2025-07-02T13:56:04.434225Z [info     ]         schema=self.schema,    cmd_type=elb consumer=True job_name=dev:tap-oracle-wms-to-target-oracle name=target-oracle producer=False run_id=90c0ebde-00d6-4e29-b78d-860586759860 stdio=stderr string_id=target-oracle
2025-07-02T13:56:04.434292Z [info     ]         ^^^^^^^^^^^^^^^^^^^    cmd_type=elb consumer=True job_name=dev:tap-oracle-wms-to-target-oracle name=target-oracle producer=False run_id=90c0ebde-00d6-4e29-b78d-860586759860 stdio=stderr string_id=target-oracle
2025-07-02T13:56:04.434357Z [info     ]         records=context["records"], cmd_type=elb consumer=True job_name=dev:tap-oracle-wms-to-target-oracle name=target-oracle producer=False run_id=90c0ebde-00d6-4e29-b78d-860586759860 stdio=stderr string_id=target-oracle
2025-07-02T13:56:04.434419Z [info     ]         ^^^^^^^^^^^^^^^^^^^^^^^^^^^ cmd_type=elb consumer=True job_name=dev:tap-oracle-wms-to-target-oracle name=target-oracle producer=False run_id=90c0ebde-00d6-4e29-b78d-860586759860 stdio=stderr string_id=target-oracle
2025-07-02T13:56:04.434482Z [info     ]     )                          cmd_type=elb consumer=True job_name=dev:tap-oracle-wms-to-target-oracle name=target-oracle producer=False run_id=90c0ebde-00d6-4e29-b78d-860586759860 stdio=stderr string_id=target-oracle
2025-07-02T13:56:04.434547Z [info     ]     ^                          cmd_type=elb consumer=True job_name=dev:tap-oracle-wms-to-target-oracle name=target-oracle producer=False run_id=90c0ebde-00d6-4e29-b78d-860586759860 stdio=stderr string_id=target-oracle
2025-07-02T13:56:04.434610Z [info     ]   File "/home/marlonsc/flext/.venv/lib/python3.13/site-packages/singer_sdk/sinks/sql.py", line 359, in bulk_insert_records cmd_type=elb consumer=True job_name=dev:tap-oracle-wms-to-target-oracle name=target-oracle producer=False run_id=90c0ebde-00d6-4e29-b78d-860586759860 stdio=stderr string_id=target-oracle
2025-07-02T13:56:04.434672Z [info     ]     result = conn.execute(insert_sql, new_records) cmd_type=elb consumer=True job_name=dev:tap-oracle-wms-to-target-oracle name=target-oracle producer=False run_id=90c0ebde-00d6-4e29-b78d-860586759860 stdio=stderr string_id=target-oracle
2025-07-02T13:56:04.434732Z [info     ]   File "/home/marlonsc/flext/.venv/lib/python3.13/site-packages/sqlalchemy/engine/base.py", line 1415, in execute cmd_type=elb consumer=True job_name=dev:tap-oracle-wms-to-target-oracle name=target-oracle producer=False run_id=90c0ebde-00d6-4e29-b78d-860586759860 stdio=stderr string_id=target-oracle
2025-07-02T13:56:04.434793Z [info     ]     return meth(               cmd_type=elb consumer=True job_name=dev:tap-oracle-wms-to-target-oracle name=target-oracle producer=False run_id=90c0ebde-00d6-4e29-b78d-860586759860 stdio=stderr string_id=target-oracle
2025-07-02T13:56:04.434856Z [info     ]         self,                  cmd_type=elb consumer=True job_name=dev:tap-oracle-wms-to-target-oracle name=target-oracle producer=False run_id=90c0ebde-00d6-4e29-b78d-860586759860 stdio=stderr string_id=target-oracle
2025-07-02T13:56:04.434927Z [info     ]         distilled_parameters,  cmd_type=elb consumer=True job_name=dev:tap-oracle-wms-to-target-oracle name=target-oracle producer=False run_id=90c0ebde-00d6-4e29-b78d-860586759860 stdio=stderr string_id=target-oracle
2025-07-02T13:56:04.434997Z [info     ]         execution_options or NO_OPTIONS, cmd_type=elb consumer=True job_name=dev:tap-oracle-wms-to-target-oracle name=target-oracle producer=False run_id=90c0ebde-00d6-4e29-b78d-860586759860 stdio=stderr string_id=target-oracle
2025-07-02T13:56:04.435061Z [info     ]     )                          cmd_type=elb consumer=True job_name=dev:tap-oracle-wms-to-target-oracle name=target-oracle producer=False run_id=90c0ebde-00d6-4e29-b78d-860586759860 stdio=stderr string_id=target-oracle
2025-07-02T13:56:04.435132Z [info     ]   File "/home/marlonsc/flext/.venv/lib/python3.13/site-packages/sqlalchemy/sql/elements.py", line 523, in _execute_on_connection cmd_type=elb consumer=True job_name=dev:tap-oracle-wms-to-target-oracle name=target-oracle producer=False run_id=90c0ebde-00d6-4e29-b78d-860586759860 stdio=stderr string_id=target-oracle
2025-07-02T13:56:04.435199Z [info     ]     return connection._execute_clauseelement( cmd_type=elb consumer=True job_name=dev:tap-oracle-wms-to-target-oracle name=target-oracle producer=False run_id=90c0ebde-00d6-4e29-b78d-860586759860 stdio=stderr string_id=target-oracle
2025-07-02T13:56:04.435267Z [info     ]            ~~~~~~~~~~~~~~~~~~~~~~~~~~~~~~~~~^ cmd_type=elb consumer=True job_name=dev:tap-oracle-wms-to-target-oracle name=target-oracle producer=False run_id=90c0ebde-00d6-4e29-b78d-860586759860 stdio=stderr string_id=target-oracle
2025-07-02T13:56:04.435337Z [info     ]         self, distilled_params, execution_options cmd_type=elb consumer=True job_name=dev:tap-oracle-wms-to-target-oracle name=target-oracle producer=False run_id=90c0ebde-00d6-4e29-b78d-860586759860 stdio=stderr string_id=target-oracle
2025-07-02T13:56:04.435403Z [info     ]         ^^^^^^^^^^^^^^^^^^^^^^^^^^^^^^^^^^^^^^^^^ cmd_type=elb consumer=True job_name=dev:tap-oracle-wms-to-target-oracle name=target-oracle producer=False run_id=90c0ebde-00d6-4e29-b78d-860586759860 stdio=stderr string_id=target-oracle
2025-07-02T13:56:04.435470Z [info     ]     )                          cmd_type=elb consumer=True job_name=dev:tap-oracle-wms-to-target-oracle name=target-oracle producer=False run_id=90c0ebde-00d6-4e29-b78d-860586759860 stdio=stderr string_id=target-oracle
2025-07-02T13:56:04.435542Z [info     ]     ^                          cmd_type=elb consumer=True job_name=dev:tap-oracle-wms-to-target-oracle name=target-oracle producer=False run_id=90c0ebde-00d6-4e29-b78d-860586759860 stdio=stderr string_id=target-oracle
2025-07-02T13:56:04.435612Z [info     ]   File "/home/marlonsc/flext/.venv/lib/python3.13/site-packages/sqlalchemy/engine/base.py", line 1637, in _execute_clauseelement cmd_type=elb consumer=True job_name=dev:tap-oracle-wms-to-target-oracle name=target-oracle producer=False run_id=90c0ebde-00d6-4e29-b78d-860586759860 stdio=stderr string_id=target-oracle
2025-07-02T13:56:04.435682Z [info     ]     ret = self._execute_context( cmd_type=elb consumer=True job_name=dev:tap-oracle-wms-to-target-oracle name=target-oracle producer=False run_id=90c0ebde-00d6-4e29-b78d-860586759860 stdio=stderr string_id=target-oracle
2025-07-02T13:56:04.435755Z [info     ]         dialect,               cmd_type=elb consumer=True job_name=dev:tap-oracle-wms-to-target-oracle name=target-oracle producer=False run_id=90c0ebde-00d6-4e29-b78d-860586759860 stdio=stderr string_id=target-oracle
2025-07-02T13:56:04.435828Z [info     ]     ...<8 lines>...            cmd_type=elb consumer=True job_name=dev:tap-oracle-wms-to-target-oracle name=target-oracle producer=False run_id=90c0ebde-00d6-4e29-b78d-860586759860 stdio=stderr string_id=target-oracle
2025-07-02T13:56:04.435901Z [info     ]         cache_hit=cache_hit,   cmd_type=elb consumer=True job_name=dev:tap-oracle-wms-to-target-oracle name=target-oracle producer=False run_id=90c0ebde-00d6-4e29-b78d-860586759860 stdio=stderr string_id=target-oracle
2025-07-02T13:56:04.435969Z [info     ]     )                          cmd_type=elb consumer=True job_name=dev:tap-oracle-wms-to-target-oracle name=target-oracle producer=False run_id=90c0ebde-00d6-4e29-b78d-860586759860 stdio=stderr string_id=target-oracle
2025-07-02T13:56:04.436034Z [info     ]   File "/home/marlonsc/flext/.venv/lib/python3.13/site-packages/sqlalchemy/engine/base.py", line 1842, in _execute_context cmd_type=elb consumer=True job_name=dev:tap-oracle-wms-to-target-oracle name=target-oracle producer=False run_id=90c0ebde-00d6-4e29-b78d-860586759860 stdio=stderr string_id=target-oracle
2025-07-02T13:56:04.436099Z [info     ]     return self._exec_single_context( cmd_type=elb consumer=True job_name=dev:tap-oracle-wms-to-target-oracle name=target-oracle producer=False run_id=90c0ebde-00d6-4e29-b78d-860586759860 stdio=stderr string_id=target-oracle
2025-07-02T13:56:04.436168Z [info     ]            ~~~~~~~~~~~~~~~~~~~~~~~~~^ cmd_type=elb consumer=True job_name=dev:tap-oracle-wms-to-target-oracle name=target-oracle producer=False run_id=90c0ebde-00d6-4e29-b78d-860586759860 stdio=stderr string_id=target-oracle
2025-07-02T13:56:04.436234Z [info     ]         dialect, context, statement, parameters cmd_type=elb consumer=True job_name=dev:tap-oracle-wms-to-target-oracle name=target-oracle producer=False run_id=90c0ebde-00d6-4e29-b78d-860586759860 stdio=stderr string_id=target-oracle
2025-07-02T13:56:04.436302Z [info     ]         ^^^^^^^^^^^^^^^^^^^^^^^^^^^^^^^^^^^^^^^ cmd_type=elb consumer=True job_name=dev:tap-oracle-wms-to-target-oracle name=target-oracle producer=False run_id=90c0ebde-00d6-4e29-b78d-860586759860 stdio=stderr string_id=target-oracle
2025-07-02T13:56:04.436367Z [info     ]     )                          cmd_type=elb consumer=True job_name=dev:tap-oracle-wms-to-target-oracle name=target-oracle producer=False run_id=90c0ebde-00d6-4e29-b78d-860586759860 stdio=stderr string_id=target-oracle
2025-07-02T13:56:04.436435Z [info     ]     ^                          cmd_type=elb consumer=True job_name=dev:tap-oracle-wms-to-target-oracle name=target-oracle producer=False run_id=90c0ebde-00d6-4e29-b78d-860586759860 stdio=stderr string_id=target-oracle
2025-07-02T13:56:04.436500Z [info     ]   File "/home/marlonsc/flext/.venv/lib/python3.13/site-packages/sqlalchemy/engine/base.py", line 1982, in _exec_single_context cmd_type=elb consumer=True job_name=dev:tap-oracle-wms-to-target-oracle name=target-oracle producer=False run_id=90c0ebde-00d6-4e29-b78d-860586759860 stdio=stderr string_id=target-oracle
2025-07-02T13:56:04.436568Z [info     ]     self._handle_dbapi_exception( cmd_type=elb consumer=True job_name=dev:tap-oracle-wms-to-target-oracle name=target-oracle producer=False run_id=90c0ebde-00d6-4e29-b78d-860586759860 stdio=stderr string_id=target-oracle
2025-07-02T13:56:04.436635Z [info     ]     ~~~~~~~~~~~~~~~~~~~~~~~~~~~~^ cmd_type=elb consumer=True job_name=dev:tap-oracle-wms-to-target-oracle name=target-oracle producer=False run_id=90c0ebde-00d6-4e29-b78d-860586759860 stdio=stderr string_id=target-oracle
2025-07-02T13:56:04.436699Z [info     ]         e, str_statement, effective_parameters, cursor, context cmd_type=elb consumer=True job_name=dev:tap-oracle-wms-to-target-oracle name=target-oracle producer=False run_id=90c0ebde-00d6-4e29-b78d-860586759860 stdio=stderr string_id=target-oracle
2025-07-02T13:56:04.436770Z [info     ]         ^^^^^^^^^^^^^^^^^^^^^^^^^^^^^^^^^^^^^^^^^^^^^^^^^^^^^^^ cmd_type=elb consumer=True job_name=dev:tap-oracle-wms-to-target-oracle name=target-oracle producer=False run_id=90c0ebde-00d6-4e29-b78d-860586759860 stdio=stderr string_id=target-oracle
2025-07-02T13:56:04.436837Z [info     ]     )                          cmd_type=elb consumer=True job_name=dev:tap-oracle-wms-to-target-oracle name=target-oracle producer=False run_id=90c0ebde-00d6-4e29-b78d-860586759860 stdio=stderr string_id=target-oracle
2025-07-02T13:56:04.436903Z [info     ]     ^                          cmd_type=elb consumer=True job_name=dev:tap-oracle-wms-to-target-oracle name=target-oracle producer=False run_id=90c0ebde-00d6-4e29-b78d-860586759860 stdio=stderr string_id=target-oracle
2025-07-02T13:56:04.436968Z [info     ]   File "/home/marlonsc/flext/.venv/lib/python3.13/site-packages/sqlalchemy/engine/base.py", line 2351, in _handle_dbapi_exception cmd_type=elb consumer=True job_name=dev:tap-oracle-wms-to-target-oracle name=target-oracle producer=False run_id=90c0ebde-00d6-4e29-b78d-860586759860 stdio=stderr string_id=target-oracle
2025-07-02T13:56:04.437033Z [info     ]     raise sqlalchemy_exception.with_traceback(exc_info[2]) from e cmd_type=elb consumer=True job_name=dev:tap-oracle-wms-to-target-oracle name=target-oracle producer=False run_id=90c0ebde-00d6-4e29-b78d-860586759860 stdio=stderr string_id=target-oracle
2025-07-02T13:56:04.437095Z [info     ]   File "/home/marlonsc/flext/.venv/lib/python3.13/site-packages/sqlalchemy/engine/base.py", line 1932, in _exec_single_context cmd_type=elb consumer=True job_name=dev:tap-oracle-wms-to-target-oracle name=target-oracle producer=False run_id=90c0ebde-00d6-4e29-b78d-860586759860 stdio=stderr string_id=target-oracle
2025-07-02T13:56:04.437163Z [info     ]     self.dialect.do_executemany( cmd_type=elb consumer=True job_name=dev:tap-oracle-wms-to-target-oracle name=target-oracle producer=False run_id=90c0ebde-00d6-4e29-b78d-860586759860 stdio=stderr string_id=target-oracle
2025-07-02T13:56:04.437271Z [info     ]     ~~~~~~~~~~~~~~~~~~~~~~~~~~~^ cmd_type=elb consumer=True job_name=dev:tap-oracle-wms-to-target-oracle name=target-oracle producer=False run_id=90c0ebde-00d6-4e29-b78d-860586759860 stdio=stderr string_id=target-oracle
2025-07-02T13:56:04.437393Z [info     ]         cursor,                cmd_type=elb consumer=True job_name=dev:tap-oracle-wms-to-target-oracle name=target-oracle producer=False run_id=90c0ebde-00d6-4e29-b78d-860586759860 stdio=stderr string_id=target-oracle
2025-07-02T13:56:04.437486Z [info     ]         ^^^^^^^                cmd_type=elb consumer=True job_name=dev:tap-oracle-wms-to-target-oracle name=target-oracle producer=False run_id=90c0ebde-00d6-4e29-b78d-860586759860 stdio=stderr string_id=target-oracle
2025-07-02T13:56:04.437584Z [info     ]     ...<2 lines>...            cmd_type=elb consumer=True job_name=dev:tap-oracle-wms-to-target-oracle name=target-oracle producer=False run_id=90c0ebde-00d6-4e29-b78d-860586759860 stdio=stderr string_id=target-oracle
2025-07-02T13:56:04.437673Z [info     ]         context,               cmd_type=elb consumer=True job_name=dev:tap-oracle-wms-to-target-oracle name=target-oracle producer=False run_id=90c0ebde-00d6-4e29-b78d-860586759860 stdio=stderr string_id=target-oracle
2025-07-02T13:56:04.437755Z [info     ]         ^^^^^^^^               cmd_type=elb consumer=True job_name=dev:tap-oracle-wms-to-target-oracle name=target-oracle producer=False run_id=90c0ebde-00d6-4e29-b78d-860586759860 stdio=stderr string_id=target-oracle
2025-07-02T13:56:04.437837Z [info     ]     )                          cmd_type=elb consumer=True job_name=dev:tap-oracle-wms-to-target-oracle name=target-oracle producer=False run_id=90c0ebde-00d6-4e29-b78d-860586759860 stdio=stderr string_id=target-oracle
2025-07-02T13:56:04.437926Z [info     ]     ^                          cmd_type=elb consumer=True job_name=dev:tap-oracle-wms-to-target-oracle name=target-oracle producer=False run_id=90c0ebde-00d6-4e29-b78d-860586759860 stdio=stderr string_id=target-oracle
2025-07-02T13:56:04.438016Z [info     ]   File "/home/marlonsc/flext/.venv/lib/python3.13/site-packages/sqlalchemy/dialects/oracle/cx_oracle.py", line 1499, in do_executemany cmd_type=elb consumer=True job_name=dev:tap-oracle-wms-to-target-oracle name=target-oracle producer=False run_id=90c0ebde-00d6-4e29-b78d-860586759860 stdio=stderr string_id=target-oracle
2025-07-02T13:56:04.438100Z [info     ]     cursor.executemany(statement, parameters) cmd_type=elb consumer=True job_name=dev:tap-oracle-wms-to-target-oracle name=target-oracle producer=False run_id=90c0ebde-00d6-4e29-b78d-860586759860 stdio=stderr string_id=target-oracle
2025-07-02T13:56:04.438183Z [info     ]     ~~~~~~~~~~~~~~~~~~^^^^^^^^^^^^^^^^^^^^^^^ cmd_type=elb consumer=True job_name=dev:tap-oracle-wms-to-target-oracle name=target-oracle producer=False run_id=90c0ebde-00d6-4e29-b78d-860586759860 stdio=stderr string_id=target-oracle
2025-07-02T13:56:04.438266Z [info     ]   File "/home/marlonsc/flext/.venv/lib/python3.13/site-packages/oracledb/cursor.py", line 757, in executemany cmd_type=elb consumer=True job_name=dev:tap-oracle-wms-to-target-oracle name=target-oracle producer=False run_id=90c0ebde-00d6-4e29-b78d-860586759860 stdio=stderr string_id=target-oracle
2025-07-02T13:56:04.438359Z [info     ]     num_execs = self._impl._prepare_for_executemany( cmd_type=elb consumer=True job_name=dev:tap-oracle-wms-to-target-oracle name=target-oracle producer=False run_id=90c0ebde-00d6-4e29-b78d-860586759860 stdio=stderr string_id=target-oracle
2025-07-02T13:56:04.438667Z [info     ]         self, statement, parameters cmd_type=elb consumer=True job_name=dev:tap-oracle-wms-to-target-oracle name=target-oracle producer=False run_id=90c0ebde-00d6-4e29-b78d-860586759860 stdio=stderr string_id=target-oracle
2025-07-02T13:56:04.438825Z [info     ]     )                          cmd_type=elb consumer=True job_name=dev:tap-oracle-wms-to-target-oracle name=target-oracle producer=False run_id=90c0ebde-00d6-4e29-b78d-860586759860 stdio=stderr string_id=target-oracle
2025-07-02T13:56:04.438961Z [info     ]   File "src/oracledb/impl/base/cursor.pyx", line 438, in oracledb.base_impl.BaseCursorImpl._prepare_for_executemany cmd_type=elb consumer=True job_name=dev:tap-oracle-wms-to-target-oracle name=target-oracle producer=False run_id=90c0ebde-00d6-4e29-b78d-860586759860 stdio=stderr string_id=target-oracle
2025-07-02T13:56:04.439092Z [info     ]   File "src/oracledb/impl/base/cursor.pyx", line 493, in oracledb.base_impl.BaseCursorImpl.bind_many cmd_type=elb consumer=True job_name=dev:tap-oracle-wms-to-target-oracle name=target-oracle producer=False run_id=90c0ebde-00d6-4e29-b78d-860586759860 stdio=stderr string_id=target-oracle
2025-07-02T13:56:04.439226Z [info     ]   File "src/oracledb/impl/base/cursor.pyx", line 59, in oracledb.base_impl.BaseCursorImpl._bind_values cmd_type=elb consumer=True job_name=dev:tap-oracle-wms-to-target-oracle name=target-oracle producer=False run_id=90c0ebde-00d6-4e29-b78d-860586759860 stdio=stderr string_id=target-oracle
2025-07-02T13:56:04.439384Z [info     ]   File "src/oracledb/impl/base/cursor.pyx", line 100, in oracledb.base_impl.BaseCursorImpl._bind_values_by_name cmd_type=elb consumer=True job_name=dev:tap-oracle-wms-to-target-oracle name=target-oracle producer=False run_id=90c0ebde-00d6-4e29-b78d-860586759860 stdio=stderr string_id=target-oracle
2025-07-02T13:56:04.439511Z [info     ]   File "src/oracledb/impl/base/bind_var.pyx", line 160, in oracledb.base_impl.BindVar._set_by_value cmd_type=elb consumer=True job_name=dev:tap-oracle-wms-to-target-oracle name=target-oracle producer=False run_id=90c0ebde-00d6-4e29-b78d-860586759860 stdio=stderr string_id=target-oracle
2025-07-02T13:56:04.439642Z [info     ]   File "src/oracledb/impl/base/bind_var.pyx", line 75, in oracledb.base_impl.BindVar._create_var_from_value cmd_type=elb consumer=True job_name=dev:tap-oracle-wms-to-target-oracle name=target-oracle producer=False run_id=90c0ebde-00d6-4e29-b78d-860586759860 stdio=stderr string_id=target-oracle
2025-07-02T13:56:04.439770Z [info     ]   File "src/oracledb/impl/base/var.pyx", line 258, in oracledb.base_impl.BaseVarImpl._set_type_info_from_value cmd_type=elb consumer=True job_name=dev:tap-oracle-wms-to-target-oracle name=target-oracle producer=False run_id=90c0ebde-00d6-4e29-b78d-860586759860 stdio=stderr string_id=target-oracle
2025-07-02T13:56:04.439896Z [info     ]   File "/home/marlonsc/flext/.venv/lib/python3.13/site-packages/oracledb/errors.py", line 195, in _raise_err cmd_type=elb consumer=True job_name=dev:tap-oracle-wms-to-target-oracle name=target-oracle producer=False run_id=90c0ebde-00d6-4e29-b78d-860586759860 stdio=stderr string_id=target-oracle
2025-07-02T13:56:04.440020Z [info     ]     raise error.exc_type(error) from cause cmd_type=elb consumer=True job_name=dev:tap-oracle-wms-to-target-oracle name=target-oracle producer=False run_id=90c0ebde-00d6-4e29-b78d-860586759860 stdio=stderr string_id=target-oracle
2025-07-02T13:56:04.440145Z [info     ] sqlalchemy.exc.NotSupportedError: (oracledb.exceptions.NotSupportedError) DPY-3002: Python value of type "dict" is not supported cmd_type=elb consumer=True job_name=dev:tap-oracle-wms-to-target-oracle name=target-oracle producer=False run_id=90c0ebde-00d6-4e29-b78d-860586759860 stdio=stderr string_id=target-oracle
2025-07-02T13:56:04.440272Z [info     ] [SQL: INSERT INTO allocation (alloc_qty, alloc_uom_id, cartonize_uom_id, create_ts, create_user, final_oblpn_nbr, from_inventory_id, id, is_picking_flg, mhe_system_id, mod_ts, mod_user, ob_lpn_type_id, order_dtl_id, packed_qty, pick_locn_str, pick_user, picked_ts, status_id, task_id, task_seq_nbr, to_inventory_id, type_id, wave_id) VALUES (:alloc_qty, :alloc_uom_id, :cartonize_uom_id, :create_ts, :create_user, :final_oblpn_nbr, :from_inventory_id, :id, :is_picking_flg, :mhe_system_id, :mod_ts, :mod_user, :ob_lpn_type_id, :order_dtl_id, :packed_qty, :pick_locn_str, :pick_user, :picked_ts, :status_id, :task_id, :task_seq_nbr, :to_inventory_id, :type_id, :wave_id)] cmd_type=elb consumer=True job_name=dev:tap-oracle-wms-to-target-oracle name=target-oracle producer=False run_id=90c0ebde-00d6-4e29-b78d-860586759860 stdio=stderr string_id=target-oracle
2025-07-02T13:56:04.440433Z [info     ] [SQL parameters hidden due to hide_parameters=True] cmd_type=elb consumer=True job_name=dev:tap-oracle-wms-to-target-oracle name=target-oracle producer=False run_id=90c0ebde-00d6-4e29-b78d-860586759860 stdio=stderr string_id=target-oracle
2025-07-02T13:56:04.440571Z [info     ] (Background on this error at: https://sqlalche.me/e/20/tw8g) cmd_type=elb consumer=True job_name=dev:tap-oracle-wms-to-target-oracle name=target-oracle producer=False run_id=90c0ebde-00d6-4e29-b78d-860586759860 stdio=stderr string_id=target-oracle
2025-07-02T13:56:04.440705Z [info     ] Batch processing failed for stream allocation cmd_type=elb consumer=True job_name=dev:tap-oracle-wms-to-target-oracle name=target-oracle producer=False run_id=90c0ebde-00d6-4e29-b78d-860586759860 stdio=stderr string_id=target-oracle
2025-07-02T13:56:04.440835Z [info     ] METRIC: {"type": "timer", "metric": "batch_processing_time", "value": 0.41916775703430176, "tags": {"stream": "allocation", "pid": 1886415, "status": "failed"}} cmd_type=elb consumer=True job_name=dev:tap-oracle-wms-to-target-oracle name=target-oracle producer=False run_id=90c0ebde-00d6-4e29-b78d-860586759860 stdio=stderr string_id=target-oracle
2025-07-02T13:56:04.440964Z [info     ] joblib.externals.loky.process_executor._RemoteTraceback: cmd_type=elb consumer=True job_name=dev:tap-oracle-wms-to-target-oracle name=target-oracle producer=False run_id=90c0ebde-00d6-4e29-b78d-860586759860 stdio=stderr string_id=target-oracle
2025-07-02T13:56:04.441094Z [info     ] """                            cmd_type=elb consumer=True job_name=dev:tap-oracle-wms-to-target-oracle name=target-oracle producer=False run_id=90c0ebde-00d6-4e29-b78d-860586759860 stdio=stderr string_id=target-oracle
2025-07-02T13:56:04.441236Z [info     ] Traceback (most recent call last): cmd_type=elb consumer=True job_name=dev:tap-oracle-wms-to-target-oracle name=target-oracle producer=False run_id=90c0ebde-00d6-4e29-b78d-860586759860 stdio=stderr string_id=target-oracle
2025-07-02T13:56:04.441393Z [info     ]   File "/home/marlonsc/flext/.venv/lib/python3.13/site-packages/sqlalchemy/engine/base.py", line 1932, in _exec_single_context cmd_type=elb consumer=True job_name=dev:tap-oracle-wms-to-target-oracle name=target-oracle producer=False run_id=90c0ebde-00d6-4e29-b78d-860586759860 stdio=stderr string_id=target-oracle
2025-07-02T13:56:04.441683Z [info     ]     self.dialect.do_executemany( cmd_type=elb consumer=True job_name=dev:tap-oracle-wms-to-target-oracle name=target-oracle producer=False run_id=90c0ebde-00d6-4e29-b78d-860586759860 stdio=stderr string_id=target-oracle
2025-07-02T13:56:04.441792Z [info     ]     ~~~~~~~~~~~~~~~~~~~~~~~~~~~^ cmd_type=elb consumer=True job_name=dev:tap-oracle-wms-to-target-oracle name=target-oracle producer=False run_id=90c0ebde-00d6-4e29-b78d-860586759860 stdio=stderr string_id=target-oracle
2025-07-02T13:56:04.441873Z [info     ]         cursor,                cmd_type=elb consumer=True job_name=dev:tap-oracle-wms-to-target-oracle name=target-oracle producer=False run_id=90c0ebde-00d6-4e29-b78d-860586759860 stdio=stderr string_id=target-oracle
2025-07-02T13:56:04.441942Z [info     ]         ^^^^^^^                cmd_type=elb consumer=True job_name=dev:tap-oracle-wms-to-target-oracle name=target-oracle producer=False run_id=90c0ebde-00d6-4e29-b78d-860586759860 stdio=stderr string_id=target-oracle
2025-07-02T13:56:04.442007Z [info     ]     ...<2 lines>...            cmd_type=elb consumer=True job_name=dev:tap-oracle-wms-to-target-oracle name=target-oracle producer=False run_id=90c0ebde-00d6-4e29-b78d-860586759860 stdio=stderr string_id=target-oracle
2025-07-02T13:56:04.442068Z [info     ]         context,               cmd_type=elb consumer=True job_name=dev:tap-oracle-wms-to-target-oracle name=target-oracle producer=False run_id=90c0ebde-00d6-4e29-b78d-860586759860 stdio=stderr string_id=target-oracle
2025-07-02T13:56:04.442129Z [info     ]         ^^^^^^^^               cmd_type=elb consumer=True job_name=dev:tap-oracle-wms-to-target-oracle name=target-oracle producer=False run_id=90c0ebde-00d6-4e29-b78d-860586759860 stdio=stderr string_id=target-oracle
2025-07-02T13:56:04.442191Z [info     ]     )                          cmd_type=elb consumer=True job_name=dev:tap-oracle-wms-to-target-oracle name=target-oracle producer=False run_id=90c0ebde-00d6-4e29-b78d-860586759860 stdio=stderr string_id=target-oracle
2025-07-02T13:56:04.442257Z [info     ]     ^                          cmd_type=elb consumer=True job_name=dev:tap-oracle-wms-to-target-oracle name=target-oracle producer=False run_id=90c0ebde-00d6-4e29-b78d-860586759860 stdio=stderr string_id=target-oracle
2025-07-02T13:56:04.442337Z [info     ]   File "/home/marlonsc/flext/.venv/lib/python3.13/site-packages/sqlalchemy/dialects/oracle/cx_oracle.py", line 1499, in do_executemany cmd_type=elb consumer=True job_name=dev:tap-oracle-wms-to-target-oracle name=target-oracle producer=False run_id=90c0ebde-00d6-4e29-b78d-860586759860 stdio=stderr string_id=target-oracle
2025-07-02T13:56:04.442409Z [info     ]     cursor.executemany(statement, parameters) cmd_type=elb consumer=True job_name=dev:tap-oracle-wms-to-target-oracle name=target-oracle producer=False run_id=90c0ebde-00d6-4e29-b78d-860586759860 stdio=stderr string_id=target-oracle
2025-07-02T13:56:04.442482Z [info     ]     ~~~~~~~~~~~~~~~~~~^^^^^^^^^^^^^^^^^^^^^^^ cmd_type=elb consumer=True job_name=dev:tap-oracle-wms-to-target-oracle name=target-oracle producer=False run_id=90c0ebde-00d6-4e29-b78d-860586759860 stdio=stderr string_id=target-oracle
2025-07-02T13:56:04.442546Z [info     ]   File "/home/marlonsc/flext/.venv/lib/python3.13/site-packages/oracledb/cursor.py", line 757, in executemany cmd_type=elb consumer=True job_name=dev:tap-oracle-wms-to-target-oracle name=target-oracle producer=False run_id=90c0ebde-00d6-4e29-b78d-860586759860 stdio=stderr string_id=target-oracle
2025-07-02T13:56:04.442608Z [info     ]     num_execs = self._impl._prepare_for_executemany( cmd_type=elb consumer=True job_name=dev:tap-oracle-wms-to-target-oracle name=target-oracle producer=False run_id=90c0ebde-00d6-4e29-b78d-860586759860 stdio=stderr string_id=target-oracle
2025-07-02T13:56:04.442669Z [info     ]         self, statement, parameters cmd_type=elb consumer=True job_name=dev:tap-oracle-wms-to-target-oracle name=target-oracle producer=False run_id=90c0ebde-00d6-4e29-b78d-860586759860 stdio=stderr string_id=target-oracle
2025-07-02T13:56:04.442732Z [info     ]     )                          cmd_type=elb consumer=True job_name=dev:tap-oracle-wms-to-target-oracle name=target-oracle producer=False run_id=90c0ebde-00d6-4e29-b78d-860586759860 stdio=stderr string_id=target-oracle
2025-07-02T13:56:04.442796Z [info     ]   File "src/oracledb/impl/base/cursor.pyx", line 438, in oracledb.base_impl.BaseCursorImpl._prepare_for_executemany cmd_type=elb consumer=True job_name=dev:tap-oracle-wms-to-target-oracle name=target-oracle producer=False run_id=90c0ebde-00d6-4e29-b78d-860586759860 stdio=stderr string_id=target-oracle
2025-07-02T13:56:04.442862Z [info     ]   File "src/oracledb/impl/base/cursor.pyx", line 493, in oracledb.base_impl.BaseCursorImpl.bind_many cmd_type=elb consumer=True job_name=dev:tap-oracle-wms-to-target-oracle name=target-oracle producer=False run_id=90c0ebde-00d6-4e29-b78d-860586759860 stdio=stderr string_id=target-oracle
2025-07-02T13:56:04.442927Z [info     ]   File "src/oracledb/impl/base/cursor.pyx", line 59, in oracledb.base_impl.BaseCursorImpl._bind_values cmd_type=elb consumer=True job_name=dev:tap-oracle-wms-to-target-oracle name=target-oracle producer=False run_id=90c0ebde-00d6-4e29-b78d-860586759860 stdio=stderr string_id=target-oracle
2025-07-02T13:56:04.442996Z [info     ]   File "src/oracledb/impl/base/cursor.pyx", line 100, in oracledb.base_impl.BaseCursorImpl._bind_values_by_name cmd_type=elb consumer=True job_name=dev:tap-oracle-wms-to-target-oracle name=target-oracle producer=False run_id=90c0ebde-00d6-4e29-b78d-860586759860 stdio=stderr string_id=target-oracle
2025-07-02T13:56:04.443061Z [info     ]   File "src/oracledb/impl/base/bind_var.pyx", line 160, in oracledb.base_impl.BindVar._set_by_value cmd_type=elb consumer=True job_name=dev:tap-oracle-wms-to-target-oracle name=target-oracle producer=False run_id=90c0ebde-00d6-4e29-b78d-860586759860 stdio=stderr string_id=target-oracle
2025-07-02T13:56:04.443124Z [info     ]   File "src/oracledb/impl/base/bind_var.pyx", line 75, in oracledb.base_impl.BindVar._create_var_from_value cmd_type=elb consumer=True job_name=dev:tap-oracle-wms-to-target-oracle name=target-oracle producer=False run_id=90c0ebde-00d6-4e29-b78d-860586759860 stdio=stderr string_id=target-oracle
2025-07-02T13:56:04.443187Z [info     ]   File "src/oracledb/impl/base/var.pyx", line 258, in oracledb.base_impl.BaseVarImpl._set_type_info_from_value cmd_type=elb consumer=True job_name=dev:tap-oracle-wms-to-target-oracle name=target-oracle producer=False run_id=90c0ebde-00d6-4e29-b78d-860586759860 stdio=stderr string_id=target-oracle
2025-07-02T13:56:04.443250Z [info     ]   File "/home/marlonsc/flext/.venv/lib/python3.13/site-packages/oracledb/errors.py", line 195, in _raise_err cmd_type=elb consumer=True job_name=dev:tap-oracle-wms-to-target-oracle name=target-oracle producer=False run_id=90c0ebde-00d6-4e29-b78d-860586759860 stdio=stderr string_id=target-oracle
2025-07-02T13:56:04.443322Z [info     ]     raise error.exc_type(error) from cause cmd_type=elb consumer=True job_name=dev:tap-oracle-wms-to-target-oracle name=target-oracle producer=False run_id=90c0ebde-00d6-4e29-b78d-860586759860 stdio=stderr string_id=target-oracle
2025-07-02T13:56:04.443386Z [info     ] oracledb.exceptions.NotSupportedError: DPY-3002: Python value of type "dict" is not supported cmd_type=elb consumer=True job_name=dev:tap-oracle-wms-to-target-oracle name=target-oracle producer=False run_id=90c0ebde-00d6-4e29-b78d-860586759860 stdio=stderr string_id=target-oracle
2025-07-02T13:56:04.443453Z [info     ]                                cmd_type=elb consumer=True job_name=dev:tap-oracle-wms-to-target-oracle name=target-oracle producer=False run_id=90c0ebde-00d6-4e29-b78d-860586759860 stdio=stderr string_id=target-oracle
2025-07-02T13:56:04.443518Z [info     ] The above exception was the direct cause of the following exception: cmd_type=elb consumer=True job_name=dev:tap-oracle-wms-to-target-oracle name=target-oracle producer=False run_id=90c0ebde-00d6-4e29-b78d-860586759860 stdio=stderr string_id=target-oracle
2025-07-02T13:56:04.443585Z [info     ]                                cmd_type=elb consumer=True job_name=dev:tap-oracle-wms-to-target-oracle name=target-oracle producer=False run_id=90c0ebde-00d6-4e29-b78d-860586759860 stdio=stderr string_id=target-oracle
2025-07-02T13:56:04.443654Z [info     ] Traceback (most recent call last): cmd_type=elb consumer=True job_name=dev:tap-oracle-wms-to-target-oracle name=target-oracle producer=False run_id=90c0ebde-00d6-4e29-b78d-860586759860 stdio=stderr string_id=target-oracle
2025-07-02T13:56:04.443720Z [info     ]   File "/home/marlonsc/flext/.venv/lib/python3.13/site-packages/joblib/_utils.py", line 72, in __call__ cmd_type=elb consumer=True job_name=dev:tap-oracle-wms-to-target-oracle name=target-oracle producer=False run_id=90c0ebde-00d6-4e29-b78d-860586759860 stdio=stderr string_id=target-oracle
2025-07-02T13:56:04.443784Z [info     ]     return self.func(**kwargs) cmd_type=elb consumer=True job_name=dev:tap-oracle-wms-to-target-oracle name=target-oracle producer=False run_id=90c0ebde-00d6-4e29-b78d-860586759860 stdio=stderr string_id=target-oracle
2025-07-02T13:56:04.443850Z [info     ]            ~~~~~~~~~^^^^^^^^^^ cmd_type=elb consumer=True job_name=dev:tap-oracle-wms-to-target-oracle name=target-oracle producer=False run_id=90c0ebde-00d6-4e29-b78d-860586759860 stdio=stderr string_id=target-oracle
2025-07-02T13:56:04.443916Z [info     ]   File "/home/marlonsc/flext/.venv/lib/python3.13/site-packages/joblib/parallel.py", line 607, in __call__ cmd_type=elb consumer=True job_name=dev:tap-oracle-wms-to-target-oracle name=target-oracle producer=False run_id=90c0ebde-00d6-4e29-b78d-860586759860 stdio=stderr string_id=target-oracle
2025-07-02T13:56:04.443982Z [info     ]     return [func(*args, **kwargs) for func, args, kwargs in self.items] cmd_type=elb consumer=True job_name=dev:tap-oracle-wms-to-target-oracle name=target-oracle producer=False run_id=90c0ebde-00d6-4e29-b78d-860586759860 stdio=stderr string_id=target-oracle
2025-07-02T13:56:04.444045Z [info     ]             ~~~~^^^^^^^^^^^^^^^^^ cmd_type=elb consumer=True job_name=dev:tap-oracle-wms-to-target-oracle name=target-oracle producer=False run_id=90c0ebde-00d6-4e29-b78d-860586759860 stdio=stderr string_id=target-oracle
2025-07-02T13:56:04.444115Z [info     ]   File "/home/marlonsc/flext/.venv/lib/python3.13/site-packages/singer_sdk/target_base.py", line 523, in _drain_sink cmd_type=elb consumer=True job_name=dev:tap-oracle-wms-to-target-oracle name=target-oracle producer=False run_id=90c0ebde-00d6-4e29-b78d-860586759860 stdio=stderr string_id=target-oracle
2025-07-02T13:56:04.444191Z [info     ]     self.drain_one(sink)       cmd_type=elb consumer=True job_name=dev:tap-oracle-wms-to-target-oracle name=target-oracle producer=False run_id=90c0ebde-00d6-4e29-b78d-860586759860 stdio=stderr string_id=target-oracle
2025-07-02T13:56:04.444264Z [info     ]     ~~~~~~~~~~~~~~^^^^^^       cmd_type=elb consumer=True job_name=dev:tap-oracle-wms-to-target-oracle name=target-oracle producer=False run_id=90c0ebde-00d6-4e29-b78d-860586759860 stdio=stderr string_id=target-oracle
2025-07-02T13:56:04.444387Z [info     ]   File "/home/marlonsc/flext/.venv/lib/python3.13/site-packages/singer_sdk/target_base.py", line 513, in drain_one cmd_type=elb consumer=True job_name=dev:tap-oracle-wms-to-target-oracle name=target-oracle producer=False run_id=90c0ebde-00d6-4e29-b78d-860586759860 stdio=stderr string_id=target-oracle
2025-07-02T13:56:04.444457Z [info     ]     sink.process_batch(draining_status) cmd_type=elb consumer=True job_name=dev:tap-oracle-wms-to-target-oracle name=target-oracle producer=False run_id=90c0ebde-00d6-4e29-b78d-860586759860 stdio=stderr string_id=target-oracle
2025-07-02T13:56:04.444521Z [info     ]     ~~~~~~~~~~~~~~~~~~^^^^^^^^^^^^^^^^^ cmd_type=elb consumer=True job_name=dev:tap-oracle-wms-to-target-oracle name=target-oracle producer=False run_id=90c0ebde-00d6-4e29-b78d-860586759860 stdio=stderr string_id=target-oracle
2025-07-02T13:56:04.444584Z [info     ]   File "/home/marlonsc/flext/flext-target-oracle/flext_target_oracle/sinks.py", line 336, in process_batch cmd_type=elb consumer=True job_name=dev:tap-oracle-wms-to-target-oracle name=target-oracle producer=False run_id=90c0ebde-00d6-4e29-b78d-860586759860 stdio=stderr string_id=target-oracle
2025-07-02T13:56:04.444643Z [info     ]     self._process_batch_internal(records) cmd_type=elb consumer=True job_name=dev:tap-oracle-wms-to-target-oracle name=target-oracle producer=False run_id=90c0ebde-00d6-4e29-b78d-860586759860 stdio=stderr string_id=target-oracle
2025-07-02T13:56:04.444704Z [info     ]     ~~~~~~~~~~~~~~~~~~~~~~~~~~~~^^^^^^^^^ cmd_type=elb consumer=True job_name=dev:tap-oracle-wms-to-target-oracle name=target-oracle producer=False run_id=90c0ebde-00d6-4e29-b78d-860586759860 stdio=stderr string_id=target-oracle
2025-07-02T13:56:04.444766Z [info     ]   File "/home/marlonsc/flext/flext-target-oracle/flext_target_oracle/sinks.py", line 363, in _process_batch_internal cmd_type=elb consumer=True job_name=dev:tap-oracle-wms-to-target-oracle name=target-oracle producer=False run_id=90c0ebde-00d6-4e29-b78d-860586759860 stdio=stderr string_id=target-oracle
2025-07-02T13:56:04.444830Z [info     ]     super().process_batch(context) cmd_type=elb consumer=True job_name=dev:tap-oracle-wms-to-target-oracle name=target-oracle producer=False run_id=90c0ebde-00d6-4e29-b78d-860586759860 stdio=stderr string_id=target-oracle
2025-07-02T13:56:04.444890Z [info     ]     ~~~~~~~~~~~~~~~~~~~~~^^^^^^^^^ cmd_type=elb consumer=True job_name=dev:tap-oracle-wms-to-target-oracle name=target-oracle producer=False run_id=90c0ebde-00d6-4e29-b78d-860586759860 stdio=stderr string_id=target-oracle
2025-07-02T13:56:04.444953Z [info     ]   File "/home/marlonsc/flext/.venv/lib/python3.13/site-packages/singer_sdk/sinks/sql.py", line 272, in process_batch cmd_type=elb consumer=True job_name=dev:tap-oracle-wms-to-target-oracle name=target-oracle producer=False run_id=90c0ebde-00d6-4e29-b78d-860586759860 stdio=stderr string_id=target-oracle
2025-07-02T13:56:04.445015Z [info     ]     self.bulk_insert_records(  cmd_type=elb consumer=True job_name=dev:tap-oracle-wms-to-target-oracle name=target-oracle producer=False run_id=90c0ebde-00d6-4e29-b78d-860586759860 stdio=stderr string_id=target-oracle
2025-07-02T13:56:04.445084Z [info     ]     ~~~~~~~~~~~~~~~~~~~~~~~~^  cmd_type=elb consumer=True job_name=dev:tap-oracle-wms-to-target-oracle name=target-oracle producer=False run_id=90c0ebde-00d6-4e29-b78d-860586759860 stdio=stderr string_id=target-oracle
2025-07-02T13:56:04.445149Z [info     ]         full_table_name=self.full_table_name, cmd_type=elb consumer=True job_name=dev:tap-oracle-wms-to-target-oracle name=target-oracle producer=False run_id=90c0ebde-00d6-4e29-b78d-860586759860 stdio=stderr string_id=target-oracle
2025-07-02T13:56:04.445213Z [info     ]         ^^^^^^^^^^^^^^^^^^^^^^^^^^^^^^^^^^^^^ cmd_type=elb consumer=True job_name=dev:tap-oracle-wms-to-target-oracle name=target-oracle producer=False run_id=90c0ebde-00d6-4e29-b78d-860586759860 stdio=stderr string_id=target-oracle
2025-07-02T13:56:04.445274Z [info     ]         schema=self.schema,    cmd_type=elb consumer=True job_name=dev:tap-oracle-wms-to-target-oracle name=target-oracle producer=False run_id=90c0ebde-00d6-4e29-b78d-860586759860 stdio=stderr string_id=target-oracle
2025-07-02T13:56:04.445344Z [info     ]         ^^^^^^^^^^^^^^^^^^^    cmd_type=elb consumer=True job_name=dev:tap-oracle-wms-to-target-oracle name=target-oracle producer=False run_id=90c0ebde-00d6-4e29-b78d-860586759860 stdio=stderr string_id=target-oracle
2025-07-02T13:56:04.445406Z [info     ]         records=context["records"], cmd_type=elb consumer=True job_name=dev:tap-oracle-wms-to-target-oracle name=target-oracle producer=False run_id=90c0ebde-00d6-4e29-b78d-860586759860 stdio=stderr string_id=target-oracle
2025-07-02T13:56:04.445466Z [info     ]         ^^^^^^^^^^^^^^^^^^^^^^^^^^^ cmd_type=elb consumer=True job_name=dev:tap-oracle-wms-to-target-oracle name=target-oracle producer=False run_id=90c0ebde-00d6-4e29-b78d-860586759860 stdio=stderr string_id=target-oracle
2025-07-02T13:56:04.445527Z [info     ]     )                          cmd_type=elb consumer=True job_name=dev:tap-oracle-wms-to-target-oracle name=target-oracle producer=False run_id=90c0ebde-00d6-4e29-b78d-860586759860 stdio=stderr string_id=target-oracle
2025-07-02T13:56:04.445592Z [info     ]     ^                          cmd_type=elb consumer=True job_name=dev:tap-oracle-wms-to-target-oracle name=target-oracle producer=False run_id=90c0ebde-00d6-4e29-b78d-860586759860 stdio=stderr string_id=target-oracle
2025-07-02T13:56:04.445656Z [info     ]   File "/home/marlonsc/flext/.venv/lib/python3.13/site-packages/singer_sdk/sinks/sql.py", line 359, in bulk_insert_records cmd_type=elb consumer=True job_name=dev:tap-oracle-wms-to-target-oracle name=target-oracle producer=False run_id=90c0ebde-00d6-4e29-b78d-860586759860 stdio=stderr string_id=target-oracle
2025-07-02T13:56:04.445719Z [info     ]     result = conn.execute(insert_sql, new_records) cmd_type=elb consumer=True job_name=dev:tap-oracle-wms-to-target-oracle name=target-oracle producer=False run_id=90c0ebde-00d6-4e29-b78d-860586759860 stdio=stderr string_id=target-oracle
2025-07-02T13:56:04.445781Z [info     ]   File "/home/marlonsc/flext/.venv/lib/python3.13/site-packages/sqlalchemy/engine/base.py", line 1415, in execute cmd_type=elb consumer=True job_name=dev:tap-oracle-wms-to-target-oracle name=target-oracle producer=False run_id=90c0ebde-00d6-4e29-b78d-860586759860 stdio=stderr string_id=target-oracle
2025-07-02T13:56:04.445842Z [info     ]     return meth(               cmd_type=elb consumer=True job_name=dev:tap-oracle-wms-to-target-oracle name=target-oracle producer=False run_id=90c0ebde-00d6-4e29-b78d-860586759860 stdio=stderr string_id=target-oracle
2025-07-02T13:56:04.445904Z [info     ]         self,                  cmd_type=elb consumer=True job_name=dev:tap-oracle-wms-to-target-oracle name=target-oracle producer=False run_id=90c0ebde-00d6-4e29-b78d-860586759860 stdio=stderr string_id=target-oracle
2025-07-02T13:56:04.445969Z [info     ]         distilled_parameters,  cmd_type=elb consumer=True job_name=dev:tap-oracle-wms-to-target-oracle name=target-oracle producer=False run_id=90c0ebde-00d6-4e29-b78d-860586759860 stdio=stderr string_id=target-oracle
2025-07-02T13:56:04.446033Z [info     ]         execution_options or NO_OPTIONS, cmd_type=elb consumer=True job_name=dev:tap-oracle-wms-to-target-oracle name=target-oracle producer=False run_id=90c0ebde-00d6-4e29-b78d-860586759860 stdio=stderr string_id=target-oracle
2025-07-02T13:56:04.446094Z [info     ]     )                          cmd_type=elb consumer=True job_name=dev:tap-oracle-wms-to-target-oracle name=target-oracle producer=False run_id=90c0ebde-00d6-4e29-b78d-860586759860 stdio=stderr string_id=target-oracle
2025-07-02T13:56:04.446156Z [info     ]   File "/home/marlonsc/flext/.venv/lib/python3.13/site-packages/sqlalchemy/sql/elements.py", line 523, in _execute_on_connection cmd_type=elb consumer=True job_name=dev:tap-oracle-wms-to-target-oracle name=target-oracle producer=False run_id=90c0ebde-00d6-4e29-b78d-860586759860 stdio=stderr string_id=target-oracle
2025-07-02T13:56:04.446219Z [info     ]     return connection._execute_clauseelement( cmd_type=elb consumer=True job_name=dev:tap-oracle-wms-to-target-oracle name=target-oracle producer=False run_id=90c0ebde-00d6-4e29-b78d-860586759860 stdio=stderr string_id=target-oracle
2025-07-02T13:56:04.446279Z [info     ]            ~~~~~~~~~~~~~~~~~~~~~~~~~~~~~~~~~^ cmd_type=elb consumer=True job_name=dev:tap-oracle-wms-to-target-oracle name=target-oracle producer=False run_id=90c0ebde-00d6-4e29-b78d-860586759860 stdio=stderr string_id=target-oracle
2025-07-02T13:56:04.446349Z [info     ]         self, distilled_params, execution_options cmd_type=elb consumer=True job_name=dev:tap-oracle-wms-to-target-oracle name=target-oracle producer=False run_id=90c0ebde-00d6-4e29-b78d-860586759860 stdio=stderr string_id=target-oracle
2025-07-02T13:56:04.446412Z [info     ]         ^^^^^^^^^^^^^^^^^^^^^^^^^^^^^^^^^^^^^^^^^ cmd_type=elb consumer=True job_name=dev:tap-oracle-wms-to-target-oracle name=target-oracle producer=False run_id=90c0ebde-00d6-4e29-b78d-860586759860 stdio=stderr string_id=target-oracle
2025-07-02T13:56:04.446473Z [info     ]     )                          cmd_type=elb consumer=True job_name=dev:tap-oracle-wms-to-target-oracle name=target-oracle producer=False run_id=90c0ebde-00d6-4e29-b78d-860586759860 stdio=stderr string_id=target-oracle
2025-07-02T13:56:04.446543Z [info     ]     ^                          cmd_type=elb consumer=True job_name=dev:tap-oracle-wms-to-target-oracle name=target-oracle producer=False run_id=90c0ebde-00d6-4e29-b78d-860586759860 stdio=stderr string_id=target-oracle
2025-07-02T13:56:04.446605Z [info     ]   File "/home/marlonsc/flext/.venv/lib/python3.13/site-packages/sqlalchemy/engine/base.py", line 1637, in _execute_clauseelement cmd_type=elb consumer=True job_name=dev:tap-oracle-wms-to-target-oracle name=target-oracle producer=False run_id=90c0ebde-00d6-4e29-b78d-860586759860 stdio=stderr string_id=target-oracle
2025-07-02T13:56:04.446667Z [info     ]     ret = self._execute_context( cmd_type=elb consumer=True job_name=dev:tap-oracle-wms-to-target-oracle name=target-oracle producer=False run_id=90c0ebde-00d6-4e29-b78d-860586759860 stdio=stderr string_id=target-oracle
2025-07-02T13:56:04.446727Z [info     ]         dialect,               cmd_type=elb consumer=True job_name=dev:tap-oracle-wms-to-target-oracle name=target-oracle producer=False run_id=90c0ebde-00d6-4e29-b78d-860586759860 stdio=stderr string_id=target-oracle
2025-07-02T13:56:04.446788Z [info     ]     ...<8 lines>...            cmd_type=elb consumer=True job_name=dev:tap-oracle-wms-to-target-oracle name=target-oracle producer=False run_id=90c0ebde-00d6-4e29-b78d-860586759860 stdio=stderr string_id=target-oracle
2025-07-02T13:56:04.446848Z [info     ]         cache_hit=cache_hit,   cmd_type=elb consumer=True job_name=dev:tap-oracle-wms-to-target-oracle name=target-oracle producer=False run_id=90c0ebde-00d6-4e29-b78d-860586759860 stdio=stderr string_id=target-oracle
2025-07-02T13:56:04.446910Z [info     ]     )                          cmd_type=elb consumer=True job_name=dev:tap-oracle-wms-to-target-oracle name=target-oracle producer=False run_id=90c0ebde-00d6-4e29-b78d-860586759860 stdio=stderr string_id=target-oracle
2025-07-02T13:56:04.446972Z [info     ]   File "/home/marlonsc/flext/.venv/lib/python3.13/site-packages/sqlalchemy/engine/base.py", line 1842, in _execute_context cmd_type=elb consumer=True job_name=dev:tap-oracle-wms-to-target-oracle name=target-oracle producer=False run_id=90c0ebde-00d6-4e29-b78d-860586759860 stdio=stderr string_id=target-oracle
2025-07-02T13:56:04.447035Z [info     ]     return self._exec_single_context( cmd_type=elb consumer=True job_name=dev:tap-oracle-wms-to-target-oracle name=target-oracle producer=False run_id=90c0ebde-00d6-4e29-b78d-860586759860 stdio=stderr string_id=target-oracle
2025-07-02T13:56:04.447097Z [info     ]            ~~~~~~~~~~~~~~~~~~~~~~~~~^ cmd_type=elb consumer=True job_name=dev:tap-oracle-wms-to-target-oracle name=target-oracle producer=False run_id=90c0ebde-00d6-4e29-b78d-860586759860 stdio=stderr string_id=target-oracle
2025-07-02T13:56:04.447157Z [info     ]         dialect, context, statement, parameters cmd_type=elb consumer=True job_name=dev:tap-oracle-wms-to-target-oracle name=target-oracle producer=False run_id=90c0ebde-00d6-4e29-b78d-860586759860 stdio=stderr string_id=target-oracle
2025-07-02T13:56:04.447217Z [info     ]         ^^^^^^^^^^^^^^^^^^^^^^^^^^^^^^^^^^^^^^^ cmd_type=elb consumer=True job_name=dev:tap-oracle-wms-to-target-oracle name=target-oracle producer=False run_id=90c0ebde-00d6-4e29-b78d-860586759860 stdio=stderr string_id=target-oracle
2025-07-02T13:56:04.447276Z [info     ]     )                          cmd_type=elb consumer=True job_name=dev:tap-oracle-wms-to-target-oracle name=target-oracle producer=False run_id=90c0ebde-00d6-4e29-b78d-860586759860 stdio=stderr string_id=target-oracle
2025-07-02T13:56:04.447349Z [info     ]     ^                          cmd_type=elb consumer=True job_name=dev:tap-oracle-wms-to-target-oracle name=target-oracle producer=False run_id=90c0ebde-00d6-4e29-b78d-860586759860 stdio=stderr string_id=target-oracle
2025-07-02T13:56:04.447410Z [info     ]   File "/home/marlonsc/flext/.venv/lib/python3.13/site-packages/sqlalchemy/engine/base.py", line 1982, in _exec_single_context cmd_type=elb consumer=True job_name=dev:tap-oracle-wms-to-target-oracle name=target-oracle producer=False run_id=90c0ebde-00d6-4e29-b78d-860586759860 stdio=stderr string_id=target-oracle
2025-07-02T13:56:04.447474Z [info     ]     self._handle_dbapi_exception( cmd_type=elb consumer=True job_name=dev:tap-oracle-wms-to-target-oracle name=target-oracle producer=False run_id=90c0ebde-00d6-4e29-b78d-860586759860 stdio=stderr string_id=target-oracle
2025-07-02T13:56:04.447535Z [info     ]     ~~~~~~~~~~~~~~~~~~~~~~~~~~~~^ cmd_type=elb consumer=True job_name=dev:tap-oracle-wms-to-target-oracle name=target-oracle producer=False run_id=90c0ebde-00d6-4e29-b78d-860586759860 stdio=stderr string_id=target-oracle
2025-07-02T13:56:04.447594Z [info     ]         e, str_statement, effective_parameters, cursor, context cmd_type=elb consumer=True job_name=dev:tap-oracle-wms-to-target-oracle name=target-oracle producer=False run_id=90c0ebde-00d6-4e29-b78d-860586759860 stdio=stderr string_id=target-oracle
2025-07-02T13:56:04.447657Z [info     ]         ^^^^^^^^^^^^^^^^^^^^^^^^^^^^^^^^^^^^^^^^^^^^^^^^^^^^^^^ cmd_type=elb consumer=True job_name=dev:tap-oracle-wms-to-target-oracle name=target-oracle producer=False run_id=90c0ebde-00d6-4e29-b78d-860586759860 stdio=stderr string_id=target-oracle
2025-07-02T13:56:04.447719Z [info     ]     )                          cmd_type=elb consumer=True job_name=dev:tap-oracle-wms-to-target-oracle name=target-oracle producer=False run_id=90c0ebde-00d6-4e29-b78d-860586759860 stdio=stderr string_id=target-oracle
2025-07-02T13:56:04.447782Z [info     ]     ^                          cmd_type=elb consumer=True job_name=dev:tap-oracle-wms-to-target-oracle name=target-oracle producer=False run_id=90c0ebde-00d6-4e29-b78d-860586759860 stdio=stderr string_id=target-oracle
2025-07-02T13:56:04.447843Z [info     ]   File "/home/marlonsc/flext/.venv/lib/python3.13/site-packages/sqlalchemy/engine/base.py", line 2351, in _handle_dbapi_exception cmd_type=elb consumer=True job_name=dev:tap-oracle-wms-to-target-oracle name=target-oracle producer=False run_id=90c0ebde-00d6-4e29-b78d-860586759860 stdio=stderr string_id=target-oracle
2025-07-02T13:56:04.447907Z [info     ]     raise sqlalchemy_exception.with_traceback(exc_info[2]) from e cmd_type=elb consumer=True job_name=dev:tap-oracle-wms-to-target-oracle name=target-oracle producer=False run_id=90c0ebde-00d6-4e29-b78d-860586759860 stdio=stderr string_id=target-oracle
2025-07-02T13:56:04.447968Z [info     ]   File "/home/marlonsc/flext/.venv/lib/python3.13/site-packages/sqlalchemy/engine/base.py", line 1932, in _exec_single_context cmd_type=elb consumer=True job_name=dev:tap-oracle-wms-to-target-oracle name=target-oracle producer=False run_id=90c0ebde-00d6-4e29-b78d-860586759860 stdio=stderr string_id=target-oracle
2025-07-02T13:56:04.448027Z [info     ]     self.dialect.do_executemany( cmd_type=elb consumer=True job_name=dev:tap-oracle-wms-to-target-oracle name=target-oracle producer=False run_id=90c0ebde-00d6-4e29-b78d-860586759860 stdio=stderr string_id=target-oracle
2025-07-02T13:56:04.448087Z [info     ]     ~~~~~~~~~~~~~~~~~~~~~~~~~~~^ cmd_type=elb consumer=True job_name=dev:tap-oracle-wms-to-target-oracle name=target-oracle producer=False run_id=90c0ebde-00d6-4e29-b78d-860586759860 stdio=stderr string_id=target-oracle
2025-07-02T13:56:04.448160Z [info     ]         cursor,                cmd_type=elb consumer=True job_name=dev:tap-oracle-wms-to-target-oracle name=target-oracle producer=False run_id=90c0ebde-00d6-4e29-b78d-860586759860 stdio=stderr string_id=target-oracle
2025-07-02T13:56:04.448228Z [info     ]         ^^^^^^^                cmd_type=elb consumer=True job_name=dev:tap-oracle-wms-to-target-oracle name=target-oracle producer=False run_id=90c0ebde-00d6-4e29-b78d-860586759860 stdio=stderr string_id=target-oracle
2025-07-02T13:56:04.448297Z [info     ]     ...<2 lines>...            cmd_type=elb consumer=True job_name=dev:tap-oracle-wms-to-target-oracle name=target-oracle producer=False run_id=90c0ebde-00d6-4e29-b78d-860586759860 stdio=stderr string_id=target-oracle
2025-07-02T13:56:04.448360Z [info     ]         context,               cmd_type=elb consumer=True job_name=dev:tap-oracle-wms-to-target-oracle name=target-oracle producer=False run_id=90c0ebde-00d6-4e29-b78d-860586759860 stdio=stderr string_id=target-oracle
2025-07-02T13:56:04.448420Z [info     ]         ^^^^^^^^               cmd_type=elb consumer=True job_name=dev:tap-oracle-wms-to-target-oracle name=target-oracle producer=False run_id=90c0ebde-00d6-4e29-b78d-860586759860 stdio=stderr string_id=target-oracle
2025-07-02T13:56:04.448481Z [info     ]     )                          cmd_type=elb consumer=True job_name=dev:tap-oracle-wms-to-target-oracle name=target-oracle producer=False run_id=90c0ebde-00d6-4e29-b78d-860586759860 stdio=stderr string_id=target-oracle
2025-07-02T13:56:04.448548Z [info     ]     ^                          cmd_type=elb consumer=True job_name=dev:tap-oracle-wms-to-target-oracle name=target-oracle producer=False run_id=90c0ebde-00d6-4e29-b78d-860586759860 stdio=stderr string_id=target-oracle
2025-07-02T13:56:04.448608Z [info     ]   File "/home/marlonsc/flext/.venv/lib/python3.13/site-packages/sqlalchemy/dialects/oracle/cx_oracle.py", line 1499, in do_executemany cmd_type=elb consumer=True job_name=dev:tap-oracle-wms-to-target-oracle name=target-oracle producer=False run_id=90c0ebde-00d6-4e29-b78d-860586759860 stdio=stderr string_id=target-oracle
2025-07-02T13:56:04.448670Z [info     ]     cursor.executemany(statement, parameters) cmd_type=elb consumer=True job_name=dev:tap-oracle-wms-to-target-oracle name=target-oracle producer=False run_id=90c0ebde-00d6-4e29-b78d-860586759860 stdio=stderr string_id=target-oracle
2025-07-02T13:56:04.448730Z [info     ]     ~~~~~~~~~~~~~~~~~~^^^^^^^^^^^^^^^^^^^^^^^ cmd_type=elb consumer=True job_name=dev:tap-oracle-wms-to-target-oracle name=target-oracle producer=False run_id=90c0ebde-00d6-4e29-b78d-860586759860 stdio=stderr string_id=target-oracle
2025-07-02T13:56:04.448792Z [info     ]   File "/home/marlonsc/flext/.venv/lib/python3.13/site-packages/oracledb/cursor.py", line 757, in executemany cmd_type=elb consumer=True job_name=dev:tap-oracle-wms-to-target-oracle name=target-oracle producer=False run_id=90c0ebde-00d6-4e29-b78d-860586759860 stdio=stderr string_id=target-oracle
2025-07-02T13:56:04.448857Z [info     ]     num_execs = self._impl._prepare_for_executemany( cmd_type=elb consumer=True job_name=dev:tap-oracle-wms-to-target-oracle name=target-oracle producer=False run_id=90c0ebde-00d6-4e29-b78d-860586759860 stdio=stderr string_id=target-oracle
2025-07-02T13:56:04.448917Z [info     ]         self, statement, parameters cmd_type=elb consumer=True job_name=dev:tap-oracle-wms-to-target-oracle name=target-oracle producer=False run_id=90c0ebde-00d6-4e29-b78d-860586759860 stdio=stderr string_id=target-oracle
2025-07-02T13:56:04.448977Z [info     ]     )                          cmd_type=elb consumer=True job_name=dev:tap-oracle-wms-to-target-oracle name=target-oracle producer=False run_id=90c0ebde-00d6-4e29-b78d-860586759860 stdio=stderr string_id=target-oracle
2025-07-02T13:56:04.449038Z [info     ]   File "src/oracledb/impl/base/cursor.pyx", line 438, in oracledb.base_impl.BaseCursorImpl._prepare_for_executemany cmd_type=elb consumer=True job_name=dev:tap-oracle-wms-to-target-oracle name=target-oracle producer=False run_id=90c0ebde-00d6-4e29-b78d-860586759860 stdio=stderr string_id=target-oracle
2025-07-02T13:56:04.449097Z [info     ]   File "src/oracledb/impl/base/cursor.pyx", line 493, in oracledb.base_impl.BaseCursorImpl.bind_many cmd_type=elb consumer=True job_name=dev:tap-oracle-wms-to-target-oracle name=target-oracle producer=False run_id=90c0ebde-00d6-4e29-b78d-860586759860 stdio=stderr string_id=target-oracle
2025-07-02T13:56:04.449165Z [info     ]   File "src/oracledb/impl/base/cursor.pyx", line 59, in oracledb.base_impl.BaseCursorImpl._bind_values cmd_type=elb consumer=True job_name=dev:tap-oracle-wms-to-target-oracle name=target-oracle producer=False run_id=90c0ebde-00d6-4e29-b78d-860586759860 stdio=stderr string_id=target-oracle
2025-07-02T13:56:04.449225Z [info     ]   File "src/oracledb/impl/base/cursor.pyx", line 100, in oracledb.base_impl.BaseCursorImpl._bind_values_by_name cmd_type=elb consumer=True job_name=dev:tap-oracle-wms-to-target-oracle name=target-oracle producer=False run_id=90c0ebde-00d6-4e29-b78d-860586759860 stdio=stderr string_id=target-oracle
2025-07-02T13:56:04.449293Z [info     ]   File "src/oracledb/impl/base/bind_var.pyx", line 160, in oracledb.base_impl.BindVar._set_by_value cmd_type=elb consumer=True job_name=dev:tap-oracle-wms-to-target-oracle name=target-oracle producer=False run_id=90c0ebde-00d6-4e29-b78d-860586759860 stdio=stderr string_id=target-oracle
2025-07-02T13:56:04.449360Z [info     ]   File "src/oracledb/impl/base/bind_var.pyx", line 75, in oracledb.base_impl.BindVar._create_var_from_value cmd_type=elb consumer=True job_name=dev:tap-oracle-wms-to-target-oracle name=target-oracle producer=False run_id=90c0ebde-00d6-4e29-b78d-860586759860 stdio=stderr string_id=target-oracle
2025-07-02T13:56:04.449419Z [info     ]   File "src/oracledb/impl/base/var.pyx", line 258, in oracledb.base_impl.BaseVarImpl._set_type_info_from_value cmd_type=elb consumer=True job_name=dev:tap-oracle-wms-to-target-oracle name=target-oracle producer=False run_id=90c0ebde-00d6-4e29-b78d-860586759860 stdio=stderr string_id=target-oracle
2025-07-02T13:56:04.449479Z [info     ]   File "/home/marlonsc/flext/.venv/lib/python3.13/site-packages/oracledb/errors.py", line 195, in _raise_err cmd_type=elb consumer=True job_name=dev:tap-oracle-wms-to-target-oracle name=target-oracle producer=False run_id=90c0ebde-00d6-4e29-b78d-860586759860 stdio=stderr string_id=target-oracle
2025-07-02T13:56:04.449538Z [info     ]     raise error.exc_type(error) from cause cmd_type=elb consumer=True job_name=dev:tap-oracle-wms-to-target-oracle name=target-oracle producer=False run_id=90c0ebde-00d6-4e29-b78d-860586759860 stdio=stderr string_id=target-oracle
2025-07-02T13:56:04.449600Z [info     ] sqlalchemy.exc.NotSupportedError: (oracledb.exceptions.NotSupportedError) DPY-3002: Python value of type "dict" is not supported cmd_type=elb consumer=True job_name=dev:tap-oracle-wms-to-target-oracle name=target-oracle producer=False run_id=90c0ebde-00d6-4e29-b78d-860586759860 stdio=stderr string_id=target-oracle
2025-07-02T13:56:04.449667Z [info     ] [SQL: INSERT INTO allocation (alloc_qty, alloc_uom_id, cartonize_uom_id, create_ts, create_user, final_oblpn_nbr, from_inventory_id, id, is_picking_flg, mhe_system_id, mod_ts, mod_user, ob_lpn_type_id, order_dtl_id, packed_qty, pick_locn_str, pick_user, picked_ts, status_id, task_id, task_seq_nbr, to_inventory_id, type_id, wave_id) VALUES (:alloc_qty, :alloc_uom_id, :cartonize_uom_id, :create_ts, :create_user, :final_oblpn_nbr, :from_inventory_id, :id, :is_picking_flg, :mhe_system_id, :mod_ts, :mod_user, :ob_lpn_type_id, :order_dtl_id, :packed_qty, :pick_locn_str, :pick_user, :picked_ts, :status_id, :task_id, :task_seq_nbr, :to_inventory_id, :type_id, :wave_id)] cmd_type=elb consumer=True job_name=dev:tap-oracle-wms-to-target-oracle name=target-oracle producer=False run_id=90c0ebde-00d6-4e29-b78d-860586759860 stdio=stderr string_id=target-oracle
2025-07-02T13:56:04.449735Z [info     ] [SQL parameters hidden due to hide_parameters=True] cmd_type=elb consumer=True job_name=dev:tap-oracle-wms-to-target-oracle name=target-oracle producer=False run_id=90c0ebde-00d6-4e29-b78d-860586759860 stdio=stderr string_id=target-oracle
2025-07-02T13:56:04.449797Z [info     ] (Background on this error at: https://sqlalche.me/e/20/tw8g) cmd_type=elb consumer=True job_name=dev:tap-oracle-wms-to-target-oracle name=target-oracle producer=False run_id=90c0ebde-00d6-4e29-b78d-860586759860 stdio=stderr string_id=target-oracle
2025-07-02T13:56:04.449860Z [info     ] """                            cmd_type=elb consumer=True job_name=dev:tap-oracle-wms-to-target-oracle name=target-oracle producer=False run_id=90c0ebde-00d6-4e29-b78d-860586759860 stdio=stderr string_id=target-oracle
2025-07-02T13:56:04.449923Z [info     ]                                cmd_type=elb consumer=True job_name=dev:tap-oracle-wms-to-target-oracle name=target-oracle producer=False run_id=90c0ebde-00d6-4e29-b78d-860586759860 stdio=stderr string_id=target-oracle
2025-07-02T13:56:04.449985Z [info     ] The above exception was the direct cause of the following exception: cmd_type=elb consumer=True job_name=dev:tap-oracle-wms-to-target-oracle name=target-oracle producer=False run_id=90c0ebde-00d6-4e29-b78d-860586759860 stdio=stderr string_id=target-oracle
2025-07-02T13:56:04.450048Z [info     ]                                cmd_type=elb consumer=True job_name=dev:tap-oracle-wms-to-target-oracle name=target-oracle producer=False run_id=90c0ebde-00d6-4e29-b78d-860586759860 stdio=stderr string_id=target-oracle
2025-07-02T13:56:04.450108Z [info     ] Traceback (most recent call last): cmd_type=elb consumer=True job_name=dev:tap-oracle-wms-to-target-oracle name=target-oracle producer=False run_id=90c0ebde-00d6-4e29-b78d-860586759860 stdio=stderr string_id=target-oracle
2025-07-02T13:56:04.450171Z [info     ]   File "/home/marlonsc/flext/.venv/bin/flext-target-oracle", line 8, in <module> cmd_type=elb consumer=True job_name=dev:tap-oracle-wms-to-target-oracle name=target-oracle producer=False run_id=90c0ebde-00d6-4e29-b78d-860586759860 stdio=stderr string_id=target-oracle
2025-07-02T13:56:04.450231Z [info     ]     sys.exit(main())           cmd_type=elb consumer=True job_name=dev:tap-oracle-wms-to-target-oracle name=target-oracle producer=False run_id=90c0ebde-00d6-4e29-b78d-860586759860 stdio=stderr string_id=target-oracle
2025-07-02T13:56:04.450302Z [info     ]              ~~~~^^            cmd_type=elb consumer=True job_name=dev:tap-oracle-wms-to-target-oracle name=target-oracle producer=False run_id=90c0ebde-00d6-4e29-b78d-860586759860 stdio=stderr string_id=target-oracle
2025-07-02T13:56:04.450370Z [info     ]   File "/home/marlonsc/flext/flext-target-oracle/flext_target_oracle/cli.py", line 14, in main cmd_type=elb consumer=True job_name=dev:tap-oracle-wms-to-target-oracle name=target-oracle producer=False run_id=90c0ebde-00d6-4e29-b78d-860586759860 stdio=stderr string_id=target-oracle
2025-07-02T13:56:04.450434Z [info     ]     OracleTarget.cli()         cmd_type=elb consumer=True job_name=dev:tap-oracle-wms-to-target-oracle name=target-oracle producer=False run_id=90c0ebde-00d6-4e29-b78d-860586759860 stdio=stderr string_id=target-oracle
2025-07-02T13:56:04.450498Z [info     ]     ~~~~~~~~~~~~~~~~^^         cmd_type=elb consumer=True job_name=dev:tap-oracle-wms-to-target-oracle name=target-oracle producer=False run_id=90c0ebde-00d6-4e29-b78d-860586759860 stdio=stderr string_id=target-oracle
2025-07-02T13:56:04.450558Z [info     ]   File "/home/marlonsc/flext/.venv/lib/python3.13/site-packages/click/core.py", line 1442, in __call__ cmd_type=elb consumer=True job_name=dev:tap-oracle-wms-to-target-oracle name=target-oracle producer=False run_id=90c0ebde-00d6-4e29-b78d-860586759860 stdio=stderr string_id=target-oracle
2025-07-02T13:56:04.450618Z [info     ]     return self.main(*args, **kwargs) cmd_type=elb consumer=True job_name=dev:tap-oracle-wms-to-target-oracle name=target-oracle producer=False run_id=90c0ebde-00d6-4e29-b78d-860586759860 stdio=stderr string_id=target-oracle
2025-07-02T13:56:04.450677Z [info     ]            ~~~~~~~~~^^^^^^^^^^^^^^^^^ cmd_type=elb consumer=True job_name=dev:tap-oracle-wms-to-target-oracle name=target-oracle producer=False run_id=90c0ebde-00d6-4e29-b78d-860586759860 stdio=stderr string_id=target-oracle
2025-07-02T13:56:04.450739Z [info     ]   File "/home/marlonsc/flext/.venv/lib/python3.13/site-packages/click/core.py", line 1363, in main cmd_type=elb consumer=True job_name=dev:tap-oracle-wms-to-target-oracle name=target-oracle producer=False run_id=90c0ebde-00d6-4e29-b78d-860586759860 stdio=stderr string_id=target-oracle
2025-07-02T13:56:04.450799Z [info     ]     rv = self.invoke(ctx)      cmd_type=elb consumer=True job_name=dev:tap-oracle-wms-to-target-oracle name=target-oracle producer=False run_id=90c0ebde-00d6-4e29-b78d-860586759860 stdio=stderr string_id=target-oracle
2025-07-02T13:56:04.450861Z [info     ]   File "/home/marlonsc/flext/.venv/lib/python3.13/site-packages/singer_sdk/plugin_base.py", line 98, in invoke cmd_type=elb consumer=True job_name=dev:tap-oracle-wms-to-target-oracle name=target-oracle producer=False run_id=90c0ebde-00d6-4e29-b78d-860586759860 stdio=stderr string_id=target-oracle
2025-07-02T13:56:04.450924Z [info     ]     return super().invoke(ctx) cmd_type=elb consumer=True job_name=dev:tap-oracle-wms-to-target-oracle name=target-oracle producer=False run_id=90c0ebde-00d6-4e29-b78d-860586759860 stdio=stderr string_id=target-oracle
2025-07-02T13:56:04.450987Z [info     ]            ~~~~~~~~~~~~~~^^^^^ cmd_type=elb consumer=True job_name=dev:tap-oracle-wms-to-target-oracle name=target-oracle producer=False run_id=90c0ebde-00d6-4e29-b78d-860586759860 stdio=stderr string_id=target-oracle
2025-07-02T13:56:04.451047Z [info     ]   File "/home/marlonsc/flext/.venv/lib/python3.13/site-packages/click/core.py", line 1226, in invoke cmd_type=elb consumer=True job_name=dev:tap-oracle-wms-to-target-oracle name=target-oracle producer=False run_id=90c0ebde-00d6-4e29-b78d-860586759860 stdio=stderr string_id=target-oracle
2025-07-02T13:56:04.451106Z [info     ]     return ctx.invoke(self.callback, **ctx.params) cmd_type=elb consumer=True job_name=dev:tap-oracle-wms-to-target-oracle name=target-oracle producer=False run_id=90c0ebde-00d6-4e29-b78d-860586759860 stdio=stderr string_id=target-oracle
2025-07-02T13:56:04.451166Z [info     ]            ~~~~~~~~~~^^^^^^^^^^^^^^^^^^^^^^^^^^^^^ cmd_type=elb consumer=True job_name=dev:tap-oracle-wms-to-target-oracle name=target-oracle producer=False run_id=90c0ebde-00d6-4e29-b78d-860586759860 stdio=stderr string_id=target-oracle
2025-07-02T13:56:04.451226Z [info     ]   File "/home/marlonsc/flext/.venv/lib/python3.13/site-packages/click/core.py", line 794, in invoke cmd_type=elb consumer=True job_name=dev:tap-oracle-wms-to-target-oracle name=target-oracle producer=False run_id=90c0ebde-00d6-4e29-b78d-860586759860 stdio=stderr string_id=target-oracle
2025-07-02T13:56:04.451296Z [info     ]     return callback(*args, **kwargs) cmd_type=elb consumer=True job_name=dev:tap-oracle-wms-to-target-oracle name=target-oracle producer=False run_id=90c0ebde-00d6-4e29-b78d-860586759860 stdio=stderr string_id=target-oracle
2025-07-02T13:56:04.451591Z [info     ]   File "/home/marlonsc/flext/.venv/lib/python3.13/site-packages/singer_sdk/target_base.py", line 588, in invoke cmd_type=elb consumer=True job_name=dev:tap-oracle-wms-to-target-oracle name=target-oracle producer=False run_id=90c0ebde-00d6-4e29-b78d-860586759860 stdio=stderr string_id=target-oracle
2025-07-02T13:56:04.451769Z [info     ]     target.listen(file_input)  cmd_type=elb consumer=True job_name=dev:tap-oracle-wms-to-target-oracle name=target-oracle producer=False run_id=90c0ebde-00d6-4e29-b78d-860586759860 stdio=stderr string_id=target-oracle
2025-07-02T13:56:04.451917Z [info     ]     ~~~~~~~~~~~~~^^^^^^^^^^^^  cmd_type=elb consumer=True job_name=dev:tap-oracle-wms-to-target-oracle name=target-oracle producer=False run_id=90c0ebde-00d6-4e29-b78d-860586759860 stdio=stderr string_id=target-oracle
2025-07-02T13:56:04.452053Z [info     ]   File "/home/marlonsc/flext/.venv/lib/python3.13/site-packages/singer_sdk/plugin_base.py", line 789, in listen cmd_type=elb consumer=True job_name=dev:tap-oracle-wms-to-target-oracle name=target-oracle producer=False run_id=90c0ebde-00d6-4e29-b78d-860586759860 stdio=stderr string_id=target-oracle
2025-07-02T13:56:04.452183Z [info     ]     self.process_endofpipe()   cmd_type=elb consumer=True job_name=dev:tap-oracle-wms-to-target-oracle name=target-oracle producer=False run_id=90c0ebde-00d6-4e29-b78d-860586759860 stdio=stderr string_id=target-oracle
2025-07-02T13:56:04.452323Z [info     ]     ~~~~~~~~~~~~~~~~~~~~~~^^   cmd_type=elb consumer=True job_name=dev:tap-oracle-wms-to-target-oracle name=target-oracle producer=False run_id=90c0ebde-00d6-4e29-b78d-860586759860 stdio=stderr string_id=target-oracle
2025-07-02T13:56:04.452450Z [info     ]   File "/home/marlonsc/flext/.venv/lib/python3.13/site-packages/singer_sdk/target_base.py", line 306, in process_endofpipe cmd_type=elb consumer=True job_name=dev:tap-oracle-wms-to-target-oracle name=target-oracle producer=False run_id=90c0ebde-00d6-4e29-b78d-860586759860 stdio=stderr string_id=target-oracle
2025-07-02T13:56:04.452576Z [info     ]     self.drain_all(is_endofpipe=True) cmd_type=elb consumer=True job_name=dev:tap-oracle-wms-to-target-oracle name=target-oracle producer=False run_id=90c0ebde-00d6-4e29-b78d-860586759860 stdio=stderr string_id=target-oracle
2025-07-02T13:56:04.452700Z [info     ]     ~~~~~~~~~~~~~~^^^^^^^^^^^^^^^^^^^ cmd_type=elb consumer=True job_name=dev:tap-oracle-wms-to-target-oracle name=target-oracle producer=False run_id=90c0ebde-00d6-4e29-b78d-860586759860 stdio=stderr string_id=target-oracle
2025-07-02T13:56:04.452824Z [info     ]   File "/home/marlonsc/flext/.venv/lib/python3.13/site-packages/singer_sdk/target_base.py", line 489, in drain_all cmd_type=elb consumer=True job_name=dev:tap-oracle-wms-to-target-oracle name=target-oracle producer=False run_id=90c0ebde-00d6-4e29-b78d-860586759860 stdio=stderr string_id=target-oracle
2025-07-02T13:56:04.452954Z [info     ]     self._drain_all(self._sinks_active.values(), self.max_parallelism) cmd_type=elb consumer=True job_name=dev:tap-oracle-wms-to-target-oracle name=target-oracle producer=False run_id=90c0ebde-00d6-4e29-b78d-860586759860 stdio=stderr string_id=target-oracle
2025-07-02T13:56:04.453083Z [info     ]     ~~~~~~~~~~~~~~~^^^^^^^^^^^^^^^^^^^^^^^^^^^^^^^^^^^^^^^^^^^^^^^^^^^ cmd_type=elb consumer=True job_name=dev:tap-oracle-wms-to-target-oracle name=target-oracle producer=False run_id=90c0ebde-00d6-4e29-b78d-860586759860 stdio=stderr string_id=target-oracle
2025-07-02T13:56:04.453210Z [info     ]   File "/home/marlonsc/flext/.venv/lib/python3.13/site-packages/singer_sdk/target_base.py", line 526, in _drain_all cmd_type=elb consumer=True job_name=dev:tap-oracle-wms-to-target-oracle name=target-oracle producer=False run_id=90c0ebde-00d6-4e29-b78d-860586759860 stdio=stderr string_id=target-oracle
2025-07-02T13:56:04.453346Z [info     ]     Parallel()(delayed(_drain_sink)(sink=sink) for sink in sink_list) cmd_type=elb consumer=True job_name=dev:tap-oracle-wms-to-target-oracle name=target-oracle producer=False run_id=90c0ebde-00d6-4e29-b78d-860586759860 stdio=stderr string_id=target-oracle
2025-07-02T13:56:04.453475Z [info     ]     ~~~~~~~~~~^^^^^^^^^^^^^^^^^^^^^^^^^^^^^^^^^^^^^^^^^^^^^^^^^^^^^^^ cmd_type=elb consumer=True job_name=dev:tap-oracle-wms-to-target-oracle name=target-oracle producer=False run_id=90c0ebde-00d6-4e29-b78d-860586759860 stdio=stderr string_id=target-oracle
2025-07-02T13:56:04.453599Z [info     ]   File "/home/marlonsc/flext/.venv/lib/python3.13/site-packages/joblib/parallel.py", line 2072, in __call__ cmd_type=elb consumer=True job_name=dev:tap-oracle-wms-to-target-oracle name=target-oracle producer=False run_id=90c0ebde-00d6-4e29-b78d-860586759860 stdio=stderr string_id=target-oracle
2025-07-02T13:56:04.453724Z [info     ]     return output if self.return_generator else list(output) cmd_type=elb consumer=True job_name=dev:tap-oracle-wms-to-target-oracle name=target-oracle producer=False run_id=90c0ebde-00d6-4e29-b78d-860586759860 stdio=stderr string_id=target-oracle
2025-07-02T13:56:04.453847Z [info     ]                                                 ~~~~^^^^^^^^ cmd_type=elb consumer=True job_name=dev:tap-oracle-wms-to-target-oracle name=target-oracle producer=False run_id=90c0ebde-00d6-4e29-b78d-860586759860 stdio=stderr string_id=target-oracle
2025-07-02T13:56:04.453969Z [info     ]   File "/home/marlonsc/flext/.venv/lib/python3.13/site-packages/joblib/parallel.py", line 1682, in _get_outputs cmd_type=elb consumer=True job_name=dev:tap-oracle-wms-to-target-oracle name=target-oracle producer=False run_id=90c0ebde-00d6-4e29-b78d-860586759860 stdio=stderr string_id=target-oracle
2025-07-02T13:56:04.454101Z [info     ]     yield from self._retrieve() cmd_type=elb consumer=True job_name=dev:tap-oracle-wms-to-target-oracle name=target-oracle producer=False run_id=90c0ebde-00d6-4e29-b78d-860586759860 stdio=stderr string_id=target-oracle
2025-07-02T13:56:04.454232Z [info     ]   File "/home/marlonsc/flext/.venv/lib/python3.13/site-packages/joblib/parallel.py", line 1784, in _retrieve cmd_type=elb consumer=True job_name=dev:tap-oracle-wms-to-target-oracle name=target-oracle producer=False run_id=90c0ebde-00d6-4e29-b78d-860586759860 stdio=stderr string_id=target-oracle
2025-07-02T13:56:04.454363Z [info     ]     self._raise_error_fast()   cmd_type=elb consumer=True job_name=dev:tap-oracle-wms-to-target-oracle name=target-oracle producer=False run_id=90c0ebde-00d6-4e29-b78d-860586759860 stdio=stderr string_id=target-oracle
2025-07-02T13:56:04.454486Z [info     ]     ~~~~~~~~~~~~~~~~~~~~~~^^   cmd_type=elb consumer=True job_name=dev:tap-oracle-wms-to-target-oracle name=target-oracle producer=False run_id=90c0ebde-00d6-4e29-b78d-860586759860 stdio=stderr string_id=target-oracle
2025-07-02T13:56:04.454609Z [info     ]   File "/home/marlonsc/flext/.venv/lib/python3.13/site-packages/joblib/parallel.py", line 1859, in _raise_error_fast cmd_type=elb consumer=True job_name=dev:tap-oracle-wms-to-target-oracle name=target-oracle producer=False run_id=90c0ebde-00d6-4e29-b78d-860586759860 stdio=stderr string_id=target-oracle
2025-07-02T13:56:04.454732Z [info     ]     error_job.get_result(self.timeout) cmd_type=elb consumer=True job_name=dev:tap-oracle-wms-to-target-oracle name=target-oracle producer=False run_id=90c0ebde-00d6-4e29-b78d-860586759860 stdio=stderr string_id=target-oracle
2025-07-02T13:56:04.454855Z [info     ]     ~~~~~~~~~~~~~~~~~~~~^^^^^^^^^^^^^^ cmd_type=elb consumer=True job_name=dev:tap-oracle-wms-to-target-oracle name=target-oracle producer=False run_id=90c0ebde-00d6-4e29-b78d-860586759860 stdio=stderr string_id=target-oracle
2025-07-02T13:56:04.454981Z [info     ]   File "/home/marlonsc/flext/.venv/lib/python3.13/site-packages/joblib/parallel.py", line 758, in get_result cmd_type=elb consumer=True job_name=dev:tap-oracle-wms-to-target-oracle name=target-oracle producer=False run_id=90c0ebde-00d6-4e29-b78d-860586759860 stdio=stderr string_id=target-oracle
2025-07-02T13:56:04.455114Z [info     ]     return self._return_or_raise() cmd_type=elb consumer=True job_name=dev:tap-oracle-wms-to-target-oracle name=target-oracle producer=False run_id=90c0ebde-00d6-4e29-b78d-860586759860 stdio=stderr string_id=target-oracle
2025-07-02T13:56:04.455247Z [info     ]            ~~~~~~~~~~~~~~~~~~~~~^^ cmd_type=elb consumer=True job_name=dev:tap-oracle-wms-to-target-oracle name=target-oracle producer=False run_id=90c0ebde-00d6-4e29-b78d-860586759860 stdio=stderr string_id=target-oracle
2025-07-02T13:56:04.455382Z [info     ]   File "/home/marlonsc/flext/.venv/lib/python3.13/site-packages/joblib/parallel.py", line 773, in _return_or_raise cmd_type=elb consumer=True job_name=dev:tap-oracle-wms-to-target-oracle name=target-oracle producer=False run_id=90c0ebde-00d6-4e29-b78d-860586759860 stdio=stderr string_id=target-oracle
2025-07-02T13:56:04.455505Z [info     ]     raise self._result         cmd_type=elb consumer=True job_name=dev:tap-oracle-wms-to-target-oracle name=target-oracle producer=False run_id=90c0ebde-00d6-4e29-b78d-860586759860 stdio=stderr string_id=target-oracle
2025-07-02T13:56:04.455630Z [info     ] sqlalchemy.exc.NotSupportedError: (oracledb.exceptions.NotSupportedError) DPY-3002: Python value of type "dict" is not supported cmd_type=elb consumer=True job_name=dev:tap-oracle-wms-to-target-oracle name=target-oracle producer=False run_id=90c0ebde-00d6-4e29-b78d-860586759860 stdio=stderr string_id=target-oracle
2025-07-02T13:56:04.455754Z [info     ] [SQL: INSERT INTO allocation (alloc_qty, alloc_uom_id, cartonize_uom_id, create_ts, create_user, final_oblpn_nbr, from_inventory_id, id, is_picking_flg, mhe_system_id, mod_ts, mod_user, ob_lpn_type_id, order_dtl_id, packed_qty, pick_locn_str, pick_user, picked_ts, status_id, task_id, task_seq_nbr, to_inventory_id, type_id, wave_id) VALUES (:alloc_qty, :alloc_uom_id, :cartonize_uom_id, :create_ts, :create_user, :final_oblpn_nbr, :from_inventory_id, :id, :is_picking_flg, :mhe_system_id, :mod_ts, :mod_user, :ob_lpn_type_id, :order_dtl_id, :packed_qty, :pick_locn_str, :pick_user, :picked_ts, :status_id, :task_id, :task_seq_nbr, :to_inventory_id, :type_id, :wave_id)] cmd_type=elb consumer=True job_name=dev:tap-oracle-wms-to-target-oracle name=target-oracle producer=False run_id=90c0ebde-00d6-4e29-b78d-860586759860 stdio=stderr string_id=target-oracle
2025-07-02T13:56:04.455885Z [info     ] [SQL parameters hidden due to hide_parameters=True] cmd_type=elb consumer=True job_name=dev:tap-oracle-wms-to-target-oracle name=target-oracle producer=False run_id=90c0ebde-00d6-4e29-b78d-860586759860 stdio=stderr string_id=target-oracle
2025-07-02T13:56:04.456015Z [info     ] (Background on this error at: https://sqlalche.me/e/20/tw8g) cmd_type=elb consumer=True job_name=dev:tap-oracle-wms-to-target-oracle name=target-oracle producer=False run_id=90c0ebde-00d6-4e29-b78d-860586759860 stdio=stderr string_id=target-oracle
2025-07-02T13:56:04.466132Z [info     ] Incremental state has been updated at 2025-07-02 13:56:04.466106+00:00.
2025-07-02T13:56:04.693888Z [error    ] Extractor and loader failed
2025-07-02T13:56:04.694010Z [error    ] Block run completed.           block_type=ExtractLoadBlocks err=RunnerError('Extractor and loader failed') exit_codes={<PluginType.EXTRACTORS: 'extractors'>: 1, <PluginType.LOADERS: 'loaders'>: 1} set_number=0 success=False
