2025-07-03T20:08:15.561125Z [debug    ] Created configuration at /home/marlonsc/flext/gruponos-meltano-native/.meltano/run/tap-oracle-wms-allocation-full/tap.ef97389d-4d03-422c-b593-d0a7ccc6546f.config.json
2025-07-03T20:08:15.561739Z [debug    ] Could not find tap.properties.json in /home/marlonsc/flext/gruponos-meltano-native/.meltano/extractors/tap-oracle-wms-full/tap.properties.json, skipping.
2025-07-03T20:08:15.562064Z [debug    ] Could not find tap.properties.cache_key in /home/marlonsc/flext/gruponos-meltano-native/.meltano/extractors/tap-oracle-wms-full/tap.properties.cache_key, skipping.
2025-07-03T20:08:15.562350Z [debug    ] Could not find state.json in /home/marlonsc/flext/gruponos-meltano-native/.meltano/extractors/tap-oracle-wms-full/state.json, skipping.
2025-07-03T20:08:15.562626Z [debug    ] Could not find tap.singer_sdk_logging.json in /home/marlonsc/flext/gruponos-meltano-native/.meltano/extractors/tap-oracle-wms-full/tap.singer_sdk_logging.json, skipping.
2025-07-03T20:08:15.562887Z [debug    ] Could not find tap.pipelinewise_logging.conf in /home/marlonsc/flext/gruponos-meltano-native/.meltano/extractors/tap-oracle-wms-full/tap.pipelinewise_logging.conf, skipping.
2025-07-03T20:08:15.567536Z [debug    ] Invoking: ['/home/marlonsc/flext/.venv/bin/tap-oracle-wms', '--config', '/home/marlonsc/flext/gruponos-meltano-native/.meltano/run/tap-oracle-wms-allocation-full/tap.ef97389d-4d03-422c-b593-d0a7ccc6546f.config.json']
2025-07-03T20:08:15.634684Z [debug    ] Created configuration at /home/marlonsc/flext/gruponos-meltano-native/.meltano/run/target-oracle-full/target.371aff1d-2967-4782-8cdf-22ee49d8dade.config.json
2025-07-03T20:08:15.635179Z [debug    ] Could not find target.singer_sdk_logging.json in /home/marlonsc/flext/gruponos-meltano-native/.meltano/loaders/target-oracle-full/target.singer_sdk_logging.json, skipping.
2025-07-03T20:08:15.635503Z [debug    ] Could not find target.pipelinewise_logging.conf in /home/marlonsc/flext/gruponos-meltano-native/.meltano/loaders/target-oracle-full/target.pipelinewise_logging.conf, skipping.
2025-07-03T20:08:15.639573Z [debug    ] Invoking: ['/home/marlonsc/flext/.venv/bin/flext-target-oracle', '--config', '/home/marlonsc/flext/gruponos-meltano-native/.meltano/run/target-oracle-full/target.371aff1d-2967-4782-8cdf-22ee49d8dade.config.json']
2025-07-03T20:08:15.643723Z [debug    ] waiting for process completion or exception
2025-07-03T20:08:16.145179Z [info     ] Traceback (most recent call last): cmd_type=elb consumer=False job_name=dev:tap-oracle-wms-allocation-full-to-target-oracle-full name=tap-oracle-wms-allocation-full producer=True run_id=6167baf9-2aef-4eb5-827b-05520a5f095f stdio=stderr string_id=tap-oracle-wms-allocation-full
2025-07-03T20:08:16.145584Z [info     ]   File "/home/marlonsc/flext/.venv/bin/tap-oracle-wms", line 5, in <module> cmd_type=elb consumer=False job_name=dev:tap-oracle-wms-allocation-full-to-target-oracle-full name=tap-oracle-wms-allocation-full producer=True run_id=6167baf9-2aef-4eb5-827b-05520a5f095f stdio=stderr string_id=tap-oracle-wms-allocation-full
2025-07-03T20:08:16.145819Z [info     ]     from tap_oracle_wms.cli import main cmd_type=elb consumer=False job_name=dev:tap-oracle-wms-allocation-full-to-target-oracle-full name=tap-oracle-wms-allocation-full producer=True run_id=6167baf9-2aef-4eb5-827b-05520a5f095f stdio=stderr string_id=tap-oracle-wms-allocation-full
2025-07-03T20:08:16.146042Z [info     ]   File "/home/marlonsc/flext/flext-tap-oracle-wms/src/tap_oracle_wms/__init__.py", line 4, in <module> cmd_type=elb consumer=False job_name=dev:tap-oracle-wms-allocation-full-to-target-oracle-full name=tap-oracle-wms-allocation-full producer=True run_id=6167baf9-2aef-4eb5-827b-05520a5f095f stdio=stderr string_id=tap-oracle-wms-allocation-full
2025-07-03T20:08:16.146251Z [info     ]     from tap_oracle_wms.tap import TapOracleWMS cmd_type=elb consumer=False job_name=dev:tap-oracle-wms-allocation-full-to-target-oracle-full name=tap-oracle-wms-allocation-full producer=True run_id=6167baf9-2aef-4eb5-827b-05520a5f095f stdio=stderr string_id=tap-oracle-wms-allocation-full
2025-07-03T20:08:16.146574Z [info     ]   File "/home/marlonsc/flext/flext-tap-oracle-wms/src/tap_oracle_wms/tap.py", line 23, in <module> cmd_type=elb consumer=False job_name=dev:tap-oracle-wms-allocation-full-to-target-oracle-full name=tap-oracle-wms-allocation-full producer=True run_id=6167baf9-2aef-4eb5-827b-05520a5f095f stdio=stderr string_id=tap-oracle-wms-allocation-full
2025-07-03T20:08:16.146787Z [info     ]     from .discovery import (   cmd_type=elb consumer=False job_name=dev:tap-oracle-wms-allocation-full-to-target-oracle-full name=tap-oracle-wms-allocation-full producer=True run_id=6167baf9-2aef-4eb5-827b-05520a5f095f stdio=stderr string_id=tap-oracle-wms-allocation-full
2025-07-03T20:08:16.147000Z [info     ]     ...<7 lines>...            cmd_type=elb consumer=False job_name=dev:tap-oracle-wms-allocation-full-to-target-oracle-full name=tap-oracle-wms-allocation-full producer=True run_id=6167baf9-2aef-4eb5-827b-05520a5f095f stdio=stderr string_id=tap-oracle-wms-allocation-full
2025-07-03T20:08:16.147188Z [info     ]     )                          cmd_type=elb consumer=False job_name=dev:tap-oracle-wms-allocation-full-to-target-oracle-full name=tap-oracle-wms-allocation-full producer=True run_id=6167baf9-2aef-4eb5-827b-05520a5f095f stdio=stderr string_id=tap-oracle-wms-allocation-full
2025-07-03T20:08:16.147381Z [info     ]   File "/home/marlonsc/flext/flext-tap-oracle-wms/src/tap_oracle_wms/discovery.py", line 280 cmd_type=elb consumer=False job_name=dev:tap-oracle-wms-allocation-full-to-target-oracle-full name=tap-oracle-wms-allocation-full producer=True run_id=6167baf9-2aef-4eb5-827b-05520a5f095f stdio=stderr string_id=tap-oracle-wms-allocation-full
2025-07-03T20:08:16.147566Z [info     ]     else:                      cmd_type=elb consumer=False job_name=dev:tap-oracle-wms-allocation-full-to-target-oracle-full name=tap-oracle-wms-allocation-full producer=True run_id=6167baf9-2aef-4eb5-827b-05520a5f095f stdio=stderr string_id=tap-oracle-wms-allocation-full
2025-07-03T20:08:16.147751Z [info     ]     ^^^^                       cmd_type=elb consumer=False job_name=dev:tap-oracle-wms-allocation-full-to-target-oracle-full name=tap-oracle-wms-allocation-full producer=True run_id=6167baf9-2aef-4eb5-827b-05520a5f095f stdio=stderr string_id=tap-oracle-wms-allocation-full
2025-07-03T20:08:16.147945Z [info     ] SyntaxError: expected 'except' or 'finally' block cmd_type=elb consumer=False job_name=dev:tap-oracle-wms-allocation-full-to-target-oracle-full name=tap-oracle-wms-allocation-full producer=True run_id=6167baf9-2aef-4eb5-827b-05520a5f095f stdio=stderr string_id=tap-oracle-wms-allocation-full
2025-07-03T20:08:16.283894Z [debug    ] head producer completed first as expected name=tap-oracle-wms-allocation-full
2025-07-03T20:08:16.284260Z [debug    ] tail consumer is next block, wrapping up
2025-07-03T20:08:16.353362Z [info     ] flext-target-oracle v1.0.0, Meltano SDK v0.47.4 cmd_type=elb consumer=True job_name=dev:tap-oracle-wms-allocation-full-to-target-oracle-full name=target-oracle-full producer=False run_id=6167baf9-2aef-4eb5-827b-05520a5f095f stdio=stderr string_id=target-oracle-full
2025-07-03T20:08:16.354314Z [info     ] /home/marlonsc/flext/.venv/lib/python3.13/site-packages/singer_sdk/plugin_base.py:715: SingerSDKDeprecationWarning: Passing a list of config file paths is deprecated. Please pass the config as a dictionary instead. cmd_type=elb consumer=True job_name=dev:tap-oracle-wms-allocation-full-to-target-oracle-full name=target-oracle-full producer=False run_id=6167baf9-2aef-4eb5-827b-05520a5f095f stdio=stderr string_id=target-oracle-full
2025-07-03T20:08:16.354535Z [info     ]   super().__init__(            cmd_type=elb consumer=True job_name=dev:tap-oracle-wms-allocation-full-to-target-oracle-full name=target-oracle-full producer=False run_id=6167baf9-2aef-4eb5-827b-05520a5f095f stdio=stderr string_id=target-oracle-full
2025-07-03T20:08:16.354725Z [info     ]                                cmd_type=elb consumer=True job_name=dev:tap-oracle-wms-allocation-full-to-target-oracle-full name=target-oracle-full producer=False run_id=6167baf9-2aef-4eb5-827b-05520a5f095f stdio=stderr string_id=target-oracle-full
2025-07-03T20:08:16.354967Z [info     ] Skipping parse of env var settings... cmd_type=elb consumer=True job_name=dev:tap-oracle-wms-allocation-full-to-target-oracle-full name=target-oracle-full producer=False run_id=6167baf9-2aef-4eb5-827b-05520a5f095f stdio=stderr string_id=target-oracle-full
2025-07-03T20:08:16.356507Z [warning  ] Received state is invalid, incremental state has not been updated
2025-07-03T20:08:16.356672Z [info     ] âœ… Using Oracle Thin mode - no client libraries required cmd_type=elb consumer=True job_name=dev:tap-oracle-wms-allocation-full-to-target-oracle-full name=target-oracle-full producer=False run_id=6167baf9-2aef-4eb5-827b-05520a5f095f stdio=stdout string_id=target-oracle-full
2025-07-03T20:08:16.381952Z [debug    ] Added to state dev:tap-oracle-wms-allocation-full-to-target-oracle-full state payload {'singer_state': {'timestamp': '2025-07-03T20:08:16.356175+00:00', 'level': 'INFO', 'logger': 'flext_target_oracle', 'message': 'Oracle Target initialized', 'module': 'logging_config', 'function': '_log', 'line': 488, 'taskName': None, 'target_name': 'flext-target-oracle', 'config_keys': ['host', 'port', 'service_name', 'username', 'password', 'protocol', 'ssl_server_dn_match', 'batch_size_rows', 'pool_size', 'max_overflow', 'parallel_threads', 'add_record_metadata', 'validate_records', 'load_method', 'default_target_schema', 'primary_key_required', 'primary_key_includes_mod_ts', 'table_prefix', 'debug_type_mapping', 'use_null_pool', 'oracle_is_enterprise_edition', 'oracle_has_partitioning_option', 'oracle_has_compression_option', 'oracle_has_inmemory_option', 'oracle_has_advanced_security_option', 'auth_type', 'connection_timeout', 'encoding', 'nencoding', 'pool_timeout', 'pool_recycle', 'pool_pre_ping', 'pool_use_lifo', 'pool_reset_on_return', 'echo', 'echo_pool', 'query_cache_size', 'use_insertmanyvalues', 'insertmanyvalues_page_size', 'future', 'array_size', 'prefetch_rows', 'lob_cache_size', 'statement_cache_size', 'use_pure', 'events', 'externalauth', 'flattening_enabled', 'flattening_max_depth', 'use_merge_statements', 'use_bulk_operations', 'parallel_degree', 'enable_compression', 'compression_type', 'enable_partitioning', 'partition_type', 'use_direct_path', 'append_hint', 'nologging', 'varchar_max_length', 'varchar_default_length', 'enable_smart_typing', 'schema_naming_convention', 'use_nvarchar', 'number_precision', 'number_scale', 'timestamp_timezone', 'date_format', 'datetime_format', 'json_column_type', 'boolean_true_value', 'boolean_false_value', 'max_retries', 'retry_delay', 'retry_backoff', 'retry_jitter', 'fail_fast', 'on_schema_mismatch', 'enable_historical_versioning', 'historical_versioning_column', 'create_table_indexes', 'create_table_primary_key', 'drop_table_on_start', 'truncate_table_on_start', 'analyze_table', 'gather_statistics', 'use_returning_clause', 'use_sequences', 'sequence_cache_size', 'enable_triggers', 'enable_constraints', 'use_parallel_dml', 'result_cache', 'enable_query_rewrite', 'sdu_size', 'tdu_size', 'send_buf_size', 'recv_buf_size', 'tcp_nodelay', 'enable_network_compression', 'use_easy_connect_plus', 'chunk_size', 'enable_parallel_ddl', 'enable_parallel_query', 'use_inmemory', 'inmemory_priority', 'inmemory_distribute', 'inmemory_duplicate', 'inmemory_size', 'compress_for', 'index_compression', 'lob_compression', 'lob_deduplication', 'use_append_values_hint', 'use_append_hint', 'use_merge_hint', 'merge_batch_size', 'disable_constraints_during_load', 'direct_path_insert_mode', 'enable_result_cache', 'optimizer_adaptive_plans', 'optimizer_adaptive_statistics', 'enable_big_data_sql', 'gather_extended_statistics', 'create_extended_stats', 'rebuild_indexes_after_load', 'refresh_mviews', 'enable_ado', 'enable_ilm', 'enable_heat_map', 'log_level', 'log_format', 'log_max_bytes', 'log_backup_count', 'log_sql_statements', 'log_batch_details', 'enable_metrics', 'log_metrics', 'enable_monitoring', 'monitoring_interval', 'background_monitoring', 'memory_threshold', 'cpu_threshold', 'pool_threshold', 'error_rate_threshold', 'response_time_threshold', 'health_check_timeout', 'metrics_history_size', 'metrics_log_frequency', 'profile_queries', 'trace_sql', 'max_memory_usage_mb', 'server_side_cursors', 'stream_results', 'max_identifier_length', 'supports_native_boolean', 'supports_unicode_statements', 'supports_unicode_binds', 'use_ansi', 'optimize_limits'], 'session_id': 'oracle_target_1751573296_1236783', 'component': 'oracle_target'}}
2025-07-03T20:08:16.382858Z [info     ] Using systemdb state backend
2025-07-03T20:08:16.401355Z [info     ] Incremental state has been updated at 2025-07-03 20:08:16.401314+00:00.
2025-07-03T20:08:16.401648Z [debug    ] Incremental state: {'timestamp': '2025-07-03T20:08:16.356175+00:00', 'level': 'INFO', 'logger': 'flext_target_oracle', 'message': 'Oracle Target initialized', 'module': 'logging_config', 'function': '_log', 'line': 488, 'taskName': None, 'target_name': 'flext-target-oracle', 'config_keys': ['host', 'port', 'service_name', 'username', 'password', 'protocol', 'ssl_server_dn_match', 'batch_size_rows', 'pool_size', 'max_overflow', 'parallel_threads', 'add_record_metadata', 'validate_records', 'load_method', 'default_target_schema', 'primary_key_required', 'primary_key_includes_mod_ts', 'table_prefix', 'debug_type_mapping', 'use_null_pool', 'oracle_is_enterprise_edition', 'oracle_has_partitioning_option', 'oracle_has_compression_option', 'oracle_has_inmemory_option', 'oracle_has_advanced_security_option', 'auth_type', 'connection_timeout', 'encoding', 'nencoding', 'pool_timeout', 'pool_recycle', 'pool_pre_ping', 'pool_use_lifo', 'pool_reset_on_return', 'echo', 'echo_pool', 'query_cache_size', 'use_insertmanyvalues', 'insertmanyvalues_page_size', 'future', 'array_size', 'prefetch_rows', 'lob_cache_size', 'statement_cache_size', 'use_pure', 'events', 'externalauth', 'flattening_enabled', 'flattening_max_depth', 'use_merge_statements', 'use_bulk_operations', 'parallel_degree', 'enable_compression', 'compression_type', 'enable_partitioning', 'partition_type', 'use_direct_path', 'append_hint', 'nologging', 'varchar_max_length', 'varchar_default_length', 'enable_smart_typing', 'schema_naming_convention', 'use_nvarchar', 'number_precision', 'number_scale', 'timestamp_timezone', 'date_format', 'datetime_format', 'json_column_type', 'boolean_true_value', 'boolean_false_value', 'max_retries', 'retry_delay', 'retry_backoff', 'retry_jitter', 'fail_fast', 'on_schema_mismatch', 'enable_historical_versioning', 'historical_versioning_column', 'create_table_indexes', 'create_table_primary_key', 'drop_table_on_start', 'truncate_table_on_start', 'analyze_table', 'gather_statistics', 'use_returning_clause', 'use_sequences', 'sequence_cache_size', 'enable_triggers', 'enable_constraints', 'use_parallel_dml', 'result_cache', 'enable_query_rewrite', 'sdu_size', 'tdu_size', 'send_buf_size', 'recv_buf_size', 'tcp_nodelay', 'enable_network_compression', 'use_easy_connect_plus', 'chunk_size', 'enable_parallel_ddl', 'enable_parallel_query', 'use_inmemory', 'inmemory_priority', 'inmemory_distribute', 'inmemory_duplicate', 'inmemory_size', 'compress_for', 'index_compression', 'lob_compression', 'lob_deduplication', 'use_append_values_hint', 'use_append_hint', 'use_merge_hint', 'merge_batch_size', 'disable_constraints_during_load', 'direct_path_insert_mode', 'enable_result_cache', 'optimizer_adaptive_plans', 'optimizer_adaptive_statistics', 'enable_big_data_sql', 'gather_extended_statistics', 'create_extended_stats', 'rebuild_indexes_after_load', 'refresh_mviews', 'enable_ado', 'enable_ilm', 'enable_heat_map', 'log_level', 'log_format', 'log_max_bytes', 'log_backup_count', 'log_sql_statements', 'log_batch_details', 'enable_metrics', 'log_metrics', 'enable_monitoring', 'monitoring_interval', 'background_monitoring', 'memory_threshold', 'cpu_threshold', 'pool_threshold', 'error_rate_threshold', 'response_time_threshold', 'health_check_timeout', 'metrics_history_size', 'metrics_log_frequency', 'profile_queries', 'trace_sql', 'max_memory_usage_mb', 'server_side_cursors', 'stream_results', 'max_identifier_length', 'supports_native_boolean', 'supports_unicode_statements', 'supports_unicode_binds', 'use_ansi', 'optimize_limits'], 'session_id': 'oracle_target_1751573296_1236783', 'component': 'oracle_target'}
2025-07-03T20:08:16.401761Z [info     ] {"timestamp": "2025-07-03T20:08:16.356175+00:00", "level": "INFO", "logger": "flext_target_oracle", "message": "Oracle Target initialized", "module": "logging_config", "function": "_log", "line": 488, "taskName": null, "target_name": "flext-target-oracle", "config_keys": ["host", "port", "service_name", "username", "password", "protocol", "ssl_server_dn_match", "batch_size_rows", "pool_size", "max_overflow", "parallel_threads", "add_record_metadata", "validate_records", "load_method", "default_target_schema", "primary_key_required", "primary_key_includes_mod_ts", "table_prefix", "debug_type_mapping", "use_null_pool", "oracle_is_enterprise_edition", "oracle_has_partitioning_option", "oracle_has_compression_option", "oracle_has_inmemory_option", "oracle_has_advanced_security_option", "auth_type", "connection_timeout", "encoding", "nencoding", "pool_timeout", "pool_recycle", "pool_pre_ping", "pool_use_lifo", "pool_reset_on_return", "echo", "echo_pool", "query_cache_size", "use_insertmanyvalues", "insertmanyvalues_page_size", "future", "array_size", "prefetch_rows", "lob_cache_size", "statement_cache_size", "use_pure", "events", "externalauth", "flattening_enabled", "flattening_max_depth", "use_merge_statements", "use_bulk_operations", "parallel_degree", "enable_compression", "compression_type", "enable_partitioning", "partition_type", "use_direct_path", "append_hint", "nologging", "varchar_max_length", "varchar_default_length", "enable_smart_typing", "schema_naming_convention", "use_nvarchar", "number_precision", "number_scale", "timestamp_timezone", "date_format", "datetime_format", "json_column_type", "boolean_true_value", "boolean_false_value", "max_retries", "retry_delay", "retry_backoff", "retry_jitter", "fail_fast", "on_schema_mismatch", "enable_historical_versioning", "historical_versioning_column", "create_table_indexes", "create_table_primary_key", "drop_table_on_start", "truncate_table_on_start", "analyze_table", "gather_statistics", "use_returning_clause", "use_sequences", "sequence_cache_size", "enable_triggers", "enable_constraints", "use_parallel_dml", "result_cache", "enable_query_rewrite", "sdu_size", "tdu_size", "send_buf_size", "recv_buf_size", "tcp_nodelay", "enable_network_compression", "use_easy_connect_plus", "chunk_size", "enable_parallel_ddl", "enable_parallel_query", "use_inmemory", "inmemory_priority", "inmemory_distribute", "inmemory_duplicate", "inmemory_size", "compress_for", "index_compression", "lob_compression", "lob_deduplication", "use_append_values_hint", "use_append_hint", "use_merge_hint", "merge_batch_size", "disable_constraints_during_load", "direct_path_insert_mode", "enable_result_cache", "optimizer_adaptive_plans", "optimizer_adaptive_statistics", "enable_big_data_sql", "gather_extended_statistics", "create_extended_stats", "rebuild_indexes_after_load", "refresh_mviews", "enable_ado", "enable_ilm", "enable_heat_map", "log_level", "log_format", "log_max_bytes", "log_backup_count", "log_sql_statements", "log_batch_details", "enable_metrics", "log_metrics", "enable_monitoring", "monitoring_interval", "background_monitoring", "memory_threshold", "cpu_threshold", "pool_threshold", "error_rate_threshold", "response_time_threshold", "health_check_timeout", "metrics_history_size", "metrics_log_frequency", "profile_queries", "trace_sql", "max_memory_usage_mb", "server_side_cursors", "stream_results", "max_identifier_length", "supports_native_boolean", "supports_unicode_statements", "supports_unicode_binds", "use_ansi", "optimize_limits"], "session_id": "oracle_target_1751573296_1236783", "component": "oracle_target"} cmd_type=elb consumer=True job_name=dev:tap-oracle-wms-allocation-full-to-target-oracle-full name=target-oracle-full producer=False run_id=6167baf9-2aef-4eb5-827b-05520a5f095f stdio=stdout string_id=target-oracle-full
2025-07-03T20:08:16.401958Z [info     ] Oracle Target initialized      cmd_type=elb consumer=True job_name=dev:tap-oracle-wms-allocation-full-to-target-oracle-full name=target-oracle-full producer=False run_id=6167baf9-2aef-4eb5-827b-05520a5f095f stdio=stderr string_id=target-oracle-full
2025-07-03T20:08:16.420995Z [debug    ] Added to state dev:tap-oracle-wms-allocation-full-to-target-oracle-full state payload {'singer_state': {'timestamp': '2025-07-03T20:08:16.356401+00:00', 'level': 'INFO', 'logger': 'flext_target_oracle', 'message': 'Initializing Oracle Target monitoring', 'module': 'logging_config', 'function': '_log', 'line': 488, 'taskName': None, 'session_id': 'oracle_target_1751573296_1236783', 'component': 'oracle_target'}}
2025-07-03T20:08:16.438786Z [info     ] Incremental state has been updated at 2025-07-03 20:08:16.438742+00:00.
2025-07-03T20:08:16.439053Z [debug    ] Incremental state: {'timestamp': '2025-07-03T20:08:16.356401+00:00', 'level': 'INFO', 'logger': 'flext_target_oracle', 'message': 'Initializing Oracle Target monitoring', 'module': 'logging_config', 'function': '_log', 'line': 488, 'taskName': None, 'session_id': 'oracle_target_1751573296_1236783', 'component': 'oracle_target'}
2025-07-03T20:08:16.439212Z [info     ] {"timestamp": "2025-07-03T20:08:16.356401+00:00", "level": "INFO", "logger": "flext_target_oracle", "message": "Initializing Oracle Target monitoring", "module": "logging_config", "function": "_log", "line": 488, "taskName": null, "session_id": "oracle_target_1751573296_1236783", "component": "oracle_target"} cmd_type=elb consumer=True job_name=dev:tap-oracle-wms-allocation-full-to-target-oracle-full name=target-oracle-full producer=False run_id=6167baf9-2aef-4eb5-827b-05520a5f095f stdio=stdout string_id=target-oracle-full
2025-07-03T20:08:16.465494Z [debug    ] Added to state dev:tap-oracle-wms-allocation-full-to-target-oracle-full state payload {'singer_state': {'timestamp': '2025-07-03T20:08:16.356629+00:00', 'level': 'INFO', 'logger': 'flext_target_oracle', 'message': 'Operation started', 'module': 'logging_config', 'function': '_log', 'line': 488, 'taskName': None, 'operation': 'process_lines', 'operation_id': 'process_lines_1751573296', 'stream': 'all_streams', 'session_id': 'oracle_target_1751573296_1236783', 'component': 'oracle_target'}}
2025-07-03T20:08:16.480107Z [info     ] Incremental state has been updated at 2025-07-03 20:08:16.480031+00:00.
2025-07-03T20:08:16.480503Z [debug    ] Incremental state: {'timestamp': '2025-07-03T20:08:16.356629+00:00', 'level': 'INFO', 'logger': 'flext_target_oracle', 'message': 'Operation started', 'module': 'logging_config', 'function': '_log', 'line': 488, 'taskName': None, 'operation': 'process_lines', 'operation_id': 'process_lines_1751573296', 'stream': 'all_streams', 'session_id': 'oracle_target_1751573296_1236783', 'component': 'oracle_target'}
2025-07-03T20:08:16.480674Z [info     ] {"timestamp": "2025-07-03T20:08:16.356629+00:00", "level": "INFO", "logger": "flext_target_oracle", "message": "Operation started", "module": "logging_config", "function": "_log", "line": 488, "taskName": null, "operation": "process_lines", "operation_id": "process_lines_1751573296", "stream": "all_streams", "session_id": "oracle_target_1751573296_1236783", "component": "oracle_target"} cmd_type=elb consumer=True job_name=dev:tap-oracle-wms-allocation-full-to-target-oracle-full name=target-oracle-full producer=False run_id=6167baf9-2aef-4eb5-827b-05520a5f095f stdio=stdout string_id=target-oracle-full
2025-07-03T20:08:16.501818Z [debug    ] Added to state dev:tap-oracle-wms-allocation-full-to-target-oracle-full state payload {'singer_state': {'timestamp': '2025-07-03T20:08:16.356753+00:00', 'level': 'INFO', 'logger': 'flext_target_oracle', 'message': 'Performance statistics', 'module': 'logging_config', 'function': '_log', 'line': 488, 'taskName': None, 'session_id': 'oracle_target_1751573296_1236783', 'session_duration': 0.0005857944488525391, 'total_records': 0, 'total_batches': 0, 'total_errors': 0, 'streams_count': 0, 'streams': [], 'records_per_second': 0.0, 'batches_per_second': 0.0, 'component': 'oracle_target'}}
2025-07-03T20:08:16.521654Z [info     ] Incremental state has been updated at 2025-07-03 20:08:16.521616+00:00.
2025-07-03T20:08:16.521870Z [debug    ] Incremental state: {'timestamp': '2025-07-03T20:08:16.356753+00:00', 'level': 'INFO', 'logger': 'flext_target_oracle', 'message': 'Performance statistics', 'module': 'logging_config', 'function': '_log', 'line': 488, 'taskName': None, 'session_id': 'oracle_target_1751573296_1236783', 'session_duration': 0.0005857944488525391, 'total_records': 0, 'total_batches': 0, 'total_errors': 0, 'streams_count': 0, 'streams': [], 'records_per_second': 0.0, 'batches_per_second': 0.0, 'component': 'oracle_target'}
2025-07-03T20:08:16.521977Z [info     ] {"timestamp": "2025-07-03T20:08:16.356753+00:00", "level": "INFO", "logger": "flext_target_oracle", "message": "Performance statistics", "module": "logging_config", "function": "_log", "line": 488, "taskName": null, "session_id": "oracle_target_1751573296_1236783", "session_duration": 0.0005857944488525391, "total_records": 0, "total_batches": 0, "total_errors": 0, "streams_count": 0, "streams": [], "records_per_second": 0.0, "batches_per_second": 0.0, "component": "oracle_target"} cmd_type=elb consumer=True job_name=dev:tap-oracle-wms-allocation-full-to-target-oracle-full name=target-oracle-full producer=False run_id=6167baf9-2aef-4eb5-827b-05520a5f095f stdio=stdout string_id=target-oracle-full
2025-07-03T20:08:16.543945Z [debug    ] Added to state dev:tap-oracle-wms-allocation-full-to-target-oracle-full state payload {'singer_state': {'timestamp': '2025-07-03T20:08:16.356753+00:00', 'level': 'INFO', 'logger': 'flext_target_oracle', 'message': 'Operation completed', 'module': 'logging_config', 'function': '_log', 'line': 488, 'taskName': None, 'operation': 'process_lines', 'operation_id': 'process_lines_1751573296', 'stream': 'all_streams', 'session_id': 'oracle_target_1751573296_1236783', 'component': 'oracle_target', 'status': 'success', 'session_duration': 0.0005857944488525391, 'total_records': 0, 'total_batches': 0, 'total_errors': 0, 'streams_count': 0, 'streams': [], 'records_per_second': 0.0, 'batches_per_second': 0.0, 'duration': 0.0002281665802001953}}
2025-07-03T20:08:16.561820Z [info     ] Incremental state has been updated at 2025-07-03 20:08:16.561777+00:00.
2025-07-03T20:08:16.562104Z [debug    ] Incremental state: {'timestamp': '2025-07-03T20:08:16.356753+00:00', 'level': 'INFO', 'logger': 'flext_target_oracle', 'message': 'Operation completed', 'module': 'logging_config', 'function': '_log', 'line': 488, 'taskName': None, 'operation': 'process_lines', 'operation_id': 'process_lines_1751573296', 'stream': 'all_streams', 'session_id': 'oracle_target_1751573296_1236783', 'component': 'oracle_target', 'status': 'success', 'session_duration': 0.0005857944488525391, 'total_records': 0, 'total_batches': 0, 'total_errors': 0, 'streams_count': 0, 'streams': [], 'records_per_second': 0.0, 'batches_per_second': 0.0, 'duration': 0.0002281665802001953}
2025-07-03T20:08:16.562252Z [info     ] {"timestamp": "2025-07-03T20:08:16.356753+00:00", "level": "INFO", "logger": "flext_target_oracle", "message": "Operation completed", "module": "logging_config", "function": "_log", "line": 488, "taskName": null, "operation": "process_lines", "operation_id": "process_lines_1751573296", "stream": "all_streams", "session_id": "oracle_target_1751573296_1236783", "component": "oracle_target", "status": "success", "session_duration": 0.0005857944488525391, "total_records": 0, "total_batches": 0, "total_errors": 0, "streams_count": 0, "streams": [], "records_per_second": 0.0, "batches_per_second": 0.0, "duration": 0.0002281665802001953} cmd_type=elb consumer=True job_name=dev:tap-oracle-wms-allocation-full-to-target-oracle-full name=target-oracle-full producer=False run_id=6167baf9-2aef-4eb5-827b-05520a5f095f stdio=stdout string_id=target-oracle-full
2025-07-03T20:08:16.562506Z [info     ] Initializing Oracle Target monitoring cmd_type=elb consumer=True job_name=dev:tap-oracle-wms-allocation-full-to-target-oracle-full name=target-oracle-full producer=False run_id=6167baf9-2aef-4eb5-827b-05520a5f095f stdio=stderr string_id=target-oracle-full
2025-07-03T20:08:16.562755Z [info     ] Operation started              cmd_type=elb consumer=True job_name=dev:tap-oracle-wms-allocation-full-to-target-oracle-full name=target-oracle-full producer=False run_id=6167baf9-2aef-4eb5-827b-05520a5f095f stdio=stderr string_id=target-oracle-full
2025-07-03T20:08:16.562982Z [info     ] Performance statistics         cmd_type=elb consumer=True job_name=dev:tap-oracle-wms-allocation-full-to-target-oracle-full name=target-oracle-full producer=False run_id=6167baf9-2aef-4eb5-827b-05520a5f095f stdio=stderr string_id=target-oracle-full
2025-07-03T20:08:16.563188Z [info     ] Operation completed            cmd_type=elb consumer=True job_name=dev:tap-oracle-wms-allocation-full-to-target-oracle-full name=target-oracle-full producer=False run_id=6167baf9-2aef-4eb5-827b-05520a5f095f stdio=stderr string_id=target-oracle-full
2025-07-03T20:08:16.563373Z [info     ] Reader 'flext-target-oracle' completed processing 0 lines of input (0 schemas, 0 records, 0 batch manifests, 0 state messages, 0 activate version messages). cmd_type=elb consumer=True job_name=dev:tap-oracle-wms-allocation-full-to-target-oracle-full name=target-oracle-full producer=False run_id=6167baf9-2aef-4eb5-827b-05520a5f095f stdio=stderr string_id=target-oracle-full
2025-07-03T20:08:16.585089Z [debug    ] Deleted configuration at /home/marlonsc/flext/gruponos-meltano-native/.meltano/run/tap-oracle-wms-allocation-full/tap.ef97389d-4d03-422c-b593-d0a7ccc6546f.config.json
2025-07-03T20:08:16.585551Z [debug    ] Deleted configuration at /home/marlonsc/flext/gruponos-meltano-native/.meltano/run/target-oracle-full/target.371aff1d-2967-4782-8cdf-22ee49d8dade.config.json
2025-07-03T20:08:16.634894Z [error    ] Extractor failed
2025-07-03T20:08:16.635153Z [error    ] Block run completed.           block_type=ExtractLoadBlocks err=RunnerError('Extractor failed') exit_codes={<PluginType.EXTRACTORS: 'extractors'>: 1} set_number=0 success=False
2025-07-03T20:08:16.638881Z [debug    ] Need help fixing this problem? Visit http://melta.no/ for troubleshooting steps, or to
join our friendly Slack community.

Run invocation could not be completed as block failed: Extractor failed
Traceback (most recent call last):
  File "/home/marlonsc/flext/.venv/lib/python3.13/site-packages/meltano/cli/run.py", line 218, in _run_blocks
    await blk.run()
  File "/home/marlonsc/flext/.venv/lib/python3.13/site-packages/meltano/core/block/extract_load.py", line 509, in run
    await self.run_with_job()
  File "/home/marlonsc/flext/.venv/lib/python3.13/site-packages/meltano/core/block/extract_load.py", line 549, in run_with_job
    await self.execute()
  File "/home/marlonsc/flext/.venv/lib/python3.13/site-packages/meltano/core/block/extract_load.py", line 501, in execute
    await manager.run()
  File "/home/marlonsc/flext/.venv/lib/python3.13/site-packages/meltano/core/block/extract_load.py", line 717, in run
    _check_exit_codes(
    ~~~~~~~~~~~~~~~~~^
        self._producer_code,
        ^^^^^^^^^^^^^^^^^^^^
        self._consumer_code,
        ^^^^^^^^^^^^^^^^^^^^
        self._intermediate_codes,
        ^^^^^^^^^^^^^^^^^^^^^^^^^
    )
    ^
  File "/home/marlonsc/flext/.venv/lib/python3.13/site-packages/meltano/core/block/extract_load.py", line 886, in _check_exit_codes
    raise RunnerError("Extractor failed", {PluginType.EXTRACTORS: producer_code})  # noqa: EM101
    ^^^^^^^^^^^^^^^^^^^^^^^^^^^^^^^^^^^^^^^^^^^^^^^^^^^^^^^^^^^^^^^^^^^^^^^^^^^^^
meltano.core.runner.RunnerError: Extractor failed

The above exception was the direct cause of the following exception:

Traceback (most recent call last):
  File "/home/marlonsc/flext/.venv/lib/python3.13/site-packages/meltano/cli/__init__.py", line 104, in _run_cli
    cli(obj={"project": None})
    ~~~^^^^^^^^^^^^^^^^^^^^^^^
  File "/home/marlonsc/flext/.venv/lib/python3.13/site-packages/click/core.py", line 1442, in __call__
    return self.main(*args, **kwargs)
           ~~~~~~~~~^^^^^^^^^^^^^^^^^
  File "/home/marlonsc/flext/.venv/lib/python3.13/site-packages/meltano/cli/cli.py", line 46, in main
    return super().main(*args, windows_expand_args=False, **kwargs)
           ~~~~~~~~~~~~^^^^^^^^^^^^^^^^^^^^^^^^^^^^^^^^^^^^^^^^^^^^
  File "/home/marlonsc/flext/.venv/lib/python3.13/site-packages/click/core.py", line 1363, in main
    rv = self.invoke(ctx)
  File "/home/marlonsc/flext/.venv/lib/python3.13/site-packages/meltano/cli/utils.py", line 582, in invoke
    super().invoke(ctx)  # type: ignore[misc]
    ~~~~~~~~~~~~~~^^^^^
  File "/home/marlonsc/flext/.venv/lib/python3.13/site-packages/click/core.py", line 1830, in invoke
    return _process_result(sub_ctx.command.invoke(sub_ctx))
                           ~~~~~~~~~~~~~~~~~~~~~~^^^^^^^^^
  File "/home/marlonsc/flext/.venv/lib/python3.13/site-packages/meltano/cli/utils.py", line 631, in invoke
    super().invoke(ctx)
    ~~~~~~~~~~~~~~^^^^^
  File "/home/marlonsc/flext/.venv/lib/python3.13/site-packages/click/core.py", line 1226, in invoke
    return ctx.invoke(self.callback, **ctx.params)
           ~~~~~~~~~~^^^^^^^^^^^^^^^^^^^^^^^^^^^^^
  File "/home/marlonsc/flext/.venv/lib/python3.13/site-packages/click/core.py", line 794, in invoke
    return callback(*args, **kwargs)
  File "/home/marlonsc/flext/.venv/lib/python3.13/site-packages/meltano/cli/params.py", line 75, in decorate
    return func(*args, **kwargs)
  File "/home/marlonsc/flext/.venv/lib/python3.13/site-packages/meltano/cli/params.py", line 165, in decorate
    func(project, *args, **kwargs)
    ~~~~^^^^^^^^^^^^^^^^^^^^^^^^^^
  File "/home/marlonsc/flext/.venv/lib/python3.13/site-packages/click/decorators.py", line 34, in new_func
    return f(get_current_context(), *args, **kwargs)
  File "/home/marlonsc/flext/.venv/lib/python3.13/site-packages/meltano/core/utils/__init__.py", line 80, in wrapper
    return asyncio.run(func(*args, **kwargs))
           ~~~~~~~~~~~^^^^^^^^^^^^^^^^^^^^^^^
  File "/usr/lib/python3.13/asyncio/runners.py", line 195, in run
    return runner.run(main)
           ~~~~~~~~~~^^^^^^
  File "/usr/lib/python3.13/asyncio/runners.py", line 118, in run
    return self._loop.run_until_complete(task)
           ~~~~~~~~~~~~~~~~~~~~~~~~~~~~~^^^^^^
  File "/usr/lib/python3.13/asyncio/base_events.py", line 719, in run_until_complete
    return future.result()
           ~~~~~~~~~~~~~^^
  File "/home/marlonsc/flext/.venv/lib/python3.13/site-packages/meltano/cli/run.py", line 186, in run
    raise err
  File "/home/marlonsc/flext/.venv/lib/python3.13/site-packages/meltano/cli/run.py", line 183, in run
    await _run_blocks(tracker, parsed_blocks, dry_run=dry_run)
  File "/home/marlonsc/flext/.venv/lib/python3.13/site-packages/meltano/cli/run.py", line 230, in _run_blocks
    raise CliError(
        f"Run invocation could not be completed as block failed: {err}",  # noqa: EM102
    ) from err
meltano.cli.utils.CliError: Run invocation could not be completed as block failed: Extractor failed

The above exception was the direct cause of the following exception:

Traceback (most recent call last):
  File "/home/marlonsc/flext/.venv/lib/python3.13/site-packages/meltano/cli/__init__.py", line 114, in _run_cli
    raise CliError(f"{troubleshooting_message}\n{err}") from err  # noqa: EM102
    ^^^^^^^^^^^^^^^^^^^^^^^^^^^^^^^^^^^^^^^^^^^^^^^^^^^^^^^^^^^^
meltano.cli.utils.CliError: Need help fixing this problem? Visit http://melta.no/ for troubleshooting steps, or to
join our friendly Slack community.

Run invocation could not be completed as block failed: Extractor failed
