2025-07-02T09:14:06.810909Z [info     ] Using systemdb state backend
2025-07-02T09:14:06.813158Z [warning  ] No state was found, complete import.
2025-07-02T09:14:11.312090Z [info     ] Traceback (most recent call last): cmd_type=elb consumer=True job_name=dev:tap-oracle-wms-to-target-oracle name=target-oracle producer=False run_id=765b070e-c9d2-4f2d-812c-32d56f003fff stdio=stderr string_id=target-oracle
2025-07-02T09:14:11.312715Z [info     ]   File "/home/marlonsc/flext/.venv/lib/python3.13/site-packages/pkg_resources/__init__.py", line 657, in _build_master cmd_type=elb consumer=True job_name=dev:tap-oracle-wms-to-target-oracle name=target-oracle producer=False run_id=765b070e-c9d2-4f2d-812c-32d56f003fff stdio=stderr string_id=target-oracle
2025-07-02T09:14:11.312973Z [info     ]     ws.require(__requires__)   cmd_type=elb consumer=True job_name=dev:tap-oracle-wms-to-target-oracle name=target-oracle producer=False run_id=765b070e-c9d2-4f2d-812c-32d56f003fff stdio=stderr string_id=target-oracle
2025-07-02T09:14:11.313164Z [info     ]     ~~~~~~~~~~^^^^^^^^^^^^^^   cmd_type=elb consumer=True job_name=dev:tap-oracle-wms-to-target-oracle name=target-oracle producer=False run_id=765b070e-c9d2-4f2d-812c-32d56f003fff stdio=stderr string_id=target-oracle
2025-07-02T09:14:11.313354Z [info     ]   File "/home/marlonsc/flext/.venv/lib/python3.13/site-packages/pkg_resources/__init__.py", line 1062, in require cmd_type=elb consumer=True job_name=dev:tap-oracle-wms-to-target-oracle name=target-oracle producer=False run_id=765b070e-c9d2-4f2d-812c-32d56f003fff stdio=stderr string_id=target-oracle
2025-07-02T09:14:11.313538Z [info     ]     needed = self.resolve(parse_requirements(requirements)) cmd_type=elb consumer=True job_name=dev:tap-oracle-wms-to-target-oracle name=target-oracle producer=False run_id=765b070e-c9d2-4f2d-812c-32d56f003fff stdio=stderr string_id=target-oracle
2025-07-02T09:14:11.313710Z [info     ]   File "/home/marlonsc/flext/.venv/lib/python3.13/site-packages/pkg_resources/__init__.py", line 889, in resolve cmd_type=elb consumer=True job_name=dev:tap-oracle-wms-to-target-oracle name=target-oracle producer=False run_id=765b070e-c9d2-4f2d-812c-32d56f003fff stdio=stderr string_id=target-oracle
2025-07-02T09:14:11.313873Z [info     ]     dist = self._resolve_dist( cmd_type=elb consumer=True job_name=dev:tap-oracle-wms-to-target-oracle name=target-oracle producer=False run_id=765b070e-c9d2-4f2d-812c-32d56f003fff stdio=stderr string_id=target-oracle
2025-07-02T09:14:11.314033Z [info     ]         req, best, replace_conflicting, env, installer, required_by, to_activate cmd_type=elb consumer=True job_name=dev:tap-oracle-wms-to-target-oracle name=target-oracle producer=False run_id=765b070e-c9d2-4f2d-812c-32d56f003fff stdio=stderr string_id=target-oracle
2025-07-02T09:14:11.314191Z [info     ]     )                          cmd_type=elb consumer=True job_name=dev:tap-oracle-wms-to-target-oracle name=target-oracle producer=False run_id=765b070e-c9d2-4f2d-812c-32d56f003fff stdio=stderr string_id=target-oracle
2025-07-02T09:14:11.314357Z [info     ]   File "/home/marlonsc/flext/.venv/lib/python3.13/site-packages/pkg_resources/__init__.py", line 935, in _resolve_dist cmd_type=elb consumer=True job_name=dev:tap-oracle-wms-to-target-oracle name=target-oracle producer=False run_id=765b070e-c9d2-4f2d-812c-32d56f003fff stdio=stderr string_id=target-oracle
2025-07-02T09:14:11.314528Z [info     ]     raise VersionConflict(dist, req).with_context(dependent_req) cmd_type=elb consumer=True job_name=dev:tap-oracle-wms-to-target-oracle name=target-oracle producer=False run_id=765b070e-c9d2-4f2d-812c-32d56f003fff stdio=stderr string_id=target-oracle
2025-07-02T09:14:11.314695Z [info     ] pkg_resources.ContextualVersionConflict: (singer-sdk 0.44.0 (/home/marlonsc/flext/.venv/lib/python3.13/site-packages), Requirement.parse('singer-sdk>=0.47.0'), {'flext-target-oracle'}) cmd_type=elb consumer=True job_name=dev:tap-oracle-wms-to-target-oracle name=target-oracle producer=False run_id=765b070e-c9d2-4f2d-812c-32d56f003fff stdio=stderr string_id=target-oracle
2025-07-02T09:14:11.314978Z [info     ]                                cmd_type=elb consumer=True job_name=dev:tap-oracle-wms-to-target-oracle name=target-oracle producer=False run_id=765b070e-c9d2-4f2d-812c-32d56f003fff stdio=stderr string_id=target-oracle
2025-07-02T09:14:11.315187Z [info     ] During handling of the above exception, another exception occurred: cmd_type=elb consumer=True job_name=dev:tap-oracle-wms-to-target-oracle name=target-oracle producer=False run_id=765b070e-c9d2-4f2d-812c-32d56f003fff stdio=stderr string_id=target-oracle
2025-07-02T09:14:11.315357Z [info     ]                                cmd_type=elb consumer=True job_name=dev:tap-oracle-wms-to-target-oracle name=target-oracle producer=False run_id=765b070e-c9d2-4f2d-812c-32d56f003fff stdio=stderr string_id=target-oracle
2025-07-02T09:14:11.315519Z [info     ] Traceback (most recent call last): cmd_type=elb consumer=True job_name=dev:tap-oracle-wms-to-target-oracle name=target-oracle producer=False run_id=765b070e-c9d2-4f2d-812c-32d56f003fff stdio=stderr string_id=target-oracle
2025-07-02T09:14:11.315678Z [info     ]   File "/home/marlonsc/flext/.venv/bin/target-oracle", line 33, in <module> cmd_type=elb consumer=True job_name=dev:tap-oracle-wms-to-target-oracle name=target-oracle producer=False run_id=765b070e-c9d2-4f2d-812c-32d56f003fff stdio=stderr string_id=target-oracle
2025-07-02T09:14:11.315833Z [info     ]     sys.exit(load_entry_point('flext-target-oracle', 'console_scripts', 'target-oracle')()) cmd_type=elb consumer=True job_name=dev:tap-oracle-wms-to-target-oracle name=target-oracle producer=False run_id=765b070e-c9d2-4f2d-812c-32d56f003fff stdio=stderr string_id=target-oracle
2025-07-02T09:14:11.315987Z [info     ]              ~~~~~~~~~~~~~~~~^^^^^^^^^^^^^^^^^^^^^^^^^^^^^^^^^^^^^^^^^^^^^^^^^^^^^^^^^^^ cmd_type=elb consumer=True job_name=dev:tap-oracle-wms-to-target-oracle name=target-oracle producer=False run_id=765b070e-c9d2-4f2d-812c-32d56f003fff stdio=stderr string_id=target-oracle
2025-07-02T09:14:11.316143Z [info     ]   File "/home/marlonsc/flext/.venv/bin/target-oracle", line 25, in importlib_load_entry_point cmd_type=elb consumer=True job_name=dev:tap-oracle-wms-to-target-oracle name=target-oracle producer=False run_id=765b070e-c9d2-4f2d-812c-32d56f003fff stdio=stderr string_id=target-oracle
2025-07-02T09:14:11.316306Z [info     ]     return next(matches).load() cmd_type=elb consumer=True job_name=dev:tap-oracle-wms-to-target-oracle name=target-oracle producer=False run_id=765b070e-c9d2-4f2d-812c-32d56f003fff stdio=stderr string_id=target-oracle
2025-07-02T09:14:11.316466Z [info     ]            ~~~~~~~~~~~~~~~~~~^^ cmd_type=elb consumer=True job_name=dev:tap-oracle-wms-to-target-oracle name=target-oracle producer=False run_id=765b070e-c9d2-4f2d-812c-32d56f003fff stdio=stderr string_id=target-oracle
2025-07-02T09:14:11.316621Z [info     ]   File "/usr/lib/python3.13/importlib/metadata/__init__.py", line 179, in load cmd_type=elb consumer=True job_name=dev:tap-oracle-wms-to-target-oracle name=target-oracle producer=False run_id=765b070e-c9d2-4f2d-812c-32d56f003fff stdio=stderr string_id=target-oracle
2025-07-02T09:14:11.316777Z [info     ]     module = import_module(match.group('module')) cmd_type=elb consumer=True job_name=dev:tap-oracle-wms-to-target-oracle name=target-oracle producer=False run_id=765b070e-c9d2-4f2d-812c-32d56f003fff stdio=stderr string_id=target-oracle
2025-07-02T09:14:11.316938Z [info     ]   File "/usr/lib/python3.13/importlib/__init__.py", line 88, in import_module cmd_type=elb consumer=True job_name=dev:tap-oracle-wms-to-target-oracle name=target-oracle producer=False run_id=765b070e-c9d2-4f2d-812c-32d56f003fff stdio=stderr string_id=target-oracle
2025-07-02T09:14:11.317094Z [info     ]     return _bootstrap._gcd_import(name[level:], package, level) cmd_type=elb consumer=True job_name=dev:tap-oracle-wms-to-target-oracle name=target-oracle producer=False run_id=765b070e-c9d2-4f2d-812c-32d56f003fff stdio=stderr string_id=target-oracle
2025-07-02T09:14:11.317257Z [info     ]            ~~~~~~~~~~~~~~~~~~~~~~^^^^^^^^^^^^^^^^^^^^^^^^^^^^^^ cmd_type=elb consumer=True job_name=dev:tap-oracle-wms-to-target-oracle name=target-oracle producer=False run_id=765b070e-c9d2-4f2d-812c-32d56f003fff stdio=stderr string_id=target-oracle
2025-07-02T09:14:11.317609Z [info     ]   File "<frozen importlib._bootstrap>", line 1387, in _gcd_import cmd_type=elb consumer=True job_name=dev:tap-oracle-wms-to-target-oracle name=target-oracle producer=False run_id=765b070e-c9d2-4f2d-812c-32d56f003fff stdio=stderr string_id=target-oracle
2025-07-02T09:14:11.317868Z [info     ]   File "<frozen importlib._bootstrap>", line 1360, in _find_and_load cmd_type=elb consumer=True job_name=dev:tap-oracle-wms-to-target-oracle name=target-oracle producer=False run_id=765b070e-c9d2-4f2d-812c-32d56f003fff stdio=stderr string_id=target-oracle
2025-07-02T09:14:11.318028Z [info     ]   File "<frozen importlib._bootstrap>", line 1331, in _find_and_load_unlocked cmd_type=elb consumer=True job_name=dev:tap-oracle-wms-to-target-oracle name=target-oracle producer=False run_id=765b070e-c9d2-4f2d-812c-32d56f003fff stdio=stderr string_id=target-oracle
2025-07-02T09:14:11.318378Z [info     ]   File "<frozen importlib._bootstrap>", line 935, in _load_unlocked cmd_type=elb consumer=True job_name=dev:tap-oracle-wms-to-target-oracle name=target-oracle producer=False run_id=765b070e-c9d2-4f2d-812c-32d56f003fff stdio=stderr string_id=target-oracle
2025-07-02T09:14:11.318629Z [info     ]   File "<frozen importlib._bootstrap_external>", line 1026, in exec_module cmd_type=elb consumer=True job_name=dev:tap-oracle-wms-to-target-oracle name=target-oracle producer=False run_id=765b070e-c9d2-4f2d-812c-32d56f003fff stdio=stderr string_id=target-oracle
2025-07-02T09:14:11.318871Z [info     ]   File "<frozen importlib._bootstrap>", line 488, in _call_with_frames_removed cmd_type=elb consumer=True job_name=dev:tap-oracle-wms-to-target-oracle name=target-oracle producer=False run_id=765b070e-c9d2-4f2d-812c-32d56f003fff stdio=stderr string_id=target-oracle
2025-07-02T09:14:11.319101Z [info     ]   File "/home/marlonsc/flext/gruponos-meltano-native/flext_target_oracle/target.py", line 9, in <module> cmd_type=elb consumer=True job_name=dev:tap-oracle-wms-to-target-oracle name=target-oracle producer=False run_id=765b070e-c9d2-4f2d-812c-32d56f003fff stdio=stderr string_id=target-oracle
2025-07-02T09:14:11.319339Z [info     ]     from singer_sdk import typing as th cmd_type=elb consumer=True job_name=dev:tap-oracle-wms-to-target-oracle name=target-oracle producer=False run_id=765b070e-c9d2-4f2d-812c-32d56f003fff stdio=stderr string_id=target-oracle
2025-07-02T09:14:11.319572Z [info     ]   File "/home/marlonsc/flext/.venv/lib/python3.13/site-packages/singer_sdk/__init__.py", line 5, in <module> cmd_type=elb consumer=True job_name=dev:tap-oracle-wms-to-target-oracle name=target-oracle producer=False run_id=765b070e-c9d2-4f2d-812c-32d56f003fff stdio=stderr string_id=target-oracle
2025-07-02T09:14:11.319791Z [info     ]     from singer_sdk import streams cmd_type=elb consumer=True job_name=dev:tap-oracle-wms-to-target-oracle name=target-oracle producer=False run_id=765b070e-c9d2-4f2d-812c-32d56f003fff stdio=stderr string_id=target-oracle
2025-07-02T09:14:11.320017Z [info     ]   File "/home/marlonsc/flext/.venv/lib/python3.13/site-packages/singer_sdk/streams/__init__.py", line 5, in <module> cmd_type=elb consumer=True job_name=dev:tap-oracle-wms-to-target-oracle name=target-oracle producer=False run_id=765b070e-c9d2-4f2d-812c-32d56f003fff stdio=stderr string_id=target-oracle
2025-07-02T09:14:11.320238Z [info     ]     from singer_sdk.streams.core import Stream cmd_type=elb consumer=True job_name=dev:tap-oracle-wms-to-target-oracle name=target-oracle producer=False run_id=765b070e-c9d2-4f2d-812c-32d56f003fff stdio=stderr string_id=target-oracle
2025-07-02T09:14:11.320788Z [info     ]   File "/home/marlonsc/flext/.venv/lib/python3.13/site-packages/singer_sdk/streams/core.py", line 25, in <module> cmd_type=elb consumer=True job_name=dev:tap-oracle-wms-to-target-oracle name=target-oracle producer=False run_id=765b070e-c9d2-4f2d-812c-32d56f003fff stdio=stderr string_id=target-oracle
2025-07-02T09:14:11.321017Z [info     ]     from singer_sdk.helpers._batch import ( cmd_type=elb consumer=True job_name=dev:tap-oracle-wms-to-target-oracle name=target-oracle producer=False run_id=765b070e-c9d2-4f2d-812c-32d56f003fff stdio=stderr string_id=target-oracle
2025-07-02T09:14:11.321240Z [info     ]     ...<3 lines>...            cmd_type=elb consumer=True job_name=dev:tap-oracle-wms-to-target-oracle name=target-oracle producer=False run_id=765b070e-c9d2-4f2d-812c-32d56f003fff stdio=stderr string_id=target-oracle
2025-07-02T09:14:11.321463Z [info     ]     )                          cmd_type=elb consumer=True job_name=dev:tap-oracle-wms-to-target-oracle name=target-oracle producer=False run_id=765b070e-c9d2-4f2d-812c-32d56f003fff stdio=stderr string_id=target-oracle
2025-07-02T09:14:11.321682Z [info     ]   File "/home/marlonsc/flext/.venv/lib/python3.13/site-packages/singer_sdk/helpers/_batch.py", line 12, in <module> cmd_type=elb consumer=True job_name=dev:tap-oracle-wms-to-target-oracle name=target-oracle producer=False run_id=765b070e-c9d2-4f2d-812c-32d56f003fff stdio=stderr string_id=target-oracle
2025-07-02T09:14:11.321899Z [info     ]     import fs                  cmd_type=elb consumer=True job_name=dev:tap-oracle-wms-to-target-oracle name=target-oracle producer=False run_id=765b070e-c9d2-4f2d-812c-32d56f003fff stdio=stderr string_id=target-oracle
2025-07-02T09:14:11.322104Z [info     ]   File "/home/marlonsc/flext/.venv/lib/python3.13/site-packages/fs/__init__.py", line 4, in <module> cmd_type=elb consumer=True job_name=dev:tap-oracle-wms-to-target-oracle name=target-oracle producer=False run_id=765b070e-c9d2-4f2d-812c-32d56f003fff stdio=stderr string_id=target-oracle
2025-07-02T09:14:11.322318Z [info     ]     __import__("pkg_resources").declare_namespace(__name__)  # type: ignore cmd_type=elb consumer=True job_name=dev:tap-oracle-wms-to-target-oracle name=target-oracle producer=False run_id=765b070e-c9d2-4f2d-812c-32d56f003fff stdio=stderr string_id=target-oracle
2025-07-02T09:14:11.322526Z [info     ]     ~~~~~~~~~~^^^^^^^^^^^^^^^^^ cmd_type=elb consumer=True job_name=dev:tap-oracle-wms-to-target-oracle name=target-oracle producer=False run_id=765b070e-c9d2-4f2d-812c-32d56f003fff stdio=stderr string_id=target-oracle
2025-07-02T09:14:11.322731Z [info     ]   File "/home/marlonsc/flext/.venv/lib/python3.13/site-packages/pkg_resources/__init__.py", line 3624, in <module> cmd_type=elb consumer=True job_name=dev:tap-oracle-wms-to-target-oracle name=target-oracle producer=False run_id=765b070e-c9d2-4f2d-812c-32d56f003fff stdio=stderr string_id=target-oracle
2025-07-02T09:14:11.322944Z [info     ]     @_call_aside               cmd_type=elb consumer=True job_name=dev:tap-oracle-wms-to-target-oracle name=target-oracle producer=False run_id=765b070e-c9d2-4f2d-812c-32d56f003fff stdio=stderr string_id=target-oracle
2025-07-02T09:14:11.323153Z [info     ]      ^^^^^^^^^^^               cmd_type=elb consumer=True job_name=dev:tap-oracle-wms-to-target-oracle name=target-oracle producer=False run_id=765b070e-c9d2-4f2d-812c-32d56f003fff stdio=stderr string_id=target-oracle
2025-07-02T09:14:11.323362Z [info     ]   File "/home/marlonsc/flext/.venv/lib/python3.13/site-packages/pkg_resources/__init__.py", line 3608, in _call_aside cmd_type=elb consumer=True job_name=dev:tap-oracle-wms-to-target-oracle name=target-oracle producer=False run_id=765b070e-c9d2-4f2d-812c-32d56f003fff stdio=stderr string_id=target-oracle
2025-07-02T09:14:11.323556Z [info     ]     f(*args, **kwargs)         cmd_type=elb consumer=True job_name=dev:tap-oracle-wms-to-target-oracle name=target-oracle producer=False run_id=765b070e-c9d2-4f2d-812c-32d56f003fff stdio=stderr string_id=target-oracle
2025-07-02T09:14:11.323746Z [info     ]     ~^^^^^^^^^^^^^^^^^         cmd_type=elb consumer=True job_name=dev:tap-oracle-wms-to-target-oracle name=target-oracle producer=False run_id=765b070e-c9d2-4f2d-812c-32d56f003fff stdio=stderr string_id=target-oracle
2025-07-02T09:14:11.323930Z [info     ]   File "/home/marlonsc/flext/.venv/lib/python3.13/site-packages/pkg_resources/__init__.py", line 3637, in _initialize_master_working_set cmd_type=elb consumer=True job_name=dev:tap-oracle-wms-to-target-oracle name=target-oracle producer=False run_id=765b070e-c9d2-4f2d-812c-32d56f003fff stdio=stderr string_id=target-oracle
2025-07-02T09:14:11.324127Z [info     ]     working_set = _declare_state('object', 'working_set', WorkingSet._build_master()) cmd_type=elb consumer=True job_name=dev:tap-oracle-wms-to-target-oracle name=target-oracle producer=False run_id=765b070e-c9d2-4f2d-812c-32d56f003fff stdio=stderr string_id=target-oracle
2025-07-02T09:14:11.324336Z [info     ]                                                           ~~~~~~~~~~~~~~~~~~~~~~~~^^ cmd_type=elb consumer=True job_name=dev:tap-oracle-wms-to-target-oracle name=target-oracle producer=False run_id=765b070e-c9d2-4f2d-812c-32d56f003fff stdio=stderr string_id=target-oracle
2025-07-02T09:14:11.324527Z [info     ]   File "/home/marlonsc/flext/.venv/lib/python3.13/site-packages/pkg_resources/__init__.py", line 659, in _build_master cmd_type=elb consumer=True job_name=dev:tap-oracle-wms-to-target-oracle name=target-oracle producer=False run_id=765b070e-c9d2-4f2d-812c-32d56f003fff stdio=stderr string_id=target-oracle
2025-07-02T09:14:11.324711Z [info     ]     return cls._build_from_requirements(__requires__) cmd_type=elb consumer=True job_name=dev:tap-oracle-wms-to-target-oracle name=target-oracle producer=False run_id=765b070e-c9d2-4f2d-812c-32d56f003fff stdio=stderr string_id=target-oracle
2025-07-02T09:14:11.324893Z [info     ]            ~~~~~~~~~~~~~~~~~~~~~~~~~~~~^^^^^^^^^^^^^^ cmd_type=elb consumer=True job_name=dev:tap-oracle-wms-to-target-oracle name=target-oracle producer=False run_id=765b070e-c9d2-4f2d-812c-32d56f003fff stdio=stderr string_id=target-oracle
2025-07-02T09:14:11.325071Z [info     ]   File "/home/marlonsc/flext/.venv/lib/python3.13/site-packages/pkg_resources/__init__.py", line 672, in _build_from_requirements cmd_type=elb consumer=True job_name=dev:tap-oracle-wms-to-target-oracle name=target-oracle producer=False run_id=765b070e-c9d2-4f2d-812c-32d56f003fff stdio=stderr string_id=target-oracle
2025-07-02T09:14:11.325254Z [info     ]     dists = ws.resolve(reqs, Environment()) cmd_type=elb consumer=True job_name=dev:tap-oracle-wms-to-target-oracle name=target-oracle producer=False run_id=765b070e-c9d2-4f2d-812c-32d56f003fff stdio=stderr string_id=target-oracle
2025-07-02T09:14:11.325448Z [info     ]   File "/home/marlonsc/flext/.venv/lib/python3.13/site-packages/pkg_resources/__init__.py", line 889, in resolve cmd_type=elb consumer=True job_name=dev:tap-oracle-wms-to-target-oracle name=target-oracle producer=False run_id=765b070e-c9d2-4f2d-812c-32d56f003fff stdio=stderr string_id=target-oracle
2025-07-02T09:14:11.325630Z [info     ]     dist = self._resolve_dist( cmd_type=elb consumer=True job_name=dev:tap-oracle-wms-to-target-oracle name=target-oracle producer=False run_id=765b070e-c9d2-4f2d-812c-32d56f003fff stdio=stderr string_id=target-oracle
2025-07-02T09:14:11.325815Z [info     ]         req, best, replace_conflicting, env, installer, required_by, to_activate cmd_type=elb consumer=True job_name=dev:tap-oracle-wms-to-target-oracle name=target-oracle producer=False run_id=765b070e-c9d2-4f2d-812c-32d56f003fff stdio=stderr string_id=target-oracle
2025-07-02T09:14:11.325996Z [info     ]     )                          cmd_type=elb consumer=True job_name=dev:tap-oracle-wms-to-target-oracle name=target-oracle producer=False run_id=765b070e-c9d2-4f2d-812c-32d56f003fff stdio=stderr string_id=target-oracle
2025-07-02T09:14:11.326183Z [info     ]   File "/home/marlonsc/flext/.venv/lib/python3.13/site-packages/pkg_resources/__init__.py", line 930, in _resolve_dist cmd_type=elb consumer=True job_name=dev:tap-oracle-wms-to-target-oracle name=target-oracle producer=False run_id=765b070e-c9d2-4f2d-812c-32d56f003fff stdio=stderr string_id=target-oracle
2025-07-02T09:14:11.326382Z [info     ]     raise DistributionNotFound(req, requirers) cmd_type=elb consumer=True job_name=dev:tap-oracle-wms-to-target-oracle name=target-oracle producer=False run_id=765b070e-c9d2-4f2d-812c-32d56f003fff stdio=stderr string_id=target-oracle
2025-07-02T09:14:11.326582Z [info     ] pkg_resources.DistributionNotFound: The 'singer-sdk>=0.47.0' distribution was not found and is required by flext-target-oracle cmd_type=elb consumer=True job_name=dev:tap-oracle-wms-to-target-oracle name=target-oracle producer=False run_id=765b070e-c9d2-4f2d-812c-32d56f003fff stdio=stderr string_id=target-oracle
2025-07-02T09:14:11.397709Z [error    ] Loader failed
2025-07-02T09:14:11.397943Z [error    ] Block run completed.           block_type=ExtractLoadBlocks err=RunnerError('Loader failed') exit_codes={<PluginType.LOADERS: 'loaders'>: 1} set_number=0 success=False
