2025-07-02T18:22:43.552278Z [warning  ] A catalog file was found, but it will be ignored as the extractor does not advertise the `catalog` or `properties` capability
2025-07-02T18:22:44.018436Z [info     ] tap-oracle-wms v0.1.0, Meltano SDK v0.47.4 cmd_type=elb consumer=False job_name=dev:tap-oracle-wms-to-target-oracle name=tap-oracle-wms producer=True run_id=885123de-23d7-464d-b523-b729f3d644ce stdio=stderr string_id=tap-oracle-wms
2025-07-02T18:22:44.019164Z [info     ] /home/marlonsc/flext/.venv/lib/python3.13/site-packages/singer_sdk/plugin_base.py:715: SingerSDKDeprecationWarning: Passing a list of config file paths is deprecated. Please pass the config as a dictionary instead. cmd_type=elb consumer=False job_name=dev:tap-oracle-wms-to-target-oracle name=tap-oracle-wms producer=True run_id=885123de-23d7-464d-b523-b729f3d644ce stdio=stderr string_id=tap-oracle-wms
2025-07-02T18:22:44.019373Z [info     ]   super().__init__(            cmd_type=elb consumer=False job_name=dev:tap-oracle-wms-to-target-oracle name=tap-oracle-wms producer=True run_id=885123de-23d7-464d-b523-b729f3d644ce stdio=stderr string_id=tap-oracle-wms
2025-07-02T18:22:44.019494Z [info     ]                                cmd_type=elb consumer=False job_name=dev:tap-oracle-wms-to-target-oracle name=tap-oracle-wms producer=True run_id=885123de-23d7-464d-b523-b729f3d644ce stdio=stderr string_id=tap-oracle-wms
2025-07-02T18:22:44.019690Z [info     ] Skipping parse of env var settings... cmd_type=elb consumer=False job_name=dev:tap-oracle-wms-to-target-oracle name=tap-oracle-wms producer=True run_id=885123de-23d7-464d-b523-b729f3d644ce stdio=stderr string_id=tap-oracle-wms
2025-07-02T18:22:44.020401Z [info     ] Configured stream: allocation  cmd_type=elb consumer=False job_name=dev:tap-oracle-wms-to-target-oracle name=tap-oracle-wms producer=True run_id=885123de-23d7-464d-b523-b729f3d644ce stdio=stderr string_id=tap-oracle-wms
2025-07-02T18:22:44.020904Z [info     ] Found 'allocation' filter rule: true() cmd_type=elb consumer=False job_name=dev:tap-oracle-wms-to-target-oracle name=tap-oracle-wms producer=True run_id=885123de-23d7-464d-b523-b729f3d644ce stdio=stderr string_id=tap-oracle-wms
2025-07-02T18:22:44.062716Z [info     ] Beginning full_table sync of 'allocation' cmd_type=elb consumer=False job_name=dev:tap-oracle-wms-to-target-oracle name=tap-oracle-wms producer=True run_id=885123de-23d7-464d-b523-b729f3d644ce stdio=stderr string_id=tap-oracle-wms
2025-07-02T18:22:44.062991Z [info     ] Starting incremental sync with bookmark value: None cmd_type=elb consumer=False job_name=dev:tap-oracle-wms-to-target-oracle name=tap-oracle-wms producer=True run_id=885123de-23d7-464d-b523-b729f3d644ce stdio=stderr string_id=tap-oracle-wms
2025-07-02T18:22:44.063090Z [info     ] WMS GET_RECORDS START - Entity: allocation cmd_type=elb consumer=False job_name=dev:tap-oracle-wms-to-target-oracle name=tap-oracle-wms producer=True run_id=885123de-23d7-464d-b523-b729f3d644ce stdio=stderr string_id=tap-oracle-wms
2025-07-02T18:22:44.063169Z [info     ] WMS REQUEST PARAMS - Entity: allocation cmd_type=elb consumer=False job_name=dev:tap-oracle-wms-to-target-oracle name=tap-oracle-wms producer=True run_id=885123de-23d7-464d-b523-b729f3d644ce stdio=stderr string_id=tap-oracle-wms
2025-07-02T18:22:44.063239Z [info     ] WMS FINAL PARAMS - Entity: allocation - URL: https://a29.wms.ocs.oraclecloud.com/raizen/wms/lgfapi/v10/entity/allocation - PARAMS: {'page_size': 1000, 'page_mode': 'sequenced', 'ordering': '-id'} cmd_type=elb consumer=False job_name=dev:tap-oracle-wms-to-target-oracle name=tap-oracle-wms producer=True run_id=885123de-23d7-464d-b523-b729f3d644ce stdio=stderr string_id=tap-oracle-wms
2025-07-02T18:22:44.063340Z [info     ] WMS HTTP REQUEST #1 - Entity: allocation cmd_type=elb consumer=False job_name=dev:tap-oracle-wms-to-target-oracle name=tap-oracle-wms producer=True run_id=885123de-23d7-464d-b523-b729f3d644ce stdio=stderr string_id=tap-oracle-wms
2025-07-02T18:22:44.063428Z [info     ] WMS REQUEST PARAMS - Entity: allocation cmd_type=elb consumer=False job_name=dev:tap-oracle-wms-to-target-oracle name=tap-oracle-wms producer=True run_id=885123de-23d7-464d-b523-b729f3d644ce stdio=stderr string_id=tap-oracle-wms
2025-07-02T18:22:44.063500Z [info     ] WMS FINAL PARAMS - Entity: allocation - URL: https://a29.wms.ocs.oraclecloud.com/raizen/wms/lgfapi/v10/entity/allocation - PARAMS: {'page_size': 1000, 'page_mode': 'sequenced', 'ordering': '-id'} cmd_type=elb consumer=False job_name=dev:tap-oracle-wms-to-target-oracle name=tap-oracle-wms producer=True run_id=885123de-23d7-464d-b523-b729f3d644ce stdio=stderr string_id=tap-oracle-wms
2025-07-02T18:22:44.063881Z [info     ] WMS INDIVIDUAL HTTP CALL - Entity: allocation - URL: https://a29.wms.ocs.oraclecloud.com/raizen/wms/lgfapi/v10/entity/allocation?page_size=1000&page_mode=sequenced&ordering=-id - HEADERS: 8 cmd_type=elb consumer=False job_name=dev:tap-oracle-wms-to-target-oracle name=tap-oracle-wms producer=True run_id=885123de-23d7-464d-b523-b729f3d644ce stdio=stderr string_id=tap-oracle-wms
2025-07-02T18:22:44.109073Z [info     ] flext-target-oracle v1.0.0, Meltano SDK v0.47.4 cmd_type=elb consumer=True job_name=dev:tap-oracle-wms-to-target-oracle name=target-oracle producer=False run_id=885123de-23d7-464d-b523-b729f3d644ce stdio=stderr string_id=target-oracle
2025-07-02T18:22:44.109339Z [info     ] /home/marlonsc/flext/.venv/lib/python3.13/site-packages/singer_sdk/plugin_base.py:715: SingerSDKDeprecationWarning: Passing a list of config file paths is deprecated. Please pass the config as a dictionary instead. cmd_type=elb consumer=True job_name=dev:tap-oracle-wms-to-target-oracle name=target-oracle producer=False run_id=885123de-23d7-464d-b523-b729f3d644ce stdio=stderr string_id=target-oracle
2025-07-02T18:22:44.109447Z [info     ]   super().__init__(            cmd_type=elb consumer=True job_name=dev:tap-oracle-wms-to-target-oracle name=target-oracle producer=False run_id=885123de-23d7-464d-b523-b729f3d644ce stdio=stderr string_id=target-oracle
2025-07-02T18:22:44.109528Z [info     ]                                cmd_type=elb consumer=True job_name=dev:tap-oracle-wms-to-target-oracle name=target-oracle producer=False run_id=885123de-23d7-464d-b523-b729f3d644ce stdio=stderr string_id=target-oracle
2025-07-02T18:22:44.109599Z [info     ] Skipping parse of env var settings... cmd_type=elb consumer=True job_name=dev:tap-oracle-wms-to-target-oracle name=target-oracle producer=False run_id=885123de-23d7-464d-b523-b729f3d644ce stdio=stderr string_id=target-oracle
2025-07-02T18:22:44.268599Z [info     ] Using systemdb state backend
2025-07-02T18:22:44.280552Z [info     ] Incremental state has been updated at 2025-07-02 18:22:44.280530+00:00.
2025-07-02T18:22:44.280802Z [info     ] Oracle Target initialized      cmd_type=elb consumer=True job_name=dev:tap-oracle-wms-to-target-oracle name=target-oracle producer=False run_id=885123de-23d7-464d-b523-b729f3d644ce stdio=stderr string_id=target-oracle
2025-07-02T18:22:44.308958Z [info     ] Incremental state has been updated at 2025-07-02 18:22:44.308939+00:00.
2025-07-02T18:22:44.336320Z [info     ] Incremental state has been updated at 2025-07-02 18:22:44.336298+00:00.
2025-07-02T18:22:44.363775Z [info     ] Incremental state has been updated at 2025-07-02 18:22:44.363749+00:00.
2025-07-02T18:22:44.364125Z [info     ] Initializing Oracle Target monitoring cmd_type=elb consumer=True job_name=dev:tap-oracle-wms-to-target-oracle name=target-oracle producer=False run_id=885123de-23d7-464d-b523-b729f3d644ce stdio=stderr string_id=target-oracle
2025-07-02T18:22:44.364229Z [info     ] Operation started              cmd_type=elb consumer=True job_name=dev:tap-oracle-wms-to-target-oracle name=target-oracle producer=False run_id=885123de-23d7-464d-b523-b729f3d644ce stdio=stderr string_id=target-oracle
2025-07-02T18:22:44.364347Z [info     ] Creating sink for stream       cmd_type=elb consumer=True job_name=dev:tap-oracle-wms-to-target-oracle name=target-oracle producer=False run_id=885123de-23d7-464d-b523-b729f3d644ce stdio=stderr string_id=target-oracle
2025-07-02T18:23:07.110667Z [info     ] METRIC: {"type": "timer", "metric": "http_request_duration", "value": 21.54051, "tags": {"stream": "allocation", "endpoint": "/wms/lgfapi/v10/entity/allocation", "http_status_code": 200, "status": "succeeded"}} cmd_type=elb consumer=False job_name=dev:tap-oracle-wms-to-target-oracle name=tap-oracle-wms producer=True run_id=885123de-23d7-464d-b523-b729f3d644ce stdio=stderr string_id=tap-oracle-wms
2025-07-02T18:23:07.110888Z [info     ] WMS HTTP RESPONSE - Entity: allocation cmd_type=elb consumer=False job_name=dev:tap-oracle-wms-to-target-oracle name=tap-oracle-wms producer=True run_id=885123de-23d7-464d-b523-b729f3d644ce stdio=stderr string_id=tap-oracle-wms
2025-07-02T18:23:07.116932Z [info     ] WMS RESPONSE STRUCTURE - Entity: allocation cmd_type=elb consumer=False job_name=dev:tap-oracle-wms-to-target-oracle name=tap-oracle-wms producer=True run_id=885123de-23d7-464d-b523-b729f3d644ce stdio=stderr string_id=tap-oracle-wms
2025-07-02T18:23:07.117083Z [info     ] WMS YIELDING RECORDS - Entity: allocation - Count: 1000 cmd_type=elb consumer=False job_name=dev:tap-oracle-wms-to-target-oracle name=tap-oracle-wms producer=True run_id=885123de-23d7-464d-b523-b729f3d644ce stdio=stderr string_id=tap-oracle-wms
2025-07-02T18:23:07.117189Z [info     ] METRIC: {"type": "counter", "metric": "http_request_count", "value": 1, "tags": {"stream": "allocation", "endpoint": "/wms/lgfapi/v10/entity/allocation", "pid": 2354871}} cmd_type=elb consumer=False job_name=dev:tap-oracle-wms-to-target-oracle name=tap-oracle-wms producer=True run_id=885123de-23d7-464d-b523-b729f3d644ce stdio=stderr string_id=tap-oracle-wms
2025-07-02T18:23:07.117723Z [info     ] WMS GET_RECORDS END - Entity: allocation cmd_type=elb consumer=False job_name=dev:tap-oracle-wms-to-target-oracle name=tap-oracle-wms producer=True run_id=885123de-23d7-464d-b523-b729f3d644ce stdio=stderr string_id=tap-oracle-wms
2025-07-02T18:23:07.117854Z [info     ] METRIC: {"type": "timer", "metric": "sync_duration", "value": 23.054893970489502, "tags": {"stream": "allocation", "pid": 2354871, "context": {}, "status": "failed"}} cmd_type=elb consumer=False job_name=dev:tap-oracle-wms-to-target-oracle name=tap-oracle-wms producer=True run_id=885123de-23d7-464d-b523-b729f3d644ce stdio=stderr string_id=tap-oracle-wms
2025-07-02T18:23:07.117940Z [info     ] METRIC: {"type": "counter", "metric": "record_count", "value": 0, "tags": {"stream": "allocation", "pid": 2354871, "context": {}}} cmd_type=elb consumer=False job_name=dev:tap-oracle-wms-to-target-oracle name=tap-oracle-wms producer=True run_id=885123de-23d7-464d-b523-b729f3d644ce stdio=stderr string_id=tap-oracle-wms
2025-07-02T18:23:07.119355Z [info     ] An unhandled error occurred while syncing 'allocation' cmd_type=elb consumer=False job_name=dev:tap-oracle-wms-to-target-oracle name=tap-oracle-wms producer=True run_id=885123de-23d7-464d-b523-b729f3d644ce stdio=stderr string_id=tap-oracle-wms
2025-07-02T18:23:07.119449Z [info     ] Traceback (most recent call last): cmd_type=elb consumer=False job_name=dev:tap-oracle-wms-to-target-oracle name=tap-oracle-wms producer=True run_id=885123de-23d7-464d-b523-b729f3d644ce stdio=stderr string_id=tap-oracle-wms
2025-07-02T18:23:07.119517Z [info     ]   File "/home/marlonsc/flext/.venv/lib/python3.13/site-packages/simpleeval.py", line 537, in _eval_call cmd_type=elb consumer=False job_name=dev:tap-oracle-wms-to-target-oracle name=tap-oracle-wms producer=True run_id=885123de-23d7-464d-b523-b729f3d644ce stdio=stderr string_id=tap-oracle-wms
2025-07-02T18:23:07.119583Z [info     ]     func = self.functions[node.func.id] cmd_type=elb consumer=False job_name=dev:tap-oracle-wms-to-target-oracle name=tap-oracle-wms producer=True run_id=885123de-23d7-464d-b523-b729f3d644ce stdio=stderr string_id=tap-oracle-wms
2025-07-02T18:23:07.119651Z [info     ]            ~~~~~~~~~~~~~~^^^^^^^^^^^^^^ cmd_type=elb consumer=False job_name=dev:tap-oracle-wms-to-target-oracle name=tap-oracle-wms producer=True run_id=885123de-23d7-464d-b523-b729f3d644ce stdio=stderr string_id=tap-oracle-wms
2025-07-02T18:23:07.119724Z [info     ] KeyError: 'true'               cmd_type=elb consumer=False job_name=dev:tap-oracle-wms-to-target-oracle name=tap-oracle-wms producer=True run_id=885123de-23d7-464d-b523-b729f3d644ce stdio=stderr string_id=tap-oracle-wms
2025-07-02T18:23:07.119791Z [info     ]                                cmd_type=elb consumer=False job_name=dev:tap-oracle-wms-to-target-oracle name=tap-oracle-wms producer=True run_id=885123de-23d7-464d-b523-b729f3d644ce stdio=stderr string_id=tap-oracle-wms
2025-07-02T18:23:07.119860Z [info     ] During handling of the above exception, another exception occurred: cmd_type=elb consumer=False job_name=dev:tap-oracle-wms-to-target-oracle name=tap-oracle-wms producer=True run_id=885123de-23d7-464d-b523-b729f3d644ce stdio=stderr string_id=tap-oracle-wms
2025-07-02T18:23:07.119926Z [info     ]                                cmd_type=elb consumer=False job_name=dev:tap-oracle-wms-to-target-oracle name=tap-oracle-wms producer=True run_id=885123de-23d7-464d-b523-b729f3d644ce stdio=stderr string_id=tap-oracle-wms
2025-07-02T18:23:07.119990Z [info     ] Traceback (most recent call last): cmd_type=elb consumer=False job_name=dev:tap-oracle-wms-to-target-oracle name=tap-oracle-wms producer=True run_id=885123de-23d7-464d-b523-b729f3d644ce stdio=stderr string_id=tap-oracle-wms
2025-07-02T18:23:07.120051Z [info     ]   File "/home/marlonsc/flext/.venv/lib/python3.13/site-packages/singer_sdk/mapper.py", line 366, in _eval cmd_type=elb consumer=False job_name=dev:tap-oracle-wms-to-target-oracle name=tap-oracle-wms producer=True run_id=885123de-23d7-464d-b523-b729f3d644ce stdio=stderr string_id=tap-oracle-wms
2025-07-02T18:23:07.120113Z [info     ]     result: str | int | float = self.expr_evaluator.eval( cmd_type=elb consumer=False job_name=dev:tap-oracle-wms-to-target-oracle name=tap-oracle-wms producer=True run_id=885123de-23d7-464d-b523-b729f3d644ce stdio=stderr string_id=tap-oracle-wms
2025-07-02T18:23:07.120174Z [info     ]                                 ~~~~~~~~~~~~~~~~~~~~~~~~^ cmd_type=elb consumer=False job_name=dev:tap-oracle-wms-to-target-oracle name=tap-oracle-wms producer=True run_id=885123de-23d7-464d-b523-b729f3d644ce stdio=stderr string_id=tap-oracle-wms
2025-07-02T18:23:07.120235Z [info     ]         expr,                  cmd_type=elb consumer=False job_name=dev:tap-oracle-wms-to-target-oracle name=tap-oracle-wms producer=True run_id=885123de-23d7-464d-b523-b729f3d644ce stdio=stderr string_id=tap-oracle-wms
2025-07-02T18:23:07.120318Z [info     ]         ^^^^^                  cmd_type=elb consumer=False job_name=dev:tap-oracle-wms-to-target-oracle name=tap-oracle-wms producer=True run_id=885123de-23d7-464d-b523-b729f3d644ce stdio=stderr string_id=tap-oracle-wms
2025-07-02T18:23:07.120387Z [info     ]         previously_parsed=expr_parsed, cmd_type=elb consumer=False job_name=dev:tap-oracle-wms-to-target-oracle name=tap-oracle-wms producer=True run_id=885123de-23d7-464d-b523-b729f3d644ce stdio=stderr string_id=tap-oracle-wms
2025-07-02T18:23:07.120449Z [info     ]         ^^^^^^^^^^^^^^^^^^^^^^^^^^^^^^ cmd_type=elb consumer=False job_name=dev:tap-oracle-wms-to-target-oracle name=tap-oracle-wms producer=True run_id=885123de-23d7-464d-b523-b729f3d644ce stdio=stderr string_id=tap-oracle-wms
2025-07-02T18:23:07.120513Z [info     ]     )                          cmd_type=elb consumer=False job_name=dev:tap-oracle-wms-to-target-oracle name=tap-oracle-wms producer=True run_id=885123de-23d7-464d-b523-b729f3d644ce stdio=stderr string_id=tap-oracle-wms
2025-07-02T18:23:07.120579Z [info     ]     ^                          cmd_type=elb consumer=False job_name=dev:tap-oracle-wms-to-target-oracle name=tap-oracle-wms producer=True run_id=885123de-23d7-464d-b523-b729f3d644ce stdio=stderr string_id=tap-oracle-wms
2025-07-02T18:23:07.120644Z [info     ]   File "/home/marlonsc/flext/.venv/lib/python3.13/site-packages/simpleeval.py", line 678, in eval cmd_type=elb consumer=False job_name=dev:tap-oracle-wms-to-target-oracle name=tap-oracle-wms producer=True run_id=885123de-23d7-464d-b523-b729f3d644ce stdio=stderr string_id=tap-oracle-wms
2025-07-02T18:23:07.120708Z [info     ]     return super(EvalWithCompoundTypes, self).eval(expr, previously_parsed) cmd_type=elb consumer=False job_name=dev:tap-oracle-wms-to-target-oracle name=tap-oracle-wms producer=True run_id=885123de-23d7-464d-b523-b729f3d644ce stdio=stderr string_id=tap-oracle-wms
2025-07-02T18:23:07.120775Z [info     ]            ~~~~~~~~~~~~~~~~~~~~~~~~~~~~~~~~~~~~~~~^^^^^^^^^^^^^^^^^^^^^^^^^ cmd_type=elb consumer=False job_name=dev:tap-oracle-wms-to-target-oracle name=tap-oracle-wms producer=True run_id=885123de-23d7-464d-b523-b729f3d644ce stdio=stderr string_id=tap-oracle-wms
2025-07-02T18:23:07.120836Z [info     ]   File "/home/marlonsc/flext/.venv/lib/python3.13/site-packages/simpleeval.py", line 433, in eval cmd_type=elb consumer=False job_name=dev:tap-oracle-wms-to-target-oracle name=tap-oracle-wms producer=True run_id=885123de-23d7-464d-b523-b729f3d644ce stdio=stderr string_id=tap-oracle-wms
2025-07-02T18:23:07.120895Z [info     ]     return self._eval(previously_parsed or self.parse(expr)) cmd_type=elb consumer=False job_name=dev:tap-oracle-wms-to-target-oracle name=tap-oracle-wms producer=True run_id=885123de-23d7-464d-b523-b729f3d644ce stdio=stderr string_id=tap-oracle-wms
2025-07-02T18:23:07.120957Z [info     ]            ~~~~~~~~~~^^^^^^^^^^^^^^^^^^^^^^^^^^^^^^^^^^^^^^^ cmd_type=elb consumer=False job_name=dev:tap-oracle-wms-to-target-oracle name=tap-oracle-wms producer=True run_id=885123de-23d7-464d-b523-b729f3d644ce stdio=stderr string_id=tap-oracle-wms
2025-07-02T18:23:07.121018Z [info     ]   File "/home/marlonsc/flext/.venv/lib/python3.13/site-packages/simpleeval.py", line 445, in _eval cmd_type=elb consumer=False job_name=dev:tap-oracle-wms-to-target-oracle name=tap-oracle-wms producer=True run_id=885123de-23d7-464d-b523-b729f3d644ce stdio=stderr string_id=tap-oracle-wms
2025-07-02T18:23:07.121080Z [info     ]     return handler(node)       cmd_type=elb consumer=False job_name=dev:tap-oracle-wms-to-target-oracle name=tap-oracle-wms producer=True run_id=885123de-23d7-464d-b523-b729f3d644ce stdio=stderr string_id=tap-oracle-wms
2025-07-02T18:23:07.121141Z [info     ]   File "/home/marlonsc/flext/.venv/lib/python3.13/site-packages/simpleeval.py", line 448, in _eval_expr cmd_type=elb consumer=False job_name=dev:tap-oracle-wms-to-target-oracle name=tap-oracle-wms producer=True run_id=885123de-23d7-464d-b523-b729f3d644ce stdio=stderr string_id=tap-oracle-wms
2025-07-02T18:23:07.121203Z [info     ]     return self._eval(node.value) cmd_type=elb consumer=False job_name=dev:tap-oracle-wms-to-target-oracle name=tap-oracle-wms producer=True run_id=885123de-23d7-464d-b523-b729f3d644ce stdio=stderr string_id=tap-oracle-wms
2025-07-02T18:23:07.121264Z [info     ]            ~~~~~~~~~~^^^^^^^^^^^^ cmd_type=elb consumer=False job_name=dev:tap-oracle-wms-to-target-oracle name=tap-oracle-wms producer=True run_id=885123de-23d7-464d-b523-b729f3d644ce stdio=stderr string_id=tap-oracle-wms
2025-07-02T18:23:07.121337Z [info     ]   File "/home/marlonsc/flext/.venv/lib/python3.13/site-packages/simpleeval.py", line 445, in _eval cmd_type=elb consumer=False job_name=dev:tap-oracle-wms-to-target-oracle name=tap-oracle-wms producer=True run_id=885123de-23d7-464d-b523-b729f3d644ce stdio=stderr string_id=tap-oracle-wms
2025-07-02T18:23:07.121398Z [info     ]     return handler(node)       cmd_type=elb consumer=False job_name=dev:tap-oracle-wms-to-target-oracle name=tap-oracle-wms producer=True run_id=885123de-23d7-464d-b523-b729f3d644ce stdio=stderr string_id=tap-oracle-wms
2025-07-02T18:23:07.121461Z [info     ]   File "/home/marlonsc/flext/.venv/lib/python3.13/site-packages/simpleeval.py", line 539, in _eval_call cmd_type=elb consumer=False job_name=dev:tap-oracle-wms-to-target-oracle name=tap-oracle-wms producer=True run_id=885123de-23d7-464d-b523-b729f3d644ce stdio=stderr string_id=tap-oracle-wms
2025-07-02T18:23:07.121522Z [info     ]     raise FunctionNotDefined(node.func.id, self.expr) cmd_type=elb consumer=False job_name=dev:tap-oracle-wms-to-target-oracle name=tap-oracle-wms producer=True run_id=885123de-23d7-464d-b523-b729f3d644ce stdio=stderr string_id=tap-oracle-wms
2025-07-02T18:23:07.121583Z [info     ] simpleeval.FunctionNotDefined: Function 'true' not defined, for expression 'true()'. cmd_type=elb consumer=False job_name=dev:tap-oracle-wms-to-target-oracle name=tap-oracle-wms producer=True run_id=885123de-23d7-464d-b523-b729f3d644ce stdio=stderr string_id=tap-oracle-wms
2025-07-02T18:23:07.121647Z [info     ]                                cmd_type=elb consumer=False job_name=dev:tap-oracle-wms-to-target-oracle name=tap-oracle-wms producer=True run_id=885123de-23d7-464d-b523-b729f3d644ce stdio=stderr string_id=tap-oracle-wms
2025-07-02T18:23:07.121712Z [info     ] The above exception was the direct cause of the following exception: cmd_type=elb consumer=False job_name=dev:tap-oracle-wms-to-target-oracle name=tap-oracle-wms producer=True run_id=885123de-23d7-464d-b523-b729f3d644ce stdio=stderr string_id=tap-oracle-wms
2025-07-02T18:23:07.121779Z [info     ]                                cmd_type=elb consumer=False job_name=dev:tap-oracle-wms-to-target-oracle name=tap-oracle-wms producer=True run_id=885123de-23d7-464d-b523-b729f3d644ce stdio=stderr string_id=tap-oracle-wms
2025-07-02T18:23:07.121839Z [info     ] Traceback (most recent call last): cmd_type=elb consumer=False job_name=dev:tap-oracle-wms-to-target-oracle name=tap-oracle-wms producer=True run_id=885123de-23d7-464d-b523-b729f3d644ce stdio=stderr string_id=tap-oracle-wms
2025-07-02T18:23:07.121901Z [info     ]   File "/home/marlonsc/flext/.venv/lib/python3.13/site-packages/singer_sdk/streams/core.py", line 1329, in sync cmd_type=elb consumer=False job_name=dev:tap-oracle-wms-to-target-oracle name=tap-oracle-wms producer=True run_id=885123de-23d7-464d-b523-b729f3d644ce stdio=stderr string_id=tap-oracle-wms
2025-07-02T18:23:07.121963Z [info     ]     for _ in self._sync_records(context=context): cmd_type=elb consumer=False job_name=dev:tap-oracle-wms-to-target-oracle name=tap-oracle-wms producer=True run_id=885123de-23d7-464d-b523-b729f3d644ce stdio=stderr string_id=tap-oracle-wms
2025-07-02T18:23:07.122022Z [info     ]              ~~~~~~~~~~~~~~~~~~^^^^^^^^^^^^^^^^^ cmd_type=elb consumer=False job_name=dev:tap-oracle-wms-to-target-oracle name=tap-oracle-wms producer=True run_id=885123de-23d7-464d-b523-b729f3d644ce stdio=stderr string_id=tap-oracle-wms
2025-07-02T18:23:07.122082Z [info     ]   File "/home/marlonsc/flext/.venv/lib/python3.13/site-packages/singer_sdk/streams/core.py", line 1226, in _sync_records cmd_type=elb consumer=False job_name=dev:tap-oracle-wms-to-target-oracle name=tap-oracle-wms producer=True run_id=885123de-23d7-464d-b523-b729f3d644ce stdio=stderr string_id=tap-oracle-wms
2025-07-02T18:23:07.122144Z [info     ]     self._process_record(      cmd_type=elb consumer=False job_name=dev:tap-oracle-wms-to-target-oracle name=tap-oracle-wms producer=True run_id=885123de-23d7-464d-b523-b729f3d644ce stdio=stderr string_id=tap-oracle-wms
2025-07-02T18:23:07.122218Z [info     ]     ~~~~~~~~~~~~~~~~~~~~^      cmd_type=elb consumer=False job_name=dev:tap-oracle-wms-to-target-oracle name=tap-oracle-wms producer=True run_id=885123de-23d7-464d-b523-b729f3d644ce stdio=stderr string_id=tap-oracle-wms
2025-07-02T18:23:07.122289Z [info     ]         record,                cmd_type=elb consumer=False job_name=dev:tap-oracle-wms-to-target-oracle name=tap-oracle-wms producer=True run_id=885123de-23d7-464d-b523-b729f3d644ce stdio=stderr string_id=tap-oracle-wms
2025-07-02T18:23:07.122355Z [info     ]         ^^^^^^^                cmd_type=elb consumer=False job_name=dev:tap-oracle-wms-to-target-oracle name=tap-oracle-wms producer=True run_id=885123de-23d7-464d-b523-b729f3d644ce stdio=stderr string_id=tap-oracle-wms
2025-07-02T18:23:07.122415Z [info     ]         child_context=child_context, cmd_type=elb consumer=False job_name=dev:tap-oracle-wms-to-target-oracle name=tap-oracle-wms producer=True run_id=885123de-23d7-464d-b523-b729f3d644ce stdio=stderr string_id=tap-oracle-wms
2025-07-02T18:23:07.122475Z [info     ]         ^^^^^^^^^^^^^^^^^^^^^^^^^^^^ cmd_type=elb consumer=False job_name=dev:tap-oracle-wms-to-target-oracle name=tap-oracle-wms producer=True run_id=885123de-23d7-464d-b523-b729f3d644ce stdio=stderr string_id=tap-oracle-wms
2025-07-02T18:23:07.122538Z [info     ]         partition_context=state_partition_context, cmd_type=elb consumer=False job_name=dev:tap-oracle-wms-to-target-oracle name=tap-oracle-wms producer=True run_id=885123de-23d7-464d-b523-b729f3d644ce stdio=stderr string_id=tap-oracle-wms
2025-07-02T18:23:07.122600Z [info     ]         ^^^^^^^^^^^^^^^^^^^^^^^^^^^^^^^^^^^^^^^^^^ cmd_type=elb consumer=False job_name=dev:tap-oracle-wms-to-target-oracle name=tap-oracle-wms producer=True run_id=885123de-23d7-464d-b523-b729f3d644ce stdio=stderr string_id=tap-oracle-wms
2025-07-02T18:23:07.122658Z [info     ]     )                          cmd_type=elb consumer=False job_name=dev:tap-oracle-wms-to-target-oracle name=tap-oracle-wms producer=True run_id=885123de-23d7-464d-b523-b729f3d644ce stdio=stderr string_id=tap-oracle-wms
2025-07-02T18:23:07.122717Z [info     ]     ^                          cmd_type=elb consumer=False job_name=dev:tap-oracle-wms-to-target-oracle name=tap-oracle-wms producer=True run_id=885123de-23d7-464d-b523-b729f3d644ce stdio=stderr string_id=tap-oracle-wms
2025-07-02T18:23:07.122778Z [info     ]   File "/home/marlonsc/flext/.venv/lib/python3.13/site-packages/singer_sdk/streams/core.py", line 1155, in _process_record cmd_type=elb consumer=False job_name=dev:tap-oracle-wms-to-target-oracle name=tap-oracle-wms producer=True run_id=885123de-23d7-464d-b523-b729f3d644ce stdio=stderr string_id=tap-oracle-wms
2025-07-02T18:23:07.122840Z [info     ]     if self.stream_maps[0].get_filter_result(record): cmd_type=elb consumer=False job_name=dev:tap-oracle-wms-to-target-oracle name=tap-oracle-wms producer=True run_id=885123de-23d7-464d-b523-b729f3d644ce stdio=stderr string_id=tap-oracle-wms
2025-07-02T18:23:07.122898Z [info     ]        ~~~~~~~~~~~~~~~~~~~~~~~~~~~~~~~~~~~~~^^^^^^^^ cmd_type=elb consumer=False job_name=dev:tap-oracle-wms-to-target-oracle name=tap-oracle-wms producer=True run_id=885123de-23d7-464d-b523-b729f3d644ce stdio=stderr string_id=tap-oracle-wms
2025-07-02T18:23:07.122959Z [info     ]   File "/home/marlonsc/flext/.venv/lib/python3.13/site-packages/singer_sdk/mapper.py", line 311, in get_filter_result cmd_type=elb consumer=False job_name=dev:tap-oracle-wms-to-target-oracle name=tap-oracle-wms producer=True run_id=885123de-23d7-464d-b523-b729f3d644ce stdio=stderr string_id=tap-oracle-wms
2025-07-02T18:23:07.123019Z [info     ]     return self._filter_fn(record) cmd_type=elb consumer=False job_name=dev:tap-oracle-wms-to-target-oracle name=tap-oracle-wms producer=True run_id=885123de-23d7-464d-b523-b729f3d644ce stdio=stderr string_id=tap-oracle-wms
2025-07-02T18:23:07.123079Z [info     ]            ~~~~~~~~~~~~~~~^^^^^^^^ cmd_type=elb consumer=False job_name=dev:tap-oracle-wms-to-target-oracle name=tap-oracle-wms producer=True run_id=885123de-23d7-464d-b523-b729f3d644ce stdio=stderr string_id=tap-oracle-wms
2025-07-02T18:23:07.123137Z [info     ]   File "/home/marlonsc/flext/.venv/lib/python3.13/site-packages/singer_sdk/mapper.py", line 580, in _inner cmd_type=elb consumer=False job_name=dev:tap-oracle-wms-to-target-oracle name=tap-oracle-wms producer=True run_id=885123de-23d7-464d-b523-b729f3d644ce stdio=stderr string_id=tap-oracle-wms
2025-07-02T18:23:07.123199Z [info     ]     filter_result = self._eval( cmd_type=elb consumer=False job_name=dev:tap-oracle-wms-to-target-oracle name=tap-oracle-wms producer=True run_id=885123de-23d7-464d-b523-b729f3d644ce stdio=stderr string_id=tap-oracle-wms
2025-07-02T18:23:07.123262Z [info     ]         expr=filter_rule,      cmd_type=elb consumer=False job_name=dev:tap-oracle-wms-to-target-oracle name=tap-oracle-wms producer=True run_id=885123de-23d7-464d-b523-b729f3d644ce stdio=stderr string_id=tap-oracle-wms
2025-07-02T18:23:07.123344Z [info     ]     ...<2 lines>...            cmd_type=elb consumer=False job_name=dev:tap-oracle-wms-to-target-oracle name=tap-oracle-wms producer=True run_id=885123de-23d7-464d-b523-b729f3d644ce stdio=stderr string_id=tap-oracle-wms
2025-07-02T18:23:07.123413Z [info     ]         property_name=None,    cmd_type=elb consumer=False job_name=dev:tap-oracle-wms-to-target-oracle name=tap-oracle-wms producer=True run_id=885123de-23d7-464d-b523-b729f3d644ce stdio=stderr string_id=tap-oracle-wms
2025-07-02T18:23:07.123478Z [info     ]     )                          cmd_type=elb consumer=False job_name=dev:tap-oracle-wms-to-target-oracle name=tap-oracle-wms producer=True run_id=885123de-23d7-464d-b523-b729f3d644ce stdio=stderr string_id=tap-oracle-wms
2025-07-02T18:23:07.123544Z [info     ]   File "/home/marlonsc/flext/.venv/lib/python3.13/site-packages/singer_sdk/mapper.py", line 372, in _eval cmd_type=elb consumer=False job_name=dev:tap-oracle-wms-to-target-oracle name=tap-oracle-wms producer=True run_id=885123de-23d7-464d-b523-b729f3d644ce stdio=stderr string_id=tap-oracle-wms
2025-07-02T18:23:07.123610Z [info     ]     raise MapExpressionError(msg) from ex cmd_type=elb consumer=False job_name=dev:tap-oracle-wms-to-target-oracle name=tap-oracle-wms producer=True run_id=885123de-23d7-464d-b523-b729f3d644ce stdio=stderr string_id=tap-oracle-wms
2025-07-02T18:23:07.123677Z [info     ] singer_sdk.exceptions.MapExpressionError: Failed to evaluate simpleeval expressions true(). cmd_type=elb consumer=False job_name=dev:tap-oracle-wms-to-target-oracle name=tap-oracle-wms producer=True run_id=885123de-23d7-464d-b523-b729f3d644ce stdio=stderr string_id=tap-oracle-wms
2025-07-02T18:23:07.123776Z [info     ] Traceback (most recent call last): cmd_type=elb consumer=False job_name=dev:tap-oracle-wms-to-target-oracle name=tap-oracle-wms producer=True run_id=885123de-23d7-464d-b523-b729f3d644ce stdio=stderr string_id=tap-oracle-wms
2025-07-02T18:23:07.123853Z [info     ]   File "/home/marlonsc/flext/.venv/lib/python3.13/site-packages/simpleeval.py", line 537, in _eval_call cmd_type=elb consumer=False job_name=dev:tap-oracle-wms-to-target-oracle name=tap-oracle-wms producer=True run_id=885123de-23d7-464d-b523-b729f3d644ce stdio=stderr string_id=tap-oracle-wms
2025-07-02T18:23:07.123921Z [info     ]     func = self.functions[node.func.id] cmd_type=elb consumer=False job_name=dev:tap-oracle-wms-to-target-oracle name=tap-oracle-wms producer=True run_id=885123de-23d7-464d-b523-b729f3d644ce stdio=stderr string_id=tap-oracle-wms
2025-07-02T18:23:07.123991Z [info     ]            ~~~~~~~~~~~~~~^^^^^^^^^^^^^^ cmd_type=elb consumer=False job_name=dev:tap-oracle-wms-to-target-oracle name=tap-oracle-wms producer=True run_id=885123de-23d7-464d-b523-b729f3d644ce stdio=stderr string_id=tap-oracle-wms
2025-07-02T18:23:07.124057Z [info     ] KeyError: 'true'               cmd_type=elb consumer=False job_name=dev:tap-oracle-wms-to-target-oracle name=tap-oracle-wms producer=True run_id=885123de-23d7-464d-b523-b729f3d644ce stdio=stderr string_id=tap-oracle-wms
2025-07-02T18:23:07.124126Z [info     ]                                cmd_type=elb consumer=False job_name=dev:tap-oracle-wms-to-target-oracle name=tap-oracle-wms producer=True run_id=885123de-23d7-464d-b523-b729f3d644ce stdio=stderr string_id=tap-oracle-wms
2025-07-02T18:23:07.124192Z [info     ] During handling of the above exception, another exception occurred: cmd_type=elb consumer=False job_name=dev:tap-oracle-wms-to-target-oracle name=tap-oracle-wms producer=True run_id=885123de-23d7-464d-b523-b729f3d644ce stdio=stderr string_id=tap-oracle-wms
2025-07-02T18:23:07.124256Z [info     ]                                cmd_type=elb consumer=False job_name=dev:tap-oracle-wms-to-target-oracle name=tap-oracle-wms producer=True run_id=885123de-23d7-464d-b523-b729f3d644ce stdio=stderr string_id=tap-oracle-wms
2025-07-02T18:23:07.124336Z [info     ] Traceback (most recent call last): cmd_type=elb consumer=False job_name=dev:tap-oracle-wms-to-target-oracle name=tap-oracle-wms producer=True run_id=885123de-23d7-464d-b523-b729f3d644ce stdio=stderr string_id=tap-oracle-wms
2025-07-02T18:23:07.124403Z [info     ]   File "/home/marlonsc/flext/.venv/lib/python3.13/site-packages/singer_sdk/mapper.py", line 366, in _eval cmd_type=elb consumer=False job_name=dev:tap-oracle-wms-to-target-oracle name=tap-oracle-wms producer=True run_id=885123de-23d7-464d-b523-b729f3d644ce stdio=stderr string_id=tap-oracle-wms
2025-07-02T18:23:07.124471Z [info     ]     result: str | int | float = self.expr_evaluator.eval( cmd_type=elb consumer=False job_name=dev:tap-oracle-wms-to-target-oracle name=tap-oracle-wms producer=True run_id=885123de-23d7-464d-b523-b729f3d644ce stdio=stderr string_id=tap-oracle-wms
2025-07-02T18:23:07.124539Z [info     ]                                 ~~~~~~~~~~~~~~~~~~~~~~~~^ cmd_type=elb consumer=False job_name=dev:tap-oracle-wms-to-target-oracle name=tap-oracle-wms producer=True run_id=885123de-23d7-464d-b523-b729f3d644ce stdio=stderr string_id=tap-oracle-wms
2025-07-02T18:23:07.124607Z [info     ]         expr,                  cmd_type=elb consumer=False job_name=dev:tap-oracle-wms-to-target-oracle name=tap-oracle-wms producer=True run_id=885123de-23d7-464d-b523-b729f3d644ce stdio=stderr string_id=tap-oracle-wms
2025-07-02T18:23:07.124676Z [info     ]         ^^^^^                  cmd_type=elb consumer=False job_name=dev:tap-oracle-wms-to-target-oracle name=tap-oracle-wms producer=True run_id=885123de-23d7-464d-b523-b729f3d644ce stdio=stderr string_id=tap-oracle-wms
2025-07-02T18:23:07.124749Z [info     ]         previously_parsed=expr_parsed, cmd_type=elb consumer=False job_name=dev:tap-oracle-wms-to-target-oracle name=tap-oracle-wms producer=True run_id=885123de-23d7-464d-b523-b729f3d644ce stdio=stderr string_id=tap-oracle-wms
2025-07-02T18:23:07.124812Z [info     ]         ^^^^^^^^^^^^^^^^^^^^^^^^^^^^^^ cmd_type=elb consumer=False job_name=dev:tap-oracle-wms-to-target-oracle name=tap-oracle-wms producer=True run_id=885123de-23d7-464d-b523-b729f3d644ce stdio=stderr string_id=tap-oracle-wms
2025-07-02T18:23:07.124877Z [info     ]     )                          cmd_type=elb consumer=False job_name=dev:tap-oracle-wms-to-target-oracle name=tap-oracle-wms producer=True run_id=885123de-23d7-464d-b523-b729f3d644ce stdio=stderr string_id=tap-oracle-wms
2025-07-02T18:23:07.124944Z [info     ]     ^                          cmd_type=elb consumer=False job_name=dev:tap-oracle-wms-to-target-oracle name=tap-oracle-wms producer=True run_id=885123de-23d7-464d-b523-b729f3d644ce stdio=stderr string_id=tap-oracle-wms
2025-07-02T18:23:07.125010Z [info     ]   File "/home/marlonsc/flext/.venv/lib/python3.13/site-packages/simpleeval.py", line 678, in eval cmd_type=elb consumer=False job_name=dev:tap-oracle-wms-to-target-oracle name=tap-oracle-wms producer=True run_id=885123de-23d7-464d-b523-b729f3d644ce stdio=stderr string_id=tap-oracle-wms
2025-07-02T18:23:07.125075Z [info     ]     return super(EvalWithCompoundTypes, self).eval(expr, previously_parsed) cmd_type=elb consumer=False job_name=dev:tap-oracle-wms-to-target-oracle name=tap-oracle-wms producer=True run_id=885123de-23d7-464d-b523-b729f3d644ce stdio=stderr string_id=tap-oracle-wms
2025-07-02T18:23:07.125141Z [info     ]            ~~~~~~~~~~~~~~~~~~~~~~~~~~~~~~~~~~~~~~~^^^^^^^^^^^^^^^^^^^^^^^^^ cmd_type=elb consumer=False job_name=dev:tap-oracle-wms-to-target-oracle name=tap-oracle-wms producer=True run_id=885123de-23d7-464d-b523-b729f3d644ce stdio=stderr string_id=tap-oracle-wms
2025-07-02T18:23:07.125212Z [info     ]   File "/home/marlonsc/flext/.venv/lib/python3.13/site-packages/simpleeval.py", line 433, in eval cmd_type=elb consumer=False job_name=dev:tap-oracle-wms-to-target-oracle name=tap-oracle-wms producer=True run_id=885123de-23d7-464d-b523-b729f3d644ce stdio=stderr string_id=tap-oracle-wms
2025-07-02T18:23:07.125284Z [info     ]     return self._eval(previously_parsed or self.parse(expr)) cmd_type=elb consumer=False job_name=dev:tap-oracle-wms-to-target-oracle name=tap-oracle-wms producer=True run_id=885123de-23d7-464d-b523-b729f3d644ce stdio=stderr string_id=tap-oracle-wms
2025-07-02T18:23:07.125359Z [info     ]            ~~~~~~~~~~^^^^^^^^^^^^^^^^^^^^^^^^^^^^^^^^^^^^^^^ cmd_type=elb consumer=False job_name=dev:tap-oracle-wms-to-target-oracle name=tap-oracle-wms producer=True run_id=885123de-23d7-464d-b523-b729f3d644ce stdio=stderr string_id=tap-oracle-wms
2025-07-02T18:23:07.125431Z [info     ]   File "/home/marlonsc/flext/.venv/lib/python3.13/site-packages/simpleeval.py", line 445, in _eval cmd_type=elb consumer=False job_name=dev:tap-oracle-wms-to-target-oracle name=tap-oracle-wms producer=True run_id=885123de-23d7-464d-b523-b729f3d644ce stdio=stderr string_id=tap-oracle-wms
2025-07-02T18:23:07.125503Z [info     ]     return handler(node)       cmd_type=elb consumer=False job_name=dev:tap-oracle-wms-to-target-oracle name=tap-oracle-wms producer=True run_id=885123de-23d7-464d-b523-b729f3d644ce stdio=stderr string_id=tap-oracle-wms
2025-07-02T18:23:07.125572Z [info     ]   File "/home/marlonsc/flext/.venv/lib/python3.13/site-packages/simpleeval.py", line 448, in _eval_expr cmd_type=elb consumer=False job_name=dev:tap-oracle-wms-to-target-oracle name=tap-oracle-wms producer=True run_id=885123de-23d7-464d-b523-b729f3d644ce stdio=stderr string_id=tap-oracle-wms
2025-07-02T18:23:07.125638Z [info     ]     return self._eval(node.value) cmd_type=elb consumer=False job_name=dev:tap-oracle-wms-to-target-oracle name=tap-oracle-wms producer=True run_id=885123de-23d7-464d-b523-b729f3d644ce stdio=stderr string_id=tap-oracle-wms
2025-07-02T18:23:07.125714Z [info     ]            ~~~~~~~~~~^^^^^^^^^^^^ cmd_type=elb consumer=False job_name=dev:tap-oracle-wms-to-target-oracle name=tap-oracle-wms producer=True run_id=885123de-23d7-464d-b523-b729f3d644ce stdio=stderr string_id=tap-oracle-wms
2025-07-02T18:23:07.125779Z [info     ]   File "/home/marlonsc/flext/.venv/lib/python3.13/site-packages/simpleeval.py", line 445, in _eval cmd_type=elb consumer=False job_name=dev:tap-oracle-wms-to-target-oracle name=tap-oracle-wms producer=True run_id=885123de-23d7-464d-b523-b729f3d644ce stdio=stderr string_id=tap-oracle-wms
2025-07-02T18:23:07.125846Z [info     ]     return handler(node)       cmd_type=elb consumer=False job_name=dev:tap-oracle-wms-to-target-oracle name=tap-oracle-wms producer=True run_id=885123de-23d7-464d-b523-b729f3d644ce stdio=stderr string_id=tap-oracle-wms
2025-07-02T18:23:07.125911Z [info     ]   File "/home/marlonsc/flext/.venv/lib/python3.13/site-packages/simpleeval.py", line 539, in _eval_call cmd_type=elb consumer=False job_name=dev:tap-oracle-wms-to-target-oracle name=tap-oracle-wms producer=True run_id=885123de-23d7-464d-b523-b729f3d644ce stdio=stderr string_id=tap-oracle-wms
2025-07-02T18:23:07.125980Z [info     ]     raise FunctionNotDefined(node.func.id, self.expr) cmd_type=elb consumer=False job_name=dev:tap-oracle-wms-to-target-oracle name=tap-oracle-wms producer=True run_id=885123de-23d7-464d-b523-b729f3d644ce stdio=stderr string_id=tap-oracle-wms
2025-07-02T18:23:07.126046Z [info     ] simpleeval.FunctionNotDefined: Function 'true' not defined, for expression 'true()'. cmd_type=elb consumer=False job_name=dev:tap-oracle-wms-to-target-oracle name=tap-oracle-wms producer=True run_id=885123de-23d7-464d-b523-b729f3d644ce stdio=stderr string_id=tap-oracle-wms
2025-07-02T18:23:07.126110Z [info     ]                                cmd_type=elb consumer=False job_name=dev:tap-oracle-wms-to-target-oracle name=tap-oracle-wms producer=True run_id=885123de-23d7-464d-b523-b729f3d644ce stdio=stderr string_id=tap-oracle-wms
2025-07-02T18:23:07.126179Z [info     ] The above exception was the direct cause of the following exception: cmd_type=elb consumer=False job_name=dev:tap-oracle-wms-to-target-oracle name=tap-oracle-wms producer=True run_id=885123de-23d7-464d-b523-b729f3d644ce stdio=stderr string_id=tap-oracle-wms
2025-07-02T18:23:07.126242Z [info     ]                                cmd_type=elb consumer=False job_name=dev:tap-oracle-wms-to-target-oracle name=tap-oracle-wms producer=True run_id=885123de-23d7-464d-b523-b729f3d644ce stdio=stderr string_id=tap-oracle-wms
2025-07-02T18:23:07.126315Z [info     ] Traceback (most recent call last): cmd_type=elb consumer=False job_name=dev:tap-oracle-wms-to-target-oracle name=tap-oracle-wms producer=True run_id=885123de-23d7-464d-b523-b729f3d644ce stdio=stderr string_id=tap-oracle-wms
2025-07-02T18:23:07.126385Z [info     ]   File "/home/marlonsc/flext/.venv/bin/tap-oracle-wms", line 8, in <module> cmd_type=elb consumer=False job_name=dev:tap-oracle-wms-to-target-oracle name=tap-oracle-wms producer=True run_id=885123de-23d7-464d-b523-b729f3d644ce stdio=stderr string_id=tap-oracle-wms
2025-07-02T18:23:07.126454Z [info     ]     sys.exit(main())           cmd_type=elb consumer=False job_name=dev:tap-oracle-wms-to-target-oracle name=tap-oracle-wms producer=True run_id=885123de-23d7-464d-b523-b729f3d644ce stdio=stderr string_id=tap-oracle-wms
2025-07-02T18:23:07.126524Z [info     ]              ~~~~^^            cmd_type=elb consumer=False job_name=dev:tap-oracle-wms-to-target-oracle name=tap-oracle-wms producer=True run_id=885123de-23d7-464d-b523-b729f3d644ce stdio=stderr string_id=tap-oracle-wms
2025-07-02T18:23:07.126591Z [info     ]   File "/home/marlonsc/flext/flext-tap-oracle-wms/src/tap_oracle_wms/cli.py", line 10, in main cmd_type=elb consumer=False job_name=dev:tap-oracle-wms-to-target-oracle name=tap-oracle-wms producer=True run_id=885123de-23d7-464d-b523-b729f3d644ce stdio=stderr string_id=tap-oracle-wms
2025-07-02T18:23:07.126655Z [info     ]     TapOracleWMS.cli()         cmd_type=elb consumer=False job_name=dev:tap-oracle-wms-to-target-oracle name=tap-oracle-wms producer=True run_id=885123de-23d7-464d-b523-b729f3d644ce stdio=stderr string_id=tap-oracle-wms
2025-07-02T18:23:07.126721Z [info     ]     ~~~~~~~~~~~~~~~~^^         cmd_type=elb consumer=False job_name=dev:tap-oracle-wms-to-target-oracle name=tap-oracle-wms producer=True run_id=885123de-23d7-464d-b523-b729f3d644ce stdio=stderr string_id=tap-oracle-wms
2025-07-02T18:23:07.126791Z [info     ]   File "/home/marlonsc/flext/.venv/lib/python3.13/site-packages/click/core.py", line 1442, in __call__ cmd_type=elb consumer=False job_name=dev:tap-oracle-wms-to-target-oracle name=tap-oracle-wms producer=True run_id=885123de-23d7-464d-b523-b729f3d644ce stdio=stderr string_id=tap-oracle-wms
2025-07-02T18:23:07.126856Z [info     ]     return self.main(*args, **kwargs) cmd_type=elb consumer=False job_name=dev:tap-oracle-wms-to-target-oracle name=tap-oracle-wms producer=True run_id=885123de-23d7-464d-b523-b729f3d644ce stdio=stderr string_id=tap-oracle-wms
2025-07-02T18:23:07.126920Z [info     ]            ~~~~~~~~~^^^^^^^^^^^^^^^^^ cmd_type=elb consumer=False job_name=dev:tap-oracle-wms-to-target-oracle name=tap-oracle-wms producer=True run_id=885123de-23d7-464d-b523-b729f3d644ce stdio=stderr string_id=tap-oracle-wms
2025-07-02T18:23:07.126986Z [info     ]   File "/home/marlonsc/flext/.venv/lib/python3.13/site-packages/click/core.py", line 1363, in main cmd_type=elb consumer=False job_name=dev:tap-oracle-wms-to-target-oracle name=tap-oracle-wms producer=True run_id=885123de-23d7-464d-b523-b729f3d644ce stdio=stderr string_id=tap-oracle-wms
2025-07-02T18:23:07.127053Z [info     ]     rv = self.invoke(ctx)      cmd_type=elb consumer=False job_name=dev:tap-oracle-wms-to-target-oracle name=tap-oracle-wms producer=True run_id=885123de-23d7-464d-b523-b729f3d644ce stdio=stderr string_id=tap-oracle-wms
2025-07-02T18:23:07.127120Z [info     ]   File "/home/marlonsc/flext/.venv/lib/python3.13/site-packages/singer_sdk/plugin_base.py", line 98, in invoke cmd_type=elb consumer=False job_name=dev:tap-oracle-wms-to-target-oracle name=tap-oracle-wms producer=True run_id=885123de-23d7-464d-b523-b729f3d644ce stdio=stderr string_id=tap-oracle-wms
2025-07-02T18:23:07.127185Z [info     ]     return super().invoke(ctx) cmd_type=elb consumer=False job_name=dev:tap-oracle-wms-to-target-oracle name=tap-oracle-wms producer=True run_id=885123de-23d7-464d-b523-b729f3d644ce stdio=stderr string_id=tap-oracle-wms
2025-07-02T18:23:07.127255Z [info     ]            ~~~~~~~~~~~~~~^^^^^ cmd_type=elb consumer=False job_name=dev:tap-oracle-wms-to-target-oracle name=tap-oracle-wms producer=True run_id=885123de-23d7-464d-b523-b729f3d644ce stdio=stderr string_id=tap-oracle-wms
2025-07-02T18:23:07.127354Z [info     ]   File "/home/marlonsc/flext/.venv/lib/python3.13/site-packages/click/core.py", line 1226, in invoke cmd_type=elb consumer=False job_name=dev:tap-oracle-wms-to-target-oracle name=tap-oracle-wms producer=True run_id=885123de-23d7-464d-b523-b729f3d644ce stdio=stderr string_id=tap-oracle-wms
2025-07-02T18:23:07.127423Z [info     ]     return ctx.invoke(self.callback, **ctx.params) cmd_type=elb consumer=False job_name=dev:tap-oracle-wms-to-target-oracle name=tap-oracle-wms producer=True run_id=885123de-23d7-464d-b523-b729f3d644ce stdio=stderr string_id=tap-oracle-wms
2025-07-02T18:23:07.127487Z [info     ]            ~~~~~~~~~~^^^^^^^^^^^^^^^^^^^^^^^^^^^^^ cmd_type=elb consumer=False job_name=dev:tap-oracle-wms-to-target-oracle name=tap-oracle-wms producer=True run_id=885123de-23d7-464d-b523-b729f3d644ce stdio=stderr string_id=tap-oracle-wms
2025-07-02T18:23:07.127552Z [info     ]   File "/home/marlonsc/flext/.venv/lib/python3.13/site-packages/click/core.py", line 794, in invoke cmd_type=elb consumer=False job_name=dev:tap-oracle-wms-to-target-oracle name=tap-oracle-wms producer=True run_id=885123de-23d7-464d-b523-b729f3d644ce stdio=stderr string_id=tap-oracle-wms
2025-07-02T18:23:07.127617Z [info     ]     return callback(*args, **kwargs) cmd_type=elb consumer=False job_name=dev:tap-oracle-wms-to-target-oracle name=tap-oracle-wms producer=True run_id=885123de-23d7-464d-b523-b729f3d644ce stdio=stderr string_id=tap-oracle-wms
2025-07-02T18:23:07.127683Z [info     ]   File "/home/marlonsc/flext/flext-tap-oracle-wms/src/tap_oracle_wms/tap.py", line 220, in invoke cmd_type=elb consumer=False job_name=dev:tap-oracle-wms-to-target-oracle name=tap-oracle-wms producer=True run_id=885123de-23d7-464d-b523-b729f3d644ce stdio=stderr string_id=tap-oracle-wms
2025-07-02T18:23:07.127745Z [info     ]     return super().invoke(*args, **kwargs) cmd_type=elb consumer=False job_name=dev:tap-oracle-wms-to-target-oracle name=tap-oracle-wms producer=True run_id=885123de-23d7-464d-b523-b729f3d644ce stdio=stderr string_id=tap-oracle-wms
2025-07-02T18:23:07.127806Z [info     ]            ~~~~~~~~~~~~~~^^^^^^^^^^^^^^^^^ cmd_type=elb consumer=False job_name=dev:tap-oracle-wms-to-target-oracle name=tap-oracle-wms producer=True run_id=885123de-23d7-464d-b523-b729f3d644ce stdio=stderr string_id=tap-oracle-wms
2025-07-02T18:23:07.127872Z [info     ]   File "/home/marlonsc/flext/.venv/lib/python3.13/site-packages/singer_sdk/tap_base.py", line 553, in invoke cmd_type=elb consumer=False job_name=dev:tap-oracle-wms-to-target-oracle name=tap-oracle-wms producer=True run_id=885123de-23d7-464d-b523-b729f3d644ce stdio=stderr string_id=tap-oracle-wms
2025-07-02T18:23:07.127936Z [info     ]     tap.sync_all()             cmd_type=elb consumer=False job_name=dev:tap-oracle-wms-to-target-oracle name=tap-oracle-wms producer=True run_id=885123de-23d7-464d-b523-b729f3d644ce stdio=stderr string_id=tap-oracle-wms
2025-07-02T18:23:07.128003Z [info     ]     ~~~~~~~~~~~~^^             cmd_type=elb consumer=False job_name=dev:tap-oracle-wms-to-target-oracle name=tap-oracle-wms producer=True run_id=885123de-23d7-464d-b523-b729f3d644ce stdio=stderr string_id=tap-oracle-wms
2025-07-02T18:23:07.128067Z [info     ]   File "/home/marlonsc/flext/.venv/lib/python3.13/site-packages/singer_sdk/tap_base.py", line 494, in sync_all cmd_type=elb consumer=False job_name=dev:tap-oracle-wms-to-target-oracle name=tap-oracle-wms producer=True run_id=885123de-23d7-464d-b523-b729f3d644ce stdio=stderr string_id=tap-oracle-wms
2025-07-02T18:23:07.128135Z [info     ]     stream.sync()              cmd_type=elb consumer=False job_name=dev:tap-oracle-wms-to-target-oracle name=tap-oracle-wms producer=True run_id=885123de-23d7-464d-b523-b729f3d644ce stdio=stderr string_id=tap-oracle-wms
2025-07-02T18:23:07.128218Z [info     ]     ~~~~~~~~~~~^^              cmd_type=elb consumer=False job_name=dev:tap-oracle-wms-to-target-oracle name=tap-oracle-wms producer=True run_id=885123de-23d7-464d-b523-b729f3d644ce stdio=stderr string_id=tap-oracle-wms
2025-07-02T18:23:07.128322Z [info     ]   File "/home/marlonsc/flext/.venv/lib/python3.13/site-packages/singer_sdk/streams/core.py", line 1329, in sync cmd_type=elb consumer=False job_name=dev:tap-oracle-wms-to-target-oracle name=tap-oracle-wms producer=True run_id=885123de-23d7-464d-b523-b729f3d644ce stdio=stderr string_id=tap-oracle-wms
2025-07-02T18:23:07.128405Z [info     ]     for _ in self._sync_records(context=context): cmd_type=elb consumer=False job_name=dev:tap-oracle-wms-to-target-oracle name=tap-oracle-wms producer=True run_id=885123de-23d7-464d-b523-b729f3d644ce stdio=stderr string_id=tap-oracle-wms
2025-07-02T18:23:07.128480Z [info     ]              ~~~~~~~~~~~~~~~~~~^^^^^^^^^^^^^^^^^ cmd_type=elb consumer=False job_name=dev:tap-oracle-wms-to-target-oracle name=tap-oracle-wms producer=True run_id=885123de-23d7-464d-b523-b729f3d644ce stdio=stderr string_id=tap-oracle-wms
2025-07-02T18:23:07.128546Z [info     ]   File "/home/marlonsc/flext/.venv/lib/python3.13/site-packages/singer_sdk/streams/core.py", line 1226, in _sync_records cmd_type=elb consumer=False job_name=dev:tap-oracle-wms-to-target-oracle name=tap-oracle-wms producer=True run_id=885123de-23d7-464d-b523-b729f3d644ce stdio=stderr string_id=tap-oracle-wms
2025-07-02T18:23:07.128611Z [info     ]     self._process_record(      cmd_type=elb consumer=False job_name=dev:tap-oracle-wms-to-target-oracle name=tap-oracle-wms producer=True run_id=885123de-23d7-464d-b523-b729f3d644ce stdio=stderr string_id=tap-oracle-wms
2025-07-02T18:23:07.128675Z [info     ]     ~~~~~~~~~~~~~~~~~~~~^      cmd_type=elb consumer=False job_name=dev:tap-oracle-wms-to-target-oracle name=tap-oracle-wms producer=True run_id=885123de-23d7-464d-b523-b729f3d644ce stdio=stderr string_id=tap-oracle-wms
2025-07-02T18:23:07.128739Z [info     ]         record,                cmd_type=elb consumer=False job_name=dev:tap-oracle-wms-to-target-oracle name=tap-oracle-wms producer=True run_id=885123de-23d7-464d-b523-b729f3d644ce stdio=stderr string_id=tap-oracle-wms
2025-07-02T18:23:07.128803Z [info     ]         ^^^^^^^                cmd_type=elb consumer=False job_name=dev:tap-oracle-wms-to-target-oracle name=tap-oracle-wms producer=True run_id=885123de-23d7-464d-b523-b729f3d644ce stdio=stderr string_id=tap-oracle-wms
2025-07-02T18:23:07.128874Z [info     ]         child_context=child_context, cmd_type=elb consumer=False job_name=dev:tap-oracle-wms-to-target-oracle name=tap-oracle-wms producer=True run_id=885123de-23d7-464d-b523-b729f3d644ce stdio=stderr string_id=tap-oracle-wms
2025-07-02T18:23:07.128949Z [info     ]         ^^^^^^^^^^^^^^^^^^^^^^^^^^^^ cmd_type=elb consumer=False job_name=dev:tap-oracle-wms-to-target-oracle name=tap-oracle-wms producer=True run_id=885123de-23d7-464d-b523-b729f3d644ce stdio=stderr string_id=tap-oracle-wms
2025-07-02T18:23:07.129024Z [info     ]         partition_context=state_partition_context, cmd_type=elb consumer=False job_name=dev:tap-oracle-wms-to-target-oracle name=tap-oracle-wms producer=True run_id=885123de-23d7-464d-b523-b729f3d644ce stdio=stderr string_id=tap-oracle-wms
2025-07-02T18:23:07.129100Z [info     ]         ^^^^^^^^^^^^^^^^^^^^^^^^^^^^^^^^^^^^^^^^^^ cmd_type=elb consumer=False job_name=dev:tap-oracle-wms-to-target-oracle name=tap-oracle-wms producer=True run_id=885123de-23d7-464d-b523-b729f3d644ce stdio=stderr string_id=tap-oracle-wms
2025-07-02T18:23:07.129176Z [info     ]     )                          cmd_type=elb consumer=False job_name=dev:tap-oracle-wms-to-target-oracle name=tap-oracle-wms producer=True run_id=885123de-23d7-464d-b523-b729f3d644ce stdio=stderr string_id=tap-oracle-wms
2025-07-02T18:23:07.129252Z [info     ]     ^                          cmd_type=elb consumer=False job_name=dev:tap-oracle-wms-to-target-oracle name=tap-oracle-wms producer=True run_id=885123de-23d7-464d-b523-b729f3d644ce stdio=stderr string_id=tap-oracle-wms
2025-07-02T18:23:07.129336Z [info     ]   File "/home/marlonsc/flext/.venv/lib/python3.13/site-packages/singer_sdk/streams/core.py", line 1155, in _process_record cmd_type=elb consumer=False job_name=dev:tap-oracle-wms-to-target-oracle name=tap-oracle-wms producer=True run_id=885123de-23d7-464d-b523-b729f3d644ce stdio=stderr string_id=tap-oracle-wms
2025-07-02T18:23:07.129412Z [info     ]     if self.stream_maps[0].get_filter_result(record): cmd_type=elb consumer=False job_name=dev:tap-oracle-wms-to-target-oracle name=tap-oracle-wms producer=True run_id=885123de-23d7-464d-b523-b729f3d644ce stdio=stderr string_id=tap-oracle-wms
2025-07-02T18:23:07.129489Z [info     ]        ~~~~~~~~~~~~~~~~~~~~~~~~~~~~~~~~~~~~~^^^^^^^^ cmd_type=elb consumer=False job_name=dev:tap-oracle-wms-to-target-oracle name=tap-oracle-wms producer=True run_id=885123de-23d7-464d-b523-b729f3d644ce stdio=stderr string_id=tap-oracle-wms
2025-07-02T18:23:07.129566Z [info     ]   File "/home/marlonsc/flext/.venv/lib/python3.13/site-packages/singer_sdk/mapper.py", line 311, in get_filter_result cmd_type=elb consumer=False job_name=dev:tap-oracle-wms-to-target-oracle name=tap-oracle-wms producer=True run_id=885123de-23d7-464d-b523-b729f3d644ce stdio=stderr string_id=tap-oracle-wms
2025-07-02T18:23:07.129642Z [info     ]     return self._filter_fn(record) cmd_type=elb consumer=False job_name=dev:tap-oracle-wms-to-target-oracle name=tap-oracle-wms producer=True run_id=885123de-23d7-464d-b523-b729f3d644ce stdio=stderr string_id=tap-oracle-wms
2025-07-02T18:23:07.129716Z [info     ]            ~~~~~~~~~~~~~~~^^^^^^^^ cmd_type=elb consumer=False job_name=dev:tap-oracle-wms-to-target-oracle name=tap-oracle-wms producer=True run_id=885123de-23d7-464d-b523-b729f3d644ce stdio=stderr string_id=tap-oracle-wms
2025-07-02T18:23:07.129796Z [info     ]   File "/home/marlonsc/flext/.venv/lib/python3.13/site-packages/singer_sdk/mapper.py", line 580, in _inner cmd_type=elb consumer=False job_name=dev:tap-oracle-wms-to-target-oracle name=tap-oracle-wms producer=True run_id=885123de-23d7-464d-b523-b729f3d644ce stdio=stderr string_id=tap-oracle-wms
2025-07-02T18:23:07.129884Z [info     ]     filter_result = self._eval( cmd_type=elb consumer=False job_name=dev:tap-oracle-wms-to-target-oracle name=tap-oracle-wms producer=True run_id=885123de-23d7-464d-b523-b729f3d644ce stdio=stderr string_id=tap-oracle-wms
2025-07-02T18:23:07.129950Z [info     ]         expr=filter_rule,      cmd_type=elb consumer=False job_name=dev:tap-oracle-wms-to-target-oracle name=tap-oracle-wms producer=True run_id=885123de-23d7-464d-b523-b729f3d644ce stdio=stderr string_id=tap-oracle-wms
2025-07-02T18:23:07.130016Z [info     ]     ...<2 lines>...            cmd_type=elb consumer=False job_name=dev:tap-oracle-wms-to-target-oracle name=tap-oracle-wms producer=True run_id=885123de-23d7-464d-b523-b729f3d644ce stdio=stderr string_id=tap-oracle-wms
2025-07-02T18:23:07.130082Z [info     ]         property_name=None,    cmd_type=elb consumer=False job_name=dev:tap-oracle-wms-to-target-oracle name=tap-oracle-wms producer=True run_id=885123de-23d7-464d-b523-b729f3d644ce stdio=stderr string_id=tap-oracle-wms
2025-07-02T18:23:07.130148Z [info     ]     )                          cmd_type=elb consumer=False job_name=dev:tap-oracle-wms-to-target-oracle name=tap-oracle-wms producer=True run_id=885123de-23d7-464d-b523-b729f3d644ce stdio=stderr string_id=tap-oracle-wms
2025-07-02T18:23:07.130219Z [info     ]   File "/home/marlonsc/flext/.venv/lib/python3.13/site-packages/singer_sdk/mapper.py", line 372, in _eval cmd_type=elb consumer=False job_name=dev:tap-oracle-wms-to-target-oracle name=tap-oracle-wms producer=True run_id=885123de-23d7-464d-b523-b729f3d644ce stdio=stderr string_id=tap-oracle-wms
2025-07-02T18:23:07.130303Z [info     ]     raise MapExpressionError(msg) from ex cmd_type=elb consumer=False job_name=dev:tap-oracle-wms-to-target-oracle name=tap-oracle-wms producer=True run_id=885123de-23d7-464d-b523-b729f3d644ce stdio=stderr string_id=tap-oracle-wms
2025-07-02T18:23:07.130411Z [info     ] singer_sdk.exceptions.MapExpressionError: Failed to evaluate simpleeval expressions true(). cmd_type=elb consumer=False job_name=dev:tap-oracle-wms-to-target-oracle name=tap-oracle-wms producer=True run_id=885123de-23d7-464d-b523-b729f3d644ce stdio=stderr string_id=tap-oracle-wms
2025-07-02T18:23:07.232276Z [info     ] Incremental state has been updated at 2025-07-02 18:23:07.232238+00:00.
2025-07-02T18:23:07.232567Z [info     ] Performance statistics         cmd_type=elb consumer=True job_name=dev:tap-oracle-wms-to-target-oracle name=target-oracle producer=False run_id=885123de-23d7-464d-b523-b729f3d644ce stdio=stderr string_id=target-oracle
2025-07-02T18:23:07.256105Z [info     ] Incremental state has been updated at 2025-07-02 18:23:07.256071+00:00.
2025-07-02T18:23:07.283062Z [info     ] Incremental state has been updated at 2025-07-02 18:23:07.283026+00:00.
2025-07-02T18:23:07.283360Z [info     ] Operation completed            cmd_type=elb consumer=True job_name=dev:tap-oracle-wms-to-target-oracle name=target-oracle producer=False run_id=885123de-23d7-464d-b523-b729f3d644ce stdio=stderr string_id=target-oracle
2025-07-02T18:23:07.283557Z [info     ] Reader 'flext-target-oracle' completed processing 1 lines of input (1 schemas, 0 records, 0 batch manifests, 0 state messages, 0 activate version messages). cmd_type=elb consumer=True job_name=dev:tap-oracle-wms-to-target-oracle name=target-oracle producer=False run_id=885123de-23d7-464d-b523-b729f3d644ce stdio=stderr string_id=target-oracle
2025-07-02T18:23:07.283731Z [info     ]  Starting cleanup for stream allocation cmd_type=elb consumer=True job_name=dev:tap-oracle-wms-to-target-oracle name=target-oracle producer=False run_id=885123de-23d7-464d-b523-b729f3d644ce stdio=stderr string_id=target-oracle
2025-07-02T18:23:07.747851Z [info     ] Incremental state has been updated at 2025-07-02 18:23:07.747822+00:00.
2025-07-02T18:23:07.777536Z [info     ] Incremental state has been updated at 2025-07-02 18:23:07.777499+00:00.
2025-07-02T18:23:07.777847Z [info     ]  FINAL STATISTICS REPORT - STREAM: allocation cmd_type=elb consumer=True job_name=dev:tap-oracle-wms-to-target-oracle name=target-oracle producer=False run_id=885123de-23d7-464d-b523-b729f3d644ce stdio=stderr string_id=target-oracle
2025-07-02T18:23:07.778060Z [info     ]  QUICK SUMMARY - allocation: 0 records  0 inserted, 0 updated, 0 failed | Final table count: 5 | Success rate: 0% | Avg speed: 0 rec/sec cmd_type=elb consumer=True job_name=dev:tap-oracle-wms-to-target-oracle name=target-oracle producer=False run_id=885123de-23d7-464d-b523-b729f3d644ce stdio=stderr string_id=target-oracle
2025-07-02T18:23:07.809760Z [info     ] Incremental state has been updated at 2025-07-02 18:23:07.809719+00:00.
2025-07-02T18:23:07.845082Z [info     ] Incremental state has been updated at 2025-07-02 18:23:07.845043+00:00.
2025-07-02T18:23:07.845388Z [info     ] Oracle performance metrics     cmd_type=elb consumer=True job_name=dev:tap-oracle-wms-to-target-oracle name=target-oracle producer=False run_id=885123de-23d7-464d-b523-b729f3d644ce stdio=stderr string_id=target-oracle
2025-07-02T18:23:07.845588Z [info     ] Cleanup completed for stream allocation cmd_type=elb consumer=True job_name=dev:tap-oracle-wms-to-target-oracle name=target-oracle producer=False run_id=885123de-23d7-464d-b523-b729f3d644ce stdio=stderr string_id=target-oracle
2025-07-02T18:23:07.845767Z [info     ] METRIC: {"type": "counter", "metric": "record_count", "value": 0, "tags": {"stream": "allocation", "pid": 2354872}} cmd_type=elb consumer=True job_name=dev:tap-oracle-wms-to-target-oracle name=target-oracle producer=False run_id=885123de-23d7-464d-b523-b729f3d644ce stdio=stderr string_id=target-oracle
2025-07-02T18:23:07.898983Z [error    ] Extractor failed
2025-07-02T18:23:07.899142Z [error    ] Block run completed.           block_type=ExtractLoadBlocks err=RunnerError('Extractor failed') exit_codes={<PluginType.EXTRACTORS: 'extractors'>: 1} set_number=0 success=False
